linesolver
iteration 1: energy = 12287.693164 = 12287.693164, xb = 12288.630482, voltage energy = 12292.934747, gap = 3.3669457467294706
iteration 2: energy = 12285.490893 = 12285.490893, xb = 12285.741366, voltage energy = 12286.197305, gap = 0.2054660411413352
iteration 3: energy = 12285.347674 = 12285.347674, xb = 12285.383540, voltage energy = 12285.430270, gap = 0.0108636997138092
iteration 4: energy = 12285.340069 = 12285.340069, xb = 12285.344981, voltage energy = 12285.350718, gap = 0.0008241936557170
linesolver
iteration 1: energy = 12287.693164 = 12287.693164, xb = 12288.630482, voltage energy = 12292.934747, gap = 3.3669457467294706
iteration 2: energy = 12285.490893 = 12285.490893, xb = 12285.741366, voltage energy = 12286.197305, gap = 0.2054660411413352
iteration 3: energy = 12285.347674 = 12285.347674, xb = 12285.383540, voltage energy = 12285.430270, gap = 0.0108636997138092
iteration 4: energy = 12285.340069 = 12285.340069, xb = 12285.344981, voltage energy = 12285.350718, gap = 0.0008241936557170
linesolver
iteration 1: energy = 12287.693164 = 12287.693164, xb = 12288.630482, voltage energy = 12292.934747, gap = 3.3669457467294706
iteration 2: energy = 12285.490893 = 12285.490893, xb = 12285.741366, voltage energy = 12286.197305, gap = 0.2054660411413352
iteration 3: energy = 12285.347674 = 12285.347674, xb = 12285.383540, voltage energy = 12285.430270, gap = 0.0108636997138092
iteration 4: energy = 12285.340069 = 12285.340069, xb = 12285.344981, voltage energy = 12285.350718, gap = 0.0008241936557170
linesolver
iteration 1: energy = 12287.693164 = 12287.693164, xb = 12288.630482, voltage energy = 12292.934747, gap = 3.3669457467294706
iteration 2: energy = 12285.490893 = 12285.490893, xb = 12285.741366, voltage energy = 12286.197305, gap = 0.2054660411413352
iteration 3: energy = 12285.347674 = 12285.347674, xb = 12285.383540, voltage energy = 12285.430270, gap = 0.0108636997138092
iteration 4: energy = 12285.340069 = 12285.340069, xb = 12285.344981, voltage energy = 12285.350718, gap = 0.0008241936557170
linesolver
iteration 1: energy = 12287.693164 = 12287.693164, xb = 12288.630482, voltage energy = 12292.934747, gap = 3.3669457467294706
iteration 2: energy = 12285.490893 = 12285.490893, xb = 12285.741366, voltage energy = 12286.197305, gap = 0.2054660411413352
iteration 3: energy = 12285.347674 = 12285.347674, xb = 12285.383540, voltage energy = 12285.430270, gap = 0.0108636997138092
iteration 4: energy = 12285.340069 = 12285.340069, xb = 12285.344981, voltage energy = 12285.350718, gap = 0.0008241936557170
linesolver
iteration 1: energy = 12287.693164 = 12287.693164, xb = 12288.630482, voltage energy = 12292.934747, gap = 3.3669457467294706
iteration 2: energy = 12285.490893 = 12285.490893, xb = 12285.741366, voltage energy = 12286.197305, gap = 0.2054660411413352
iteration 3: energy = 12285.347674 = 12285.347674, xb = 12285.383540, voltage energy = 12285.430270, gap = 0.0108636997138092
iteration 4: energy = 12285.340069 = 12285.340069, xb = 12285.344981, voltage energy = 12285.350718, gap = 0.0008241936557170
linesolver
iteration 1: energy = 12287.693164 = 12287.693164, xb = 12288.630482, voltage energy = 12292.934747, gap = 3.3669457467294706
iteration 2: energy = 12285.490893 = 12285.490893, xb = 12285.741366, voltage energy = 12286.197305, gap = 0.2054660411413352
iteration 3: energy = 12285.347674 = 12285.347674, xb = 12285.383540, voltage energy = 12285.430270, gap = 0.0108636997138092
iteration 4: energy = 12285.340069 = 12285.340069, xb = 12285.344981, voltage energy = 12285.350718, gap = 0.0008241936557170
linesolver
iteration 1: energy = 12287.693164 = 12287.693164, xb = 12288.630482, voltage energy = 12292.934747, gap = 3.3669457467294706
iteration 2: energy = 12285.490893 = 12285.490893, xb = 12285.741366, voltage energy = 12286.197305, gap = 0.2054660411413352
iteration 3: energy = 12285.347674 = 12285.347674, xb = 12285.383540, voltage energy = 12285.430270, gap = 0.0108636997138092
iteration 4: energy = 12285.340069 = 12285.340069, xb = 12285.344981, voltage energy = 12285.350718, gap = 0.0008241936557170
linesolver
iteration 1: energy = 12287.693164 = 12287.693164, xb = 12288.630482, voltage energy = 12292.934747, gap = 3.3669457467294706
iteration 2: energy = 12285.490893 = 12285.490893, xb = 12285.741366, voltage energy = 12286.197305, gap = 0.2054660411413352
iteration 3: energy = 12285.347674 = 12285.347674, xb = 12285.383540, voltage energy = 12285.430270, gap = 0.0108636997138092
iteration 4: energy = 12285.340069 = 12285.340069, xb = 12285.344981, voltage energy = 12285.350718, gap = 0.0008241936557170
linesolver
iteration 1: energy = 12287.693164 = 12287.693164, xb = 12288.630482, voltage energy = 12292.934747, gap = 3.3669457467294706
iteration 2: energy = 12285.490893 = 12285.490893, xb = 12285.741366, voltage energy = 12286.197305, gap = 0.2054660411413352
iteration 3: energy = 12285.347674 = 12285.347674, xb = 12285.383540, voltage energy = 12285.430270, gap = 0.0108636997138092
iteration 4: energy = 12285.340069 = 12285.340069, xb = 12285.344981, voltage energy = 12285.350718, gap = 0.0008241936557170
treesolver
iteration 1: energy = 12287.693164 = 12287.693164, xb = 12288.630482, voltage energy = 12292.934747, gap = 3.366946
iteration 2: energy = 12285.490893 = 12285.490893, xb = 12285.741366, voltage energy = 12286.197305, gap = 0.205466
iteration 3: energy = 12285.347674 = 12285.347674, xb = 12285.383540, voltage energy = 12285.430270, gap = 0.010864
iteration 4: energy = 12285.340069 = 12285.340069, xb = 12285.344981, voltage energy = 12285.350718, gap = 0.000824
treesolver
iteration 1: energy = 12287.693164 = 12287.693164, xb = 12288.630482, voltage energy = 12292.934747, gap = 3.366946
iteration 2: energy = 12285.490893 = 12285.490893, xb = 12285.741366, voltage energy = 12286.197305, gap = 0.205466
iteration 3: energy = 12285.347674 = 12285.347674, xb = 12285.383540, voltage energy = 12285.430270, gap = 0.010864
iteration 4: energy = 12285.340069 = 12285.340069, xb = 12285.344981, voltage energy = 12285.350718, gap = 0.000824
treesolver
iteration 1: energy = 12287.693164 = 12287.693164, xb = 12288.630482, voltage energy = 12292.934747, gap = 3.366946
iteration 2: energy = 12285.490893 = 12285.490893, xb = 12285.741366, voltage energy = 12286.197305, gap = 0.205466
iteration 3: energy = 12285.347674 = 12285.347674, xb = 12285.383540, voltage energy = 12285.430270, gap = 0.010864
iteration 4: energy = 12285.340069 = 12285.340069, xb = 12285.344981, voltage energy = 12285.350718, gap = 0.000824
treesolver
iteration 1: energy = 12287.693164 = 12287.693164, xb = 12288.630482, voltage energy = 12292.934747, gap = 3.366946
iteration 2: energy = 12285.490893 = 12285.490893, xb = 12285.741366, voltage energy = 12286.197305, gap = 0.205466
iteration 3: energy = 12285.347674 = 12285.347674, xb = 12285.383540, voltage energy = 12285.430270, gap = 0.010864
iteration 4: energy = 12285.340069 = 12285.340069, xb = 12285.344981, voltage energy = 12285.350718, gap = 0.000824
treesolver
iteration 1: energy = 12287.693164 = 12287.693164, xb = 12288.630482, voltage energy = 12292.934747, gap = 3.366946
iteration 2: energy = 12285.490893 = 12285.490893, xb = 12285.741366, voltage energy = 12286.197305, gap = 0.205466
iteration 3: energy = 12285.347674 = 12285.347674, xb = 12285.383540, voltage energy = 12285.430270, gap = 0.010864
iteration 4: energy = 12285.340069 = 12285.340069, xb = 12285.344981, voltage energy = 12285.350718, gap = 0.000824
treesolver
iteration 1: energy = 12287.693164 = 12287.693164, xb = 12288.630482, voltage energy = 12292.934747, gap = 3.366946
iteration 2: energy = 12285.490893 = 12285.490893, xb = 12285.741366, voltage energy = 12286.197305, gap = 0.205466
iteration 3: energy = 12285.347674 = 12285.347674, xb = 12285.383540, voltage energy = 12285.430270, gap = 0.010864
iteration 4: energy = 12285.340069 = 12285.340069, xb = 12285.344981, voltage energy = 12285.350718, gap = 0.000824
treesolver
iteration 1: energy = 12287.693164 = 12287.693164, xb = 12288.630482, voltage energy = 12292.934747, gap = 3.366946
iteration 2: energy = 12285.490893 = 12285.490893, xb = 12285.741366, voltage energy = 12286.197305, gap = 0.205466
iteration 3: energy = 12285.347674 = 12285.347674, xb = 12285.383540, voltage energy = 12285.430270, gap = 0.010864
iteration 4: energy = 12285.340069 = 12285.340069, xb = 12285.344981, voltage energy = 12285.350718, gap = 0.000824
treesolver
iteration 1: energy = 12287.693164 = 12287.693164, xb = 12288.630482, voltage energy = 12292.934747, gap = 3.366946
iteration 2: energy = 12285.490893 = 12285.490893, xb = 12285.741366, voltage energy = 12286.197305, gap = 0.205466
iteration 3: energy = 12285.347674 = 12285.347674, xb = 12285.383540, voltage energy = 12285.430270, gap = 0.010864
iteration 4: energy = 12285.340069 = 12285.340069, xb = 12285.344981, voltage energy = 12285.350718, gap = 0.000824
treesolver
iteration 1: energy = 12287.693164 = 12287.693164, xb = 12288.630482, voltage energy = 12292.934747, gap = 3.366946
iteration 2: energy = 12285.490893 = 12285.490893, xb = 12285.741366, voltage energy = 12286.197305, gap = 0.205466
iteration 3: energy = 12285.347674 = 12285.347674, xb = 12285.383540, voltage energy = 12285.430270, gap = 0.010864
iteration 4: energy = 12285.340069 = 12285.340069, xb = 12285.344981, voltage energy = 12285.350718, gap = 0.000824
treesolver
iteration 1: energy = 12287.693164 = 12287.693164, xb = 12288.630482, voltage energy = 12292.934747, gap = 3.366946
iteration 2: energy = 12285.490893 = 12285.490893, xb = 12285.741366, voltage energy = 12286.197305, gap = 0.205466
iteration 3: energy = 12285.347674 = 12285.347674, xb = 12285.383540, voltage energy = 12285.430270, gap = 0.010864
iteration 4: energy = 12285.340069 = 12285.340069, xb = 12285.344981, voltage energy = 12285.350718, gap = 0.000824
recursivelinesolver
iteration 0: residue = 0.001627, energy = 12305.995772 = 12305.995772, xb = 12304.020828, voltage energy = 12332.998477, gap = 30.952593
iteration 1: residue = 0.001159, energy = 12295.603069 = 12295.603069, xb = 12295.820019, voltage energy = 12310.991175, gap = 14.954206
iteration 2: residue = 0.000595, energy = 12290.080140 = 12290.080140, xb = 12290.998203, voltage energy = 12298.957753, gap = 7.041488
iteration 3: residue = 0.000400, energy = 12287.693164 = 12287.693164, xb = 12288.630482, voltage energy = 12292.934747, gap = 3.366946
iteration 4: residue = 0.000297, energy = 12286.593553 = 12286.593553, xb = 12287.343377, voltage energy = 12289.865064, gap = 1.771864
iteration 5: residue = 0.000196, energy = 12285.953752 = 12285.953752, xb = 12286.507116, voltage energy = 12287.917080, gap = 0.856600
iteration 6: residue = 0.000114, energy = 12285.626470 = 12285.626470, xb = 12285.986488, voltage energy = 12286.751343, gap = 0.404836
iteration 7: residue = 0.000076, energy = 12285.490893 = 12285.490893, xb = 12285.741366, voltage energy = 12286.197305, gap = 0.205466
iteration 8: residue = 0.000053, energy = 12285.412587 = 12285.412587, xb = 12285.571448, voltage energy = 12285.825937, gap = 0.095628
iteration 9: residue = 0.000035, energy = 12285.375620 = 12285.375620, xb = 12285.485811, voltage energy = 12285.641908, gap = 0.045907
iteration 10: residue = 0.000022, energy = 12285.357918 = 12285.357918, xb = 12285.418841, voltage energy = 12285.504033, gap = 0.024269
iteration 11: residue = 0.000014, energy = 12285.347674 = 12285.347674, xb = 12285.383540, voltage energy = 12285.430270, gap = 0.010864
iteration 12: residue = 0.000011, energy = 12285.343576 = 12285.343576, xb = 12285.365482, voltage energy = 12285.393032, gap = 0.005643
iteration 13: residue = 0.000006, energy = 12285.341577 = 12285.341577, xb = 12285.357345, voltage energy = 12285.375895, gap = 0.002782
recursivelinesolver
iteration 0: residue = 0.001627, energy = 12305.995772 = 12305.995772, xb = 12304.020828, voltage energy = 12332.998477, gap = 30.952593
iteration 1: residue = 0.001159, energy = 12295.603069 = 12295.603069, xb = 12295.820019, voltage energy = 12310.991175, gap = 14.954206
iteration 2: residue = 0.000595, energy = 12290.080140 = 12290.080140, xb = 12290.998203, voltage energy = 12298.957753, gap = 7.041488
iteration 3: residue = 0.000400, energy = 12287.693164 = 12287.693164, xb = 12288.630482, voltage energy = 12292.934747, gap = 3.366946
iteration 4: residue = 0.000297, energy = 12286.593553 = 12286.593553, xb = 12287.343377, voltage energy = 12289.865064, gap = 1.771864
iteration 5: residue = 0.000196, energy = 12285.953752 = 12285.953752, xb = 12286.507116, voltage energy = 12287.917080, gap = 0.856600
iteration 6: residue = 0.000114, energy = 12285.626470 = 12285.626470, xb = 12285.986488, voltage energy = 12286.751343, gap = 0.404836
iteration 7: residue = 0.000076, energy = 12285.490893 = 12285.490893, xb = 12285.741366, voltage energy = 12286.197305, gap = 0.205466
iteration 8: residue = 0.000053, energy = 12285.412587 = 12285.412587, xb = 12285.571448, voltage energy = 12285.825937, gap = 0.095628
iteration 9: residue = 0.000035, energy = 12285.375620 = 12285.375620, xb = 12285.485811, voltage energy = 12285.641908, gap = 0.045907
iteration 10: residue = 0.000022, energy = 12285.357918 = 12285.357918, xb = 12285.418841, voltage energy = 12285.504033, gap = 0.024269
iteration 11: residue = 0.000014, energy = 12285.347674 = 12285.347674, xb = 12285.383540, voltage energy = 12285.430270, gap = 0.010864
iteration 12: residue = 0.000011, energy = 12285.343576 = 12285.343576, xb = 12285.365482, voltage energy = 12285.393032, gap = 0.005643
iteration 13: residue = 0.000006, energy = 12285.341577 = 12285.341577, xb = 12285.357345, voltage energy = 12285.375895, gap = 0.002782
recursivelinesolver
iteration 0: residue = 0.001627, energy = 12305.995772 = 12305.995772, xb = 12304.020828, voltage energy = 12332.998477, gap = 30.952593
iteration 1: residue = 0.001159, energy = 12295.603069 = 12295.603069, xb = 12295.820019, voltage energy = 12310.991175, gap = 14.954206
iteration 2: residue = 0.000595, energy = 12290.080140 = 12290.080140, xb = 12290.998203, voltage energy = 12298.957753, gap = 7.041488
iteration 3: residue = 0.000400, energy = 12287.693164 = 12287.693164, xb = 12288.630482, voltage energy = 12292.934747, gap = 3.366946
iteration 4: residue = 0.000297, energy = 12286.593553 = 12286.593553, xb = 12287.343377, voltage energy = 12289.865064, gap = 1.771864
iteration 5: residue = 0.000196, energy = 12285.953752 = 12285.953752, xb = 12286.507116, voltage energy = 12287.917080, gap = 0.856600
iteration 6: residue = 0.000114, energy = 12285.626470 = 12285.626470, xb = 12285.986488, voltage energy = 12286.751343, gap = 0.404836
iteration 7: residue = 0.000076, energy = 12285.490893 = 12285.490893, xb = 12285.741366, voltage energy = 12286.197305, gap = 0.205466
iteration 8: residue = 0.000053, energy = 12285.412587 = 12285.412587, xb = 12285.571448, voltage energy = 12285.825937, gap = 0.095628
iteration 9: residue = 0.000035, energy = 12285.375620 = 12285.375620, xb = 12285.485811, voltage energy = 12285.641908, gap = 0.045907
iteration 10: residue = 0.000022, energy = 12285.357918 = 12285.357918, xb = 12285.418841, voltage energy = 12285.504033, gap = 0.024269
iteration 11: residue = 0.000014, energy = 12285.347674 = 12285.347674, xb = 12285.383540, voltage energy = 12285.430270, gap = 0.010864
iteration 12: residue = 0.000011, energy = 12285.343576 = 12285.343576, xb = 12285.365482, voltage energy = 12285.393032, gap = 0.005643
iteration 13: residue = 0.000006, energy = 12285.341577 = 12285.341577, xb = 12285.357345, voltage energy = 12285.375895, gap = 0.002782
recursivelinesolver
iteration 0: residue = 0.001627, energy = 12305.995772 = 12305.995772, xb = 12304.020828, voltage energy = 12332.998477, gap = 30.952593
iteration 1: residue = 0.001159, energy = 12295.603069 = 12295.603069, xb = 12295.820019, voltage energy = 12310.991175, gap = 14.954206
iteration 2: residue = 0.000595, energy = 12290.080140 = 12290.080140, xb = 12290.998203, voltage energy = 12298.957753, gap = 7.041488
iteration 3: residue = 0.000400, energy = 12287.693164 = 12287.693164, xb = 12288.630482, voltage energy = 12292.934747, gap = 3.366946
iteration 4: residue = 0.000297, energy = 12286.593553 = 12286.593553, xb = 12287.343377, voltage energy = 12289.865064, gap = 1.771864
iteration 5: residue = 0.000196, energy = 12285.953752 = 12285.953752, xb = 12286.507116, voltage energy = 12287.917080, gap = 0.856600
iteration 6: residue = 0.000114, energy = 12285.626470 = 12285.626470, xb = 12285.986488, voltage energy = 12286.751343, gap = 0.404836
iteration 7: residue = 0.000076, energy = 12285.490893 = 12285.490893, xb = 12285.741366, voltage energy = 12286.197305, gap = 0.205466
iteration 8: residue = 0.000053, energy = 12285.412587 = 12285.412587, xb = 12285.571448, voltage energy = 12285.825937, gap = 0.095628
iteration 9: residue = 0.000035, energy = 12285.375620 = 12285.375620, xb = 12285.485811, voltage energy = 12285.641908, gap = 0.045907
iteration 10: residue = 0.000022, energy = 12285.357918 = 12285.357918, xb = 12285.418841, voltage energy = 12285.504033, gap = 0.024269
iteration 11: residue = 0.000014, energy = 12285.347674 = 12285.347674, xb = 12285.383540, voltage energy = 12285.430270, gap = 0.010864
iteration 12: residue = 0.000011, energy = 12285.343576 = 12285.343576, xb = 12285.365482, voltage energy = 12285.393032, gap = 0.005643
iteration 13: residue = 0.000006, energy = 12285.341577 = 12285.341577, xb = 12285.357345, voltage energy = 12285.375895, gap = 0.002782
recursivelinesolver
iteration 0: residue = 0.001627, energy = 12305.995772 = 12305.995772, xb = 12304.020828, voltage energy = 12332.998477, gap = 30.952593
iteration 1: residue = 0.001159, energy = 12295.603069 = 12295.603069, xb = 12295.820019, voltage energy = 12310.991175, gap = 14.954206
iteration 2: residue = 0.000595, energy = 12290.080140 = 12290.080140, xb = 12290.998203, voltage energy = 12298.957753, gap = 7.041488
iteration 3: residue = 0.000400, energy = 12287.693164 = 12287.693164, xb = 12288.630482, voltage energy = 12292.934747, gap = 3.366946
iteration 4: residue = 0.000297, energy = 12286.593553 = 12286.593553, xb = 12287.343377, voltage energy = 12289.865064, gap = 1.771864
iteration 5: residue = 0.000196, energy = 12285.953752 = 12285.953752, xb = 12286.507116, voltage energy = 12287.917080, gap = 0.856600
iteration 6: residue = 0.000114, energy = 12285.626470 = 12285.626470, xb = 12285.986488, voltage energy = 12286.751343, gap = 0.404836
iteration 7: residue = 0.000076, energy = 12285.490893 = 12285.490893, xb = 12285.741366, voltage energy = 12286.197305, gap = 0.205466
iteration 8: residue = 0.000053, energy = 12285.412587 = 12285.412587, xb = 12285.571448, voltage energy = 12285.825937, gap = 0.095628
iteration 9: residue = 0.000035, energy = 12285.375620 = 12285.375620, xb = 12285.485811, voltage energy = 12285.641908, gap = 0.045907
iteration 10: residue = 0.000022, energy = 12285.357918 = 12285.357918, xb = 12285.418841, voltage energy = 12285.504033, gap = 0.024269
iteration 11: residue = 0.000014, energy = 12285.347674 = 12285.347674, xb = 12285.383540, voltage energy = 12285.430270, gap = 0.010864
iteration 12: residue = 0.000011, energy = 12285.343576 = 12285.343576, xb = 12285.365482, voltage energy = 12285.393032, gap = 0.005643
iteration 13: residue = 0.000006, energy = 12285.341577 = 12285.341577, xb = 12285.357345, voltage energy = 12285.375895, gap = 0.002782
recursivelinesolver
iteration 0: residue = 0.001627, energy = 12305.995772 = 12305.995772, xb = 12304.020828, voltage energy = 12332.998477, gap = 30.952593
iteration 1: residue = 0.001159, energy = 12295.603069 = 12295.603069, xb = 12295.820019, voltage energy = 12310.991175, gap = 14.954206
iteration 2: residue = 0.000595, energy = 12290.080140 = 12290.080140, xb = 12290.998203, voltage energy = 12298.957753, gap = 7.041488
iteration 3: residue = 0.000400, energy = 12287.693164 = 12287.693164, xb = 12288.630482, voltage energy = 12292.934747, gap = 3.366946
iteration 4: residue = 0.000297, energy = 12286.593553 = 12286.593553, xb = 12287.343377, voltage energy = 12289.865064, gap = 1.771864
iteration 5: residue = 0.000196, energy = 12285.953752 = 12285.953752, xb = 12286.507116, voltage energy = 12287.917080, gap = 0.856600
iteration 6: residue = 0.000114, energy = 12285.626470 = 12285.626470, xb = 12285.986488, voltage energy = 12286.751343, gap = 0.404836
iteration 7: residue = 0.000076, energy = 12285.490893 = 12285.490893, xb = 12285.741366, voltage energy = 12286.197305, gap = 0.205466
iteration 8: residue = 0.000053, energy = 12285.412587 = 12285.412587, xb = 12285.571448, voltage energy = 12285.825937, gap = 0.095628
iteration 9: residue = 0.000035, energy = 12285.375620 = 12285.375620, xb = 12285.485811, voltage energy = 12285.641908, gap = 0.045907
iteration 10: residue = 0.000022, energy = 12285.357918 = 12285.357918, xb = 12285.418841, voltage energy = 12285.504033, gap = 0.024269
iteration 11: residue = 0.000014, energy = 12285.347674 = 12285.347674, xb = 12285.383540, voltage energy = 12285.430270, gap = 0.010864
iteration 12: residue = 0.000011, energy = 12285.343576 = 12285.343576, xb = 12285.365482, voltage energy = 12285.393032, gap = 0.005643
iteration 13: residue = 0.000006, energy = 12285.341577 = 12285.341577, xb = 12285.357345, voltage energy = 12285.375895, gap = 0.002782
recursivelinesolver
iteration 0: residue = 0.001627, energy = 12305.995772 = 12305.995772, xb = 12304.020828, voltage energy = 12332.998477, gap = 30.952593
iteration 1: residue = 0.001159, energy = 12295.603069 = 12295.603069, xb = 12295.820019, voltage energy = 12310.991175, gap = 14.954206
iteration 2: residue = 0.000595, energy = 12290.080140 = 12290.080140, xb = 12290.998203, voltage energy = 12298.957753, gap = 7.041488
iteration 3: residue = 0.000400, energy = 12287.693164 = 12287.693164, xb = 12288.630482, voltage energy = 12292.934747, gap = 3.366946
iteration 4: residue = 0.000297, energy = 12286.593553 = 12286.593553, xb = 12287.343377, voltage energy = 12289.865064, gap = 1.771864
iteration 5: residue = 0.000196, energy = 12285.953752 = 12285.953752, xb = 12286.507116, voltage energy = 12287.917080, gap = 0.856600
iteration 6: residue = 0.000114, energy = 12285.626470 = 12285.626470, xb = 12285.986488, voltage energy = 12286.751343, gap = 0.404836
iteration 7: residue = 0.000076, energy = 12285.490893 = 12285.490893, xb = 12285.741366, voltage energy = 12286.197305, gap = 0.205466
iteration 8: residue = 0.000053, energy = 12285.412587 = 12285.412587, xb = 12285.571448, voltage energy = 12285.825937, gap = 0.095628
iteration 9: residue = 0.000035, energy = 12285.375620 = 12285.375620, xb = 12285.485811, voltage energy = 12285.641908, gap = 0.045907
iteration 10: residue = 0.000022, energy = 12285.357918 = 12285.357918, xb = 12285.418841, voltage energy = 12285.504033, gap = 0.024269
iteration 11: residue = 0.000014, energy = 12285.347674 = 12285.347674, xb = 12285.383540, voltage energy = 12285.430270, gap = 0.010864
iteration 12: residue = 0.000011, energy = 12285.343576 = 12285.343576, xb = 12285.365482, voltage energy = 12285.393032, gap = 0.005643
iteration 13: residue = 0.000006, energy = 12285.341577 = 12285.341577, xb = 12285.357345, voltage energy = 12285.375895, gap = 0.002782
recursivelinesolver
iteration 0: residue = 0.001627, energy = 12305.995772 = 12305.995772, xb = 12304.020828, voltage energy = 12332.998477, gap = 30.952593
iteration 1: residue = 0.001159, energy = 12295.603069 = 12295.603069, xb = 12295.820019, voltage energy = 12310.991175, gap = 14.954206
iteration 2: residue = 0.000595, energy = 12290.080140 = 12290.080140, xb = 12290.998203, voltage energy = 12298.957753, gap = 7.041488
iteration 3: residue = 0.000400, energy = 12287.693164 = 12287.693164, xb = 12288.630482, voltage energy = 12292.934747, gap = 3.366946
iteration 4: residue = 0.000297, energy = 12286.593553 = 12286.593553, xb = 12287.343377, voltage energy = 12289.865064, gap = 1.771864
iteration 5: residue = 0.000196, energy = 12285.953752 = 12285.953752, xb = 12286.507116, voltage energy = 12287.917080, gap = 0.856600
iteration 6: residue = 0.000114, energy = 12285.626470 = 12285.626470, xb = 12285.986488, voltage energy = 12286.751343, gap = 0.404836
iteration 7: residue = 0.000076, energy = 12285.490893 = 12285.490893, xb = 12285.741366, voltage energy = 12286.197305, gap = 0.205466
iteration 8: residue = 0.000053, energy = 12285.412587 = 12285.412587, xb = 12285.571448, voltage energy = 12285.825937, gap = 0.095628
iteration 9: residue = 0.000035, energy = 12285.375620 = 12285.375620, xb = 12285.485811, voltage energy = 12285.641908, gap = 0.045907
iteration 10: residue = 0.000022, energy = 12285.357918 = 12285.357918, xb = 12285.418841, voltage energy = 12285.504033, gap = 0.024269
iteration 11: residue = 0.000014, energy = 12285.347674 = 12285.347674, xb = 12285.383540, voltage energy = 12285.430270, gap = 0.010864
iteration 12: residue = 0.000011, energy = 12285.343576 = 12285.343576, xb = 12285.365482, voltage energy = 12285.393032, gap = 0.005643
iteration 13: residue = 0.000006, energy = 12285.341577 = 12285.341577, xb = 12285.357345, voltage energy = 12285.375895, gap = 0.002782
recursivelinesolver
iteration 0: residue = 0.001627, energy = 12305.995772 = 12305.995772, xb = 12304.020828, voltage energy = 12332.998477, gap = 30.952593
iteration 1: residue = 0.001159, energy = 12295.603069 = 12295.603069, xb = 12295.820019, voltage energy = 12310.991175, gap = 14.954206
iteration 2: residue = 0.000595, energy = 12290.080140 = 12290.080140, xb = 12290.998203, voltage energy = 12298.957753, gap = 7.041488
iteration 3: residue = 0.000400, energy = 12287.693164 = 12287.693164, xb = 12288.630482, voltage energy = 12292.934747, gap = 3.366946
iteration 4: residue = 0.000297, energy = 12286.593553 = 12286.593553, xb = 12287.343377, voltage energy = 12289.865064, gap = 1.771864
iteration 5: residue = 0.000196, energy = 12285.953752 = 12285.953752, xb = 12286.507116, voltage energy = 12287.917080, gap = 0.856600
iteration 6: residue = 0.000114, energy = 12285.626470 = 12285.626470, xb = 12285.986488, voltage energy = 12286.751343, gap = 0.404836
iteration 7: residue = 0.000076, energy = 12285.490893 = 12285.490893, xb = 12285.741366, voltage energy = 12286.197305, gap = 0.205466
iteration 8: residue = 0.000053, energy = 12285.412587 = 12285.412587, xb = 12285.571448, voltage energy = 12285.825937, gap = 0.095628
iteration 9: residue = 0.000035, energy = 12285.375620 = 12285.375620, xb = 12285.485811, voltage energy = 12285.641908, gap = 0.045907
iteration 10: residue = 0.000022, energy = 12285.357918 = 12285.357918, xb = 12285.418841, voltage energy = 12285.504033, gap = 0.024269
iteration 11: residue = 0.000014, energy = 12285.347674 = 12285.347674, xb = 12285.383540, voltage energy = 12285.430270, gap = 0.010864
iteration 12: residue = 0.000011, energy = 12285.343576 = 12285.343576, xb = 12285.365482, voltage energy = 12285.393032, gap = 0.005643
iteration 13: residue = 0.000006, energy = 12285.341577 = 12285.341577, xb = 12285.357345, voltage energy = 12285.375895, gap = 0.002782
recursivelinesolver
iteration 0: residue = 0.001627, energy = 12305.995772 = 12305.995772, xb = 12304.020828, voltage energy = 12332.998477, gap = 30.952593
iteration 1: residue = 0.001159, energy = 12295.603069 = 12295.603069, xb = 12295.820019, voltage energy = 12310.991175, gap = 14.954206
iteration 2: residue = 0.000595, energy = 12290.080140 = 12290.080140, xb = 12290.998203, voltage energy = 12298.957753, gap = 7.041488
iteration 3: residue = 0.000400, energy = 12287.693164 = 12287.693164, xb = 12288.630482, voltage energy = 12292.934747, gap = 3.366946
iteration 4: residue = 0.000297, energy = 12286.593553 = 12286.593553, xb = 12287.343377, voltage energy = 12289.865064, gap = 1.771864
iteration 5: residue = 0.000196, energy = 12285.953752 = 12285.953752, xb = 12286.507116, voltage energy = 12287.917080, gap = 0.856600
iteration 6: residue = 0.000114, energy = 12285.626470 = 12285.626470, xb = 12285.986488, voltage energy = 12286.751343, gap = 0.404836
iteration 7: residue = 0.000076, energy = 12285.490893 = 12285.490893, xb = 12285.741366, voltage energy = 12286.197305, gap = 0.205466
iteration 8: residue = 0.000053, energy = 12285.412587 = 12285.412587, xb = 12285.571448, voltage energy = 12285.825937, gap = 0.095628
iteration 9: residue = 0.000035, energy = 12285.375620 = 12285.375620, xb = 12285.485811, voltage energy = 12285.641908, gap = 0.045907
iteration 10: residue = 0.000022, energy = 12285.357918 = 12285.357918, xb = 12285.418841, voltage energy = 12285.504033, gap = 0.024269
iteration 11: residue = 0.000014, energy = 12285.347674 = 12285.347674, xb = 12285.383540, voltage energy = 12285.430270, gap = 0.010864
iteration 12: residue = 0.000011, energy = 12285.343576 = 12285.343576, xb = 12285.365482, voltage energy = 12285.393032, gap = 0.005643
iteration 13: residue = 0.000006, energy = 12285.341577 = 12285.341577, xb = 12285.357345, voltage energy = 12285.375895, gap = 0.002782
recursivetreesolver
residual 1.626655e-03
residual 1.158595e-03
residual 5.954337e-04
residual 3.999817e-04
residual 2.971919e-04
residual 1.962149e-04
residual 1.135271e-04
residual 7.643932e-05
residual 5.280681e-05
residual 3.496803e-05
residual 2.223039e-05
residual 1.436726e-05
residual 1.063822e-05
residual 5.853904e-06
recursivetreesolver
residual 1.626655e-03
residual 1.158595e-03
residual 5.954337e-04
residual 3.999817e-04
residual 2.971919e-04
residual 1.962149e-04
residual 1.135271e-04
residual 7.643932e-05
residual 5.280681e-05
residual 3.496803e-05
residual 2.223039e-05
residual 1.436726e-05
residual 1.063822e-05
residual 5.853904e-06
recursivetreesolver
residual 1.626655e-03
residual 1.158595e-03
residual 5.954337e-04
residual 3.999817e-04
residual 2.971919e-04
residual 1.962149e-04
residual 1.135271e-04
residual 7.643932e-05
residual 5.280681e-05
residual 3.496803e-05
residual 2.223039e-05
residual 1.436726e-05
residual 1.063822e-05
residual 5.853904e-06
recursivetreesolver
residual 1.626655e-03
residual 1.158595e-03
residual 5.954337e-04
residual 3.999817e-04
residual 2.971919e-04
residual 1.962149e-04
residual 1.135271e-04
residual 7.643932e-05
residual 5.280681e-05
residual 3.496803e-05
residual 2.223039e-05
residual 1.436726e-05
residual 1.063822e-05
residual 5.853904e-06
recursivetreesolver
residual 1.626655e-03
residual 1.158595e-03
residual 5.954337e-04
residual 3.999817e-04
residual 2.971919e-04
residual 1.962149e-04
residual 1.135271e-04
residual 7.643932e-05
residual 5.280681e-05
residual 3.496803e-05
residual 2.223039e-05
residual 1.436726e-05
residual 1.063822e-05
residual 5.853904e-06
recursivetreesolver
residual 1.626655e-03
residual 1.158595e-03
residual 5.954337e-04
residual 3.999817e-04
residual 2.971919e-04
residual 1.962149e-04
residual 1.135271e-04
residual 7.643932e-05
residual 5.280681e-05
residual 3.496803e-05
residual 2.223039e-05
residual 1.436726e-05
residual 1.063822e-05
residual 5.853904e-06
recursivetreesolver
residual 1.626655e-03
residual 1.158595e-03
residual 5.954337e-04
residual 3.999817e-04
residual 2.971919e-04
residual 1.962149e-04
residual 1.135271e-04
residual 7.643932e-05
residual 5.280681e-05
residual 3.496803e-05
residual 2.223039e-05
residual 1.436726e-05
residual 1.063822e-05
residual 5.853904e-06
recursivetreesolver
residual 1.626655e-03
residual 1.158595e-03
residual 5.954337e-04
residual 3.999817e-04
residual 2.971919e-04
residual 1.962149e-04
residual 1.135271e-04
residual 7.643932e-05
residual 5.280681e-05
residual 3.496803e-05
residual 2.223039e-05
residual 1.436726e-05
residual 1.063822e-05
residual 5.853904e-06
recursivetreesolver
residual 1.626655e-03
residual 1.158595e-03
residual 5.954337e-04
residual 3.999817e-04
residual 2.971919e-04
residual 1.962149e-04
residual 1.135271e-04
residual 7.643932e-05
residual 5.280681e-05
residual 3.496803e-05
residual 2.223039e-05
residual 1.436726e-05
residual 1.063822e-05
residual 5.853904e-06
recursivetreesolver
residual 1.626655e-03
residual 1.158595e-03
residual 5.954337e-04
residual 3.999817e-04
residual 2.971919e-04
residual 1.962149e-04
residual 1.135271e-04
residual 7.643932e-05
residual 5.280681e-05
residual 3.496803e-05
residual 2.223039e-05
residual 1.436726e-05
residual 1.063822e-05
residual 5.853904e-06
