linesolver
iteration 1: energy = 1687374.212040 = 1687374.212040, xb = 1687832.901382, voltage energy = 1689955.593526, gap = 1664.0028023708146065
iteration 2: energy = 1686284.661091 = 1686284.661091, xb = 1686409.356085, voltage energy = 1686635.753359, gap = 101.7022793423384428
iteration 3: energy = 1686214.062543 = 1686214.062543, xb = 1686231.944232, voltage energy = 1686255.166041, gap = 5.3401208196301013
iteration 4: energy = 1686210.322729 = 1686210.322729, xb = 1686212.724465, voltage energy = 1686215.530129, gap = 0.4039273241069168
iteration 5: energy = 1686210.047186 = 1686210.047186, xb = 1686210.288316, voltage energy = 1686210.556444, gap = 0.0269982325844467
iteration 6: energy = 1686210.028295 = 1686210.028294, xb = 1686210.040484, voltage energy = 1686210.054123, gap = 0.0014493691269308
linesolver
iteration 1: energy = 1687374.212040 = 1687374.212040, xb = 1687832.901382, voltage energy = 1689955.593526, gap = 1664.0028023708146065
iteration 2: energy = 1686284.661091 = 1686284.661091, xb = 1686409.356085, voltage energy = 1686635.753359, gap = 101.7022793423384428
iteration 3: energy = 1686214.062543 = 1686214.062543, xb = 1686231.944232, voltage energy = 1686255.166041, gap = 5.3401208196301013
iteration 4: energy = 1686210.322729 = 1686210.322729, xb = 1686212.724465, voltage energy = 1686215.530129, gap = 0.4039273241069168
iteration 5: energy = 1686210.047186 = 1686210.047186, xb = 1686210.288316, voltage energy = 1686210.556444, gap = 0.0269982325844467
iteration 6: energy = 1686210.028295 = 1686210.028294, xb = 1686210.040484, voltage energy = 1686210.054123, gap = 0.0014493691269308
linesolver
iteration 1: energy = 1687374.212040 = 1687374.212040, xb = 1687832.901382, voltage energy = 1689955.593526, gap = 1664.0028023708146065
iteration 2: energy = 1686284.661091 = 1686284.661091, xb = 1686409.356085, voltage energy = 1686635.753359, gap = 101.7022793423384428
iteration 3: energy = 1686214.062543 = 1686214.062543, xb = 1686231.944232, voltage energy = 1686255.166041, gap = 5.3401208196301013
iteration 4: energy = 1686210.322729 = 1686210.322729, xb = 1686212.724465, voltage energy = 1686215.530129, gap = 0.4039273241069168
iteration 5: energy = 1686210.047186 = 1686210.047186, xb = 1686210.288316, voltage energy = 1686210.556444, gap = 0.0269982325844467
iteration 6: energy = 1686210.028295 = 1686210.028294, xb = 1686210.040484, voltage energy = 1686210.054123, gap = 0.0014493691269308
linesolver
iteration 1: energy = 1687374.212040 = 1687374.212040, xb = 1687832.901382, voltage energy = 1689955.593526, gap = 1664.0028023708146065
iteration 2: energy = 1686284.661091 = 1686284.661091, xb = 1686409.356085, voltage energy = 1686635.753359, gap = 101.7022793423384428
iteration 3: energy = 1686214.062543 = 1686214.062543, xb = 1686231.944232, voltage energy = 1686255.166041, gap = 5.3401208196301013
iteration 4: energy = 1686210.322729 = 1686210.322729, xb = 1686212.724465, voltage energy = 1686215.530129, gap = 0.4039273241069168
iteration 5: energy = 1686210.047186 = 1686210.047186, xb = 1686210.288316, voltage energy = 1686210.556444, gap = 0.0269982325844467
iteration 6: energy = 1686210.028295 = 1686210.028294, xb = 1686210.040484, voltage energy = 1686210.054123, gap = 0.0014493691269308
linesolver
iteration 1: energy = 1687374.212040 = 1687374.212040, xb = 1687832.901382, voltage energy = 1689955.593526, gap = 1664.0028023708146065
iteration 2: energy = 1686284.661091 = 1686284.661091, xb = 1686409.356085, voltage energy = 1686635.753359, gap = 101.7022793423384428
iteration 3: energy = 1686214.062543 = 1686214.062543, xb = 1686231.944232, voltage energy = 1686255.166041, gap = 5.3401208196301013
iteration 4: energy = 1686210.322729 = 1686210.322729, xb = 1686212.724465, voltage energy = 1686215.530129, gap = 0.4039273241069168
iteration 5: energy = 1686210.047186 = 1686210.047186, xb = 1686210.288316, voltage energy = 1686210.556444, gap = 0.0269982325844467
iteration 6: energy = 1686210.028295 = 1686210.028294, xb = 1686210.040484, voltage energy = 1686210.054123, gap = 0.0014493691269308
linesolver
iteration 1: energy = 1687374.212040 = 1687374.212040, xb = 1687832.901382, voltage energy = 1689955.593526, gap = 1664.0028023708146065
iteration 2: energy = 1686284.661091 = 1686284.661091, xb = 1686409.356085, voltage energy = 1686635.753359, gap = 101.7022793423384428
iteration 3: energy = 1686214.062543 = 1686214.062543, xb = 1686231.944232, voltage energy = 1686255.166041, gap = 5.3401208196301013
iteration 4: energy = 1686210.322729 = 1686210.322729, xb = 1686212.724465, voltage energy = 1686215.530129, gap = 0.4039273241069168
iteration 5: energy = 1686210.047186 = 1686210.047186, xb = 1686210.288316, voltage energy = 1686210.556444, gap = 0.0269982325844467
iteration 6: energy = 1686210.028295 = 1686210.028294, xb = 1686210.040484, voltage energy = 1686210.054123, gap = 0.0014493691269308
linesolver
iteration 1: energy = 1687374.212040 = 1687374.212040, xb = 1687832.901382, voltage energy = 1689955.593526, gap = 1664.0028023708146065
iteration 2: energy = 1686284.661091 = 1686284.661091, xb = 1686409.356085, voltage energy = 1686635.753359, gap = 101.7022793423384428
iteration 3: energy = 1686214.062543 = 1686214.062543, xb = 1686231.944232, voltage energy = 1686255.166041, gap = 5.3401208196301013
iteration 4: energy = 1686210.322729 = 1686210.322729, xb = 1686212.724465, voltage energy = 1686215.530129, gap = 0.4039273241069168
iteration 5: energy = 1686210.047186 = 1686210.047186, xb = 1686210.288316, voltage energy = 1686210.556444, gap = 0.0269982325844467
iteration 6: energy = 1686210.028295 = 1686210.028294, xb = 1686210.040484, voltage energy = 1686210.054123, gap = 0.0014493691269308
linesolver
iteration 1: energy = 1687374.212040 = 1687374.212040, xb = 1687832.901382, voltage energy = 1689955.593526, gap = 1664.0028023708146065
iteration 2: energy = 1686284.661091 = 1686284.661091, xb = 1686409.356085, voltage energy = 1686635.753359, gap = 101.7022793423384428
iteration 3: energy = 1686214.062543 = 1686214.062543, xb = 1686231.944232, voltage energy = 1686255.166041, gap = 5.3401208196301013
iteration 4: energy = 1686210.322729 = 1686210.322729, xb = 1686212.724465, voltage energy = 1686215.530129, gap = 0.4039273241069168
iteration 5: energy = 1686210.047186 = 1686210.047186, xb = 1686210.288316, voltage energy = 1686210.556444, gap = 0.0269982325844467
iteration 6: energy = 1686210.028295 = 1686210.028294, xb = 1686210.040484, voltage energy = 1686210.054123, gap = 0.0014493691269308
linesolver
iteration 1: energy = 1687374.212040 = 1687374.212040, xb = 1687832.901382, voltage energy = 1689955.593526, gap = 1664.0028023708146065
iteration 2: energy = 1686284.661091 = 1686284.661091, xb = 1686409.356085, voltage energy = 1686635.753359, gap = 101.7022793423384428
iteration 3: energy = 1686214.062543 = 1686214.062543, xb = 1686231.944232, voltage energy = 1686255.166041, gap = 5.3401208196301013
iteration 4: energy = 1686210.322729 = 1686210.322729, xb = 1686212.724465, voltage energy = 1686215.530129, gap = 0.4039273241069168
iteration 5: energy = 1686210.047186 = 1686210.047186, xb = 1686210.288316, voltage energy = 1686210.556444, gap = 0.0269982325844467
iteration 6: energy = 1686210.028295 = 1686210.028294, xb = 1686210.040484, voltage energy = 1686210.054123, gap = 0.0014493691269308
linesolver
iteration 1: energy = 1687374.212040 = 1687374.212040, xb = 1687832.901382, voltage energy = 1689955.593526, gap = 1664.0028023708146065
iteration 2: energy = 1686284.661091 = 1686284.661091, xb = 1686409.356085, voltage energy = 1686635.753359, gap = 101.7022793423384428
iteration 3: energy = 1686214.062543 = 1686214.062543, xb = 1686231.944232, voltage energy = 1686255.166041, gap = 5.3401208196301013
iteration 4: energy = 1686210.322729 = 1686210.322729, xb = 1686212.724465, voltage energy = 1686215.530129, gap = 0.4039273241069168
iteration 5: energy = 1686210.047186 = 1686210.047186, xb = 1686210.288316, voltage energy = 1686210.556444, gap = 0.0269982325844467
iteration 6: energy = 1686210.028295 = 1686210.028294, xb = 1686210.040484, voltage energy = 1686210.054123, gap = 0.0014493691269308
treesolver
iteration 1: energy = 1687374.212040 = 1687374.212040, xb = 1687832.901382, voltage energy = 1689955.593526, gap = 1664.002802
iteration 2: energy = 1686284.661091 = 1686284.661091, xb = 1686409.356085, voltage energy = 1686635.753359, gap = 101.702279
iteration 3: energy = 1686214.062543 = 1686214.062543, xb = 1686231.944232, voltage energy = 1686255.166041, gap = 5.340121
iteration 4: energy = 1686210.322729 = 1686210.322729, xb = 1686212.724465, voltage energy = 1686215.530129, gap = 0.403927
iteration 5: energy = 1686210.047186 = 1686210.047186, xb = 1686210.288316, voltage energy = 1686210.556444, gap = 0.026998
iteration 6: energy = 1686210.028295 = 1686210.028294, xb = 1686210.040484, voltage energy = 1686210.054123, gap = 0.001449
treesolver
iteration 1: energy = 1687374.212040 = 1687374.212040, xb = 1687832.901382, voltage energy = 1689955.593526, gap = 1664.002802
iteration 2: energy = 1686284.661091 = 1686284.661091, xb = 1686409.356085, voltage energy = 1686635.753359, gap = 101.702279
iteration 3: energy = 1686214.062543 = 1686214.062543, xb = 1686231.944232, voltage energy = 1686255.166041, gap = 5.340121
iteration 4: energy = 1686210.322729 = 1686210.322729, xb = 1686212.724465, voltage energy = 1686215.530129, gap = 0.403927
iteration 5: energy = 1686210.047186 = 1686210.047186, xb = 1686210.288316, voltage energy = 1686210.556444, gap = 0.026998
iteration 6: energy = 1686210.028295 = 1686210.028294, xb = 1686210.040484, voltage energy = 1686210.054123, gap = 0.001449
treesolver
iteration 1: energy = 1687374.212040 = 1687374.212040, xb = 1687832.901382, voltage energy = 1689955.593526, gap = 1664.002802
iteration 2: energy = 1686284.661091 = 1686284.661091, xb = 1686409.356085, voltage energy = 1686635.753359, gap = 101.702279
iteration 3: energy = 1686214.062543 = 1686214.062543, xb = 1686231.944232, voltage energy = 1686255.166041, gap = 5.340121
iteration 4: energy = 1686210.322729 = 1686210.322729, xb = 1686212.724465, voltage energy = 1686215.530129, gap = 0.403927
iteration 5: energy = 1686210.047186 = 1686210.047186, xb = 1686210.288316, voltage energy = 1686210.556444, gap = 0.026998
iteration 6: energy = 1686210.028295 = 1686210.028294, xb = 1686210.040484, voltage energy = 1686210.054123, gap = 0.001449
treesolver
iteration 1: energy = 1687374.212040 = 1687374.212040, xb = 1687832.901382, voltage energy = 1689955.593526, gap = 1664.002802
iteration 2: energy = 1686284.661091 = 1686284.661091, xb = 1686409.356085, voltage energy = 1686635.753359, gap = 101.702279
iteration 3: energy = 1686214.062543 = 1686214.062543, xb = 1686231.944232, voltage energy = 1686255.166041, gap = 5.340121
iteration 4: energy = 1686210.322729 = 1686210.322729, xb = 1686212.724465, voltage energy = 1686215.530129, gap = 0.403927
iteration 5: energy = 1686210.047186 = 1686210.047186, xb = 1686210.288316, voltage energy = 1686210.556444, gap = 0.026998
iteration 6: energy = 1686210.028295 = 1686210.028294, xb = 1686210.040484, voltage energy = 1686210.054123, gap = 0.001449
treesolver
iteration 1: energy = 1687374.212040 = 1687374.212040, xb = 1687832.901382, voltage energy = 1689955.593526, gap = 1664.002802
iteration 2: energy = 1686284.661091 = 1686284.661091, xb = 1686409.356085, voltage energy = 1686635.753359, gap = 101.702279
iteration 3: energy = 1686214.062543 = 1686214.062543, xb = 1686231.944232, voltage energy = 1686255.166041, gap = 5.340121
iteration 4: energy = 1686210.322729 = 1686210.322729, xb = 1686212.724465, voltage energy = 1686215.530129, gap = 0.403927
iteration 5: energy = 1686210.047186 = 1686210.047186, xb = 1686210.288316, voltage energy = 1686210.556444, gap = 0.026998
iteration 6: energy = 1686210.028295 = 1686210.028294, xb = 1686210.040484, voltage energy = 1686210.054123, gap = 0.001449
treesolver
iteration 1: energy = 1687374.212040 = 1687374.212040, xb = 1687832.901382, voltage energy = 1689955.593526, gap = 1664.002802
iteration 2: energy = 1686284.661091 = 1686284.661091, xb = 1686409.356085, voltage energy = 1686635.753359, gap = 101.702279
iteration 3: energy = 1686214.062543 = 1686214.062543, xb = 1686231.944232, voltage energy = 1686255.166041, gap = 5.340121
iteration 4: energy = 1686210.322729 = 1686210.322729, xb = 1686212.724465, voltage energy = 1686215.530129, gap = 0.403927
iteration 5: energy = 1686210.047186 = 1686210.047186, xb = 1686210.288316, voltage energy = 1686210.556444, gap = 0.026998
iteration 6: energy = 1686210.028295 = 1686210.028294, xb = 1686210.040484, voltage energy = 1686210.054123, gap = 0.001449
treesolver
iteration 1: energy = 1687374.212040 = 1687374.212040, xb = 1687832.901382, voltage energy = 1689955.593526, gap = 1664.002802
iteration 2: energy = 1686284.661091 = 1686284.661091, xb = 1686409.356085, voltage energy = 1686635.753359, gap = 101.702279
iteration 3: energy = 1686214.062543 = 1686214.062543, xb = 1686231.944232, voltage energy = 1686255.166041, gap = 5.340121
iteration 4: energy = 1686210.322729 = 1686210.322729, xb = 1686212.724465, voltage energy = 1686215.530129, gap = 0.403927
iteration 5: energy = 1686210.047186 = 1686210.047186, xb = 1686210.288316, voltage energy = 1686210.556444, gap = 0.026998
iteration 6: energy = 1686210.028295 = 1686210.028294, xb = 1686210.040484, voltage energy = 1686210.054123, gap = 0.001449
treesolver
iteration 1: energy = 1687374.212040 = 1687374.212040, xb = 1687832.901382, voltage energy = 1689955.593526, gap = 1664.002802
iteration 2: energy = 1686284.661091 = 1686284.661091, xb = 1686409.356085, voltage energy = 1686635.753359, gap = 101.702279
iteration 3: energy = 1686214.062543 = 1686214.062543, xb = 1686231.944232, voltage energy = 1686255.166041, gap = 5.340121
iteration 4: energy = 1686210.322729 = 1686210.322729, xb = 1686212.724465, voltage energy = 1686215.530129, gap = 0.403927
iteration 5: energy = 1686210.047186 = 1686210.047186, xb = 1686210.288316, voltage energy = 1686210.556444, gap = 0.026998
iteration 6: energy = 1686210.028295 = 1686210.028294, xb = 1686210.040484, voltage energy = 1686210.054123, gap = 0.001449
treesolver
iteration 1: energy = 1687374.212040 = 1687374.212040, xb = 1687832.901382, voltage energy = 1689955.593526, gap = 1664.002802
iteration 2: energy = 1686284.661091 = 1686284.661091, xb = 1686409.356085, voltage energy = 1686635.753359, gap = 101.702279
iteration 3: energy = 1686214.062543 = 1686214.062543, xb = 1686231.944232, voltage energy = 1686255.166041, gap = 5.340121
iteration 4: energy = 1686210.322729 = 1686210.322729, xb = 1686212.724465, voltage energy = 1686215.530129, gap = 0.403927
iteration 5: energy = 1686210.047186 = 1686210.047186, xb = 1686210.288316, voltage energy = 1686210.556444, gap = 0.026998
iteration 6: energy = 1686210.028295 = 1686210.028294, xb = 1686210.040484, voltage energy = 1686210.054123, gap = 0.001449
treesolver
iteration 1: energy = 1687374.212040 = 1687374.212040, xb = 1687832.901382, voltage energy = 1689955.593526, gap = 1664.002802
iteration 2: energy = 1686284.661091 = 1686284.661091, xb = 1686409.356085, voltage energy = 1686635.753359, gap = 101.702279
iteration 3: energy = 1686214.062543 = 1686214.062543, xb = 1686231.944232, voltage energy = 1686255.166041, gap = 5.340121
iteration 4: energy = 1686210.322729 = 1686210.322729, xb = 1686212.724465, voltage energy = 1686215.530129, gap = 0.403927
iteration 5: energy = 1686210.047186 = 1686210.047186, xb = 1686210.288316, voltage energy = 1686210.556444, gap = 0.026998
iteration 6: energy = 1686210.028295 = 1686210.028294, xb = 1686210.040484, voltage energy = 1686210.054123, gap = 0.001449
recursivelinesolver
iteration 0: residue = 0.021024, energy = 1696176.933282 = 1696176.933282, xb = 1695233.883802, voltage energy = 1709133.288562, gap = 14842.454239
iteration 1: residue = 0.013780, energy = 1691147.634949 = 1691147.634949, xb = 1691258.674317, voltage energy = 1698512.626600, gap = 7142.912915
iteration 2: residue = 0.008783, energy = 1688533.408250 = 1688533.408250, xb = 1688998.167164, voltage energy = 1692893.104130, gap = 3430.178051
iteration 3: residue = 0.006103, energy = 1687374.212040 = 1687374.212040, xb = 1687832.901382, voltage energy = 1689955.593526, gap = 1664.002802
iteration 4: residue = 0.004645, energy = 1686832.527719 = 1686832.527719, xb = 1687204.785234, voltage energy = 1688454.648678, gap = 877.605929
iteration 5: residue = 0.003067, energy = 1686517.313625 = 1686517.313625, xb = 1686784.758809, voltage energy = 1687478.504233, gap = 426.300241
iteration 6: residue = 0.001730, energy = 1686351.365800 = 1686351.365800, xb = 1686528.155619, voltage energy = 1686903.716537, gap = 198.771098
iteration 7: residue = 0.001201, energy = 1686284.661091 = 1686284.661091, xb = 1686409.356085, voltage energy = 1686635.753359, gap = 101.702279
iteration 8: residue = 0.000815, energy = 1686245.974491 = 1686245.974491, xb = 1686322.967570, voltage energy = 1686446.914722, gap = 46.954074
iteration 9: residue = 0.000546, energy = 1686227.866771 = 1686227.866771, xb = 1686282.152466, voltage energy = 1686359.051247, gap = 22.613087
iteration 10: residue = 0.000323, energy = 1686219.006622 = 1686219.006622, xb = 1686248.153176, voltage energy = 1686289.162921, gap = 11.863191
iteration 11: residue = 0.000215, energy = 1686214.062543 = 1686214.062543, xb = 1686231.944232, voltage energy = 1686255.166041, gap = 5.340121
iteration 12: residue = 0.000157, energy = 1686212.047402 = 1686212.047402, xb = 1686222.852515, voltage energy = 1686236.411373, gap = 2.753745
iteration 13: residue = 0.000089, energy = 1686211.063587 = 1686211.063587, xb = 1686218.762651, voltage energy = 1686227.826487, gap = 1.364772
iteration 14: residue = 0.000061, energy = 1686210.588995 = 1686210.588995, xb = 1686214.782123, voltage energy = 1686219.695247, gap = 0.719996
iteration 15: residue = 0.000043, energy = 1686210.322729 = 1686210.322729, xb = 1686212.724465, voltage energy = 1686215.530129, gap = 0.403927
iteration 16: residue = 0.000030, energy = 1686210.204468 = 1686210.204468, xb = 1686211.545001, voltage energy = 1686213.101211, gap = 0.215676
iteration 17: residue = 0.000022, energy = 1686210.149026 = 1686210.149026, xb = 1686210.964851, voltage energy = 1686211.919991, gap = 0.139315
iteration 18: residue = 0.000015, energy = 1686210.075818 = 1686210.075817, xb = 1686210.666331, voltage energy = 1686211.314136, gap = 0.057291
iteration 19: residue = 0.000011, energy = 1686210.047186 = 1686210.047186, xb = 1686210.288316, voltage energy = 1686210.556444, gap = 0.026998
iteration 20: residue = 0.000007, energy = 1686210.038388 = 1686210.038387, xb = 1686210.170179, voltage energy = 1686210.315804, gap = 0.013833
recursivelinesolver
iteration 0: residue = 0.021024, energy = 1696176.933282 = 1696176.933282, xb = 1695233.883802, voltage energy = 1709133.288562, gap = 14842.454239
iteration 1: residue = 0.013780, energy = 1691147.634949 = 1691147.634949, xb = 1691258.674317, voltage energy = 1698512.626600, gap = 7142.912915
iteration 2: residue = 0.008783, energy = 1688533.408250 = 1688533.408250, xb = 1688998.167164, voltage energy = 1692893.104130, gap = 3430.178051
iteration 3: residue = 0.006103, energy = 1687374.212040 = 1687374.212040, xb = 1687832.901382, voltage energy = 1689955.593526, gap = 1664.002802
iteration 4: residue = 0.004645, energy = 1686832.527719 = 1686832.527719, xb = 1687204.785234, voltage energy = 1688454.648678, gap = 877.605929
iteration 5: residue = 0.003067, energy = 1686517.313625 = 1686517.313625, xb = 1686784.758809, voltage energy = 1687478.504233, gap = 426.300241
iteration 6: residue = 0.001730, energy = 1686351.365800 = 1686351.365800, xb = 1686528.155619, voltage energy = 1686903.716537, gap = 198.771098
iteration 7: residue = 0.001201, energy = 1686284.661091 = 1686284.661091, xb = 1686409.356085, voltage energy = 1686635.753359, gap = 101.702279
iteration 8: residue = 0.000815, energy = 1686245.974491 = 1686245.974491, xb = 1686322.967570, voltage energy = 1686446.914722, gap = 46.954074
iteration 9: residue = 0.000546, energy = 1686227.866771 = 1686227.866771, xb = 1686282.152466, voltage energy = 1686359.051247, gap = 22.613087
iteration 10: residue = 0.000323, energy = 1686219.006622 = 1686219.006622, xb = 1686248.153176, voltage energy = 1686289.162921, gap = 11.863191
iteration 11: residue = 0.000215, energy = 1686214.062543 = 1686214.062543, xb = 1686231.944232, voltage energy = 1686255.166041, gap = 5.340121
iteration 12: residue = 0.000157, energy = 1686212.047402 = 1686212.047402, xb = 1686222.852515, voltage energy = 1686236.411373, gap = 2.753745
iteration 13: residue = 0.000089, energy = 1686211.063587 = 1686211.063587, xb = 1686218.762651, voltage energy = 1686227.826487, gap = 1.364772
iteration 14: residue = 0.000061, energy = 1686210.588995 = 1686210.588995, xb = 1686214.782123, voltage energy = 1686219.695247, gap = 0.719996
iteration 15: residue = 0.000043, energy = 1686210.322729 = 1686210.322729, xb = 1686212.724465, voltage energy = 1686215.530129, gap = 0.403927
iteration 16: residue = 0.000030, energy = 1686210.204468 = 1686210.204468, xb = 1686211.545001, voltage energy = 1686213.101211, gap = 0.215676
iteration 17: residue = 0.000022, energy = 1686210.149026 = 1686210.149026, xb = 1686210.964851, voltage energy = 1686211.919991, gap = 0.139315
iteration 18: residue = 0.000015, energy = 1686210.075818 = 1686210.075817, xb = 1686210.666331, voltage energy = 1686211.314136, gap = 0.057291
iteration 19: residue = 0.000011, energy = 1686210.047186 = 1686210.047186, xb = 1686210.288316, voltage energy = 1686210.556444, gap = 0.026998
iteration 20: residue = 0.000007, energy = 1686210.038388 = 1686210.038387, xb = 1686210.170179, voltage energy = 1686210.315804, gap = 0.013833
recursivelinesolver
iteration 0: residue = 0.021024, energy = 1696176.933282 = 1696176.933282, xb = 1695233.883802, voltage energy = 1709133.288562, gap = 14842.454239
iteration 1: residue = 0.013780, energy = 1691147.634949 = 1691147.634949, xb = 1691258.674317, voltage energy = 1698512.626600, gap = 7142.912915
iteration 2: residue = 0.008783, energy = 1688533.408250 = 1688533.408250, xb = 1688998.167164, voltage energy = 1692893.104130, gap = 3430.178051
iteration 3: residue = 0.006103, energy = 1687374.212040 = 1687374.212040, xb = 1687832.901382, voltage energy = 1689955.593526, gap = 1664.002802
iteration 4: residue = 0.004645, energy = 1686832.527719 = 1686832.527719, xb = 1687204.785234, voltage energy = 1688454.648678, gap = 877.605929
iteration 5: residue = 0.003067, energy = 1686517.313625 = 1686517.313625, xb = 1686784.758809, voltage energy = 1687478.504233, gap = 426.300241
iteration 6: residue = 0.001730, energy = 1686351.365800 = 1686351.365800, xb = 1686528.155619, voltage energy = 1686903.716537, gap = 198.771098
iteration 7: residue = 0.001201, energy = 1686284.661091 = 1686284.661091, xb = 1686409.356085, voltage energy = 1686635.753359, gap = 101.702279
iteration 8: residue = 0.000815, energy = 1686245.974491 = 1686245.974491, xb = 1686322.967570, voltage energy = 1686446.914722, gap = 46.954074
iteration 9: residue = 0.000546, energy = 1686227.866771 = 1686227.866771, xb = 1686282.152466, voltage energy = 1686359.051247, gap = 22.613087
iteration 10: residue = 0.000323, energy = 1686219.006622 = 1686219.006622, xb = 1686248.153176, voltage energy = 1686289.162921, gap = 11.863191
iteration 11: residue = 0.000215, energy = 1686214.062543 = 1686214.062543, xb = 1686231.944232, voltage energy = 1686255.166041, gap = 5.340121
iteration 12: residue = 0.000157, energy = 1686212.047402 = 1686212.047402, xb = 1686222.852515, voltage energy = 1686236.411373, gap = 2.753745
iteration 13: residue = 0.000089, energy = 1686211.063587 = 1686211.063587, xb = 1686218.762651, voltage energy = 1686227.826487, gap = 1.364772
iteration 14: residue = 0.000061, energy = 1686210.588995 = 1686210.588995, xb = 1686214.782123, voltage energy = 1686219.695247, gap = 0.719996
iteration 15: residue = 0.000043, energy = 1686210.322729 = 1686210.322729, xb = 1686212.724465, voltage energy = 1686215.530129, gap = 0.403927
iteration 16: residue = 0.000030, energy = 1686210.204468 = 1686210.204468, xb = 1686211.545001, voltage energy = 1686213.101211, gap = 0.215676
iteration 17: residue = 0.000022, energy = 1686210.149026 = 1686210.149026, xb = 1686210.964851, voltage energy = 1686211.919991, gap = 0.139315
iteration 18: residue = 0.000015, energy = 1686210.075818 = 1686210.075817, xb = 1686210.666331, voltage energy = 1686211.314136, gap = 0.057291
iteration 19: residue = 0.000011, energy = 1686210.047186 = 1686210.047186, xb = 1686210.288316, voltage energy = 1686210.556444, gap = 0.026998
iteration 20: residue = 0.000007, energy = 1686210.038388 = 1686210.038387, xb = 1686210.170179, voltage energy = 1686210.315804, gap = 0.013833
recursivelinesolver
iteration 0: residue = 0.021024, energy = 1696176.933282 = 1696176.933282, xb = 1695233.883802, voltage energy = 1709133.288562, gap = 14842.454239
iteration 1: residue = 0.013780, energy = 1691147.634949 = 1691147.634949, xb = 1691258.674317, voltage energy = 1698512.626600, gap = 7142.912915
iteration 2: residue = 0.008783, energy = 1688533.408250 = 1688533.408250, xb = 1688998.167164, voltage energy = 1692893.104130, gap = 3430.178051
iteration 3: residue = 0.006103, energy = 1687374.212040 = 1687374.212040, xb = 1687832.901382, voltage energy = 1689955.593526, gap = 1664.002802
iteration 4: residue = 0.004645, energy = 1686832.527719 = 1686832.527719, xb = 1687204.785234, voltage energy = 1688454.648678, gap = 877.605929
iteration 5: residue = 0.003067, energy = 1686517.313625 = 1686517.313625, xb = 1686784.758809, voltage energy = 1687478.504233, gap = 426.300241
iteration 6: residue = 0.001730, energy = 1686351.365800 = 1686351.365800, xb = 1686528.155619, voltage energy = 1686903.716537, gap = 198.771098
iteration 7: residue = 0.001201, energy = 1686284.661091 = 1686284.661091, xb = 1686409.356085, voltage energy = 1686635.753359, gap = 101.702279
iteration 8: residue = 0.000815, energy = 1686245.974491 = 1686245.974491, xb = 1686322.967570, voltage energy = 1686446.914722, gap = 46.954074
iteration 9: residue = 0.000546, energy = 1686227.866771 = 1686227.866771, xb = 1686282.152466, voltage energy = 1686359.051247, gap = 22.613087
iteration 10: residue = 0.000323, energy = 1686219.006622 = 1686219.006622, xb = 1686248.153176, voltage energy = 1686289.162921, gap = 11.863191
iteration 11: residue = 0.000215, energy = 1686214.062543 = 1686214.062543, xb = 1686231.944232, voltage energy = 1686255.166041, gap = 5.340121
iteration 12: residue = 0.000157, energy = 1686212.047402 = 1686212.047402, xb = 1686222.852515, voltage energy = 1686236.411373, gap = 2.753745
iteration 13: residue = 0.000089, energy = 1686211.063587 = 1686211.063587, xb = 1686218.762651, voltage energy = 1686227.826487, gap = 1.364772
iteration 14: residue = 0.000061, energy = 1686210.588995 = 1686210.588995, xb = 1686214.782123, voltage energy = 1686219.695247, gap = 0.719996
iteration 15: residue = 0.000043, energy = 1686210.322729 = 1686210.322729, xb = 1686212.724465, voltage energy = 1686215.530129, gap = 0.403927
iteration 16: residue = 0.000030, energy = 1686210.204468 = 1686210.204468, xb = 1686211.545001, voltage energy = 1686213.101211, gap = 0.215676
iteration 17: residue = 0.000022, energy = 1686210.149026 = 1686210.149026, xb = 1686210.964851, voltage energy = 1686211.919991, gap = 0.139315
iteration 18: residue = 0.000015, energy = 1686210.075818 = 1686210.075817, xb = 1686210.666331, voltage energy = 1686211.314136, gap = 0.057291
iteration 19: residue = 0.000011, energy = 1686210.047186 = 1686210.047186, xb = 1686210.288316, voltage energy = 1686210.556444, gap = 0.026998
iteration 20: residue = 0.000007, energy = 1686210.038388 = 1686210.038387, xb = 1686210.170179, voltage energy = 1686210.315804, gap = 0.013833
recursivelinesolver
iteration 0: residue = 0.021024, energy = 1696176.933282 = 1696176.933282, xb = 1695233.883802, voltage energy = 1709133.288562, gap = 14842.454239
iteration 1: residue = 0.013780, energy = 1691147.634949 = 1691147.634949, xb = 1691258.674317, voltage energy = 1698512.626600, gap = 7142.912915
iteration 2: residue = 0.008783, energy = 1688533.408250 = 1688533.408250, xb = 1688998.167164, voltage energy = 1692893.104130, gap = 3430.178051
iteration 3: residue = 0.006103, energy = 1687374.212040 = 1687374.212040, xb = 1687832.901382, voltage energy = 1689955.593526, gap = 1664.002802
iteration 4: residue = 0.004645, energy = 1686832.527719 = 1686832.527719, xb = 1687204.785234, voltage energy = 1688454.648678, gap = 877.605929
iteration 5: residue = 0.003067, energy = 1686517.313625 = 1686517.313625, xb = 1686784.758809, voltage energy = 1687478.504233, gap = 426.300241
iteration 6: residue = 0.001730, energy = 1686351.365800 = 1686351.365800, xb = 1686528.155619, voltage energy = 1686903.716537, gap = 198.771098
iteration 7: residue = 0.001201, energy = 1686284.661091 = 1686284.661091, xb = 1686409.356085, voltage energy = 1686635.753359, gap = 101.702279
iteration 8: residue = 0.000815, energy = 1686245.974491 = 1686245.974491, xb = 1686322.967570, voltage energy = 1686446.914722, gap = 46.954074
iteration 9: residue = 0.000546, energy = 1686227.866771 = 1686227.866771, xb = 1686282.152466, voltage energy = 1686359.051247, gap = 22.613087
iteration 10: residue = 0.000323, energy = 1686219.006622 = 1686219.006622, xb = 1686248.153176, voltage energy = 1686289.162921, gap = 11.863191
iteration 11: residue = 0.000215, energy = 1686214.062543 = 1686214.062543, xb = 1686231.944232, voltage energy = 1686255.166041, gap = 5.340121
iteration 12: residue = 0.000157, energy = 1686212.047402 = 1686212.047402, xb = 1686222.852515, voltage energy = 1686236.411373, gap = 2.753745
iteration 13: residue = 0.000089, energy = 1686211.063587 = 1686211.063587, xb = 1686218.762651, voltage energy = 1686227.826487, gap = 1.364772
iteration 14: residue = 0.000061, energy = 1686210.588995 = 1686210.588995, xb = 1686214.782123, voltage energy = 1686219.695247, gap = 0.719996
iteration 15: residue = 0.000043, energy = 1686210.322729 = 1686210.322729, xb = 1686212.724465, voltage energy = 1686215.530129, gap = 0.403927
iteration 16: residue = 0.000030, energy = 1686210.204468 = 1686210.204468, xb = 1686211.545001, voltage energy = 1686213.101211, gap = 0.215676
iteration 17: residue = 0.000022, energy = 1686210.149026 = 1686210.149026, xb = 1686210.964851, voltage energy = 1686211.919991, gap = 0.139315
iteration 18: residue = 0.000015, energy = 1686210.075818 = 1686210.075817, xb = 1686210.666331, voltage energy = 1686211.314136, gap = 0.057291
iteration 19: residue = 0.000011, energy = 1686210.047186 = 1686210.047186, xb = 1686210.288316, voltage energy = 1686210.556444, gap = 0.026998
iteration 20: residue = 0.000007, energy = 1686210.038388 = 1686210.038387, xb = 1686210.170179, voltage energy = 1686210.315804, gap = 0.013833
recursivelinesolver
iteration 0: residue = 0.021024, energy = 1696176.933282 = 1696176.933282, xb = 1695233.883802, voltage energy = 1709133.288562, gap = 14842.454239
iteration 1: residue = 0.013780, energy = 1691147.634949 = 1691147.634949, xb = 1691258.674317, voltage energy = 1698512.626600, gap = 7142.912915
iteration 2: residue = 0.008783, energy = 1688533.408250 = 1688533.408250, xb = 1688998.167164, voltage energy = 1692893.104130, gap = 3430.178051
iteration 3: residue = 0.006103, energy = 1687374.212040 = 1687374.212040, xb = 1687832.901382, voltage energy = 1689955.593526, gap = 1664.002802
iteration 4: residue = 0.004645, energy = 1686832.527719 = 1686832.527719, xb = 1687204.785234, voltage energy = 1688454.648678, gap = 877.605929
iteration 5: residue = 0.003067, energy = 1686517.313625 = 1686517.313625, xb = 1686784.758809, voltage energy = 1687478.504233, gap = 426.300241
iteration 6: residue = 0.001730, energy = 1686351.365800 = 1686351.365800, xb = 1686528.155619, voltage energy = 1686903.716537, gap = 198.771098
iteration 7: residue = 0.001201, energy = 1686284.661091 = 1686284.661091, xb = 1686409.356085, voltage energy = 1686635.753359, gap = 101.702279
iteration 8: residue = 0.000815, energy = 1686245.974491 = 1686245.974491, xb = 1686322.967570, voltage energy = 1686446.914722, gap = 46.954074
iteration 9: residue = 0.000546, energy = 1686227.866771 = 1686227.866771, xb = 1686282.152466, voltage energy = 1686359.051247, gap = 22.613087
iteration 10: residue = 0.000323, energy = 1686219.006622 = 1686219.006622, xb = 1686248.153176, voltage energy = 1686289.162921, gap = 11.863191
iteration 11: residue = 0.000215, energy = 1686214.062543 = 1686214.062543, xb = 1686231.944232, voltage energy = 1686255.166041, gap = 5.340121
iteration 12: residue = 0.000157, energy = 1686212.047402 = 1686212.047402, xb = 1686222.852515, voltage energy = 1686236.411373, gap = 2.753745
iteration 13: residue = 0.000089, energy = 1686211.063587 = 1686211.063587, xb = 1686218.762651, voltage energy = 1686227.826487, gap = 1.364772
iteration 14: residue = 0.000061, energy = 1686210.588995 = 1686210.588995, xb = 1686214.782123, voltage energy = 1686219.695247, gap = 0.719996
iteration 15: residue = 0.000043, energy = 1686210.322729 = 1686210.322729, xb = 1686212.724465, voltage energy = 1686215.530129, gap = 0.403927
iteration 16: residue = 0.000030, energy = 1686210.204468 = 1686210.204468, xb = 1686211.545001, voltage energy = 1686213.101211, gap = 0.215676
iteration 17: residue = 0.000022, energy = 1686210.149026 = 1686210.149026, xb = 1686210.964851, voltage energy = 1686211.919991, gap = 0.139315
iteration 18: residue = 0.000015, energy = 1686210.075818 = 1686210.075817, xb = 1686210.666331, voltage energy = 1686211.314136, gap = 0.057291
iteration 19: residue = 0.000011, energy = 1686210.047186 = 1686210.047186, xb = 1686210.288316, voltage energy = 1686210.556444, gap = 0.026998
iteration 20: residue = 0.000007, energy = 1686210.038388 = 1686210.038387, xb = 1686210.170179, voltage energy = 1686210.315804, gap = 0.013833
recursivelinesolver
iteration 0: residue = 0.021024, energy = 1696176.933282 = 1696176.933282, xb = 1695233.883802, voltage energy = 1709133.288562, gap = 14842.454239
iteration 1: residue = 0.013780, energy = 1691147.634949 = 1691147.634949, xb = 1691258.674317, voltage energy = 1698512.626600, gap = 7142.912915
iteration 2: residue = 0.008783, energy = 1688533.408250 = 1688533.408250, xb = 1688998.167164, voltage energy = 1692893.104130, gap = 3430.178051
iteration 3: residue = 0.006103, energy = 1687374.212040 = 1687374.212040, xb = 1687832.901382, voltage energy = 1689955.593526, gap = 1664.002802
iteration 4: residue = 0.004645, energy = 1686832.527719 = 1686832.527719, xb = 1687204.785234, voltage energy = 1688454.648678, gap = 877.605929
iteration 5: residue = 0.003067, energy = 1686517.313625 = 1686517.313625, xb = 1686784.758809, voltage energy = 1687478.504233, gap = 426.300241
iteration 6: residue = 0.001730, energy = 1686351.365800 = 1686351.365800, xb = 1686528.155619, voltage energy = 1686903.716537, gap = 198.771098
iteration 7: residue = 0.001201, energy = 1686284.661091 = 1686284.661091, xb = 1686409.356085, voltage energy = 1686635.753359, gap = 101.702279
iteration 8: residue = 0.000815, energy = 1686245.974491 = 1686245.974491, xb = 1686322.967570, voltage energy = 1686446.914722, gap = 46.954074
iteration 9: residue = 0.000546, energy = 1686227.866771 = 1686227.866771, xb = 1686282.152466, voltage energy = 1686359.051247, gap = 22.613087
iteration 10: residue = 0.000323, energy = 1686219.006622 = 1686219.006622, xb = 1686248.153176, voltage energy = 1686289.162921, gap = 11.863191
iteration 11: residue = 0.000215, energy = 1686214.062543 = 1686214.062543, xb = 1686231.944232, voltage energy = 1686255.166041, gap = 5.340121
iteration 12: residue = 0.000157, energy = 1686212.047402 = 1686212.047402, xb = 1686222.852515, voltage energy = 1686236.411373, gap = 2.753745
iteration 13: residue = 0.000089, energy = 1686211.063587 = 1686211.063587, xb = 1686218.762651, voltage energy = 1686227.826487, gap = 1.364772
iteration 14: residue = 0.000061, energy = 1686210.588995 = 1686210.588995, xb = 1686214.782123, voltage energy = 1686219.695247, gap = 0.719996
iteration 15: residue = 0.000043, energy = 1686210.322729 = 1686210.322729, xb = 1686212.724465, voltage energy = 1686215.530129, gap = 0.403927
iteration 16: residue = 0.000030, energy = 1686210.204468 = 1686210.204468, xb = 1686211.545001, voltage energy = 1686213.101211, gap = 0.215676
iteration 17: residue = 0.000022, energy = 1686210.149026 = 1686210.149026, xb = 1686210.964851, voltage energy = 1686211.919991, gap = 0.139315
iteration 18: residue = 0.000015, energy = 1686210.075818 = 1686210.075817, xb = 1686210.666331, voltage energy = 1686211.314136, gap = 0.057291
iteration 19: residue = 0.000011, energy = 1686210.047186 = 1686210.047186, xb = 1686210.288316, voltage energy = 1686210.556444, gap = 0.026998
iteration 20: residue = 0.000007, energy = 1686210.038388 = 1686210.038387, xb = 1686210.170179, voltage energy = 1686210.315804, gap = 0.013833
recursivelinesolver
iteration 0: residue = 0.021024, energy = 1696176.933282 = 1696176.933282, xb = 1695233.883802, voltage energy = 1709133.288562, gap = 14842.454239
iteration 1: residue = 0.013780, energy = 1691147.634949 = 1691147.634949, xb = 1691258.674317, voltage energy = 1698512.626600, gap = 7142.912915
iteration 2: residue = 0.008783, energy = 1688533.408250 = 1688533.408250, xb = 1688998.167164, voltage energy = 1692893.104130, gap = 3430.178051
iteration 3: residue = 0.006103, energy = 1687374.212040 = 1687374.212040, xb = 1687832.901382, voltage energy = 1689955.593526, gap = 1664.002802
iteration 4: residue = 0.004645, energy = 1686832.527719 = 1686832.527719, xb = 1687204.785234, voltage energy = 1688454.648678, gap = 877.605929
iteration 5: residue = 0.003067, energy = 1686517.313625 = 1686517.313625, xb = 1686784.758809, voltage energy = 1687478.504233, gap = 426.300241
iteration 6: residue = 0.001730, energy = 1686351.365800 = 1686351.365800, xb = 1686528.155619, voltage energy = 1686903.716537, gap = 198.771098
iteration 7: residue = 0.001201, energy = 1686284.661091 = 1686284.661091, xb = 1686409.356085, voltage energy = 1686635.753359, gap = 101.702279
iteration 8: residue = 0.000815, energy = 1686245.974491 = 1686245.974491, xb = 1686322.967570, voltage energy = 1686446.914722, gap = 46.954074
iteration 9: residue = 0.000546, energy = 1686227.866771 = 1686227.866771, xb = 1686282.152466, voltage energy = 1686359.051247, gap = 22.613087
iteration 10: residue = 0.000323, energy = 1686219.006622 = 1686219.006622, xb = 1686248.153176, voltage energy = 1686289.162921, gap = 11.863191
iteration 11: residue = 0.000215, energy = 1686214.062543 = 1686214.062543, xb = 1686231.944232, voltage energy = 1686255.166041, gap = 5.340121
iteration 12: residue = 0.000157, energy = 1686212.047402 = 1686212.047402, xb = 1686222.852515, voltage energy = 1686236.411373, gap = 2.753745
iteration 13: residue = 0.000089, energy = 1686211.063587 = 1686211.063587, xb = 1686218.762651, voltage energy = 1686227.826487, gap = 1.364772
iteration 14: residue = 0.000061, energy = 1686210.588995 = 1686210.588995, xb = 1686214.782123, voltage energy = 1686219.695247, gap = 0.719996
iteration 15: residue = 0.000043, energy = 1686210.322729 = 1686210.322729, xb = 1686212.724465, voltage energy = 1686215.530129, gap = 0.403927
iteration 16: residue = 0.000030, energy = 1686210.204468 = 1686210.204468, xb = 1686211.545001, voltage energy = 1686213.101211, gap = 0.215676
iteration 17: residue = 0.000022, energy = 1686210.149026 = 1686210.149026, xb = 1686210.964851, voltage energy = 1686211.919991, gap = 0.139315
iteration 18: residue = 0.000015, energy = 1686210.075818 = 1686210.075817, xb = 1686210.666331, voltage energy = 1686211.314136, gap = 0.057291
iteration 19: residue = 0.000011, energy = 1686210.047186 = 1686210.047186, xb = 1686210.288316, voltage energy = 1686210.556444, gap = 0.026998
iteration 20: residue = 0.000007, energy = 1686210.038388 = 1686210.038387, xb = 1686210.170179, voltage energy = 1686210.315804, gap = 0.013833
recursivelinesolver
iteration 0: residue = 0.021024, energy = 1696176.933282 = 1696176.933282, xb = 1695233.883802, voltage energy = 1709133.288562, gap = 14842.454239
iteration 1: residue = 0.013780, energy = 1691147.634949 = 1691147.634949, xb = 1691258.674317, voltage energy = 1698512.626600, gap = 7142.912915
iteration 2: residue = 0.008783, energy = 1688533.408250 = 1688533.408250, xb = 1688998.167164, voltage energy = 1692893.104130, gap = 3430.178051
iteration 3: residue = 0.006103, energy = 1687374.212040 = 1687374.212040, xb = 1687832.901382, voltage energy = 1689955.593526, gap = 1664.002802
iteration 4: residue = 0.004645, energy = 1686832.527719 = 1686832.527719, xb = 1687204.785234, voltage energy = 1688454.648678, gap = 877.605929
iteration 5: residue = 0.003067, energy = 1686517.313625 = 1686517.313625, xb = 1686784.758809, voltage energy = 1687478.504233, gap = 426.300241
iteration 6: residue = 0.001730, energy = 1686351.365800 = 1686351.365800, xb = 1686528.155619, voltage energy = 1686903.716537, gap = 198.771098
iteration 7: residue = 0.001201, energy = 1686284.661091 = 1686284.661091, xb = 1686409.356085, voltage energy = 1686635.753359, gap = 101.702279
iteration 8: residue = 0.000815, energy = 1686245.974491 = 1686245.974491, xb = 1686322.967570, voltage energy = 1686446.914722, gap = 46.954074
iteration 9: residue = 0.000546, energy = 1686227.866771 = 1686227.866771, xb = 1686282.152466, voltage energy = 1686359.051247, gap = 22.613087
iteration 10: residue = 0.000323, energy = 1686219.006622 = 1686219.006622, xb = 1686248.153176, voltage energy = 1686289.162921, gap = 11.863191
iteration 11: residue = 0.000215, energy = 1686214.062543 = 1686214.062543, xb = 1686231.944232, voltage energy = 1686255.166041, gap = 5.340121
iteration 12: residue = 0.000157, energy = 1686212.047402 = 1686212.047402, xb = 1686222.852515, voltage energy = 1686236.411373, gap = 2.753745
iteration 13: residue = 0.000089, energy = 1686211.063587 = 1686211.063587, xb = 1686218.762651, voltage energy = 1686227.826487, gap = 1.364772
iteration 14: residue = 0.000061, energy = 1686210.588995 = 1686210.588995, xb = 1686214.782123, voltage energy = 1686219.695247, gap = 0.719996
iteration 15: residue = 0.000043, energy = 1686210.322729 = 1686210.322729, xb = 1686212.724465, voltage energy = 1686215.530129, gap = 0.403927
iteration 16: residue = 0.000030, energy = 1686210.204468 = 1686210.204468, xb = 1686211.545001, voltage energy = 1686213.101211, gap = 0.215676
iteration 17: residue = 0.000022, energy = 1686210.149026 = 1686210.149026, xb = 1686210.964851, voltage energy = 1686211.919991, gap = 0.139315
iteration 18: residue = 0.000015, energy = 1686210.075818 = 1686210.075817, xb = 1686210.666331, voltage energy = 1686211.314136, gap = 0.057291
iteration 19: residue = 0.000011, energy = 1686210.047186 = 1686210.047186, xb = 1686210.288316, voltage energy = 1686210.556444, gap = 0.026998
iteration 20: residue = 0.000007, energy = 1686210.038388 = 1686210.038387, xb = 1686210.170179, voltage energy = 1686210.315804, gap = 0.013833
recursivelinesolver
iteration 0: residue = 0.021024, energy = 1696176.933282 = 1696176.933282, xb = 1695233.883802, voltage energy = 1709133.288562, gap = 14842.454239
iteration 1: residue = 0.013780, energy = 1691147.634949 = 1691147.634949, xb = 1691258.674317, voltage energy = 1698512.626600, gap = 7142.912915
iteration 2: residue = 0.008783, energy = 1688533.408250 = 1688533.408250, xb = 1688998.167164, voltage energy = 1692893.104130, gap = 3430.178051
iteration 3: residue = 0.006103, energy = 1687374.212040 = 1687374.212040, xb = 1687832.901382, voltage energy = 1689955.593526, gap = 1664.002802
iteration 4: residue = 0.004645, energy = 1686832.527719 = 1686832.527719, xb = 1687204.785234, voltage energy = 1688454.648678, gap = 877.605929
iteration 5: residue = 0.003067, energy = 1686517.313625 = 1686517.313625, xb = 1686784.758809, voltage energy = 1687478.504233, gap = 426.300241
iteration 6: residue = 0.001730, energy = 1686351.365800 = 1686351.365800, xb = 1686528.155619, voltage energy = 1686903.716537, gap = 198.771098
iteration 7: residue = 0.001201, energy = 1686284.661091 = 1686284.661091, xb = 1686409.356085, voltage energy = 1686635.753359, gap = 101.702279
iteration 8: residue = 0.000815, energy = 1686245.974491 = 1686245.974491, xb = 1686322.967570, voltage energy = 1686446.914722, gap = 46.954074
iteration 9: residue = 0.000546, energy = 1686227.866771 = 1686227.866771, xb = 1686282.152466, voltage energy = 1686359.051247, gap = 22.613087
iteration 10: residue = 0.000323, energy = 1686219.006622 = 1686219.006622, xb = 1686248.153176, voltage energy = 1686289.162921, gap = 11.863191
iteration 11: residue = 0.000215, energy = 1686214.062543 = 1686214.062543, xb = 1686231.944232, voltage energy = 1686255.166041, gap = 5.340121
iteration 12: residue = 0.000157, energy = 1686212.047402 = 1686212.047402, xb = 1686222.852515, voltage energy = 1686236.411373, gap = 2.753745
iteration 13: residue = 0.000089, energy = 1686211.063587 = 1686211.063587, xb = 1686218.762651, voltage energy = 1686227.826487, gap = 1.364772
iteration 14: residue = 0.000061, energy = 1686210.588995 = 1686210.588995, xb = 1686214.782123, voltage energy = 1686219.695247, gap = 0.719996
iteration 15: residue = 0.000043, energy = 1686210.322729 = 1686210.322729, xb = 1686212.724465, voltage energy = 1686215.530129, gap = 0.403927
iteration 16: residue = 0.000030, energy = 1686210.204468 = 1686210.204468, xb = 1686211.545001, voltage energy = 1686213.101211, gap = 0.215676
iteration 17: residue = 0.000022, energy = 1686210.149026 = 1686210.149026, xb = 1686210.964851, voltage energy = 1686211.919991, gap = 0.139315
iteration 18: residue = 0.000015, energy = 1686210.075818 = 1686210.075817, xb = 1686210.666331, voltage energy = 1686211.314136, gap = 0.057291
iteration 19: residue = 0.000011, energy = 1686210.047186 = 1686210.047186, xb = 1686210.288316, voltage energy = 1686210.556444, gap = 0.026998
iteration 20: residue = 0.000007, energy = 1686210.038388 = 1686210.038387, xb = 1686210.170179, voltage energy = 1686210.315804, gap = 0.013833
recursivetreesolver
residual 2.102353e-02
residual 1.378020e-02
residual 8.782984e-03
residual 6.102861e-03
residual 4.644577e-03
residual 3.066878e-03
residual 1.729728e-03
residual 1.200748e-03
residual 8.145915e-04
residual 5.456488e-04
residual 3.229493e-04
residual 2.145243e-04
residual 1.573094e-04
residual 8.892470e-05
residual 6.136190e-05
residual 4.293319e-05
residual 2.966611e-05
residual 2.163458e-05
residual 1.547028e-05
residual 1.078627e-05
residual 6.950301e-06
recursivetreesolver
residual 2.102353e-02
residual 1.378020e-02
residual 8.782984e-03
residual 6.102861e-03
residual 4.644577e-03
residual 3.066878e-03
residual 1.729728e-03
residual 1.200748e-03
residual 8.145915e-04
residual 5.456488e-04
residual 3.229493e-04
residual 2.145243e-04
residual 1.573094e-04
residual 8.892470e-05
residual 6.136190e-05
residual 4.293319e-05
residual 2.966611e-05
residual 2.163458e-05
residual 1.547028e-05
residual 1.078627e-05
residual 6.950301e-06
recursivetreesolver
residual 2.102353e-02
residual 1.378020e-02
residual 8.782984e-03
residual 6.102861e-03
residual 4.644577e-03
residual 3.066878e-03
residual 1.729728e-03
residual 1.200748e-03
residual 8.145915e-04
residual 5.456488e-04
residual 3.229493e-04
residual 2.145243e-04
residual 1.573094e-04
residual 8.892470e-05
residual 6.136190e-05
residual 4.293319e-05
residual 2.966611e-05
residual 2.163458e-05
residual 1.547028e-05
residual 1.078627e-05
residual 6.950301e-06
recursivetreesolver
residual 2.102353e-02
residual 1.378020e-02
residual 8.782984e-03
residual 6.102861e-03
residual 4.644577e-03
residual 3.066878e-03
residual 1.729728e-03
residual 1.200748e-03
residual 8.145915e-04
residual 5.456488e-04
residual 3.229493e-04
residual 2.145243e-04
residual 1.573094e-04
residual 8.892470e-05
residual 6.136190e-05
residual 4.293319e-05
residual 2.966611e-05
residual 2.163458e-05
residual 1.547028e-05
residual 1.078627e-05
residual 6.950301e-06
recursivetreesolver
residual 2.102353e-02
residual 1.378020e-02
residual 8.782984e-03
residual 6.102861e-03
residual 4.644577e-03
residual 3.066878e-03
residual 1.729728e-03
residual 1.200748e-03
residual 8.145915e-04
residual 5.456488e-04
residual 3.229493e-04
residual 2.145243e-04
residual 1.573094e-04
residual 8.892470e-05
residual 6.136190e-05
residual 4.293319e-05
residual 2.966611e-05
residual 2.163458e-05
residual 1.547028e-05
residual 1.078627e-05
residual 6.950301e-06
recursivetreesolver
residual 2.102353e-02
residual 1.378020e-02
residual 8.782984e-03
residual 6.102861e-03
residual 4.644577e-03
residual 3.066878e-03
residual 1.729728e-03
residual 1.200748e-03
residual 8.145915e-04
residual 5.456488e-04
residual 3.229493e-04
residual 2.145243e-04
residual 1.573094e-04
residual 8.892470e-05
residual 6.136190e-05
residual 4.293319e-05
residual 2.966611e-05
residual 2.163458e-05
residual 1.547028e-05
residual 1.078627e-05
residual 6.950301e-06
recursivetreesolver
residual 2.102353e-02
residual 1.378020e-02
residual 8.782984e-03
residual 6.102861e-03
residual 4.644577e-03
residual 3.066878e-03
residual 1.729728e-03
residual 1.200748e-03
residual 8.145915e-04
residual 5.456488e-04
residual 3.229493e-04
residual 2.145243e-04
residual 1.573094e-04
residual 8.892470e-05
residual 6.136190e-05
residual 4.293319e-05
residual 2.966611e-05
residual 2.163458e-05
residual 1.547028e-05
residual 1.078627e-05
residual 6.950301e-06
recursivetreesolver
residual 2.102353e-02
residual 1.378020e-02
residual 8.782984e-03
residual 6.102861e-03
residual 4.644577e-03
residual 3.066878e-03
residual 1.729728e-03
residual 1.200748e-03
residual 8.145915e-04
residual 5.456488e-04
residual 3.229493e-04
residual 2.145243e-04
residual 1.573094e-04
residual 8.892470e-05
residual 6.136190e-05
residual 4.293319e-05
residual 2.966611e-05
residual 2.163458e-05
residual 1.547028e-05
residual 1.078627e-05
residual 6.950301e-06
recursivetreesolver
residual 2.102353e-02
residual 1.378020e-02
residual 8.782984e-03
residual 6.102861e-03
residual 4.644577e-03
residual 3.066878e-03
residual 1.729728e-03
residual 1.200748e-03
residual 8.145915e-04
residual 5.456488e-04
residual 3.229493e-04
residual 2.145243e-04
residual 1.573094e-04
residual 8.892470e-05
residual 6.136190e-05
residual 4.293319e-05
residual 2.966611e-05
residual 2.163458e-05
residual 1.547028e-05
residual 1.078627e-05
residual 6.950301e-06
recursivetreesolver
residual 2.102353e-02
residual 1.378020e-02
residual 8.782984e-03
residual 6.102861e-03
residual 4.644577e-03
residual 3.066878e-03
residual 1.729728e-03
residual 1.200748e-03
residual 8.145915e-04
residual 5.456488e-04
residual 3.229493e-04
residual 2.145243e-04
residual 1.573094e-04
residual 8.892470e-05
residual 6.136190e-05
residual 4.293319e-05
residual 2.966611e-05
residual 2.163458e-05
residual 1.547028e-05
residual 1.078627e-05
residual 6.950301e-06
