linesolver
iteration 1: energy = 2547612.260526 = 2547612.260526, xb = 2547504.419552, voltage energy = 2611566.637239, gap = 64170.0586615218780935
iteration 2: energy = 2512340.877163 = 2512340.877163, xb = 2512822.321529, voltage energy = 2515797.174179, gap = 2493.4082846101373434
iteration 3: energy = 2510928.304389 = 2510928.304389, xb = 2510973.025104, voltage energy = 2511112.356594, gap = 94.6107739689759910
iteration 4: energy = 2510873.097046 = 2510873.097044, xb = 2510880.004628, voltage energy = 2510888.763949, gap = 1.8517376529052854
iteration 5: energy = 2510872.013111 = 2510872.013106, xb = 2510872.134617, voltage energy = 2510872.300750, gap = 0.0446207965724170
iteration 6: energy = 2510871.986990 = 2510871.986982, xb = 2510871.936900, voltage energy = 2510871.888509, gap = 0.0016911565326154
iteration 7: energy = 2510871.986041 = 2510871.986031, xb = 2510871.990741, voltage energy = 2510871.995549, gap = 0.0000976249575615
linesolver
iteration 1: energy = 2547612.260526 = 2547612.260526, xb = 2547504.419552, voltage energy = 2611566.637239, gap = 64170.0586615218780935
iteration 2: energy = 2512340.877163 = 2512340.877163, xb = 2512822.321529, voltage energy = 2515797.174179, gap = 2493.4082846101373434
iteration 3: energy = 2510928.304389 = 2510928.304389, xb = 2510973.025104, voltage energy = 2511112.356594, gap = 94.6107739689759910
iteration 4: energy = 2510873.097046 = 2510873.097044, xb = 2510880.004628, voltage energy = 2510888.763949, gap = 1.8517376529052854
iteration 5: energy = 2510872.013111 = 2510872.013106, xb = 2510872.134617, voltage energy = 2510872.300750, gap = 0.0446207965724170
iteration 6: energy = 2510871.986990 = 2510871.986982, xb = 2510871.936900, voltage energy = 2510871.888509, gap = 0.0016911565326154
iteration 7: energy = 2510871.986041 = 2510871.986031, xb = 2510871.990741, voltage energy = 2510871.995549, gap = 0.0000976249575615
linesolver
iteration 1: energy = 2547612.260526 = 2547612.260526, xb = 2547504.419552, voltage energy = 2611566.637239, gap = 64170.0586615218780935
iteration 2: energy = 2512340.877163 = 2512340.877163, xb = 2512822.321529, voltage energy = 2515797.174179, gap = 2493.4082846101373434
iteration 3: energy = 2510928.304389 = 2510928.304389, xb = 2510973.025104, voltage energy = 2511112.356594, gap = 94.6107739689759910
iteration 4: energy = 2510873.097046 = 2510873.097044, xb = 2510880.004628, voltage energy = 2510888.763949, gap = 1.8517376529052854
iteration 5: energy = 2510872.013111 = 2510872.013106, xb = 2510872.134617, voltage energy = 2510872.300750, gap = 0.0446207965724170
iteration 6: energy = 2510871.986990 = 2510871.986982, xb = 2510871.936900, voltage energy = 2510871.888509, gap = 0.0016911565326154
iteration 7: energy = 2510871.986041 = 2510871.986031, xb = 2510871.990741, voltage energy = 2510871.995549, gap = 0.0000976249575615
linesolver
iteration 1: energy = 2547612.260526 = 2547612.260526, xb = 2547504.419552, voltage energy = 2611566.637239, gap = 64170.0586615218780935
iteration 2: energy = 2512340.877163 = 2512340.877163, xb = 2512822.321529, voltage energy = 2515797.174179, gap = 2493.4082846101373434
iteration 3: energy = 2510928.304389 = 2510928.304389, xb = 2510973.025104, voltage energy = 2511112.356594, gap = 94.6107739689759910
iteration 4: energy = 2510873.097046 = 2510873.097044, xb = 2510880.004628, voltage energy = 2510888.763949, gap = 1.8517376529052854
iteration 5: energy = 2510872.013111 = 2510872.013106, xb = 2510872.134617, voltage energy = 2510872.300750, gap = 0.0446207965724170
iteration 6: energy = 2510871.986990 = 2510871.986982, xb = 2510871.936900, voltage energy = 2510871.888509, gap = 0.0016911565326154
iteration 7: energy = 2510871.986041 = 2510871.986031, xb = 2510871.990741, voltage energy = 2510871.995549, gap = 0.0000976249575615
linesolver
iteration 1: energy = 2547612.260526 = 2547612.260526, xb = 2547504.419552, voltage energy = 2611566.637239, gap = 64170.0586615218780935
iteration 2: energy = 2512340.877163 = 2512340.877163, xb = 2512822.321529, voltage energy = 2515797.174179, gap = 2493.4082846101373434
iteration 3: energy = 2510928.304389 = 2510928.304389, xb = 2510973.025104, voltage energy = 2511112.356594, gap = 94.6107739689759910
iteration 4: energy = 2510873.097046 = 2510873.097044, xb = 2510880.004628, voltage energy = 2510888.763949, gap = 1.8517376529052854
iteration 5: energy = 2510872.013111 = 2510872.013106, xb = 2510872.134617, voltage energy = 2510872.300750, gap = 0.0446207965724170
iteration 6: energy = 2510871.986990 = 2510871.986982, xb = 2510871.936900, voltage energy = 2510871.888509, gap = 0.0016911565326154
iteration 7: energy = 2510871.986041 = 2510871.986031, xb = 2510871.990741, voltage energy = 2510871.995549, gap = 0.0000976249575615
linesolver
iteration 1: energy = 2547612.260526 = 2547612.260526, xb = 2547504.419552, voltage energy = 2611566.637239, gap = 64170.0586615218780935
iteration 2: energy = 2512340.877163 = 2512340.877163, xb = 2512822.321529, voltage energy = 2515797.174179, gap = 2493.4082846101373434
iteration 3: energy = 2510928.304389 = 2510928.304389, xb = 2510973.025104, voltage energy = 2511112.356594, gap = 94.6107739689759910
iteration 4: energy = 2510873.097046 = 2510873.097044, xb = 2510880.004628, voltage energy = 2510888.763949, gap = 1.8517376529052854
iteration 5: energy = 2510872.013111 = 2510872.013106, xb = 2510872.134617, voltage energy = 2510872.300750, gap = 0.0446207965724170
iteration 6: energy = 2510871.986990 = 2510871.986982, xb = 2510871.936900, voltage energy = 2510871.888509, gap = 0.0016911565326154
iteration 7: energy = 2510871.986041 = 2510871.986031, xb = 2510871.990741, voltage energy = 2510871.995549, gap = 0.0000976249575615
linesolver
iteration 1: energy = 2547612.260526 = 2547612.260526, xb = 2547504.419552, voltage energy = 2611566.637239, gap = 64170.0586615218780935
iteration 2: energy = 2512340.877163 = 2512340.877163, xb = 2512822.321529, voltage energy = 2515797.174179, gap = 2493.4082846101373434
iteration 3: energy = 2510928.304389 = 2510928.304389, xb = 2510973.025104, voltage energy = 2511112.356594, gap = 94.6107739689759910
iteration 4: energy = 2510873.097046 = 2510873.097044, xb = 2510880.004628, voltage energy = 2510888.763949, gap = 1.8517376529052854
iteration 5: energy = 2510872.013111 = 2510872.013106, xb = 2510872.134617, voltage energy = 2510872.300750, gap = 0.0446207965724170
iteration 6: energy = 2510871.986990 = 2510871.986982, xb = 2510871.936900, voltage energy = 2510871.888509, gap = 0.0016911565326154
iteration 7: energy = 2510871.986041 = 2510871.986031, xb = 2510871.990741, voltage energy = 2510871.995549, gap = 0.0000976249575615
linesolver
iteration 1: energy = 2547612.260526 = 2547612.260526, xb = 2547504.419552, voltage energy = 2611566.637239, gap = 64170.0586615218780935
iteration 2: energy = 2512340.877163 = 2512340.877163, xb = 2512822.321529, voltage energy = 2515797.174179, gap = 2493.4082846101373434
iteration 3: energy = 2510928.304389 = 2510928.304389, xb = 2510973.025104, voltage energy = 2511112.356594, gap = 94.6107739689759910
iteration 4: energy = 2510873.097046 = 2510873.097044, xb = 2510880.004628, voltage energy = 2510888.763949, gap = 1.8517376529052854
iteration 5: energy = 2510872.013111 = 2510872.013106, xb = 2510872.134617, voltage energy = 2510872.300750, gap = 0.0446207965724170
iteration 6: energy = 2510871.986990 = 2510871.986982, xb = 2510871.936900, voltage energy = 2510871.888509, gap = 0.0016911565326154
iteration 7: energy = 2510871.986041 = 2510871.986031, xb = 2510871.990741, voltage energy = 2510871.995549, gap = 0.0000976249575615
linesolver
iteration 1: energy = 2547612.260526 = 2547612.260526, xb = 2547504.419552, voltage energy = 2611566.637239, gap = 64170.0586615218780935
iteration 2: energy = 2512340.877163 = 2512340.877163, xb = 2512822.321529, voltage energy = 2515797.174179, gap = 2493.4082846101373434
iteration 3: energy = 2510928.304389 = 2510928.304389, xb = 2510973.025104, voltage energy = 2511112.356594, gap = 94.6107739689759910
iteration 4: energy = 2510873.097046 = 2510873.097044, xb = 2510880.004628, voltage energy = 2510888.763949, gap = 1.8517376529052854
iteration 5: energy = 2510872.013111 = 2510872.013106, xb = 2510872.134617, voltage energy = 2510872.300750, gap = 0.0446207965724170
iteration 6: energy = 2510871.986990 = 2510871.986982, xb = 2510871.936900, voltage energy = 2510871.888509, gap = 0.0016911565326154
iteration 7: energy = 2510871.986041 = 2510871.986031, xb = 2510871.990741, voltage energy = 2510871.995549, gap = 0.0000976249575615
linesolver
iteration 1: energy = 2547612.260526 = 2547612.260526, xb = 2547504.419552, voltage energy = 2611566.637239, gap = 64170.0586615218780935
iteration 2: energy = 2512340.877163 = 2512340.877163, xb = 2512822.321529, voltage energy = 2515797.174179, gap = 2493.4082846101373434
iteration 3: energy = 2510928.304389 = 2510928.304389, xb = 2510973.025104, voltage energy = 2511112.356594, gap = 94.6107739689759910
iteration 4: energy = 2510873.097046 = 2510873.097044, xb = 2510880.004628, voltage energy = 2510888.763949, gap = 1.8517376529052854
iteration 5: energy = 2510872.013111 = 2510872.013106, xb = 2510872.134617, voltage energy = 2510872.300750, gap = 0.0446207965724170
iteration 6: energy = 2510871.986990 = 2510871.986982, xb = 2510871.936900, voltage energy = 2510871.888509, gap = 0.0016911565326154
iteration 7: energy = 2510871.986041 = 2510871.986031, xb = 2510871.990741, voltage energy = 2510871.995549, gap = 0.0000976249575615
treesolver
iteration 1: energy = 2547612.260526 = 2547612.260526, xb = 2547504.419552, voltage energy = 2611566.637239, gap = 64170.058661
iteration 2: energy = 2512340.877163 = 2512340.877163, xb = 2512822.321529, voltage energy = 2515797.174179, gap = 2493.408285
iteration 3: energy = 2510928.304389 = 2510928.304389, xb = 2510973.025104, voltage energy = 2511112.356594, gap = 94.610774
iteration 4: energy = 2510873.097046 = 2510873.097044, xb = 2510880.004628, voltage energy = 2510888.763949, gap = 1.851738
iteration 5: energy = 2510872.013111 = 2510872.013106, xb = 2510872.134617, voltage energy = 2510872.300750, gap = 0.044621
iteration 6: energy = 2510871.986990 = 2510871.986982, xb = 2510871.936900, voltage energy = 2510871.888509, gap = 0.001691
iteration 7: energy = 2510871.986041 = 2510871.986031, xb = 2510871.990741, voltage energy = 2510871.995549, gap = 0.000097
treesolver
iteration 1: energy = 2547612.260526 = 2547612.260526, xb = 2547504.419552, voltage energy = 2611566.637239, gap = 64170.058661
iteration 2: energy = 2512340.877163 = 2512340.877163, xb = 2512822.321529, voltage energy = 2515797.174179, gap = 2493.408285
iteration 3: energy = 2510928.304389 = 2510928.304389, xb = 2510973.025104, voltage energy = 2511112.356594, gap = 94.610774
iteration 4: energy = 2510873.097046 = 2510873.097044, xb = 2510880.004628, voltage energy = 2510888.763949, gap = 1.851738
iteration 5: energy = 2510872.013111 = 2510872.013106, xb = 2510872.134617, voltage energy = 2510872.300750, gap = 0.044621
iteration 6: energy = 2510871.986990 = 2510871.986982, xb = 2510871.936900, voltage energy = 2510871.888509, gap = 0.001691
iteration 7: energy = 2510871.986041 = 2510871.986031, xb = 2510871.990741, voltage energy = 2510871.995549, gap = 0.000097
treesolver
iteration 1: energy = 2547612.260526 = 2547612.260526, xb = 2547504.419552, voltage energy = 2611566.637239, gap = 64170.058661
iteration 2: energy = 2512340.877163 = 2512340.877163, xb = 2512822.321529, voltage energy = 2515797.174179, gap = 2493.408285
iteration 3: energy = 2510928.304389 = 2510928.304389, xb = 2510973.025104, voltage energy = 2511112.356594, gap = 94.610774
iteration 4: energy = 2510873.097046 = 2510873.097044, xb = 2510880.004628, voltage energy = 2510888.763949, gap = 1.851738
iteration 5: energy = 2510872.013111 = 2510872.013106, xb = 2510872.134617, voltage energy = 2510872.300750, gap = 0.044621
iteration 6: energy = 2510871.986990 = 2510871.986982, xb = 2510871.936900, voltage energy = 2510871.888509, gap = 0.001691
iteration 7: energy = 2510871.986041 = 2510871.986031, xb = 2510871.990741, voltage energy = 2510871.995549, gap = 0.000097
treesolver
iteration 1: energy = 2547612.260526 = 2547612.260526, xb = 2547504.419552, voltage energy = 2611566.637239, gap = 64170.058661
iteration 2: energy = 2512340.877163 = 2512340.877163, xb = 2512822.321529, voltage energy = 2515797.174179, gap = 2493.408285
iteration 3: energy = 2510928.304389 = 2510928.304389, xb = 2510973.025104, voltage energy = 2511112.356594, gap = 94.610774
iteration 4: energy = 2510873.097046 = 2510873.097044, xb = 2510880.004628, voltage energy = 2510888.763949, gap = 1.851738
iteration 5: energy = 2510872.013111 = 2510872.013106, xb = 2510872.134617, voltage energy = 2510872.300750, gap = 0.044621
iteration 6: energy = 2510871.986990 = 2510871.986982, xb = 2510871.936900, voltage energy = 2510871.888509, gap = 0.001691
iteration 7: energy = 2510871.986041 = 2510871.986031, xb = 2510871.990741, voltage energy = 2510871.995549, gap = 0.000097
treesolver
iteration 1: energy = 2547612.260526 = 2547612.260526, xb = 2547504.419552, voltage energy = 2611566.637239, gap = 64170.058661
iteration 2: energy = 2512340.877163 = 2512340.877163, xb = 2512822.321529, voltage energy = 2515797.174179, gap = 2493.408285
iteration 3: energy = 2510928.304389 = 2510928.304389, xb = 2510973.025104, voltage energy = 2511112.356594, gap = 94.610774
iteration 4: energy = 2510873.097046 = 2510873.097044, xb = 2510880.004628, voltage energy = 2510888.763949, gap = 1.851738
iteration 5: energy = 2510872.013111 = 2510872.013106, xb = 2510872.134617, voltage energy = 2510872.300750, gap = 0.044621
iteration 6: energy = 2510871.986990 = 2510871.986982, xb = 2510871.936900, voltage energy = 2510871.888509, gap = 0.001691
iteration 7: energy = 2510871.986041 = 2510871.986031, xb = 2510871.990741, voltage energy = 2510871.995549, gap = 0.000097
treesolver
iteration 1: energy = 2547612.260526 = 2547612.260526, xb = 2547504.419552, voltage energy = 2611566.637239, gap = 64170.058661
iteration 2: energy = 2512340.877163 = 2512340.877163, xb = 2512822.321529, voltage energy = 2515797.174179, gap = 2493.408285
iteration 3: energy = 2510928.304389 = 2510928.304389, xb = 2510973.025104, voltage energy = 2511112.356594, gap = 94.610774
iteration 4: energy = 2510873.097046 = 2510873.097044, xb = 2510880.004628, voltage energy = 2510888.763949, gap = 1.851738
iteration 5: energy = 2510872.013111 = 2510872.013106, xb = 2510872.134617, voltage energy = 2510872.300750, gap = 0.044621
iteration 6: energy = 2510871.986990 = 2510871.986982, xb = 2510871.936900, voltage energy = 2510871.888509, gap = 0.001691
iteration 7: energy = 2510871.986041 = 2510871.986031, xb = 2510871.990741, voltage energy = 2510871.995549, gap = 0.000097
treesolver
iteration 1: energy = 2547612.260526 = 2547612.260526, xb = 2547504.419552, voltage energy = 2611566.637239, gap = 64170.058661
iteration 2: energy = 2512340.877163 = 2512340.877163, xb = 2512822.321529, voltage energy = 2515797.174179, gap = 2493.408285
iteration 3: energy = 2510928.304389 = 2510928.304389, xb = 2510973.025104, voltage energy = 2511112.356594, gap = 94.610774
iteration 4: energy = 2510873.097046 = 2510873.097044, xb = 2510880.004628, voltage energy = 2510888.763949, gap = 1.851738
iteration 5: energy = 2510872.013111 = 2510872.013106, xb = 2510872.134617, voltage energy = 2510872.300750, gap = 0.044621
iteration 6: energy = 2510871.986990 = 2510871.986982, xb = 2510871.936900, voltage energy = 2510871.888509, gap = 0.001691
iteration 7: energy = 2510871.986041 = 2510871.986031, xb = 2510871.990741, voltage energy = 2510871.995549, gap = 0.000097
treesolver
iteration 1: energy = 2547612.260526 = 2547612.260526, xb = 2547504.419552, voltage energy = 2611566.637239, gap = 64170.058661
iteration 2: energy = 2512340.877163 = 2512340.877163, xb = 2512822.321529, voltage energy = 2515797.174179, gap = 2493.408285
iteration 3: energy = 2510928.304389 = 2510928.304389, xb = 2510973.025104, voltage energy = 2511112.356594, gap = 94.610774
iteration 4: energy = 2510873.097046 = 2510873.097044, xb = 2510880.004628, voltage energy = 2510888.763949, gap = 1.851738
iteration 5: energy = 2510872.013111 = 2510872.013106, xb = 2510872.134617, voltage energy = 2510872.300750, gap = 0.044621
iteration 6: energy = 2510871.986990 = 2510871.986982, xb = 2510871.936900, voltage energy = 2510871.888509, gap = 0.001691
iteration 7: energy = 2510871.986041 = 2510871.986031, xb = 2510871.990741, voltage energy = 2510871.995549, gap = 0.000097
treesolver
iteration 1: energy = 2547612.260526 = 2547612.260526, xb = 2547504.419552, voltage energy = 2611566.637239, gap = 64170.058661
iteration 2: energy = 2512340.877163 = 2512340.877163, xb = 2512822.321529, voltage energy = 2515797.174179, gap = 2493.408285
iteration 3: energy = 2510928.304389 = 2510928.304389, xb = 2510973.025104, voltage energy = 2511112.356594, gap = 94.610774
iteration 4: energy = 2510873.097046 = 2510873.097044, xb = 2510880.004628, voltage energy = 2510888.763949, gap = 1.851738
iteration 5: energy = 2510872.013111 = 2510872.013106, xb = 2510872.134617, voltage energy = 2510872.300750, gap = 0.044621
iteration 6: energy = 2510871.986990 = 2510871.986982, xb = 2510871.936900, voltage energy = 2510871.888509, gap = 0.001691
iteration 7: energy = 2510871.986041 = 2510871.986031, xb = 2510871.990741, voltage energy = 2510871.995549, gap = 0.000097
treesolver
iteration 1: energy = 2547612.260526 = 2547612.260526, xb = 2547504.419552, voltage energy = 2611566.637239, gap = 64170.058661
iteration 2: energy = 2512340.877163 = 2512340.877163, xb = 2512822.321529, voltage energy = 2515797.174179, gap = 2493.408285
iteration 3: energy = 2510928.304389 = 2510928.304389, xb = 2510973.025104, voltage energy = 2511112.356594, gap = 94.610774
iteration 4: energy = 2510873.097046 = 2510873.097044, xb = 2510880.004628, voltage energy = 2510888.763949, gap = 1.851738
iteration 5: energy = 2510872.013111 = 2510872.013106, xb = 2510872.134617, voltage energy = 2510872.300750, gap = 0.044621
iteration 6: energy = 2510871.986990 = 2510871.986982, xb = 2510871.936900, voltage energy = 2510871.888509, gap = 0.001691
iteration 7: energy = 2510871.986041 = 2510871.986031, xb = 2510871.990741, voltage energy = 2510871.995549, gap = 0.000097
recursivelinesolver
iteration 0: residue = 0.386471, energy = 3111837.204391 = 3111837.204391, xb = 3110152.479808, voltage energy = 4305544.808524, gap = 1197077.053298
iteration 1: residue = 0.218708, energy = 2738070.742641 = 2738070.742641, xb = 2736584.267569, voltage energy = 3160235.432187, gap = 425137.639691
iteration 2: residue = 0.130799, energy = 2600299.834911 = 2600299.834911, xb = 2599032.275856, voltage energy = 2758136.598291, gap = 160371.881490
iteration 3: residue = 0.080922, energy = 2547612.260526 = 2547612.260526, xb = 2547504.419552, voltage energy = 2611566.637239, gap = 64170.058662
iteration 4: residue = 0.051389, energy = 2526245.726358 = 2526245.726359, xb = 2526865.396702, voltage energy = 2553912.474954, gap = 26427.407909
iteration 5: residue = 0.033814, energy = 2517662.134494 = 2517662.134494, xb = 2518514.088495, voltage energy = 2530940.624856, gap = 11574.582361
iteration 6: residue = 0.022757, energy = 2513992.461717 = 2513992.461717, xb = 2514779.462154, voltage energy = 2520869.881496, gap = 5303.418906
iteration 7: residue = 0.015585, energy = 2512340.877163 = 2512340.877163, xb = 2512822.321529, voltage energy = 2515797.174179, gap = 2493.408285
iteration 8: residue = 0.010085, energy = 2511491.139133 = 2511491.139133, xb = 2511750.725577, voltage energy = 2513056.516653, gap = 1046.204632
iteration 9: residue = 0.007242, energy = 2511190.975218 = 2511190.975218, xb = 2511403.891038, voltage energy = 2512157.460450, gap = 540.653590
iteration 10: residue = 0.004990, energy = 2511025.104121 = 2511025.104121, xb = 2511096.879513, voltage energy = 2511428.036512, gap = 259.381607
iteration 11: residue = 0.003050, energy = 2510928.304389 = 2510928.304389, xb = 2510973.025104, voltage energy = 2511112.356594, gap = 94.610774
iteration 12: residue = 0.001851, energy = 2510893.231977 = 2510893.231976, xb = 2510944.489645, voltage energy = 2511031.315957, gap = 35.568643
iteration 13: residue = 0.001059, energy = 2510879.105843 = 2510879.105842, xb = 2510886.592838, voltage energy = 2510905.954213, gap = 11.874379
iteration 14: residue = 0.000611, energy = 2510874.400224 = 2510874.400222, xb = 2510878.430058, voltage energy = 2510886.468317, gap = 4.008424
iteration 15: residue = 0.000417, energy = 2510873.097046 = 2510873.097044, xb = 2510880.004628, voltage energy = 2510888.763949, gap = 1.851738
iteration 16: residue = 0.000278, energy = 2510872.486756 = 2510872.486753, xb = 2510876.205705, voltage energy = 2510880.758597, gap = 0.833941
iteration 17: residue = 0.000239, energy = 2510872.329171 = 2510872.329167, xb = 2510871.544520, voltage energy = 2510871.342393, gap = 0.582520
iteration 18: residue = 0.000108, energy = 2510872.062132 = 2510872.062128, xb = 2510871.338677, voltage energy = 2510870.736437, gap = 0.121212
iteration 19: residue = 0.000062, energy = 2510872.013111 = 2510872.013106, xb = 2510872.134618, voltage energy = 2510872.300750, gap = 0.044621
iteration 20: residue = 0.000053, energy = 2510872.004020 = 2510872.004014, xb = 2510871.672172, voltage energy = 2510871.370588, gap = 0.030257
iteration 21: residue = 0.000026, energy = 2510871.990461 = 2510871.990454, xb = 2510872.458454, voltage energy = 2510872.933775, gap = 0.007321
iteration 22: residue = 0.000020, energy = 2510871.988522 = 2510871.988515, xb = 2510872.319592, voltage energy = 2510872.654893, gap = 0.004224
iteration 23: residue = 0.000012, energy = 2510871.986990 = 2510871.986982, xb = 2510871.936900, voltage energy = 2510871.888509, gap = 0.001691
iteration 24: residue = 0.000008, energy = 2510871.986428 = 2510871.986419, xb = 2510872.062501, voltage energy = 2510872.139334, gap = 0.000751
recursivelinesolver
iteration 0: residue = 0.386471, energy = 3111837.204391 = 3111837.204391, xb = 3110152.479808, voltage energy = 4305544.808524, gap = 1197077.053298
iteration 1: residue = 0.218708, energy = 2738070.742641 = 2738070.742641, xb = 2736584.267569, voltage energy = 3160235.432187, gap = 425137.639691
iteration 2: residue = 0.130799, energy = 2600299.834911 = 2600299.834911, xb = 2599032.275856, voltage energy = 2758136.598291, gap = 160371.881490
iteration 3: residue = 0.080922, energy = 2547612.260526 = 2547612.260526, xb = 2547504.419552, voltage energy = 2611566.637239, gap = 64170.058662
iteration 4: residue = 0.051389, energy = 2526245.726358 = 2526245.726359, xb = 2526865.396702, voltage energy = 2553912.474954, gap = 26427.407909
iteration 5: residue = 0.033814, energy = 2517662.134494 = 2517662.134494, xb = 2518514.088495, voltage energy = 2530940.624856, gap = 11574.582361
iteration 6: residue = 0.022757, energy = 2513992.461717 = 2513992.461717, xb = 2514779.462154, voltage energy = 2520869.881496, gap = 5303.418906
iteration 7: residue = 0.015585, energy = 2512340.877163 = 2512340.877163, xb = 2512822.321529, voltage energy = 2515797.174179, gap = 2493.408285
iteration 8: residue = 0.010085, energy = 2511491.139133 = 2511491.139133, xb = 2511750.725577, voltage energy = 2513056.516653, gap = 1046.204632
iteration 9: residue = 0.007242, energy = 2511190.975218 = 2511190.975218, xb = 2511403.891038, voltage energy = 2512157.460450, gap = 540.653590
iteration 10: residue = 0.004990, energy = 2511025.104121 = 2511025.104121, xb = 2511096.879513, voltage energy = 2511428.036512, gap = 259.381607
iteration 11: residue = 0.003050, energy = 2510928.304389 = 2510928.304389, xb = 2510973.025104, voltage energy = 2511112.356594, gap = 94.610774
iteration 12: residue = 0.001851, energy = 2510893.231977 = 2510893.231976, xb = 2510944.489645, voltage energy = 2511031.315957, gap = 35.568643
iteration 13: residue = 0.001059, energy = 2510879.105843 = 2510879.105842, xb = 2510886.592838, voltage energy = 2510905.954213, gap = 11.874379
iteration 14: residue = 0.000611, energy = 2510874.400224 = 2510874.400222, xb = 2510878.430058, voltage energy = 2510886.468317, gap = 4.008424
iteration 15: residue = 0.000417, energy = 2510873.097046 = 2510873.097044, xb = 2510880.004628, voltage energy = 2510888.763949, gap = 1.851738
iteration 16: residue = 0.000278, energy = 2510872.486756 = 2510872.486753, xb = 2510876.205705, voltage energy = 2510880.758597, gap = 0.833941
iteration 17: residue = 0.000239, energy = 2510872.329171 = 2510872.329167, xb = 2510871.544520, voltage energy = 2510871.342393, gap = 0.582520
iteration 18: residue = 0.000108, energy = 2510872.062132 = 2510872.062128, xb = 2510871.338677, voltage energy = 2510870.736437, gap = 0.121212
iteration 19: residue = 0.000062, energy = 2510872.013111 = 2510872.013106, xb = 2510872.134618, voltage energy = 2510872.300750, gap = 0.044621
iteration 20: residue = 0.000053, energy = 2510872.004020 = 2510872.004014, xb = 2510871.672172, voltage energy = 2510871.370588, gap = 0.030257
iteration 21: residue = 0.000026, energy = 2510871.990461 = 2510871.990454, xb = 2510872.458454, voltage energy = 2510872.933775, gap = 0.007321
iteration 22: residue = 0.000020, energy = 2510871.988522 = 2510871.988515, xb = 2510872.319592, voltage energy = 2510872.654893, gap = 0.004224
iteration 23: residue = 0.000012, energy = 2510871.986990 = 2510871.986982, xb = 2510871.936900, voltage energy = 2510871.888509, gap = 0.001691
iteration 24: residue = 0.000008, energy = 2510871.986428 = 2510871.986419, xb = 2510872.062501, voltage energy = 2510872.139334, gap = 0.000751
recursivelinesolver
iteration 0: residue = 0.386471, energy = 3111837.204391 = 3111837.204391, xb = 3110152.479808, voltage energy = 4305544.808524, gap = 1197077.053298
iteration 1: residue = 0.218708, energy = 2738070.742641 = 2738070.742641, xb = 2736584.267569, voltage energy = 3160235.432187, gap = 425137.639691
iteration 2: residue = 0.130799, energy = 2600299.834911 = 2600299.834911, xb = 2599032.275856, voltage energy = 2758136.598291, gap = 160371.881490
iteration 3: residue = 0.080922, energy = 2547612.260526 = 2547612.260526, xb = 2547504.419552, voltage energy = 2611566.637239, gap = 64170.058662
iteration 4: residue = 0.051389, energy = 2526245.726358 = 2526245.726359, xb = 2526865.396702, voltage energy = 2553912.474954, gap = 26427.407909
iteration 5: residue = 0.033814, energy = 2517662.134494 = 2517662.134494, xb = 2518514.088495, voltage energy = 2530940.624856, gap = 11574.582361
iteration 6: residue = 0.022757, energy = 2513992.461717 = 2513992.461717, xb = 2514779.462154, voltage energy = 2520869.881496, gap = 5303.418906
iteration 7: residue = 0.015585, energy = 2512340.877163 = 2512340.877163, xb = 2512822.321529, voltage energy = 2515797.174179, gap = 2493.408285
iteration 8: residue = 0.010085, energy = 2511491.139133 = 2511491.139133, xb = 2511750.725577, voltage energy = 2513056.516653, gap = 1046.204632
iteration 9: residue = 0.007242, energy = 2511190.975218 = 2511190.975218, xb = 2511403.891038, voltage energy = 2512157.460450, gap = 540.653590
iteration 10: residue = 0.004990, energy = 2511025.104121 = 2511025.104121, xb = 2511096.879513, voltage energy = 2511428.036512, gap = 259.381607
iteration 11: residue = 0.003050, energy = 2510928.304389 = 2510928.304389, xb = 2510973.025104, voltage energy = 2511112.356594, gap = 94.610774
iteration 12: residue = 0.001851, energy = 2510893.231977 = 2510893.231976, xb = 2510944.489645, voltage energy = 2511031.315957, gap = 35.568643
iteration 13: residue = 0.001059, energy = 2510879.105843 = 2510879.105842, xb = 2510886.592838, voltage energy = 2510905.954213, gap = 11.874379
iteration 14: residue = 0.000611, energy = 2510874.400224 = 2510874.400222, xb = 2510878.430058, voltage energy = 2510886.468317, gap = 4.008424
iteration 15: residue = 0.000417, energy = 2510873.097046 = 2510873.097044, xb = 2510880.004628, voltage energy = 2510888.763949, gap = 1.851738
iteration 16: residue = 0.000278, energy = 2510872.486756 = 2510872.486753, xb = 2510876.205705, voltage energy = 2510880.758597, gap = 0.833941
iteration 17: residue = 0.000239, energy = 2510872.329171 = 2510872.329167, xb = 2510871.544520, voltage energy = 2510871.342393, gap = 0.582520
iteration 18: residue = 0.000108, energy = 2510872.062132 = 2510872.062128, xb = 2510871.338677, voltage energy = 2510870.736437, gap = 0.121212
iteration 19: residue = 0.000062, energy = 2510872.013111 = 2510872.013106, xb = 2510872.134618, voltage energy = 2510872.300750, gap = 0.044621
iteration 20: residue = 0.000053, energy = 2510872.004020 = 2510872.004014, xb = 2510871.672172, voltage energy = 2510871.370588, gap = 0.030257
iteration 21: residue = 0.000026, energy = 2510871.990461 = 2510871.990454, xb = 2510872.458454, voltage energy = 2510872.933775, gap = 0.007321
iteration 22: residue = 0.000020, energy = 2510871.988522 = 2510871.988515, xb = 2510872.319592, voltage energy = 2510872.654893, gap = 0.004224
iteration 23: residue = 0.000012, energy = 2510871.986990 = 2510871.986982, xb = 2510871.936900, voltage energy = 2510871.888509, gap = 0.001691
iteration 24: residue = 0.000008, energy = 2510871.986428 = 2510871.986419, xb = 2510872.062501, voltage energy = 2510872.139334, gap = 0.000751
recursivelinesolver
iteration 0: residue = 0.386471, energy = 3111837.204391 = 3111837.204391, xb = 3110152.479808, voltage energy = 4305544.808524, gap = 1197077.053298
iteration 1: residue = 0.218708, energy = 2738070.742641 = 2738070.742641, xb = 2736584.267569, voltage energy = 3160235.432187, gap = 425137.639691
iteration 2: residue = 0.130799, energy = 2600299.834911 = 2600299.834911, xb = 2599032.275856, voltage energy = 2758136.598291, gap = 160371.881490
iteration 3: residue = 0.080922, energy = 2547612.260526 = 2547612.260526, xb = 2547504.419552, voltage energy = 2611566.637239, gap = 64170.058662
iteration 4: residue = 0.051389, energy = 2526245.726358 = 2526245.726359, xb = 2526865.396702, voltage energy = 2553912.474954, gap = 26427.407909
iteration 5: residue = 0.033814, energy = 2517662.134494 = 2517662.134494, xb = 2518514.088495, voltage energy = 2530940.624856, gap = 11574.582361
iteration 6: residue = 0.022757, energy = 2513992.461717 = 2513992.461717, xb = 2514779.462154, voltage energy = 2520869.881496, gap = 5303.418906
iteration 7: residue = 0.015585, energy = 2512340.877163 = 2512340.877163, xb = 2512822.321529, voltage energy = 2515797.174179, gap = 2493.408285
iteration 8: residue = 0.010085, energy = 2511491.139133 = 2511491.139133, xb = 2511750.725577, voltage energy = 2513056.516653, gap = 1046.204632
iteration 9: residue = 0.007242, energy = 2511190.975218 = 2511190.975218, xb = 2511403.891038, voltage energy = 2512157.460450, gap = 540.653590
iteration 10: residue = 0.004990, energy = 2511025.104121 = 2511025.104121, xb = 2511096.879513, voltage energy = 2511428.036512, gap = 259.381607
iteration 11: residue = 0.003050, energy = 2510928.304389 = 2510928.304389, xb = 2510973.025104, voltage energy = 2511112.356594, gap = 94.610774
iteration 12: residue = 0.001851, energy = 2510893.231977 = 2510893.231976, xb = 2510944.489645, voltage energy = 2511031.315957, gap = 35.568643
iteration 13: residue = 0.001059, energy = 2510879.105843 = 2510879.105842, xb = 2510886.592838, voltage energy = 2510905.954213, gap = 11.874379
iteration 14: residue = 0.000611, energy = 2510874.400224 = 2510874.400222, xb = 2510878.430058, voltage energy = 2510886.468317, gap = 4.008424
iteration 15: residue = 0.000417, energy = 2510873.097046 = 2510873.097044, xb = 2510880.004628, voltage energy = 2510888.763949, gap = 1.851738
iteration 16: residue = 0.000278, energy = 2510872.486756 = 2510872.486753, xb = 2510876.205705, voltage energy = 2510880.758597, gap = 0.833941
iteration 17: residue = 0.000239, energy = 2510872.329171 = 2510872.329167, xb = 2510871.544520, voltage energy = 2510871.342393, gap = 0.582520
iteration 18: residue = 0.000108, energy = 2510872.062132 = 2510872.062128, xb = 2510871.338677, voltage energy = 2510870.736437, gap = 0.121212
iteration 19: residue = 0.000062, energy = 2510872.013111 = 2510872.013106, xb = 2510872.134618, voltage energy = 2510872.300750, gap = 0.044621
iteration 20: residue = 0.000053, energy = 2510872.004020 = 2510872.004014, xb = 2510871.672172, voltage energy = 2510871.370588, gap = 0.030257
iteration 21: residue = 0.000026, energy = 2510871.990461 = 2510871.990454, xb = 2510872.458454, voltage energy = 2510872.933775, gap = 0.007321
iteration 22: residue = 0.000020, energy = 2510871.988522 = 2510871.988515, xb = 2510872.319592, voltage energy = 2510872.654893, gap = 0.004224
iteration 23: residue = 0.000012, energy = 2510871.986990 = 2510871.986982, xb = 2510871.936900, voltage energy = 2510871.888509, gap = 0.001691
iteration 24: residue = 0.000008, energy = 2510871.986428 = 2510871.986419, xb = 2510872.062501, voltage energy = 2510872.139334, gap = 0.000751
recursivelinesolver
iteration 0: residue = 0.386471, energy = 3111837.204391 = 3111837.204391, xb = 3110152.479808, voltage energy = 4305544.808524, gap = 1197077.053298
iteration 1: residue = 0.218708, energy = 2738070.742641 = 2738070.742641, xb = 2736584.267569, voltage energy = 3160235.432187, gap = 425137.639691
iteration 2: residue = 0.130799, energy = 2600299.834911 = 2600299.834911, xb = 2599032.275856, voltage energy = 2758136.598291, gap = 160371.881490
iteration 3: residue = 0.080922, energy = 2547612.260526 = 2547612.260526, xb = 2547504.419552, voltage energy = 2611566.637239, gap = 64170.058662
iteration 4: residue = 0.051389, energy = 2526245.726358 = 2526245.726359, xb = 2526865.396702, voltage energy = 2553912.474954, gap = 26427.407909
iteration 5: residue = 0.033814, energy = 2517662.134494 = 2517662.134494, xb = 2518514.088495, voltage energy = 2530940.624856, gap = 11574.582361
iteration 6: residue = 0.022757, energy = 2513992.461717 = 2513992.461717, xb = 2514779.462154, voltage energy = 2520869.881496, gap = 5303.418906
iteration 7: residue = 0.015585, energy = 2512340.877163 = 2512340.877163, xb = 2512822.321529, voltage energy = 2515797.174179, gap = 2493.408285
iteration 8: residue = 0.010085, energy = 2511491.139133 = 2511491.139133, xb = 2511750.725577, voltage energy = 2513056.516653, gap = 1046.204632
iteration 9: residue = 0.007242, energy = 2511190.975218 = 2511190.975218, xb = 2511403.891038, voltage energy = 2512157.460450, gap = 540.653590
iteration 10: residue = 0.004990, energy = 2511025.104121 = 2511025.104121, xb = 2511096.879513, voltage energy = 2511428.036512, gap = 259.381607
iteration 11: residue = 0.003050, energy = 2510928.304389 = 2510928.304389, xb = 2510973.025104, voltage energy = 2511112.356594, gap = 94.610774
iteration 12: residue = 0.001851, energy = 2510893.231977 = 2510893.231976, xb = 2510944.489645, voltage energy = 2511031.315957, gap = 35.568643
iteration 13: residue = 0.001059, energy = 2510879.105843 = 2510879.105842, xb = 2510886.592838, voltage energy = 2510905.954213, gap = 11.874379
iteration 14: residue = 0.000611, energy = 2510874.400224 = 2510874.400222, xb = 2510878.430058, voltage energy = 2510886.468317, gap = 4.008424
iteration 15: residue = 0.000417, energy = 2510873.097046 = 2510873.097044, xb = 2510880.004628, voltage energy = 2510888.763949, gap = 1.851738
iteration 16: residue = 0.000278, energy = 2510872.486756 = 2510872.486753, xb = 2510876.205705, voltage energy = 2510880.758597, gap = 0.833941
iteration 17: residue = 0.000239, energy = 2510872.329171 = 2510872.329167, xb = 2510871.544520, voltage energy = 2510871.342393, gap = 0.582520
iteration 18: residue = 0.000108, energy = 2510872.062132 = 2510872.062128, xb = 2510871.338677, voltage energy = 2510870.736437, gap = 0.121212
iteration 19: residue = 0.000062, energy = 2510872.013111 = 2510872.013106, xb = 2510872.134618, voltage energy = 2510872.300750, gap = 0.044621
iteration 20: residue = 0.000053, energy = 2510872.004020 = 2510872.004014, xb = 2510871.672172, voltage energy = 2510871.370588, gap = 0.030257
iteration 21: residue = 0.000026, energy = 2510871.990461 = 2510871.990454, xb = 2510872.458454, voltage energy = 2510872.933775, gap = 0.007321
iteration 22: residue = 0.000020, energy = 2510871.988522 = 2510871.988515, xb = 2510872.319592, voltage energy = 2510872.654893, gap = 0.004224
iteration 23: residue = 0.000012, energy = 2510871.986990 = 2510871.986982, xb = 2510871.936900, voltage energy = 2510871.888509, gap = 0.001691
iteration 24: residue = 0.000008, energy = 2510871.986428 = 2510871.986419, xb = 2510872.062501, voltage energy = 2510872.139334, gap = 0.000751
recursivelinesolver
iteration 0: residue = 0.386471, energy = 3111837.204391 = 3111837.204391, xb = 3110152.479808, voltage energy = 4305544.808524, gap = 1197077.053298
iteration 1: residue = 0.218708, energy = 2738070.742641 = 2738070.742641, xb = 2736584.267569, voltage energy = 3160235.432187, gap = 425137.639691
iteration 2: residue = 0.130799, energy = 2600299.834911 = 2600299.834911, xb = 2599032.275856, voltage energy = 2758136.598291, gap = 160371.881490
iteration 3: residue = 0.080922, energy = 2547612.260526 = 2547612.260526, xb = 2547504.419552, voltage energy = 2611566.637239, gap = 64170.058662
iteration 4: residue = 0.051389, energy = 2526245.726358 = 2526245.726359, xb = 2526865.396702, voltage energy = 2553912.474954, gap = 26427.407909
iteration 5: residue = 0.033814, energy = 2517662.134494 = 2517662.134494, xb = 2518514.088495, voltage energy = 2530940.624856, gap = 11574.582361
iteration 6: residue = 0.022757, energy = 2513992.461717 = 2513992.461717, xb = 2514779.462154, voltage energy = 2520869.881496, gap = 5303.418906
iteration 7: residue = 0.015585, energy = 2512340.877163 = 2512340.877163, xb = 2512822.321529, voltage energy = 2515797.174179, gap = 2493.408285
iteration 8: residue = 0.010085, energy = 2511491.139133 = 2511491.139133, xb = 2511750.725577, voltage energy = 2513056.516653, gap = 1046.204632
iteration 9: residue = 0.007242, energy = 2511190.975218 = 2511190.975218, xb = 2511403.891038, voltage energy = 2512157.460450, gap = 540.653590
iteration 10: residue = 0.004990, energy = 2511025.104121 = 2511025.104121, xb = 2511096.879513, voltage energy = 2511428.036512, gap = 259.381607
iteration 11: residue = 0.003050, energy = 2510928.304389 = 2510928.304389, xb = 2510973.025104, voltage energy = 2511112.356594, gap = 94.610774
iteration 12: residue = 0.001851, energy = 2510893.231977 = 2510893.231976, xb = 2510944.489645, voltage energy = 2511031.315957, gap = 35.568643
iteration 13: residue = 0.001059, energy = 2510879.105843 = 2510879.105842, xb = 2510886.592838, voltage energy = 2510905.954213, gap = 11.874379
iteration 14: residue = 0.000611, energy = 2510874.400224 = 2510874.400222, xb = 2510878.430058, voltage energy = 2510886.468317, gap = 4.008424
iteration 15: residue = 0.000417, energy = 2510873.097046 = 2510873.097044, xb = 2510880.004628, voltage energy = 2510888.763949, gap = 1.851738
iteration 16: residue = 0.000278, energy = 2510872.486756 = 2510872.486753, xb = 2510876.205705, voltage energy = 2510880.758597, gap = 0.833941
iteration 17: residue = 0.000239, energy = 2510872.329171 = 2510872.329167, xb = 2510871.544520, voltage energy = 2510871.342393, gap = 0.582520
iteration 18: residue = 0.000108, energy = 2510872.062132 = 2510872.062128, xb = 2510871.338677, voltage energy = 2510870.736437, gap = 0.121212
iteration 19: residue = 0.000062, energy = 2510872.013111 = 2510872.013106, xb = 2510872.134618, voltage energy = 2510872.300750, gap = 0.044621
iteration 20: residue = 0.000053, energy = 2510872.004020 = 2510872.004014, xb = 2510871.672172, voltage energy = 2510871.370588, gap = 0.030257
iteration 21: residue = 0.000026, energy = 2510871.990461 = 2510871.990454, xb = 2510872.458454, voltage energy = 2510872.933775, gap = 0.007321
iteration 22: residue = 0.000020, energy = 2510871.988522 = 2510871.988515, xb = 2510872.319592, voltage energy = 2510872.654893, gap = 0.004224
iteration 23: residue = 0.000012, energy = 2510871.986990 = 2510871.986982, xb = 2510871.936900, voltage energy = 2510871.888509, gap = 0.001691
iteration 24: residue = 0.000008, energy = 2510871.986428 = 2510871.986419, xb = 2510872.062501, voltage energy = 2510872.139334, gap = 0.000751
recursivelinesolver
iteration 0: residue = 0.386471, energy = 3111837.204391 = 3111837.204391, xb = 3110152.479808, voltage energy = 4305544.808524, gap = 1197077.053298
iteration 1: residue = 0.218708, energy = 2738070.742641 = 2738070.742641, xb = 2736584.267569, voltage energy = 3160235.432187, gap = 425137.639691
iteration 2: residue = 0.130799, energy = 2600299.834911 = 2600299.834911, xb = 2599032.275856, voltage energy = 2758136.598291, gap = 160371.881490
iteration 3: residue = 0.080922, energy = 2547612.260526 = 2547612.260526, xb = 2547504.419552, voltage energy = 2611566.637239, gap = 64170.058662
iteration 4: residue = 0.051389, energy = 2526245.726358 = 2526245.726359, xb = 2526865.396702, voltage energy = 2553912.474954, gap = 26427.407909
iteration 5: residue = 0.033814, energy = 2517662.134494 = 2517662.134494, xb = 2518514.088495, voltage energy = 2530940.624856, gap = 11574.582361
iteration 6: residue = 0.022757, energy = 2513992.461717 = 2513992.461717, xb = 2514779.462154, voltage energy = 2520869.881496, gap = 5303.418906
iteration 7: residue = 0.015585, energy = 2512340.877163 = 2512340.877163, xb = 2512822.321529, voltage energy = 2515797.174179, gap = 2493.408285
iteration 8: residue = 0.010085, energy = 2511491.139133 = 2511491.139133, xb = 2511750.725577, voltage energy = 2513056.516653, gap = 1046.204632
iteration 9: residue = 0.007242, energy = 2511190.975218 = 2511190.975218, xb = 2511403.891038, voltage energy = 2512157.460450, gap = 540.653590
iteration 10: residue = 0.004990, energy = 2511025.104121 = 2511025.104121, xb = 2511096.879513, voltage energy = 2511428.036512, gap = 259.381607
iteration 11: residue = 0.003050, energy = 2510928.304389 = 2510928.304389, xb = 2510973.025104, voltage energy = 2511112.356594, gap = 94.610774
iteration 12: residue = 0.001851, energy = 2510893.231977 = 2510893.231976, xb = 2510944.489645, voltage energy = 2511031.315957, gap = 35.568643
iteration 13: residue = 0.001059, energy = 2510879.105843 = 2510879.105842, xb = 2510886.592838, voltage energy = 2510905.954213, gap = 11.874379
iteration 14: residue = 0.000611, energy = 2510874.400224 = 2510874.400222, xb = 2510878.430058, voltage energy = 2510886.468317, gap = 4.008424
iteration 15: residue = 0.000417, energy = 2510873.097046 = 2510873.097044, xb = 2510880.004628, voltage energy = 2510888.763949, gap = 1.851738
iteration 16: residue = 0.000278, energy = 2510872.486756 = 2510872.486753, xb = 2510876.205705, voltage energy = 2510880.758597, gap = 0.833941
iteration 17: residue = 0.000239, energy = 2510872.329171 = 2510872.329167, xb = 2510871.544520, voltage energy = 2510871.342393, gap = 0.582520
iteration 18: residue = 0.000108, energy = 2510872.062132 = 2510872.062128, xb = 2510871.338677, voltage energy = 2510870.736437, gap = 0.121212
iteration 19: residue = 0.000062, energy = 2510872.013111 = 2510872.013106, xb = 2510872.134618, voltage energy = 2510872.300750, gap = 0.044621
iteration 20: residue = 0.000053, energy = 2510872.004020 = 2510872.004014, xb = 2510871.672172, voltage energy = 2510871.370588, gap = 0.030257
iteration 21: residue = 0.000026, energy = 2510871.990461 = 2510871.990454, xb = 2510872.458454, voltage energy = 2510872.933775, gap = 0.007321
iteration 22: residue = 0.000020, energy = 2510871.988522 = 2510871.988515, xb = 2510872.319592, voltage energy = 2510872.654893, gap = 0.004224
iteration 23: residue = 0.000012, energy = 2510871.986990 = 2510871.986982, xb = 2510871.936900, voltage energy = 2510871.888509, gap = 0.001691
iteration 24: residue = 0.000008, energy = 2510871.986428 = 2510871.986419, xb = 2510872.062501, voltage energy = 2510872.139334, gap = 0.000751
recursivelinesolver
iteration 0: residue = 0.386471, energy = 3111837.204391 = 3111837.204391, xb = 3110152.479808, voltage energy = 4305544.808524, gap = 1197077.053298
iteration 1: residue = 0.218708, energy = 2738070.742641 = 2738070.742641, xb = 2736584.267569, voltage energy = 3160235.432187, gap = 425137.639691
iteration 2: residue = 0.130799, energy = 2600299.834911 = 2600299.834911, xb = 2599032.275856, voltage energy = 2758136.598291, gap = 160371.881490
iteration 3: residue = 0.080922, energy = 2547612.260526 = 2547612.260526, xb = 2547504.419552, voltage energy = 2611566.637239, gap = 64170.058662
iteration 4: residue = 0.051389, energy = 2526245.726358 = 2526245.726359, xb = 2526865.396702, voltage energy = 2553912.474954, gap = 26427.407909
iteration 5: residue = 0.033814, energy = 2517662.134494 = 2517662.134494, xb = 2518514.088495, voltage energy = 2530940.624856, gap = 11574.582361
iteration 6: residue = 0.022757, energy = 2513992.461717 = 2513992.461717, xb = 2514779.462154, voltage energy = 2520869.881496, gap = 5303.418906
iteration 7: residue = 0.015585, energy = 2512340.877163 = 2512340.877163, xb = 2512822.321529, voltage energy = 2515797.174179, gap = 2493.408285
iteration 8: residue = 0.010085, energy = 2511491.139133 = 2511491.139133, xb = 2511750.725577, voltage energy = 2513056.516653, gap = 1046.204632
iteration 9: residue = 0.007242, energy = 2511190.975218 = 2511190.975218, xb = 2511403.891038, voltage energy = 2512157.460450, gap = 540.653590
iteration 10: residue = 0.004990, energy = 2511025.104121 = 2511025.104121, xb = 2511096.879513, voltage energy = 2511428.036512, gap = 259.381607
iteration 11: residue = 0.003050, energy = 2510928.304389 = 2510928.304389, xb = 2510973.025104, voltage energy = 2511112.356594, gap = 94.610774
iteration 12: residue = 0.001851, energy = 2510893.231977 = 2510893.231976, xb = 2510944.489645, voltage energy = 2511031.315957, gap = 35.568643
iteration 13: residue = 0.001059, energy = 2510879.105843 = 2510879.105842, xb = 2510886.592838, voltage energy = 2510905.954213, gap = 11.874379
iteration 14: residue = 0.000611, energy = 2510874.400224 = 2510874.400222, xb = 2510878.430058, voltage energy = 2510886.468317, gap = 4.008424
iteration 15: residue = 0.000417, energy = 2510873.097046 = 2510873.097044, xb = 2510880.004628, voltage energy = 2510888.763949, gap = 1.851738
iteration 16: residue = 0.000278, energy = 2510872.486756 = 2510872.486753, xb = 2510876.205705, voltage energy = 2510880.758597, gap = 0.833941
iteration 17: residue = 0.000239, energy = 2510872.329171 = 2510872.329167, xb = 2510871.544520, voltage energy = 2510871.342393, gap = 0.582520
iteration 18: residue = 0.000108, energy = 2510872.062132 = 2510872.062128, xb = 2510871.338677, voltage energy = 2510870.736437, gap = 0.121212
iteration 19: residue = 0.000062, energy = 2510872.013111 = 2510872.013106, xb = 2510872.134618, voltage energy = 2510872.300750, gap = 0.044621
iteration 20: residue = 0.000053, energy = 2510872.004020 = 2510872.004014, xb = 2510871.672172, voltage energy = 2510871.370588, gap = 0.030257
iteration 21: residue = 0.000026, energy = 2510871.990461 = 2510871.990454, xb = 2510872.458454, voltage energy = 2510872.933775, gap = 0.007321
iteration 22: residue = 0.000020, energy = 2510871.988522 = 2510871.988515, xb = 2510872.319592, voltage energy = 2510872.654893, gap = 0.004224
iteration 23: residue = 0.000012, energy = 2510871.986990 = 2510871.986982, xb = 2510871.936900, voltage energy = 2510871.888509, gap = 0.001691
iteration 24: residue = 0.000008, energy = 2510871.986428 = 2510871.986419, xb = 2510872.062501, voltage energy = 2510872.139334, gap = 0.000751
recursivelinesolver
iteration 0: residue = 0.386471, energy = 3111837.204391 = 3111837.204391, xb = 3110152.479808, voltage energy = 4305544.808524, gap = 1197077.053298
iteration 1: residue = 0.218708, energy = 2738070.742641 = 2738070.742641, xb = 2736584.267569, voltage energy = 3160235.432187, gap = 425137.639691
iteration 2: residue = 0.130799, energy = 2600299.834911 = 2600299.834911, xb = 2599032.275856, voltage energy = 2758136.598291, gap = 160371.881490
iteration 3: residue = 0.080922, energy = 2547612.260526 = 2547612.260526, xb = 2547504.419552, voltage energy = 2611566.637239, gap = 64170.058662
iteration 4: residue = 0.051389, energy = 2526245.726358 = 2526245.726359, xb = 2526865.396702, voltage energy = 2553912.474954, gap = 26427.407909
iteration 5: residue = 0.033814, energy = 2517662.134494 = 2517662.134494, xb = 2518514.088495, voltage energy = 2530940.624856, gap = 11574.582361
iteration 6: residue = 0.022757, energy = 2513992.461717 = 2513992.461717, xb = 2514779.462154, voltage energy = 2520869.881496, gap = 5303.418906
iteration 7: residue = 0.015585, energy = 2512340.877163 = 2512340.877163, xb = 2512822.321529, voltage energy = 2515797.174179, gap = 2493.408285
iteration 8: residue = 0.010085, energy = 2511491.139133 = 2511491.139133, xb = 2511750.725577, voltage energy = 2513056.516653, gap = 1046.204632
iteration 9: residue = 0.007242, energy = 2511190.975218 = 2511190.975218, xb = 2511403.891038, voltage energy = 2512157.460450, gap = 540.653590
iteration 10: residue = 0.004990, energy = 2511025.104121 = 2511025.104121, xb = 2511096.879513, voltage energy = 2511428.036512, gap = 259.381607
iteration 11: residue = 0.003050, energy = 2510928.304389 = 2510928.304389, xb = 2510973.025104, voltage energy = 2511112.356594, gap = 94.610774
iteration 12: residue = 0.001851, energy = 2510893.231977 = 2510893.231976, xb = 2510944.489645, voltage energy = 2511031.315957, gap = 35.568643
iteration 13: residue = 0.001059, energy = 2510879.105843 = 2510879.105842, xb = 2510886.592838, voltage energy = 2510905.954213, gap = 11.874379
iteration 14: residue = 0.000611, energy = 2510874.400224 = 2510874.400222, xb = 2510878.430058, voltage energy = 2510886.468317, gap = 4.008424
iteration 15: residue = 0.000417, energy = 2510873.097046 = 2510873.097044, xb = 2510880.004628, voltage energy = 2510888.763949, gap = 1.851738
iteration 16: residue = 0.000278, energy = 2510872.486756 = 2510872.486753, xb = 2510876.205705, voltage energy = 2510880.758597, gap = 0.833941
iteration 17: residue = 0.000239, energy = 2510872.329171 = 2510872.329167, xb = 2510871.544520, voltage energy = 2510871.342393, gap = 0.582520
iteration 18: residue = 0.000108, energy = 2510872.062132 = 2510872.062128, xb = 2510871.338677, voltage energy = 2510870.736437, gap = 0.121212
iteration 19: residue = 0.000062, energy = 2510872.013111 = 2510872.013106, xb = 2510872.134618, voltage energy = 2510872.300750, gap = 0.044621
iteration 20: residue = 0.000053, energy = 2510872.004020 = 2510872.004014, xb = 2510871.672172, voltage energy = 2510871.370588, gap = 0.030257
iteration 21: residue = 0.000026, energy = 2510871.990461 = 2510871.990454, xb = 2510872.458454, voltage energy = 2510872.933775, gap = 0.007321
iteration 22: residue = 0.000020, energy = 2510871.988522 = 2510871.988515, xb = 2510872.319592, voltage energy = 2510872.654893, gap = 0.004224
iteration 23: residue = 0.000012, energy = 2510871.986990 = 2510871.986982, xb = 2510871.936900, voltage energy = 2510871.888509, gap = 0.001691
iteration 24: residue = 0.000008, energy = 2510871.986428 = 2510871.986419, xb = 2510872.062501, voltage energy = 2510872.139334, gap = 0.000751
recursivelinesolver
iteration 0: residue = 0.386471, energy = 3111837.204391 = 3111837.204391, xb = 3110152.479808, voltage energy = 4305544.808524, gap = 1197077.053298
iteration 1: residue = 0.218708, energy = 2738070.742641 = 2738070.742641, xb = 2736584.267569, voltage energy = 3160235.432187, gap = 425137.639691
iteration 2: residue = 0.130799, energy = 2600299.834911 = 2600299.834911, xb = 2599032.275856, voltage energy = 2758136.598291, gap = 160371.881490
iteration 3: residue = 0.080922, energy = 2547612.260526 = 2547612.260526, xb = 2547504.419552, voltage energy = 2611566.637239, gap = 64170.058662
iteration 4: residue = 0.051389, energy = 2526245.726358 = 2526245.726359, xb = 2526865.396702, voltage energy = 2553912.474954, gap = 26427.407909
iteration 5: residue = 0.033814, energy = 2517662.134494 = 2517662.134494, xb = 2518514.088495, voltage energy = 2530940.624856, gap = 11574.582361
iteration 6: residue = 0.022757, energy = 2513992.461717 = 2513992.461717, xb = 2514779.462154, voltage energy = 2520869.881496, gap = 5303.418906
iteration 7: residue = 0.015585, energy = 2512340.877163 = 2512340.877163, xb = 2512822.321529, voltage energy = 2515797.174179, gap = 2493.408285
iteration 8: residue = 0.010085, energy = 2511491.139133 = 2511491.139133, xb = 2511750.725577, voltage energy = 2513056.516653, gap = 1046.204632
iteration 9: residue = 0.007242, energy = 2511190.975218 = 2511190.975218, xb = 2511403.891038, voltage energy = 2512157.460450, gap = 540.653590
iteration 10: residue = 0.004990, energy = 2511025.104121 = 2511025.104121, xb = 2511096.879513, voltage energy = 2511428.036512, gap = 259.381607
iteration 11: residue = 0.003050, energy = 2510928.304389 = 2510928.304389, xb = 2510973.025104, voltage energy = 2511112.356594, gap = 94.610774
iteration 12: residue = 0.001851, energy = 2510893.231977 = 2510893.231976, xb = 2510944.489645, voltage energy = 2511031.315957, gap = 35.568643
iteration 13: residue = 0.001059, energy = 2510879.105843 = 2510879.105842, xb = 2510886.592838, voltage energy = 2510905.954213, gap = 11.874379
iteration 14: residue = 0.000611, energy = 2510874.400224 = 2510874.400222, xb = 2510878.430058, voltage energy = 2510886.468317, gap = 4.008424
iteration 15: residue = 0.000417, energy = 2510873.097046 = 2510873.097044, xb = 2510880.004628, voltage energy = 2510888.763949, gap = 1.851738
iteration 16: residue = 0.000278, energy = 2510872.486756 = 2510872.486753, xb = 2510876.205705, voltage energy = 2510880.758597, gap = 0.833941
iteration 17: residue = 0.000239, energy = 2510872.329171 = 2510872.329167, xb = 2510871.544520, voltage energy = 2510871.342393, gap = 0.582520
iteration 18: residue = 0.000108, energy = 2510872.062132 = 2510872.062128, xb = 2510871.338677, voltage energy = 2510870.736437, gap = 0.121212
iteration 19: residue = 0.000062, energy = 2510872.013111 = 2510872.013106, xb = 2510872.134618, voltage energy = 2510872.300750, gap = 0.044621
iteration 20: residue = 0.000053, energy = 2510872.004020 = 2510872.004014, xb = 2510871.672172, voltage energy = 2510871.370588, gap = 0.030257
iteration 21: residue = 0.000026, energy = 2510871.990461 = 2510871.990454, xb = 2510872.458454, voltage energy = 2510872.933775, gap = 0.007321
iteration 22: residue = 0.000020, energy = 2510871.988522 = 2510871.988515, xb = 2510872.319592, voltage energy = 2510872.654893, gap = 0.004224
iteration 23: residue = 0.000012, energy = 2510871.986990 = 2510871.986982, xb = 2510871.936900, voltage energy = 2510871.888509, gap = 0.001691
iteration 24: residue = 0.000008, energy = 2510871.986428 = 2510871.986419, xb = 2510872.062501, voltage energy = 2510872.139334, gap = 0.000751
recursivetreesolver
residual 3.864705e-01
residual 2.187080e-01
residual 1.307991e-01
residual 8.092154e-02
residual 5.138870e-02
residual 3.381435e-02
residual 2.275740e-02
residual 1.558490e-02
residual 1.008533e-02
residual 7.242432e-03
residual 4.990393e-03
residual 3.049945e-03
residual 1.850935e-03
residual 1.058855e-03
residual 6.113041e-04
residual 4.171488e-04
residual 2.782141e-04
residual 2.394256e-04
residual 1.075830e-04
residual 6.182736e-05
residual 5.339100e-05
residual 2.550534e-05
residual 2.000124e-05
residual 1.237247e-05
residual 8.287175e-06
recursivetreesolver
residual 3.864705e-01
residual 2.187080e-01
residual 1.307991e-01
residual 8.092154e-02
residual 5.138870e-02
residual 3.381435e-02
residual 2.275740e-02
residual 1.558490e-02
residual 1.008533e-02
residual 7.242432e-03
residual 4.990393e-03
residual 3.049945e-03
residual 1.850935e-03
residual 1.058855e-03
residual 6.113041e-04
residual 4.171488e-04
residual 2.782141e-04
residual 2.394256e-04
residual 1.075830e-04
residual 6.182736e-05
residual 5.339100e-05
residual 2.550534e-05
residual 2.000124e-05
residual 1.237247e-05
residual 8.287175e-06
recursivetreesolver
residual 3.864705e-01
residual 2.187080e-01
residual 1.307991e-01
residual 8.092154e-02
residual 5.138870e-02
residual 3.381435e-02
residual 2.275740e-02
residual 1.558490e-02
residual 1.008533e-02
residual 7.242432e-03
residual 4.990393e-03
residual 3.049945e-03
residual 1.850935e-03
residual 1.058855e-03
residual 6.113041e-04
residual 4.171488e-04
residual 2.782141e-04
residual 2.394256e-04
residual 1.075830e-04
residual 6.182736e-05
residual 5.339100e-05
residual 2.550534e-05
residual 2.000124e-05
residual 1.237247e-05
residual 8.287175e-06
recursivetreesolver
residual 3.864705e-01
residual 2.187080e-01
residual 1.307991e-01
residual 8.092154e-02
residual 5.138870e-02
residual 3.381435e-02
residual 2.275740e-02
residual 1.558490e-02
residual 1.008533e-02
residual 7.242432e-03
residual 4.990393e-03
residual 3.049945e-03
residual 1.850935e-03
residual 1.058855e-03
residual 6.113041e-04
residual 4.171488e-04
residual 2.782141e-04
residual 2.394256e-04
residual 1.075830e-04
residual 6.182736e-05
residual 5.339100e-05
residual 2.550534e-05
residual 2.000124e-05
residual 1.237247e-05
residual 8.287175e-06
recursivetreesolver
residual 3.864705e-01
residual 2.187080e-01
residual 1.307991e-01
residual 8.092154e-02
residual 5.138870e-02
residual 3.381435e-02
residual 2.275740e-02
residual 1.558490e-02
residual 1.008533e-02
residual 7.242432e-03
residual 4.990393e-03
residual 3.049945e-03
residual 1.850935e-03
residual 1.058855e-03
residual 6.113041e-04
residual 4.171488e-04
residual 2.782141e-04
residual 2.394256e-04
residual 1.075830e-04
residual 6.182736e-05
residual 5.339100e-05
residual 2.550534e-05
residual 2.000124e-05
residual 1.237247e-05
residual 8.287175e-06
recursivetreesolver
residual 3.864705e-01
residual 2.187080e-01
residual 1.307991e-01
residual 8.092154e-02
residual 5.138870e-02
residual 3.381435e-02
residual 2.275740e-02
residual 1.558490e-02
residual 1.008533e-02
residual 7.242432e-03
residual 4.990393e-03
residual 3.049945e-03
residual 1.850935e-03
residual 1.058855e-03
residual 6.113041e-04
residual 4.171488e-04
residual 2.782141e-04
residual 2.394256e-04
residual 1.075830e-04
residual 6.182736e-05
residual 5.339100e-05
residual 2.550534e-05
residual 2.000124e-05
residual 1.237247e-05
residual 8.287175e-06
recursivetreesolver
residual 3.864705e-01
residual 2.187080e-01
residual 1.307991e-01
residual 8.092154e-02
residual 5.138870e-02
residual 3.381435e-02
residual 2.275740e-02
residual 1.558490e-02
residual 1.008533e-02
residual 7.242432e-03
residual 4.990393e-03
residual 3.049945e-03
residual 1.850935e-03
residual 1.058855e-03
residual 6.113041e-04
residual 4.171488e-04
residual 2.782141e-04
residual 2.394256e-04
residual 1.075830e-04
residual 6.182736e-05
residual 5.339100e-05
residual 2.550534e-05
residual 2.000124e-05
residual 1.237247e-05
residual 8.287175e-06
recursivetreesolver
residual 3.864705e-01
residual 2.187080e-01
residual 1.307991e-01
residual 8.092154e-02
residual 5.138870e-02
residual 3.381435e-02
residual 2.275740e-02
residual 1.558490e-02
residual 1.008533e-02
residual 7.242432e-03
residual 4.990393e-03
residual 3.049945e-03
residual 1.850935e-03
residual 1.058855e-03
residual 6.113041e-04
residual 4.171488e-04
residual 2.782141e-04
residual 2.394256e-04
residual 1.075830e-04
residual 6.182736e-05
residual 5.339100e-05
residual 2.550534e-05
residual 2.000124e-05
residual 1.237247e-05
residual 8.287175e-06
recursivetreesolver
residual 3.864705e-01
residual 2.187080e-01
residual 1.307991e-01
residual 8.092154e-02
residual 5.138870e-02
residual 3.381435e-02
residual 2.275740e-02
residual 1.558490e-02
residual 1.008533e-02
residual 7.242432e-03
residual 4.990393e-03
residual 3.049945e-03
residual 1.850935e-03
residual 1.058855e-03
residual 6.113041e-04
residual 4.171488e-04
residual 2.782141e-04
residual 2.394256e-04
residual 1.075830e-04
residual 6.182736e-05
residual 5.339100e-05
residual 2.550534e-05
residual 2.000124e-05
residual 1.237247e-05
residual 8.287175e-06
recursivetreesolver
residual 3.864705e-01
residual 2.187080e-01
residual 1.307991e-01
residual 8.092154e-02
residual 5.138870e-02
residual 3.381435e-02
residual 2.275740e-02
residual 1.558490e-02
residual 1.008533e-02
residual 7.242432e-03
residual 4.990393e-03
residual 3.049945e-03
residual 1.850935e-03
residual 1.058855e-03
residual 6.113041e-04
residual 4.171488e-04
residual 2.782141e-04
residual 2.394256e-04
residual 1.075830e-04
residual 6.182736e-05
residual 5.339100e-05
residual 2.550534e-05
residual 2.000124e-05
residual 1.237247e-05
residual 8.287175e-06
