linesolver
iteration 1: energy = 6385.743642 = 6385.743642, xb = 6386.309686, voltage energy = 6389.132081, gap = 2.2563511491716781
iteration 2: energy = 6384.339969 = 6384.339969, xb = 6384.493442, voltage energy = 6384.782071, gap = 0.1351560914390575
iteration 3: energy = 6384.251928 = 6384.251928, xb = 6384.278402, voltage energy = 6384.311754, gap = 0.0068780706360485
iteration 4: energy = 6384.247114 = 6384.247114, xb = 6384.249866, voltage energy = 6384.253056, gap = 0.0004367176461528
linesolver
iteration 1: energy = 6385.743642 = 6385.743642, xb = 6386.309686, voltage energy = 6389.132081, gap = 2.2563511491716781
iteration 2: energy = 6384.339969 = 6384.339969, xb = 6384.493442, voltage energy = 6384.782071, gap = 0.1351560914390575
iteration 3: energy = 6384.251928 = 6384.251928, xb = 6384.278402, voltage energy = 6384.311754, gap = 0.0068780706360485
iteration 4: energy = 6384.247114 = 6384.247114, xb = 6384.249866, voltage energy = 6384.253056, gap = 0.0004367176461528
linesolver
iteration 1: energy = 6385.743642 = 6385.743642, xb = 6386.309686, voltage energy = 6389.132081, gap = 2.2563511491716781
iteration 2: energy = 6384.339969 = 6384.339969, xb = 6384.493442, voltage energy = 6384.782071, gap = 0.1351560914390575
iteration 3: energy = 6384.251928 = 6384.251928, xb = 6384.278402, voltage energy = 6384.311754, gap = 0.0068780706360485
iteration 4: energy = 6384.247114 = 6384.247114, xb = 6384.249866, voltage energy = 6384.253056, gap = 0.0004367176461528
linesolver
iteration 1: energy = 6385.743642 = 6385.743642, xb = 6386.309686, voltage energy = 6389.132081, gap = 2.2563511491716781
iteration 2: energy = 6384.339969 = 6384.339969, xb = 6384.493442, voltage energy = 6384.782071, gap = 0.1351560914390575
iteration 3: energy = 6384.251928 = 6384.251928, xb = 6384.278402, voltage energy = 6384.311754, gap = 0.0068780706360485
iteration 4: energy = 6384.247114 = 6384.247114, xb = 6384.249866, voltage energy = 6384.253056, gap = 0.0004367176461528
linesolver
iteration 1: energy = 6385.743642 = 6385.743642, xb = 6386.309686, voltage energy = 6389.132081, gap = 2.2563511491716781
iteration 2: energy = 6384.339969 = 6384.339969, xb = 6384.493442, voltage energy = 6384.782071, gap = 0.1351560914390575
iteration 3: energy = 6384.251928 = 6384.251928, xb = 6384.278402, voltage energy = 6384.311754, gap = 0.0068780706360485
iteration 4: energy = 6384.247114 = 6384.247114, xb = 6384.249866, voltage energy = 6384.253056, gap = 0.0004367176461528
linesolver
iteration 1: energy = 6385.743642 = 6385.743642, xb = 6386.309686, voltage energy = 6389.132081, gap = 2.2563511491716781
iteration 2: energy = 6384.339969 = 6384.339969, xb = 6384.493442, voltage energy = 6384.782071, gap = 0.1351560914390575
iteration 3: energy = 6384.251928 = 6384.251928, xb = 6384.278402, voltage energy = 6384.311754, gap = 0.0068780706360485
iteration 4: energy = 6384.247114 = 6384.247114, xb = 6384.249866, voltage energy = 6384.253056, gap = 0.0004367176461528
linesolver
iteration 1: energy = 6385.743642 = 6385.743642, xb = 6386.309686, voltage energy = 6389.132081, gap = 2.2563511491716781
iteration 2: energy = 6384.339969 = 6384.339969, xb = 6384.493442, voltage energy = 6384.782071, gap = 0.1351560914390575
iteration 3: energy = 6384.251928 = 6384.251928, xb = 6384.278402, voltage energy = 6384.311754, gap = 0.0068780706360485
iteration 4: energy = 6384.247114 = 6384.247114, xb = 6384.249866, voltage energy = 6384.253056, gap = 0.0004367176461528
linesolver
iteration 1: energy = 6385.743642 = 6385.743642, xb = 6386.309686, voltage energy = 6389.132081, gap = 2.2563511491716781
iteration 2: energy = 6384.339969 = 6384.339969, xb = 6384.493442, voltage energy = 6384.782071, gap = 0.1351560914390575
iteration 3: energy = 6384.251928 = 6384.251928, xb = 6384.278402, voltage energy = 6384.311754, gap = 0.0068780706360485
iteration 4: energy = 6384.247114 = 6384.247114, xb = 6384.249866, voltage energy = 6384.253056, gap = 0.0004367176461528
linesolver
iteration 1: energy = 6385.743642 = 6385.743642, xb = 6386.309686, voltage energy = 6389.132081, gap = 2.2563511491716781
iteration 2: energy = 6384.339969 = 6384.339969, xb = 6384.493442, voltage energy = 6384.782071, gap = 0.1351560914390575
iteration 3: energy = 6384.251928 = 6384.251928, xb = 6384.278402, voltage energy = 6384.311754, gap = 0.0068780706360485
iteration 4: energy = 6384.247114 = 6384.247114, xb = 6384.249866, voltage energy = 6384.253056, gap = 0.0004367176461528
linesolver
iteration 1: energy = 6385.743642 = 6385.743642, xb = 6386.309686, voltage energy = 6389.132081, gap = 2.2563511491716781
iteration 2: energy = 6384.339969 = 6384.339969, xb = 6384.493442, voltage energy = 6384.782071, gap = 0.1351560914390575
iteration 3: energy = 6384.251928 = 6384.251928, xb = 6384.278402, voltage energy = 6384.311754, gap = 0.0068780706360485
iteration 4: energy = 6384.247114 = 6384.247114, xb = 6384.249866, voltage energy = 6384.253056, gap = 0.0004367176461528
treesolver
iteration 1: energy = 6385.743642 = 6385.743642, xb = 6386.309686, voltage energy = 6389.132081, gap = 2.256351
iteration 2: energy = 6384.339969 = 6384.339969, xb = 6384.493442, voltage energy = 6384.782071, gap = 0.135156
iteration 3: energy = 6384.251928 = 6384.251928, xb = 6384.278402, voltage energy = 6384.311754, gap = 0.006878
iteration 4: energy = 6384.247114 = 6384.247114, xb = 6384.249866, voltage energy = 6384.253056, gap = 0.000437
treesolver
iteration 1: energy = 6385.743642 = 6385.743642, xb = 6386.309686, voltage energy = 6389.132081, gap = 2.256351
iteration 2: energy = 6384.339969 = 6384.339969, xb = 6384.493442, voltage energy = 6384.782071, gap = 0.135156
iteration 3: energy = 6384.251928 = 6384.251928, xb = 6384.278402, voltage energy = 6384.311754, gap = 0.006878
iteration 4: energy = 6384.247114 = 6384.247114, xb = 6384.249866, voltage energy = 6384.253056, gap = 0.000437
treesolver
iteration 1: energy = 6385.743642 = 6385.743642, xb = 6386.309686, voltage energy = 6389.132081, gap = 2.256351
iteration 2: energy = 6384.339969 = 6384.339969, xb = 6384.493442, voltage energy = 6384.782071, gap = 0.135156
iteration 3: energy = 6384.251928 = 6384.251928, xb = 6384.278402, voltage energy = 6384.311754, gap = 0.006878
iteration 4: energy = 6384.247114 = 6384.247114, xb = 6384.249866, voltage energy = 6384.253056, gap = 0.000437
treesolver
iteration 1: energy = 6385.743642 = 6385.743642, xb = 6386.309686, voltage energy = 6389.132081, gap = 2.256351
iteration 2: energy = 6384.339969 = 6384.339969, xb = 6384.493442, voltage energy = 6384.782071, gap = 0.135156
iteration 3: energy = 6384.251928 = 6384.251928, xb = 6384.278402, voltage energy = 6384.311754, gap = 0.006878
iteration 4: energy = 6384.247114 = 6384.247114, xb = 6384.249866, voltage energy = 6384.253056, gap = 0.000437
treesolver
iteration 1: energy = 6385.743642 = 6385.743642, xb = 6386.309686, voltage energy = 6389.132081, gap = 2.256351
iteration 2: energy = 6384.339969 = 6384.339969, xb = 6384.493442, voltage energy = 6384.782071, gap = 0.135156
iteration 3: energy = 6384.251928 = 6384.251928, xb = 6384.278402, voltage energy = 6384.311754, gap = 0.006878
iteration 4: energy = 6384.247114 = 6384.247114, xb = 6384.249866, voltage energy = 6384.253056, gap = 0.000437
treesolver
iteration 1: energy = 6385.743642 = 6385.743642, xb = 6386.309686, voltage energy = 6389.132081, gap = 2.256351
iteration 2: energy = 6384.339969 = 6384.339969, xb = 6384.493442, voltage energy = 6384.782071, gap = 0.135156
iteration 3: energy = 6384.251928 = 6384.251928, xb = 6384.278402, voltage energy = 6384.311754, gap = 0.006878
iteration 4: energy = 6384.247114 = 6384.247114, xb = 6384.249866, voltage energy = 6384.253056, gap = 0.000437
treesolver
iteration 1: energy = 6385.743642 = 6385.743642, xb = 6386.309686, voltage energy = 6389.132081, gap = 2.256351
iteration 2: energy = 6384.339969 = 6384.339969, xb = 6384.493442, voltage energy = 6384.782071, gap = 0.135156
iteration 3: energy = 6384.251928 = 6384.251928, xb = 6384.278402, voltage energy = 6384.311754, gap = 0.006878
iteration 4: energy = 6384.247114 = 6384.247114, xb = 6384.249866, voltage energy = 6384.253056, gap = 0.000437
treesolver
iteration 1: energy = 6385.743642 = 6385.743642, xb = 6386.309686, voltage energy = 6389.132081, gap = 2.256351
iteration 2: energy = 6384.339969 = 6384.339969, xb = 6384.493442, voltage energy = 6384.782071, gap = 0.135156
iteration 3: energy = 6384.251928 = 6384.251928, xb = 6384.278402, voltage energy = 6384.311754, gap = 0.006878
iteration 4: energy = 6384.247114 = 6384.247114, xb = 6384.249866, voltage energy = 6384.253056, gap = 0.000437
treesolver
iteration 1: energy = 6385.743642 = 6385.743642, xb = 6386.309686, voltage energy = 6389.132081, gap = 2.256351
iteration 2: energy = 6384.339969 = 6384.339969, xb = 6384.493442, voltage energy = 6384.782071, gap = 0.135156
iteration 3: energy = 6384.251928 = 6384.251928, xb = 6384.278402, voltage energy = 6384.311754, gap = 0.006878
iteration 4: energy = 6384.247114 = 6384.247114, xb = 6384.249866, voltage energy = 6384.253056, gap = 0.000437
treesolver
iteration 1: energy = 6385.743642 = 6385.743642, xb = 6386.309686, voltage energy = 6389.132081, gap = 2.256351
iteration 2: energy = 6384.339969 = 6384.339969, xb = 6384.493442, voltage energy = 6384.782071, gap = 0.135156
iteration 3: energy = 6384.251928 = 6384.251928, xb = 6384.278402, voltage energy = 6384.311754, gap = 0.006878
iteration 4: energy = 6384.247114 = 6384.247114, xb = 6384.249866, voltage energy = 6384.253056, gap = 0.000437
recursivelinesolver
iteration 0: residue = 0.001779, energy = 6397.903424 = 6397.903424, xb = 6397.028591, voltage energy = 6416.914247, gap = 20.760489
iteration 1: residue = 0.001041, energy = 6390.679714 = 6390.679714, xb = 6390.944609, voltage energy = 6400.581500, gap = 9.371995
iteration 2: residue = 0.000685, energy = 6387.499157 = 6387.499157, xb = 6388.019305, voltage energy = 6393.083773, gap = 4.544319
iteration 3: residue = 0.000435, energy = 6385.743642 = 6385.743642, xb = 6386.309686, voltage energy = 6389.132081, gap = 2.256351
iteration 4: residue = 0.000295, energy = 6384.985482 = 6384.985482, xb = 6385.479574, voltage energy = 6386.976778, gap = 1.003112
iteration 5: residue = 0.000182, energy = 6384.600093 = 6384.600093, xb = 6384.936936, voltage energy = 6385.779599, gap = 0.505818
iteration 6: residue = 0.000127, energy = 6384.425769 = 6384.425769, xb = 6384.637882, voltage energy = 6385.111453, gap = 0.261459
iteration 7: residue = 0.000098, energy = 6384.339969 = 6384.339969, xb = 6384.493442, voltage energy = 6384.782071, gap = 0.135156
iteration 8: residue = 0.000057, energy = 6384.292761 = 6384.292761, xb = 6384.398215, voltage energy = 6384.568614, gap = 0.064945
iteration 9: residue = 0.000040, energy = 6384.268192 = 6384.268192, xb = 6384.325273, voltage energy = 6384.411577, gap = 0.029222
iteration 10: residue = 0.000027, energy = 6384.257569 = 6384.257569, xb = 6384.299944, voltage energy = 6384.356982, gap = 0.014662
iteration 11: residue = 0.000017, energy = 6384.251928 = 6384.251928, xb = 6384.278402, voltage energy = 6384.311754, gap = 0.006878
iteration 12: residue = 0.000013, energy = 6384.249392 = 6384.249392, xb = 6384.264666, voltage energy = 6384.283389, gap = 0.003449
iteration 13: residue = 0.000008, energy = 6384.248184 = 6384.248184, xb = 6384.255987, voltage energy = 6384.265744, gap = 0.001953
recursivelinesolver
iteration 0: residue = 0.001779, energy = 6397.903424 = 6397.903424, xb = 6397.028591, voltage energy = 6416.914247, gap = 20.760489
iteration 1: residue = 0.001041, energy = 6390.679714 = 6390.679714, xb = 6390.944609, voltage energy = 6400.581500, gap = 9.371995
iteration 2: residue = 0.000685, energy = 6387.499157 = 6387.499157, xb = 6388.019305, voltage energy = 6393.083773, gap = 4.544319
iteration 3: residue = 0.000435, energy = 6385.743642 = 6385.743642, xb = 6386.309686, voltage energy = 6389.132081, gap = 2.256351
iteration 4: residue = 0.000295, energy = 6384.985482 = 6384.985482, xb = 6385.479574, voltage energy = 6386.976778, gap = 1.003112
iteration 5: residue = 0.000182, energy = 6384.600093 = 6384.600093, xb = 6384.936936, voltage energy = 6385.779599, gap = 0.505818
iteration 6: residue = 0.000127, energy = 6384.425769 = 6384.425769, xb = 6384.637882, voltage energy = 6385.111453, gap = 0.261459
iteration 7: residue = 0.000098, energy = 6384.339969 = 6384.339969, xb = 6384.493442, voltage energy = 6384.782071, gap = 0.135156
iteration 8: residue = 0.000057, energy = 6384.292761 = 6384.292761, xb = 6384.398215, voltage energy = 6384.568614, gap = 0.064945
iteration 9: residue = 0.000040, energy = 6384.268192 = 6384.268192, xb = 6384.325273, voltage energy = 6384.411577, gap = 0.029222
iteration 10: residue = 0.000027, energy = 6384.257569 = 6384.257569, xb = 6384.299944, voltage energy = 6384.356982, gap = 0.014662
iteration 11: residue = 0.000017, energy = 6384.251928 = 6384.251928, xb = 6384.278402, voltage energy = 6384.311754, gap = 0.006878
iteration 12: residue = 0.000013, energy = 6384.249392 = 6384.249392, xb = 6384.264666, voltage energy = 6384.283389, gap = 0.003449
iteration 13: residue = 0.000008, energy = 6384.248184 = 6384.248184, xb = 6384.255987, voltage energy = 6384.265744, gap = 0.001953
recursivelinesolver
iteration 0: residue = 0.001779, energy = 6397.903424 = 6397.903424, xb = 6397.028591, voltage energy = 6416.914247, gap = 20.760489
iteration 1: residue = 0.001041, energy = 6390.679714 = 6390.679714, xb = 6390.944609, voltage energy = 6400.581500, gap = 9.371995
iteration 2: residue = 0.000685, energy = 6387.499157 = 6387.499157, xb = 6388.019305, voltage energy = 6393.083773, gap = 4.544319
iteration 3: residue = 0.000435, energy = 6385.743642 = 6385.743642, xb = 6386.309686, voltage energy = 6389.132081, gap = 2.256351
iteration 4: residue = 0.000295, energy = 6384.985482 = 6384.985482, xb = 6385.479574, voltage energy = 6386.976778, gap = 1.003112
iteration 5: residue = 0.000182, energy = 6384.600093 = 6384.600093, xb = 6384.936936, voltage energy = 6385.779599, gap = 0.505818
iteration 6: residue = 0.000127, energy = 6384.425769 = 6384.425769, xb = 6384.637882, voltage energy = 6385.111453, gap = 0.261459
iteration 7: residue = 0.000098, energy = 6384.339969 = 6384.339969, xb = 6384.493442, voltage energy = 6384.782071, gap = 0.135156
iteration 8: residue = 0.000057, energy = 6384.292761 = 6384.292761, xb = 6384.398215, voltage energy = 6384.568614, gap = 0.064945
iteration 9: residue = 0.000040, energy = 6384.268192 = 6384.268192, xb = 6384.325273, voltage energy = 6384.411577, gap = 0.029222
iteration 10: residue = 0.000027, energy = 6384.257569 = 6384.257569, xb = 6384.299944, voltage energy = 6384.356982, gap = 0.014662
iteration 11: residue = 0.000017, energy = 6384.251928 = 6384.251928, xb = 6384.278402, voltage energy = 6384.311754, gap = 0.006878
iteration 12: residue = 0.000013, energy = 6384.249392 = 6384.249392, xb = 6384.264666, voltage energy = 6384.283389, gap = 0.003449
iteration 13: residue = 0.000008, energy = 6384.248184 = 6384.248184, xb = 6384.255987, voltage energy = 6384.265744, gap = 0.001953
recursivelinesolver
iteration 0: residue = 0.001779, energy = 6397.903424 = 6397.903424, xb = 6397.028591, voltage energy = 6416.914247, gap = 20.760489
iteration 1: residue = 0.001041, energy = 6390.679714 = 6390.679714, xb = 6390.944609, voltage energy = 6400.581500, gap = 9.371995
iteration 2: residue = 0.000685, energy = 6387.499157 = 6387.499157, xb = 6388.019305, voltage energy = 6393.083773, gap = 4.544319
iteration 3: residue = 0.000435, energy = 6385.743642 = 6385.743642, xb = 6386.309686, voltage energy = 6389.132081, gap = 2.256351
iteration 4: residue = 0.000295, energy = 6384.985482 = 6384.985482, xb = 6385.479574, voltage energy = 6386.976778, gap = 1.003112
iteration 5: residue = 0.000182, energy = 6384.600093 = 6384.600093, xb = 6384.936936, voltage energy = 6385.779599, gap = 0.505818
iteration 6: residue = 0.000127, energy = 6384.425769 = 6384.425769, xb = 6384.637882, voltage energy = 6385.111453, gap = 0.261459
iteration 7: residue = 0.000098, energy = 6384.339969 = 6384.339969, xb = 6384.493442, voltage energy = 6384.782071, gap = 0.135156
iteration 8: residue = 0.000057, energy = 6384.292761 = 6384.292761, xb = 6384.398215, voltage energy = 6384.568614, gap = 0.064945
iteration 9: residue = 0.000040, energy = 6384.268192 = 6384.268192, xb = 6384.325273, voltage energy = 6384.411577, gap = 0.029222
iteration 10: residue = 0.000027, energy = 6384.257569 = 6384.257569, xb = 6384.299944, voltage energy = 6384.356982, gap = 0.014662
iteration 11: residue = 0.000017, energy = 6384.251928 = 6384.251928, xb = 6384.278402, voltage energy = 6384.311754, gap = 0.006878
iteration 12: residue = 0.000013, energy = 6384.249392 = 6384.249392, xb = 6384.264666, voltage energy = 6384.283389, gap = 0.003449
iteration 13: residue = 0.000008, energy = 6384.248184 = 6384.248184, xb = 6384.255987, voltage energy = 6384.265744, gap = 0.001953
recursivelinesolver
iteration 0: residue = 0.001779, energy = 6397.903424 = 6397.903424, xb = 6397.028591, voltage energy = 6416.914247, gap = 20.760489
iteration 1: residue = 0.001041, energy = 6390.679714 = 6390.679714, xb = 6390.944609, voltage energy = 6400.581500, gap = 9.371995
iteration 2: residue = 0.000685, energy = 6387.499157 = 6387.499157, xb = 6388.019305, voltage energy = 6393.083773, gap = 4.544319
iteration 3: residue = 0.000435, energy = 6385.743642 = 6385.743642, xb = 6386.309686, voltage energy = 6389.132081, gap = 2.256351
iteration 4: residue = 0.000295, energy = 6384.985482 = 6384.985482, xb = 6385.479574, voltage energy = 6386.976778, gap = 1.003112
iteration 5: residue = 0.000182, energy = 6384.600093 = 6384.600093, xb = 6384.936936, voltage energy = 6385.779599, gap = 0.505818
iteration 6: residue = 0.000127, energy = 6384.425769 = 6384.425769, xb = 6384.637882, voltage energy = 6385.111453, gap = 0.261459
iteration 7: residue = 0.000098, energy = 6384.339969 = 6384.339969, xb = 6384.493442, voltage energy = 6384.782071, gap = 0.135156
iteration 8: residue = 0.000057, energy = 6384.292761 = 6384.292761, xb = 6384.398215, voltage energy = 6384.568614, gap = 0.064945
iteration 9: residue = 0.000040, energy = 6384.268192 = 6384.268192, xb = 6384.325273, voltage energy = 6384.411577, gap = 0.029222
iteration 10: residue = 0.000027, energy = 6384.257569 = 6384.257569, xb = 6384.299944, voltage energy = 6384.356982, gap = 0.014662
iteration 11: residue = 0.000017, energy = 6384.251928 = 6384.251928, xb = 6384.278402, voltage energy = 6384.311754, gap = 0.006878
iteration 12: residue = 0.000013, energy = 6384.249392 = 6384.249392, xb = 6384.264666, voltage energy = 6384.283389, gap = 0.003449
iteration 13: residue = 0.000008, energy = 6384.248184 = 6384.248184, xb = 6384.255987, voltage energy = 6384.265744, gap = 0.001953
recursivelinesolver
iteration 0: residue = 0.001779, energy = 6397.903424 = 6397.903424, xb = 6397.028591, voltage energy = 6416.914247, gap = 20.760489
iteration 1: residue = 0.001041, energy = 6390.679714 = 6390.679714, xb = 6390.944609, voltage energy = 6400.581500, gap = 9.371995
iteration 2: residue = 0.000685, energy = 6387.499157 = 6387.499157, xb = 6388.019305, voltage energy = 6393.083773, gap = 4.544319
iteration 3: residue = 0.000435, energy = 6385.743642 = 6385.743642, xb = 6386.309686, voltage energy = 6389.132081, gap = 2.256351
iteration 4: residue = 0.000295, energy = 6384.985482 = 6384.985482, xb = 6385.479574, voltage energy = 6386.976778, gap = 1.003112
iteration 5: residue = 0.000182, energy = 6384.600093 = 6384.600093, xb = 6384.936936, voltage energy = 6385.779599, gap = 0.505818
iteration 6: residue = 0.000127, energy = 6384.425769 = 6384.425769, xb = 6384.637882, voltage energy = 6385.111453, gap = 0.261459
iteration 7: residue = 0.000098, energy = 6384.339969 = 6384.339969, xb = 6384.493442, voltage energy = 6384.782071, gap = 0.135156
iteration 8: residue = 0.000057, energy = 6384.292761 = 6384.292761, xb = 6384.398215, voltage energy = 6384.568614, gap = 0.064945
iteration 9: residue = 0.000040, energy = 6384.268192 = 6384.268192, xb = 6384.325273, voltage energy = 6384.411577, gap = 0.029222
iteration 10: residue = 0.000027, energy = 6384.257569 = 6384.257569, xb = 6384.299944, voltage energy = 6384.356982, gap = 0.014662
iteration 11: residue = 0.000017, energy = 6384.251928 = 6384.251928, xb = 6384.278402, voltage energy = 6384.311754, gap = 0.006878
iteration 12: residue = 0.000013, energy = 6384.249392 = 6384.249392, xb = 6384.264666, voltage energy = 6384.283389, gap = 0.003449
iteration 13: residue = 0.000008, energy = 6384.248184 = 6384.248184, xb = 6384.255987, voltage energy = 6384.265744, gap = 0.001953
recursivelinesolver
iteration 0: residue = 0.001779, energy = 6397.903424 = 6397.903424, xb = 6397.028591, voltage energy = 6416.914247, gap = 20.760489
iteration 1: residue = 0.001041, energy = 6390.679714 = 6390.679714, xb = 6390.944609, voltage energy = 6400.581500, gap = 9.371995
iteration 2: residue = 0.000685, energy = 6387.499157 = 6387.499157, xb = 6388.019305, voltage energy = 6393.083773, gap = 4.544319
iteration 3: residue = 0.000435, energy = 6385.743642 = 6385.743642, xb = 6386.309686, voltage energy = 6389.132081, gap = 2.256351
iteration 4: residue = 0.000295, energy = 6384.985482 = 6384.985482, xb = 6385.479574, voltage energy = 6386.976778, gap = 1.003112
iteration 5: residue = 0.000182, energy = 6384.600093 = 6384.600093, xb = 6384.936936, voltage energy = 6385.779599, gap = 0.505818
iteration 6: residue = 0.000127, energy = 6384.425769 = 6384.425769, xb = 6384.637882, voltage energy = 6385.111453, gap = 0.261459
iteration 7: residue = 0.000098, energy = 6384.339969 = 6384.339969, xb = 6384.493442, voltage energy = 6384.782071, gap = 0.135156
iteration 8: residue = 0.000057, energy = 6384.292761 = 6384.292761, xb = 6384.398215, voltage energy = 6384.568614, gap = 0.064945
iteration 9: residue = 0.000040, energy = 6384.268192 = 6384.268192, xb = 6384.325273, voltage energy = 6384.411577, gap = 0.029222
iteration 10: residue = 0.000027, energy = 6384.257569 = 6384.257569, xb = 6384.299944, voltage energy = 6384.356982, gap = 0.014662
iteration 11: residue = 0.000017, energy = 6384.251928 = 6384.251928, xb = 6384.278402, voltage energy = 6384.311754, gap = 0.006878
iteration 12: residue = 0.000013, energy = 6384.249392 = 6384.249392, xb = 6384.264666, voltage energy = 6384.283389, gap = 0.003449
iteration 13: residue = 0.000008, energy = 6384.248184 = 6384.248184, xb = 6384.255987, voltage energy = 6384.265744, gap = 0.001953
recursivelinesolver
iteration 0: residue = 0.001779, energy = 6397.903424 = 6397.903424, xb = 6397.028591, voltage energy = 6416.914247, gap = 20.760489
iteration 1: residue = 0.001041, energy = 6390.679714 = 6390.679714, xb = 6390.944609, voltage energy = 6400.581500, gap = 9.371995
iteration 2: residue = 0.000685, energy = 6387.499157 = 6387.499157, xb = 6388.019305, voltage energy = 6393.083773, gap = 4.544319
iteration 3: residue = 0.000435, energy = 6385.743642 = 6385.743642, xb = 6386.309686, voltage energy = 6389.132081, gap = 2.256351
iteration 4: residue = 0.000295, energy = 6384.985482 = 6384.985482, xb = 6385.479574, voltage energy = 6386.976778, gap = 1.003112
iteration 5: residue = 0.000182, energy = 6384.600093 = 6384.600093, xb = 6384.936936, voltage energy = 6385.779599, gap = 0.505818
iteration 6: residue = 0.000127, energy = 6384.425769 = 6384.425769, xb = 6384.637882, voltage energy = 6385.111453, gap = 0.261459
iteration 7: residue = 0.000098, energy = 6384.339969 = 6384.339969, xb = 6384.493442, voltage energy = 6384.782071, gap = 0.135156
iteration 8: residue = 0.000057, energy = 6384.292761 = 6384.292761, xb = 6384.398215, voltage energy = 6384.568614, gap = 0.064945
iteration 9: residue = 0.000040, energy = 6384.268192 = 6384.268192, xb = 6384.325273, voltage energy = 6384.411577, gap = 0.029222
iteration 10: residue = 0.000027, energy = 6384.257569 = 6384.257569, xb = 6384.299944, voltage energy = 6384.356982, gap = 0.014662
iteration 11: residue = 0.000017, energy = 6384.251928 = 6384.251928, xb = 6384.278402, voltage energy = 6384.311754, gap = 0.006878
iteration 12: residue = 0.000013, energy = 6384.249392 = 6384.249392, xb = 6384.264666, voltage energy = 6384.283389, gap = 0.003449
iteration 13: residue = 0.000008, energy = 6384.248184 = 6384.248184, xb = 6384.255987, voltage energy = 6384.265744, gap = 0.001953
recursivelinesolver
iteration 0: residue = 0.001779, energy = 6397.903424 = 6397.903424, xb = 6397.028591, voltage energy = 6416.914247, gap = 20.760489
iteration 1: residue = 0.001041, energy = 6390.679714 = 6390.679714, xb = 6390.944609, voltage energy = 6400.581500, gap = 9.371995
iteration 2: residue = 0.000685, energy = 6387.499157 = 6387.499157, xb = 6388.019305, voltage energy = 6393.083773, gap = 4.544319
iteration 3: residue = 0.000435, energy = 6385.743642 = 6385.743642, xb = 6386.309686, voltage energy = 6389.132081, gap = 2.256351
iteration 4: residue = 0.000295, energy = 6384.985482 = 6384.985482, xb = 6385.479574, voltage energy = 6386.976778, gap = 1.003112
iteration 5: residue = 0.000182, energy = 6384.600093 = 6384.600093, xb = 6384.936936, voltage energy = 6385.779599, gap = 0.505818
iteration 6: residue = 0.000127, energy = 6384.425769 = 6384.425769, xb = 6384.637882, voltage energy = 6385.111453, gap = 0.261459
iteration 7: residue = 0.000098, energy = 6384.339969 = 6384.339969, xb = 6384.493442, voltage energy = 6384.782071, gap = 0.135156
iteration 8: residue = 0.000057, energy = 6384.292761 = 6384.292761, xb = 6384.398215, voltage energy = 6384.568614, gap = 0.064945
iteration 9: residue = 0.000040, energy = 6384.268192 = 6384.268192, xb = 6384.325273, voltage energy = 6384.411577, gap = 0.029222
iteration 10: residue = 0.000027, energy = 6384.257569 = 6384.257569, xb = 6384.299944, voltage energy = 6384.356982, gap = 0.014662
iteration 11: residue = 0.000017, energy = 6384.251928 = 6384.251928, xb = 6384.278402, voltage energy = 6384.311754, gap = 0.006878
iteration 12: residue = 0.000013, energy = 6384.249392 = 6384.249392, xb = 6384.264666, voltage energy = 6384.283389, gap = 0.003449
iteration 13: residue = 0.000008, energy = 6384.248184 = 6384.248184, xb = 6384.255987, voltage energy = 6384.265744, gap = 0.001953
recursivelinesolver
iteration 0: residue = 0.001779, energy = 6397.903424 = 6397.903424, xb = 6397.028591, voltage energy = 6416.914247, gap = 20.760489
iteration 1: residue = 0.001041, energy = 6390.679714 = 6390.679714, xb = 6390.944609, voltage energy = 6400.581500, gap = 9.371995
iteration 2: residue = 0.000685, energy = 6387.499157 = 6387.499157, xb = 6388.019305, voltage energy = 6393.083773, gap = 4.544319
iteration 3: residue = 0.000435, energy = 6385.743642 = 6385.743642, xb = 6386.309686, voltage energy = 6389.132081, gap = 2.256351
iteration 4: residue = 0.000295, energy = 6384.985482 = 6384.985482, xb = 6385.479574, voltage energy = 6386.976778, gap = 1.003112
iteration 5: residue = 0.000182, energy = 6384.600093 = 6384.600093, xb = 6384.936936, voltage energy = 6385.779599, gap = 0.505818
iteration 6: residue = 0.000127, energy = 6384.425769 = 6384.425769, xb = 6384.637882, voltage energy = 6385.111453, gap = 0.261459
iteration 7: residue = 0.000098, energy = 6384.339969 = 6384.339969, xb = 6384.493442, voltage energy = 6384.782071, gap = 0.135156
iteration 8: residue = 0.000057, energy = 6384.292761 = 6384.292761, xb = 6384.398215, voltage energy = 6384.568614, gap = 0.064945
iteration 9: residue = 0.000040, energy = 6384.268192 = 6384.268192, xb = 6384.325273, voltage energy = 6384.411577, gap = 0.029222
iteration 10: residue = 0.000027, energy = 6384.257569 = 6384.257569, xb = 6384.299944, voltage energy = 6384.356982, gap = 0.014662
iteration 11: residue = 0.000017, energy = 6384.251928 = 6384.251928, xb = 6384.278402, voltage energy = 6384.311754, gap = 0.006878
iteration 12: residue = 0.000013, energy = 6384.249392 = 6384.249392, xb = 6384.264666, voltage energy = 6384.283389, gap = 0.003449
iteration 13: residue = 0.000008, energy = 6384.248184 = 6384.248184, xb = 6384.255987, voltage energy = 6384.265744, gap = 0.001953
recursivetreesolver
residual 1.778692e-03
residual 1.041278e-03
residual 6.845305e-04
residual 4.347194e-04
residual 2.954623e-04
residual 1.823920e-04
residual 1.269047e-04
residual 9.765551e-05
residual 5.749113e-05
residual 3.969030e-05
residual 2.662290e-05
residual 1.710718e-05
residual 1.317875e-05
residual 8.096039e-06
recursivetreesolver
residual 1.778692e-03
residual 1.041278e-03
residual 6.845305e-04
residual 4.347194e-04
residual 2.954623e-04
residual 1.823920e-04
residual 1.269047e-04
residual 9.765551e-05
residual 5.749113e-05
residual 3.969030e-05
residual 2.662290e-05
residual 1.710718e-05
residual 1.317875e-05
residual 8.096039e-06
recursivetreesolver
residual 1.778692e-03
residual 1.041278e-03
residual 6.845305e-04
residual 4.347194e-04
residual 2.954623e-04
residual 1.823920e-04
residual 1.269047e-04
residual 9.765551e-05
residual 5.749113e-05
residual 3.969030e-05
residual 2.662290e-05
residual 1.710718e-05
residual 1.317875e-05
residual 8.096039e-06
recursivetreesolver
residual 1.778692e-03
residual 1.041278e-03
residual 6.845305e-04
residual 4.347194e-04
residual 2.954623e-04
residual 1.823920e-04
residual 1.269047e-04
residual 9.765551e-05
residual 5.749113e-05
residual 3.969030e-05
residual 2.662290e-05
residual 1.710718e-05
residual 1.317875e-05
residual 8.096039e-06
recursivetreesolver
residual 1.778692e-03
residual 1.041278e-03
residual 6.845305e-04
residual 4.347194e-04
residual 2.954623e-04
residual 1.823920e-04
residual 1.269047e-04
residual 9.765551e-05
residual 5.749113e-05
residual 3.969030e-05
residual 2.662290e-05
residual 1.710718e-05
residual 1.317875e-05
residual 8.096039e-06
recursivetreesolver
residual 1.778692e-03
residual 1.041278e-03
residual 6.845305e-04
residual 4.347194e-04
residual 2.954623e-04
residual 1.823920e-04
residual 1.269047e-04
residual 9.765551e-05
residual 5.749113e-05
residual 3.969030e-05
residual 2.662290e-05
residual 1.710718e-05
residual 1.317875e-05
residual 8.096039e-06
recursivetreesolver
residual 1.778692e-03
residual 1.041278e-03
residual 6.845305e-04
residual 4.347194e-04
residual 2.954623e-04
residual 1.823920e-04
residual 1.269047e-04
residual 9.765551e-05
residual 5.749113e-05
residual 3.969030e-05
residual 2.662290e-05
residual 1.710718e-05
residual 1.317875e-05
residual 8.096039e-06
recursivetreesolver
residual 1.778692e-03
residual 1.041278e-03
residual 6.845305e-04
residual 4.347194e-04
residual 2.954623e-04
residual 1.823920e-04
residual 1.269047e-04
residual 9.765551e-05
residual 5.749113e-05
residual 3.969030e-05
residual 2.662290e-05
residual 1.710718e-05
residual 1.317875e-05
residual 8.096039e-06
recursivetreesolver
residual 1.778692e-03
residual 1.041278e-03
residual 6.845305e-04
residual 4.347194e-04
residual 2.954623e-04
residual 1.823920e-04
residual 1.269047e-04
residual 9.765551e-05
residual 5.749113e-05
residual 3.969030e-05
residual 2.662290e-05
residual 1.710718e-05
residual 1.317875e-05
residual 8.096039e-06
recursivetreesolver
residual 1.778692e-03
residual 1.041278e-03
residual 6.845305e-04
residual 4.347194e-04
residual 2.954623e-04
residual 1.823920e-04
residual 1.269047e-04
residual 9.765551e-05
residual 5.749113e-05
residual 3.969030e-05
residual 2.662290e-05
residual 1.710718e-05
residual 1.317875e-05
residual 8.096039e-06
