linesolver
iteration 1: energy = 843398.483158 = 843398.483158, xb = 843681.771342, voltage energy = 845087.154109, gap = 1122.0945827738614753
iteration 2: energy = 842704.247405 = 842704.247405, xb = 842778.629935, voltage energy = 842923.548192, gap = 70.5357270595850423
iteration 3: energy = 842658.681526 = 842658.681526, xb = 842671.836740, voltage energy = 842688.329850, gap = 3.3378971021156758
iteration 4: energy = 842656.332765 = 842656.332765, xb = 842657.679412, voltage energy = 842659.244150, gap = 0.2180908935843036
iteration 5: energy = 842656.171542 = 842656.171542, xb = 842656.408113, voltage energy = 842656.657064, gap = 0.0123808758798987
iteration 6: energy = 842656.162587 = 842656.162586, xb = 842656.179028, voltage energy = 842656.196125, gap = 0.0006563144270331
linesolver
iteration 1: energy = 843398.483158 = 843398.483158, xb = 843681.771342, voltage energy = 845087.154109, gap = 1122.0945827738614753
iteration 2: energy = 842704.247405 = 842704.247405, xb = 842778.629935, voltage energy = 842923.548192, gap = 70.5357270595850423
iteration 3: energy = 842658.681526 = 842658.681526, xb = 842671.836740, voltage energy = 842688.329850, gap = 3.3378971021156758
iteration 4: energy = 842656.332765 = 842656.332765, xb = 842657.679412, voltage energy = 842659.244150, gap = 0.2180908935843036
iteration 5: energy = 842656.171542 = 842656.171542, xb = 842656.408113, voltage energy = 842656.657064, gap = 0.0123808758798987
iteration 6: energy = 842656.162587 = 842656.162586, xb = 842656.179028, voltage energy = 842656.196125, gap = 0.0006563144270331
linesolver
iteration 1: energy = 843398.483158 = 843398.483158, xb = 843681.771342, voltage energy = 845087.154109, gap = 1122.0945827738614753
iteration 2: energy = 842704.247405 = 842704.247405, xb = 842778.629935, voltage energy = 842923.548192, gap = 70.5357270595850423
iteration 3: energy = 842658.681526 = 842658.681526, xb = 842671.836740, voltage energy = 842688.329850, gap = 3.3378971021156758
iteration 4: energy = 842656.332765 = 842656.332765, xb = 842657.679412, voltage energy = 842659.244150, gap = 0.2180908935843036
iteration 5: energy = 842656.171542 = 842656.171542, xb = 842656.408113, voltage energy = 842656.657064, gap = 0.0123808758798987
iteration 6: energy = 842656.162587 = 842656.162586, xb = 842656.179028, voltage energy = 842656.196125, gap = 0.0006563144270331
linesolver
iteration 1: energy = 843398.483158 = 843398.483158, xb = 843681.771342, voltage energy = 845087.154109, gap = 1122.0945827738614753
iteration 2: energy = 842704.247405 = 842704.247405, xb = 842778.629935, voltage energy = 842923.548192, gap = 70.5357270595850423
iteration 3: energy = 842658.681526 = 842658.681526, xb = 842671.836740, voltage energy = 842688.329850, gap = 3.3378971021156758
iteration 4: energy = 842656.332765 = 842656.332765, xb = 842657.679412, voltage energy = 842659.244150, gap = 0.2180908935843036
iteration 5: energy = 842656.171542 = 842656.171542, xb = 842656.408113, voltage energy = 842656.657064, gap = 0.0123808758798987
iteration 6: energy = 842656.162587 = 842656.162586, xb = 842656.179028, voltage energy = 842656.196125, gap = 0.0006563144270331
linesolver
iteration 1: energy = 843398.483158 = 843398.483158, xb = 843681.771342, voltage energy = 845087.154109, gap = 1122.0945827738614753
iteration 2: energy = 842704.247405 = 842704.247405, xb = 842778.629935, voltage energy = 842923.548192, gap = 70.5357270595850423
iteration 3: energy = 842658.681526 = 842658.681526, xb = 842671.836740, voltage energy = 842688.329850, gap = 3.3378971021156758
iteration 4: energy = 842656.332765 = 842656.332765, xb = 842657.679412, voltage energy = 842659.244150, gap = 0.2180908935843036
iteration 5: energy = 842656.171542 = 842656.171542, xb = 842656.408113, voltage energy = 842656.657064, gap = 0.0123808758798987
iteration 6: energy = 842656.162587 = 842656.162586, xb = 842656.179028, voltage energy = 842656.196125, gap = 0.0006563144270331
linesolver
iteration 1: energy = 843398.483158 = 843398.483158, xb = 843681.771342, voltage energy = 845087.154109, gap = 1122.0945827738614753
iteration 2: energy = 842704.247405 = 842704.247405, xb = 842778.629935, voltage energy = 842923.548192, gap = 70.5357270595850423
iteration 3: energy = 842658.681526 = 842658.681526, xb = 842671.836740, voltage energy = 842688.329850, gap = 3.3378971021156758
iteration 4: energy = 842656.332765 = 842656.332765, xb = 842657.679412, voltage energy = 842659.244150, gap = 0.2180908935843036
iteration 5: energy = 842656.171542 = 842656.171542, xb = 842656.408113, voltage energy = 842656.657064, gap = 0.0123808758798987
iteration 6: energy = 842656.162587 = 842656.162586, xb = 842656.179028, voltage energy = 842656.196125, gap = 0.0006563144270331
linesolver
iteration 1: energy = 843398.483158 = 843398.483158, xb = 843681.771342, voltage energy = 845087.154109, gap = 1122.0945827738614753
iteration 2: energy = 842704.247405 = 842704.247405, xb = 842778.629935, voltage energy = 842923.548192, gap = 70.5357270595850423
iteration 3: energy = 842658.681526 = 842658.681526, xb = 842671.836740, voltage energy = 842688.329850, gap = 3.3378971021156758
iteration 4: energy = 842656.332765 = 842656.332765, xb = 842657.679412, voltage energy = 842659.244150, gap = 0.2180908935843036
iteration 5: energy = 842656.171542 = 842656.171542, xb = 842656.408113, voltage energy = 842656.657064, gap = 0.0123808758798987
iteration 6: energy = 842656.162587 = 842656.162586, xb = 842656.179028, voltage energy = 842656.196125, gap = 0.0006563144270331
linesolver
iteration 1: energy = 843398.483158 = 843398.483158, xb = 843681.771342, voltage energy = 845087.154109, gap = 1122.0945827738614753
iteration 2: energy = 842704.247405 = 842704.247405, xb = 842778.629935, voltage energy = 842923.548192, gap = 70.5357270595850423
iteration 3: energy = 842658.681526 = 842658.681526, xb = 842671.836740, voltage energy = 842688.329850, gap = 3.3378971021156758
iteration 4: energy = 842656.332765 = 842656.332765, xb = 842657.679412, voltage energy = 842659.244150, gap = 0.2180908935843036
iteration 5: energy = 842656.171542 = 842656.171542, xb = 842656.408113, voltage energy = 842656.657064, gap = 0.0123808758798987
iteration 6: energy = 842656.162587 = 842656.162586, xb = 842656.179028, voltage energy = 842656.196125, gap = 0.0006563144270331
linesolver
iteration 1: energy = 843398.483158 = 843398.483158, xb = 843681.771342, voltage energy = 845087.154109, gap = 1122.0945827738614753
iteration 2: energy = 842704.247405 = 842704.247405, xb = 842778.629935, voltage energy = 842923.548192, gap = 70.5357270595850423
iteration 3: energy = 842658.681526 = 842658.681526, xb = 842671.836740, voltage energy = 842688.329850, gap = 3.3378971021156758
iteration 4: energy = 842656.332765 = 842656.332765, xb = 842657.679412, voltage energy = 842659.244150, gap = 0.2180908935843036
iteration 5: energy = 842656.171542 = 842656.171542, xb = 842656.408113, voltage energy = 842656.657064, gap = 0.0123808758798987
iteration 6: energy = 842656.162587 = 842656.162586, xb = 842656.179028, voltage energy = 842656.196125, gap = 0.0006563144270331
linesolver
iteration 1: energy = 843398.483158 = 843398.483158, xb = 843681.771342, voltage energy = 845087.154109, gap = 1122.0945827738614753
iteration 2: energy = 842704.247405 = 842704.247405, xb = 842778.629935, voltage energy = 842923.548192, gap = 70.5357270595850423
iteration 3: energy = 842658.681526 = 842658.681526, xb = 842671.836740, voltage energy = 842688.329850, gap = 3.3378971021156758
iteration 4: energy = 842656.332765 = 842656.332765, xb = 842657.679412, voltage energy = 842659.244150, gap = 0.2180908935843036
iteration 5: energy = 842656.171542 = 842656.171542, xb = 842656.408113, voltage energy = 842656.657064, gap = 0.0123808758798987
iteration 6: energy = 842656.162587 = 842656.162586, xb = 842656.179028, voltage energy = 842656.196125, gap = 0.0006563144270331
treesolver
iteration 1: energy = 843398.483158 = 843398.483158, xb = 843681.771342, voltage energy = 845087.154109, gap = 1122.094583
iteration 2: energy = 842704.247405 = 842704.247405, xb = 842778.629935, voltage energy = 842923.548192, gap = 70.535727
iteration 3: energy = 842658.681526 = 842658.681526, xb = 842671.836740, voltage energy = 842688.329850, gap = 3.337897
iteration 4: energy = 842656.332765 = 842656.332765, xb = 842657.679412, voltage energy = 842659.244150, gap = 0.218091
iteration 5: energy = 842656.171542 = 842656.171542, xb = 842656.408113, voltage energy = 842656.657064, gap = 0.012381
iteration 6: energy = 842656.162587 = 842656.162586, xb = 842656.179028, voltage energy = 842656.196125, gap = 0.000656
treesolver
iteration 1: energy = 843398.483158 = 843398.483158, xb = 843681.771342, voltage energy = 845087.154109, gap = 1122.094583
iteration 2: energy = 842704.247405 = 842704.247405, xb = 842778.629935, voltage energy = 842923.548192, gap = 70.535727
iteration 3: energy = 842658.681526 = 842658.681526, xb = 842671.836740, voltage energy = 842688.329850, gap = 3.337897
iteration 4: energy = 842656.332765 = 842656.332765, xb = 842657.679412, voltage energy = 842659.244150, gap = 0.218091
iteration 5: energy = 842656.171542 = 842656.171542, xb = 842656.408113, voltage energy = 842656.657064, gap = 0.012381
iteration 6: energy = 842656.162587 = 842656.162586, xb = 842656.179028, voltage energy = 842656.196125, gap = 0.000656
treesolver
iteration 1: energy = 843398.483158 = 843398.483158, xb = 843681.771342, voltage energy = 845087.154109, gap = 1122.094583
iteration 2: energy = 842704.247405 = 842704.247405, xb = 842778.629935, voltage energy = 842923.548192, gap = 70.535727
iteration 3: energy = 842658.681526 = 842658.681526, xb = 842671.836740, voltage energy = 842688.329850, gap = 3.337897
iteration 4: energy = 842656.332765 = 842656.332765, xb = 842657.679412, voltage energy = 842659.244150, gap = 0.218091
iteration 5: energy = 842656.171542 = 842656.171542, xb = 842656.408113, voltage energy = 842656.657064, gap = 0.012381
iteration 6: energy = 842656.162587 = 842656.162586, xb = 842656.179028, voltage energy = 842656.196125, gap = 0.000656
treesolver
iteration 1: energy = 843398.483158 = 843398.483158, xb = 843681.771342, voltage energy = 845087.154109, gap = 1122.094583
iteration 2: energy = 842704.247405 = 842704.247405, xb = 842778.629935, voltage energy = 842923.548192, gap = 70.535727
iteration 3: energy = 842658.681526 = 842658.681526, xb = 842671.836740, voltage energy = 842688.329850, gap = 3.337897
iteration 4: energy = 842656.332765 = 842656.332765, xb = 842657.679412, voltage energy = 842659.244150, gap = 0.218091
iteration 5: energy = 842656.171542 = 842656.171542, xb = 842656.408113, voltage energy = 842656.657064, gap = 0.012381
iteration 6: energy = 842656.162587 = 842656.162586, xb = 842656.179028, voltage energy = 842656.196125, gap = 0.000656
treesolver
iteration 1: energy = 843398.483158 = 843398.483158, xb = 843681.771342, voltage energy = 845087.154109, gap = 1122.094583
iteration 2: energy = 842704.247405 = 842704.247405, xb = 842778.629935, voltage energy = 842923.548192, gap = 70.535727
iteration 3: energy = 842658.681526 = 842658.681526, xb = 842671.836740, voltage energy = 842688.329850, gap = 3.337897
iteration 4: energy = 842656.332765 = 842656.332765, xb = 842657.679412, voltage energy = 842659.244150, gap = 0.218091
iteration 5: energy = 842656.171542 = 842656.171542, xb = 842656.408113, voltage energy = 842656.657064, gap = 0.012381
iteration 6: energy = 842656.162587 = 842656.162586, xb = 842656.179028, voltage energy = 842656.196125, gap = 0.000656
treesolver
iteration 1: energy = 843398.483158 = 843398.483158, xb = 843681.771342, voltage energy = 845087.154109, gap = 1122.094583
iteration 2: energy = 842704.247405 = 842704.247405, xb = 842778.629935, voltage energy = 842923.548192, gap = 70.535727
iteration 3: energy = 842658.681526 = 842658.681526, xb = 842671.836740, voltage energy = 842688.329850, gap = 3.337897
iteration 4: energy = 842656.332765 = 842656.332765, xb = 842657.679412, voltage energy = 842659.244150, gap = 0.218091
iteration 5: energy = 842656.171542 = 842656.171542, xb = 842656.408113, voltage energy = 842656.657064, gap = 0.012381
iteration 6: energy = 842656.162587 = 842656.162586, xb = 842656.179028, voltage energy = 842656.196125, gap = 0.000656
treesolver
iteration 1: energy = 843398.483158 = 843398.483158, xb = 843681.771342, voltage energy = 845087.154109, gap = 1122.094583
iteration 2: energy = 842704.247405 = 842704.247405, xb = 842778.629935, voltage energy = 842923.548192, gap = 70.535727
iteration 3: energy = 842658.681526 = 842658.681526, xb = 842671.836740, voltage energy = 842688.329850, gap = 3.337897
iteration 4: energy = 842656.332765 = 842656.332765, xb = 842657.679412, voltage energy = 842659.244150, gap = 0.218091
iteration 5: energy = 842656.171542 = 842656.171542, xb = 842656.408113, voltage energy = 842656.657064, gap = 0.012381
iteration 6: energy = 842656.162587 = 842656.162586, xb = 842656.179028, voltage energy = 842656.196125, gap = 0.000656
treesolver
iteration 1: energy = 843398.483158 = 843398.483158, xb = 843681.771342, voltage energy = 845087.154109, gap = 1122.094583
iteration 2: energy = 842704.247405 = 842704.247405, xb = 842778.629935, voltage energy = 842923.548192, gap = 70.535727
iteration 3: energy = 842658.681526 = 842658.681526, xb = 842671.836740, voltage energy = 842688.329850, gap = 3.337897
iteration 4: energy = 842656.332765 = 842656.332765, xb = 842657.679412, voltage energy = 842659.244150, gap = 0.218091
iteration 5: energy = 842656.171542 = 842656.171542, xb = 842656.408113, voltage energy = 842656.657064, gap = 0.012381
iteration 6: energy = 842656.162587 = 842656.162586, xb = 842656.179028, voltage energy = 842656.196125, gap = 0.000656
treesolver
iteration 1: energy = 843398.483158 = 843398.483158, xb = 843681.771342, voltage energy = 845087.154109, gap = 1122.094583
iteration 2: energy = 842704.247405 = 842704.247405, xb = 842778.629935, voltage energy = 842923.548192, gap = 70.535727
iteration 3: energy = 842658.681526 = 842658.681526, xb = 842671.836740, voltage energy = 842688.329850, gap = 3.337897
iteration 4: energy = 842656.332765 = 842656.332765, xb = 842657.679412, voltage energy = 842659.244150, gap = 0.218091
iteration 5: energy = 842656.171542 = 842656.171542, xb = 842656.408113, voltage energy = 842656.657064, gap = 0.012381
iteration 6: energy = 842656.162587 = 842656.162586, xb = 842656.179028, voltage energy = 842656.196125, gap = 0.000656
treesolver
iteration 1: energy = 843398.483158 = 843398.483158, xb = 843681.771342, voltage energy = 845087.154109, gap = 1122.094583
iteration 2: energy = 842704.247405 = 842704.247405, xb = 842778.629935, voltage energy = 842923.548192, gap = 70.535727
iteration 3: energy = 842658.681526 = 842658.681526, xb = 842671.836740, voltage energy = 842688.329850, gap = 3.337897
iteration 4: energy = 842656.332765 = 842656.332765, xb = 842657.679412, voltage energy = 842659.244150, gap = 0.218091
iteration 5: energy = 842656.171542 = 842656.171542, xb = 842656.408113, voltage energy = 842656.657064, gap = 0.012381
iteration 6: energy = 842656.162587 = 842656.162586, xb = 842656.179028, voltage energy = 842656.196125, gap = 0.000656
recursivelinesolver
iteration 0: residue = 0.027042, energy = 849286.948617 = 849286.948617, xb = 848858.763046, voltage energy = 858459.162858, gap = 10028.585383
iteration 1: residue = 0.015912, energy = 845804.780102 = 845804.780102, xb = 845947.056965, voltage energy = 850680.820842, gap = 4591.487014
iteration 2: residue = 0.011197, energy = 844260.796875 = 844260.796875, xb = 844535.458115, voltage energy = 847051.867629, gap = 2241.748273
iteration 3: residue = 0.007206, energy = 843398.483158 = 843398.483158, xb = 843681.771342, voltage energy = 845087.154109, gap = 1122.094583
iteration 4: residue = 0.004830, energy = 843018.414950 = 843018.414950, xb = 843268.025648, voltage energy = 844009.786032, gap = 492.149685
iteration 5: residue = 0.003235, energy = 842833.137079 = 842833.137079, xb = 842998.535248, voltage energy = 843414.808521, gap = 250.875104
iteration 6: residue = 0.002519, energy = 842747.178222 = 842747.178222, xb = 842850.883109, voltage energy = 843089.070862, gap = 134.482866
iteration 7: residue = 0.002059, energy = 842704.247405 = 842704.247405, xb = 842778.629935, voltage energy = 842923.548192, gap = 70.535727
iteration 8: residue = 0.000940, energy = 842678.713269 = 842678.713269, xb = 842731.382354, voltage energy = 842815.909746, gap = 31.858307
iteration 9: residue = 0.000618, energy = 842666.598911 = 842666.598911, xb = 842695.292531, voltage energy = 842738.195063, gap = 14.208913
iteration 10: residue = 0.000413, energy = 842661.417429 = 842661.417429, xb = 842682.233108, voltage energy = 842710.163921, gap = 7.115133
iteration 11: residue = 0.000278, energy = 842658.681526 = 842658.681526, xb = 842671.836740, voltage energy = 842688.329850, gap = 3.337897
iteration 12: residue = 0.000217, energy = 842657.435979 = 842657.435979, xb = 842664.880609, voltage energy = 842673.995888, gap = 1.670650
iteration 13: residue = 0.000131, energy = 842656.863037 = 842656.863037, xb = 842660.853425, voltage energy = 842665.796460, gap = 0.952647
iteration 14: residue = 0.000085, energy = 842656.460981 = 842656.460981, xb = 842658.824341, voltage energy = 842661.579224, gap = 0.391523
iteration 15: residue = 0.000057, energy = 842656.332765 = 842656.332765, xb = 842657.679412, voltage energy = 842659.244150, gap = 0.218091
iteration 16: residue = 0.000037, energy = 842656.237504 = 842656.237504, xb = 842657.198748, voltage energy = 842658.262936, gap = 0.102944
iteration 17: residue = 0.000026, energy = 842656.198925 = 842656.198925, xb = 842656.670284, voltage energy = 842657.189448, gap = 0.047804
iteration 18: residue = 0.000018, energy = 842656.179901 = 842656.179901, xb = 842656.500119, voltage energy = 842656.844622, gap = 0.024286
iteration 19: residue = 0.000011, energy = 842656.171542 = 842656.171542, xb = 842656.408113, voltage energy = 842656.657064, gap = 0.012381
iteration 20: residue = 0.000008, energy = 842656.166804 = 842656.166804, xb = 842656.285813, voltage energy = 842656.411794, gap = 0.006972
recursivelinesolver
iteration 0: residue = 0.027042, energy = 849286.948617 = 849286.948617, xb = 848858.763046, voltage energy = 858459.162858, gap = 10028.585383
iteration 1: residue = 0.015912, energy = 845804.780102 = 845804.780102, xb = 845947.056965, voltage energy = 850680.820842, gap = 4591.487014
iteration 2: residue = 0.011197, energy = 844260.796875 = 844260.796875, xb = 844535.458115, voltage energy = 847051.867629, gap = 2241.748273
iteration 3: residue = 0.007206, energy = 843398.483158 = 843398.483158, xb = 843681.771342, voltage energy = 845087.154109, gap = 1122.094583
iteration 4: residue = 0.004830, energy = 843018.414950 = 843018.414950, xb = 843268.025648, voltage energy = 844009.786032, gap = 492.149685
iteration 5: residue = 0.003235, energy = 842833.137079 = 842833.137079, xb = 842998.535248, voltage energy = 843414.808521, gap = 250.875104
iteration 6: residue = 0.002519, energy = 842747.178222 = 842747.178222, xb = 842850.883109, voltage energy = 843089.070862, gap = 134.482866
iteration 7: residue = 0.002059, energy = 842704.247405 = 842704.247405, xb = 842778.629935, voltage energy = 842923.548192, gap = 70.535727
iteration 8: residue = 0.000940, energy = 842678.713269 = 842678.713269, xb = 842731.382354, voltage energy = 842815.909746, gap = 31.858307
iteration 9: residue = 0.000618, energy = 842666.598911 = 842666.598911, xb = 842695.292531, voltage energy = 842738.195063, gap = 14.208913
iteration 10: residue = 0.000413, energy = 842661.417429 = 842661.417429, xb = 842682.233108, voltage energy = 842710.163921, gap = 7.115133
iteration 11: residue = 0.000278, energy = 842658.681526 = 842658.681526, xb = 842671.836740, voltage energy = 842688.329850, gap = 3.337897
iteration 12: residue = 0.000217, energy = 842657.435979 = 842657.435979, xb = 842664.880609, voltage energy = 842673.995888, gap = 1.670650
iteration 13: residue = 0.000131, energy = 842656.863037 = 842656.863037, xb = 842660.853425, voltage energy = 842665.796460, gap = 0.952647
iteration 14: residue = 0.000085, energy = 842656.460981 = 842656.460981, xb = 842658.824341, voltage energy = 842661.579224, gap = 0.391523
iteration 15: residue = 0.000057, energy = 842656.332765 = 842656.332765, xb = 842657.679412, voltage energy = 842659.244150, gap = 0.218091
iteration 16: residue = 0.000037, energy = 842656.237504 = 842656.237504, xb = 842657.198748, voltage energy = 842658.262936, gap = 0.102944
iteration 17: residue = 0.000026, energy = 842656.198925 = 842656.198925, xb = 842656.670284, voltage energy = 842657.189448, gap = 0.047804
iteration 18: residue = 0.000018, energy = 842656.179901 = 842656.179901, xb = 842656.500119, voltage energy = 842656.844622, gap = 0.024286
iteration 19: residue = 0.000011, energy = 842656.171542 = 842656.171542, xb = 842656.408113, voltage energy = 842656.657064, gap = 0.012381
iteration 20: residue = 0.000008, energy = 842656.166804 = 842656.166804, xb = 842656.285813, voltage energy = 842656.411794, gap = 0.006972
recursivelinesolver
iteration 0: residue = 0.027042, energy = 849286.948617 = 849286.948617, xb = 848858.763046, voltage energy = 858459.162858, gap = 10028.585383
iteration 1: residue = 0.015912, energy = 845804.780102 = 845804.780102, xb = 845947.056965, voltage energy = 850680.820842, gap = 4591.487014
iteration 2: residue = 0.011197, energy = 844260.796875 = 844260.796875, xb = 844535.458115, voltage energy = 847051.867629, gap = 2241.748273
iteration 3: residue = 0.007206, energy = 843398.483158 = 843398.483158, xb = 843681.771342, voltage energy = 845087.154109, gap = 1122.094583
iteration 4: residue = 0.004830, energy = 843018.414950 = 843018.414950, xb = 843268.025648, voltage energy = 844009.786032, gap = 492.149685
iteration 5: residue = 0.003235, energy = 842833.137079 = 842833.137079, xb = 842998.535248, voltage energy = 843414.808521, gap = 250.875104
iteration 6: residue = 0.002519, energy = 842747.178222 = 842747.178222, xb = 842850.883109, voltage energy = 843089.070862, gap = 134.482866
iteration 7: residue = 0.002059, energy = 842704.247405 = 842704.247405, xb = 842778.629935, voltage energy = 842923.548192, gap = 70.535727
iteration 8: residue = 0.000940, energy = 842678.713269 = 842678.713269, xb = 842731.382354, voltage energy = 842815.909746, gap = 31.858307
iteration 9: residue = 0.000618, energy = 842666.598911 = 842666.598911, xb = 842695.292531, voltage energy = 842738.195063, gap = 14.208913
iteration 10: residue = 0.000413, energy = 842661.417429 = 842661.417429, xb = 842682.233108, voltage energy = 842710.163921, gap = 7.115133
iteration 11: residue = 0.000278, energy = 842658.681526 = 842658.681526, xb = 842671.836740, voltage energy = 842688.329850, gap = 3.337897
iteration 12: residue = 0.000217, energy = 842657.435979 = 842657.435979, xb = 842664.880609, voltage energy = 842673.995888, gap = 1.670650
iteration 13: residue = 0.000131, energy = 842656.863037 = 842656.863037, xb = 842660.853425, voltage energy = 842665.796460, gap = 0.952647
iteration 14: residue = 0.000085, energy = 842656.460981 = 842656.460981, xb = 842658.824341, voltage energy = 842661.579224, gap = 0.391523
iteration 15: residue = 0.000057, energy = 842656.332765 = 842656.332765, xb = 842657.679412, voltage energy = 842659.244150, gap = 0.218091
iteration 16: residue = 0.000037, energy = 842656.237504 = 842656.237504, xb = 842657.198748, voltage energy = 842658.262936, gap = 0.102944
iteration 17: residue = 0.000026, energy = 842656.198925 = 842656.198925, xb = 842656.670284, voltage energy = 842657.189448, gap = 0.047804
iteration 18: residue = 0.000018, energy = 842656.179901 = 842656.179901, xb = 842656.500119, voltage energy = 842656.844622, gap = 0.024286
iteration 19: residue = 0.000011, energy = 842656.171542 = 842656.171542, xb = 842656.408113, voltage energy = 842656.657064, gap = 0.012381
iteration 20: residue = 0.000008, energy = 842656.166804 = 842656.166804, xb = 842656.285813, voltage energy = 842656.411794, gap = 0.006972
recursivelinesolver
iteration 0: residue = 0.027042, energy = 849286.948617 = 849286.948617, xb = 848858.763046, voltage energy = 858459.162858, gap = 10028.585383
iteration 1: residue = 0.015912, energy = 845804.780102 = 845804.780102, xb = 845947.056965, voltage energy = 850680.820842, gap = 4591.487014
iteration 2: residue = 0.011197, energy = 844260.796875 = 844260.796875, xb = 844535.458115, voltage energy = 847051.867629, gap = 2241.748273
iteration 3: residue = 0.007206, energy = 843398.483158 = 843398.483158, xb = 843681.771342, voltage energy = 845087.154109, gap = 1122.094583
iteration 4: residue = 0.004830, energy = 843018.414950 = 843018.414950, xb = 843268.025648, voltage energy = 844009.786032, gap = 492.149685
iteration 5: residue = 0.003235, energy = 842833.137079 = 842833.137079, xb = 842998.535248, voltage energy = 843414.808521, gap = 250.875104
iteration 6: residue = 0.002519, energy = 842747.178222 = 842747.178222, xb = 842850.883109, voltage energy = 843089.070862, gap = 134.482866
iteration 7: residue = 0.002059, energy = 842704.247405 = 842704.247405, xb = 842778.629935, voltage energy = 842923.548192, gap = 70.535727
iteration 8: residue = 0.000940, energy = 842678.713269 = 842678.713269, xb = 842731.382354, voltage energy = 842815.909746, gap = 31.858307
iteration 9: residue = 0.000618, energy = 842666.598911 = 842666.598911, xb = 842695.292531, voltage energy = 842738.195063, gap = 14.208913
iteration 10: residue = 0.000413, energy = 842661.417429 = 842661.417429, xb = 842682.233108, voltage energy = 842710.163921, gap = 7.115133
iteration 11: residue = 0.000278, energy = 842658.681526 = 842658.681526, xb = 842671.836740, voltage energy = 842688.329850, gap = 3.337897
iteration 12: residue = 0.000217, energy = 842657.435979 = 842657.435979, xb = 842664.880609, voltage energy = 842673.995888, gap = 1.670650
iteration 13: residue = 0.000131, energy = 842656.863037 = 842656.863037, xb = 842660.853425, voltage energy = 842665.796460, gap = 0.952647
iteration 14: residue = 0.000085, energy = 842656.460981 = 842656.460981, xb = 842658.824341, voltage energy = 842661.579224, gap = 0.391523
iteration 15: residue = 0.000057, energy = 842656.332765 = 842656.332765, xb = 842657.679412, voltage energy = 842659.244150, gap = 0.218091
iteration 16: residue = 0.000037, energy = 842656.237504 = 842656.237504, xb = 842657.198748, voltage energy = 842658.262936, gap = 0.102944
iteration 17: residue = 0.000026, energy = 842656.198925 = 842656.198925, xb = 842656.670284, voltage energy = 842657.189448, gap = 0.047804
iteration 18: residue = 0.000018, energy = 842656.179901 = 842656.179901, xb = 842656.500119, voltage energy = 842656.844622, gap = 0.024286
iteration 19: residue = 0.000011, energy = 842656.171542 = 842656.171542, xb = 842656.408113, voltage energy = 842656.657064, gap = 0.012381
iteration 20: residue = 0.000008, energy = 842656.166804 = 842656.166804, xb = 842656.285813, voltage energy = 842656.411794, gap = 0.006972
recursivelinesolver
iteration 0: residue = 0.027042, energy = 849286.948617 = 849286.948617, xb = 848858.763046, voltage energy = 858459.162858, gap = 10028.585383
iteration 1: residue = 0.015912, energy = 845804.780102 = 845804.780102, xb = 845947.056965, voltage energy = 850680.820842, gap = 4591.487014
iteration 2: residue = 0.011197, energy = 844260.796875 = 844260.796875, xb = 844535.458115, voltage energy = 847051.867629, gap = 2241.748273
iteration 3: residue = 0.007206, energy = 843398.483158 = 843398.483158, xb = 843681.771342, voltage energy = 845087.154109, gap = 1122.094583
iteration 4: residue = 0.004830, energy = 843018.414950 = 843018.414950, xb = 843268.025648, voltage energy = 844009.786032, gap = 492.149685
iteration 5: residue = 0.003235, energy = 842833.137079 = 842833.137079, xb = 842998.535248, voltage energy = 843414.808521, gap = 250.875104
iteration 6: residue = 0.002519, energy = 842747.178222 = 842747.178222, xb = 842850.883109, voltage energy = 843089.070862, gap = 134.482866
iteration 7: residue = 0.002059, energy = 842704.247405 = 842704.247405, xb = 842778.629935, voltage energy = 842923.548192, gap = 70.535727
iteration 8: residue = 0.000940, energy = 842678.713269 = 842678.713269, xb = 842731.382354, voltage energy = 842815.909746, gap = 31.858307
iteration 9: residue = 0.000618, energy = 842666.598911 = 842666.598911, xb = 842695.292531, voltage energy = 842738.195063, gap = 14.208913
iteration 10: residue = 0.000413, energy = 842661.417429 = 842661.417429, xb = 842682.233108, voltage energy = 842710.163921, gap = 7.115133
iteration 11: residue = 0.000278, energy = 842658.681526 = 842658.681526, xb = 842671.836740, voltage energy = 842688.329850, gap = 3.337897
iteration 12: residue = 0.000217, energy = 842657.435979 = 842657.435979, xb = 842664.880609, voltage energy = 842673.995888, gap = 1.670650
iteration 13: residue = 0.000131, energy = 842656.863037 = 842656.863037, xb = 842660.853425, voltage energy = 842665.796460, gap = 0.952647
iteration 14: residue = 0.000085, energy = 842656.460981 = 842656.460981, xb = 842658.824341, voltage energy = 842661.579224, gap = 0.391523
iteration 15: residue = 0.000057, energy = 842656.332765 = 842656.332765, xb = 842657.679412, voltage energy = 842659.244150, gap = 0.218091
iteration 16: residue = 0.000037, energy = 842656.237504 = 842656.237504, xb = 842657.198748, voltage energy = 842658.262936, gap = 0.102944
iteration 17: residue = 0.000026, energy = 842656.198925 = 842656.198925, xb = 842656.670284, voltage energy = 842657.189448, gap = 0.047804
iteration 18: residue = 0.000018, energy = 842656.179901 = 842656.179901, xb = 842656.500119, voltage energy = 842656.844622, gap = 0.024286
iteration 19: residue = 0.000011, energy = 842656.171542 = 842656.171542, xb = 842656.408113, voltage energy = 842656.657064, gap = 0.012381
iteration 20: residue = 0.000008, energy = 842656.166804 = 842656.166804, xb = 842656.285813, voltage energy = 842656.411794, gap = 0.006972
recursivelinesolver
iteration 0: residue = 0.027042, energy = 849286.948617 = 849286.948617, xb = 848858.763046, voltage energy = 858459.162858, gap = 10028.585383
iteration 1: residue = 0.015912, energy = 845804.780102 = 845804.780102, xb = 845947.056965, voltage energy = 850680.820842, gap = 4591.487014
iteration 2: residue = 0.011197, energy = 844260.796875 = 844260.796875, xb = 844535.458115, voltage energy = 847051.867629, gap = 2241.748273
iteration 3: residue = 0.007206, energy = 843398.483158 = 843398.483158, xb = 843681.771342, voltage energy = 845087.154109, gap = 1122.094583
iteration 4: residue = 0.004830, energy = 843018.414950 = 843018.414950, xb = 843268.025648, voltage energy = 844009.786032, gap = 492.149685
iteration 5: residue = 0.003235, energy = 842833.137079 = 842833.137079, xb = 842998.535248, voltage energy = 843414.808521, gap = 250.875104
iteration 6: residue = 0.002519, energy = 842747.178222 = 842747.178222, xb = 842850.883109, voltage energy = 843089.070862, gap = 134.482866
iteration 7: residue = 0.002059, energy = 842704.247405 = 842704.247405, xb = 842778.629935, voltage energy = 842923.548192, gap = 70.535727
iteration 8: residue = 0.000940, energy = 842678.713269 = 842678.713269, xb = 842731.382354, voltage energy = 842815.909746, gap = 31.858307
iteration 9: residue = 0.000618, energy = 842666.598911 = 842666.598911, xb = 842695.292531, voltage energy = 842738.195063, gap = 14.208913
iteration 10: residue = 0.000413, energy = 842661.417429 = 842661.417429, xb = 842682.233108, voltage energy = 842710.163921, gap = 7.115133
iteration 11: residue = 0.000278, energy = 842658.681526 = 842658.681526, xb = 842671.836740, voltage energy = 842688.329850, gap = 3.337897
iteration 12: residue = 0.000217, energy = 842657.435979 = 842657.435979, xb = 842664.880609, voltage energy = 842673.995888, gap = 1.670650
iteration 13: residue = 0.000131, energy = 842656.863037 = 842656.863037, xb = 842660.853425, voltage energy = 842665.796460, gap = 0.952647
iteration 14: residue = 0.000085, energy = 842656.460981 = 842656.460981, xb = 842658.824341, voltage energy = 842661.579224, gap = 0.391523
iteration 15: residue = 0.000057, energy = 842656.332765 = 842656.332765, xb = 842657.679412, voltage energy = 842659.244150, gap = 0.218091
iteration 16: residue = 0.000037, energy = 842656.237504 = 842656.237504, xb = 842657.198748, voltage energy = 842658.262936, gap = 0.102944
iteration 17: residue = 0.000026, energy = 842656.198925 = 842656.198925, xb = 842656.670284, voltage energy = 842657.189448, gap = 0.047804
iteration 18: residue = 0.000018, energy = 842656.179901 = 842656.179901, xb = 842656.500119, voltage energy = 842656.844622, gap = 0.024286
iteration 19: residue = 0.000011, energy = 842656.171542 = 842656.171542, xb = 842656.408113, voltage energy = 842656.657064, gap = 0.012381
iteration 20: residue = 0.000008, energy = 842656.166804 = 842656.166804, xb = 842656.285813, voltage energy = 842656.411794, gap = 0.006972
recursivelinesolver
iteration 0: residue = 0.027042, energy = 849286.948617 = 849286.948617, xb = 848858.763046, voltage energy = 858459.162858, gap = 10028.585383
iteration 1: residue = 0.015912, energy = 845804.780102 = 845804.780102, xb = 845947.056965, voltage energy = 850680.820842, gap = 4591.487014
iteration 2: residue = 0.011197, energy = 844260.796875 = 844260.796875, xb = 844535.458115, voltage energy = 847051.867629, gap = 2241.748273
iteration 3: residue = 0.007206, energy = 843398.483158 = 843398.483158, xb = 843681.771342, voltage energy = 845087.154109, gap = 1122.094583
iteration 4: residue = 0.004830, energy = 843018.414950 = 843018.414950, xb = 843268.025648, voltage energy = 844009.786032, gap = 492.149685
iteration 5: residue = 0.003235, energy = 842833.137079 = 842833.137079, xb = 842998.535248, voltage energy = 843414.808521, gap = 250.875104
iteration 6: residue = 0.002519, energy = 842747.178222 = 842747.178222, xb = 842850.883109, voltage energy = 843089.070862, gap = 134.482866
iteration 7: residue = 0.002059, energy = 842704.247405 = 842704.247405, xb = 842778.629935, voltage energy = 842923.548192, gap = 70.535727
iteration 8: residue = 0.000940, energy = 842678.713269 = 842678.713269, xb = 842731.382354, voltage energy = 842815.909746, gap = 31.858307
iteration 9: residue = 0.000618, energy = 842666.598911 = 842666.598911, xb = 842695.292531, voltage energy = 842738.195063, gap = 14.208913
iteration 10: residue = 0.000413, energy = 842661.417429 = 842661.417429, xb = 842682.233108, voltage energy = 842710.163921, gap = 7.115133
iteration 11: residue = 0.000278, energy = 842658.681526 = 842658.681526, xb = 842671.836740, voltage energy = 842688.329850, gap = 3.337897
iteration 12: residue = 0.000217, energy = 842657.435979 = 842657.435979, xb = 842664.880609, voltage energy = 842673.995888, gap = 1.670650
iteration 13: residue = 0.000131, energy = 842656.863037 = 842656.863037, xb = 842660.853425, voltage energy = 842665.796460, gap = 0.952647
iteration 14: residue = 0.000085, energy = 842656.460981 = 842656.460981, xb = 842658.824341, voltage energy = 842661.579224, gap = 0.391523
iteration 15: residue = 0.000057, energy = 842656.332765 = 842656.332765, xb = 842657.679412, voltage energy = 842659.244150, gap = 0.218091
iteration 16: residue = 0.000037, energy = 842656.237504 = 842656.237504, xb = 842657.198748, voltage energy = 842658.262936, gap = 0.102944
iteration 17: residue = 0.000026, energy = 842656.198925 = 842656.198925, xb = 842656.670284, voltage energy = 842657.189448, gap = 0.047804
iteration 18: residue = 0.000018, energy = 842656.179901 = 842656.179901, xb = 842656.500119, voltage energy = 842656.844622, gap = 0.024286
iteration 19: residue = 0.000011, energy = 842656.171542 = 842656.171542, xb = 842656.408113, voltage energy = 842656.657064, gap = 0.012381
iteration 20: residue = 0.000008, energy = 842656.166804 = 842656.166804, xb = 842656.285813, voltage energy = 842656.411794, gap = 0.006972
recursivelinesolver
iteration 0: residue = 0.027042, energy = 849286.948617 = 849286.948617, xb = 848858.763046, voltage energy = 858459.162858, gap = 10028.585383
iteration 1: residue = 0.015912, energy = 845804.780102 = 845804.780102, xb = 845947.056965, voltage energy = 850680.820842, gap = 4591.487014
iteration 2: residue = 0.011197, energy = 844260.796875 = 844260.796875, xb = 844535.458115, voltage energy = 847051.867629, gap = 2241.748273
iteration 3: residue = 0.007206, energy = 843398.483158 = 843398.483158, xb = 843681.771342, voltage energy = 845087.154109, gap = 1122.094583
iteration 4: residue = 0.004830, energy = 843018.414950 = 843018.414950, xb = 843268.025648, voltage energy = 844009.786032, gap = 492.149685
iteration 5: residue = 0.003235, energy = 842833.137079 = 842833.137079, xb = 842998.535248, voltage energy = 843414.808521, gap = 250.875104
iteration 6: residue = 0.002519, energy = 842747.178222 = 842747.178222, xb = 842850.883109, voltage energy = 843089.070862, gap = 134.482866
iteration 7: residue = 0.002059, energy = 842704.247405 = 842704.247405, xb = 842778.629935, voltage energy = 842923.548192, gap = 70.535727
iteration 8: residue = 0.000940, energy = 842678.713269 = 842678.713269, xb = 842731.382354, voltage energy = 842815.909746, gap = 31.858307
iteration 9: residue = 0.000618, energy = 842666.598911 = 842666.598911, xb = 842695.292531, voltage energy = 842738.195063, gap = 14.208913
iteration 10: residue = 0.000413, energy = 842661.417429 = 842661.417429, xb = 842682.233108, voltage energy = 842710.163921, gap = 7.115133
iteration 11: residue = 0.000278, energy = 842658.681526 = 842658.681526, xb = 842671.836740, voltage energy = 842688.329850, gap = 3.337897
iteration 12: residue = 0.000217, energy = 842657.435979 = 842657.435979, xb = 842664.880609, voltage energy = 842673.995888, gap = 1.670650
iteration 13: residue = 0.000131, energy = 842656.863037 = 842656.863037, xb = 842660.853425, voltage energy = 842665.796460, gap = 0.952647
iteration 14: residue = 0.000085, energy = 842656.460981 = 842656.460981, xb = 842658.824341, voltage energy = 842661.579224, gap = 0.391523
iteration 15: residue = 0.000057, energy = 842656.332765 = 842656.332765, xb = 842657.679412, voltage energy = 842659.244150, gap = 0.218091
iteration 16: residue = 0.000037, energy = 842656.237504 = 842656.237504, xb = 842657.198748, voltage energy = 842658.262936, gap = 0.102944
iteration 17: residue = 0.000026, energy = 842656.198925 = 842656.198925, xb = 842656.670284, voltage energy = 842657.189448, gap = 0.047804
iteration 18: residue = 0.000018, energy = 842656.179901 = 842656.179901, xb = 842656.500119, voltage energy = 842656.844622, gap = 0.024286
iteration 19: residue = 0.000011, energy = 842656.171542 = 842656.171542, xb = 842656.408113, voltage energy = 842656.657064, gap = 0.012381
iteration 20: residue = 0.000008, energy = 842656.166804 = 842656.166804, xb = 842656.285813, voltage energy = 842656.411794, gap = 0.006972
recursivelinesolver
iteration 0: residue = 0.027042, energy = 849286.948617 = 849286.948617, xb = 848858.763046, voltage energy = 858459.162858, gap = 10028.585383
iteration 1: residue = 0.015912, energy = 845804.780102 = 845804.780102, xb = 845947.056965, voltage energy = 850680.820842, gap = 4591.487014
iteration 2: residue = 0.011197, energy = 844260.796875 = 844260.796875, xb = 844535.458115, voltage energy = 847051.867629, gap = 2241.748273
iteration 3: residue = 0.007206, energy = 843398.483158 = 843398.483158, xb = 843681.771342, voltage energy = 845087.154109, gap = 1122.094583
iteration 4: residue = 0.004830, energy = 843018.414950 = 843018.414950, xb = 843268.025648, voltage energy = 844009.786032, gap = 492.149685
iteration 5: residue = 0.003235, energy = 842833.137079 = 842833.137079, xb = 842998.535248, voltage energy = 843414.808521, gap = 250.875104
iteration 6: residue = 0.002519, energy = 842747.178222 = 842747.178222, xb = 842850.883109, voltage energy = 843089.070862, gap = 134.482866
iteration 7: residue = 0.002059, energy = 842704.247405 = 842704.247405, xb = 842778.629935, voltage energy = 842923.548192, gap = 70.535727
iteration 8: residue = 0.000940, energy = 842678.713269 = 842678.713269, xb = 842731.382354, voltage energy = 842815.909746, gap = 31.858307
iteration 9: residue = 0.000618, energy = 842666.598911 = 842666.598911, xb = 842695.292531, voltage energy = 842738.195063, gap = 14.208913
iteration 10: residue = 0.000413, energy = 842661.417429 = 842661.417429, xb = 842682.233108, voltage energy = 842710.163921, gap = 7.115133
iteration 11: residue = 0.000278, energy = 842658.681526 = 842658.681526, xb = 842671.836740, voltage energy = 842688.329850, gap = 3.337897
iteration 12: residue = 0.000217, energy = 842657.435979 = 842657.435979, xb = 842664.880609, voltage energy = 842673.995888, gap = 1.670650
iteration 13: residue = 0.000131, energy = 842656.863037 = 842656.863037, xb = 842660.853425, voltage energy = 842665.796460, gap = 0.952647
iteration 14: residue = 0.000085, energy = 842656.460981 = 842656.460981, xb = 842658.824341, voltage energy = 842661.579224, gap = 0.391523
iteration 15: residue = 0.000057, energy = 842656.332765 = 842656.332765, xb = 842657.679412, voltage energy = 842659.244150, gap = 0.218091
iteration 16: residue = 0.000037, energy = 842656.237504 = 842656.237504, xb = 842657.198748, voltage energy = 842658.262936, gap = 0.102944
iteration 17: residue = 0.000026, energy = 842656.198925 = 842656.198925, xb = 842656.670284, voltage energy = 842657.189448, gap = 0.047804
iteration 18: residue = 0.000018, energy = 842656.179901 = 842656.179901, xb = 842656.500119, voltage energy = 842656.844622, gap = 0.024286
iteration 19: residue = 0.000011, energy = 842656.171542 = 842656.171542, xb = 842656.408113, voltage energy = 842656.657064, gap = 0.012381
iteration 20: residue = 0.000008, energy = 842656.166804 = 842656.166804, xb = 842656.285813, voltage energy = 842656.411794, gap = 0.006972
recursivelinesolver
iteration 0: residue = 0.027042, energy = 849286.948617 = 849286.948617, xb = 848858.763046, voltage energy = 858459.162858, gap = 10028.585383
iteration 1: residue = 0.015912, energy = 845804.780102 = 845804.780102, xb = 845947.056965, voltage energy = 850680.820842, gap = 4591.487014
iteration 2: residue = 0.011197, energy = 844260.796875 = 844260.796875, xb = 844535.458115, voltage energy = 847051.867629, gap = 2241.748273
iteration 3: residue = 0.007206, energy = 843398.483158 = 843398.483158, xb = 843681.771342, voltage energy = 845087.154109, gap = 1122.094583
iteration 4: residue = 0.004830, energy = 843018.414950 = 843018.414950, xb = 843268.025648, voltage energy = 844009.786032, gap = 492.149685
iteration 5: residue = 0.003235, energy = 842833.137079 = 842833.137079, xb = 842998.535248, voltage energy = 843414.808521, gap = 250.875104
iteration 6: residue = 0.002519, energy = 842747.178222 = 842747.178222, xb = 842850.883109, voltage energy = 843089.070862, gap = 134.482866
iteration 7: residue = 0.002059, energy = 842704.247405 = 842704.247405, xb = 842778.629935, voltage energy = 842923.548192, gap = 70.535727
iteration 8: residue = 0.000940, energy = 842678.713269 = 842678.713269, xb = 842731.382354, voltage energy = 842815.909746, gap = 31.858307
iteration 9: residue = 0.000618, energy = 842666.598911 = 842666.598911, xb = 842695.292531, voltage energy = 842738.195063, gap = 14.208913
iteration 10: residue = 0.000413, energy = 842661.417429 = 842661.417429, xb = 842682.233108, voltage energy = 842710.163921, gap = 7.115133
iteration 11: residue = 0.000278, energy = 842658.681526 = 842658.681526, xb = 842671.836740, voltage energy = 842688.329850, gap = 3.337897
iteration 12: residue = 0.000217, energy = 842657.435979 = 842657.435979, xb = 842664.880609, voltage energy = 842673.995888, gap = 1.670650
iteration 13: residue = 0.000131, energy = 842656.863037 = 842656.863037, xb = 842660.853425, voltage energy = 842665.796460, gap = 0.952647
iteration 14: residue = 0.000085, energy = 842656.460981 = 842656.460981, xb = 842658.824341, voltage energy = 842661.579224, gap = 0.391523
iteration 15: residue = 0.000057, energy = 842656.332765 = 842656.332765, xb = 842657.679412, voltage energy = 842659.244150, gap = 0.218091
iteration 16: residue = 0.000037, energy = 842656.237504 = 842656.237504, xb = 842657.198748, voltage energy = 842658.262936, gap = 0.102944
iteration 17: residue = 0.000026, energy = 842656.198925 = 842656.198925, xb = 842656.670284, voltage energy = 842657.189448, gap = 0.047804
iteration 18: residue = 0.000018, energy = 842656.179901 = 842656.179901, xb = 842656.500119, voltage energy = 842656.844622, gap = 0.024286
iteration 19: residue = 0.000011, energy = 842656.171542 = 842656.171542, xb = 842656.408113, voltage energy = 842656.657064, gap = 0.012381
iteration 20: residue = 0.000008, energy = 842656.166804 = 842656.166804, xb = 842656.285813, voltage energy = 842656.411794, gap = 0.006972
recursivetreesolver
residual 2.704215e-02
residual 1.591226e-02
residual 1.119655e-02
residual 7.205588e-03
residual 4.829507e-03
residual 3.235191e-03
residual 2.518830e-03
residual 2.058806e-03
residual 9.398916e-04
residual 6.183219e-04
residual 4.133219e-04
residual 2.783279e-04
residual 2.169044e-04
residual 1.313189e-04
residual 8.534256e-05
residual 5.716770e-05
residual 3.735130e-05
residual 2.627310e-05
residual 1.762117e-05
residual 1.106411e-05
residual 8.347970e-06
recursivetreesolver
residual 2.704215e-02
residual 1.591226e-02
residual 1.119655e-02
residual 7.205588e-03
residual 4.829507e-03
residual 3.235191e-03
residual 2.518830e-03
residual 2.058806e-03
residual 9.398916e-04
residual 6.183219e-04
residual 4.133219e-04
residual 2.783279e-04
residual 2.169044e-04
residual 1.313189e-04
residual 8.534256e-05
residual 5.716770e-05
residual 3.735130e-05
residual 2.627310e-05
residual 1.762117e-05
residual 1.106411e-05
residual 8.347970e-06
recursivetreesolver
residual 2.704215e-02
residual 1.591226e-02
residual 1.119655e-02
residual 7.205588e-03
residual 4.829507e-03
residual 3.235191e-03
residual 2.518830e-03
residual 2.058806e-03
residual 9.398916e-04
residual 6.183219e-04
residual 4.133219e-04
residual 2.783279e-04
residual 2.169044e-04
residual 1.313189e-04
residual 8.534256e-05
residual 5.716770e-05
residual 3.735130e-05
residual 2.627310e-05
residual 1.762117e-05
residual 1.106411e-05
residual 8.347970e-06
recursivetreesolver
residual 2.704215e-02
residual 1.591226e-02
residual 1.119655e-02
residual 7.205588e-03
residual 4.829507e-03
residual 3.235191e-03
residual 2.518830e-03
residual 2.058806e-03
residual 9.398916e-04
residual 6.183219e-04
residual 4.133219e-04
residual 2.783279e-04
residual 2.169044e-04
residual 1.313189e-04
residual 8.534256e-05
residual 5.716770e-05
residual 3.735130e-05
residual 2.627310e-05
residual 1.762117e-05
residual 1.106411e-05
residual 8.347970e-06
recursivetreesolver
residual 2.704215e-02
residual 1.591226e-02
residual 1.119655e-02
residual 7.205588e-03
residual 4.829507e-03
residual 3.235191e-03
residual 2.518830e-03
residual 2.058806e-03
residual 9.398916e-04
residual 6.183219e-04
residual 4.133219e-04
residual 2.783279e-04
residual 2.169044e-04
residual 1.313189e-04
residual 8.534256e-05
residual 5.716770e-05
residual 3.735130e-05
residual 2.627310e-05
residual 1.762117e-05
residual 1.106411e-05
residual 8.347970e-06
recursivetreesolver
residual 2.704215e-02
residual 1.591226e-02
residual 1.119655e-02
residual 7.205588e-03
residual 4.829507e-03
residual 3.235191e-03
residual 2.518830e-03
residual 2.058806e-03
residual 9.398916e-04
residual 6.183219e-04
residual 4.133219e-04
residual 2.783279e-04
residual 2.169044e-04
residual 1.313189e-04
residual 8.534256e-05
residual 5.716770e-05
residual 3.735130e-05
residual 2.627310e-05
residual 1.762117e-05
residual 1.106411e-05
residual 8.347970e-06
recursivetreesolver
residual 2.704215e-02
residual 1.591226e-02
residual 1.119655e-02
residual 7.205588e-03
residual 4.829507e-03
residual 3.235191e-03
residual 2.518830e-03
residual 2.058806e-03
residual 9.398916e-04
residual 6.183219e-04
residual 4.133219e-04
residual 2.783279e-04
residual 2.169044e-04
residual 1.313189e-04
residual 8.534256e-05
residual 5.716770e-05
residual 3.735130e-05
residual 2.627310e-05
residual 1.762117e-05
residual 1.106411e-05
residual 8.347970e-06
recursivetreesolver
residual 2.704215e-02
residual 1.591226e-02
residual 1.119655e-02
residual 7.205588e-03
residual 4.829507e-03
residual 3.235191e-03
residual 2.518830e-03
residual 2.058806e-03
residual 9.398916e-04
residual 6.183219e-04
residual 4.133219e-04
residual 2.783279e-04
residual 2.169044e-04
residual 1.313189e-04
residual 8.534256e-05
residual 5.716770e-05
residual 3.735130e-05
residual 2.627310e-05
residual 1.762117e-05
residual 1.106411e-05
residual 8.347970e-06
recursivetreesolver
residual 2.704215e-02
residual 1.591226e-02
residual 1.119655e-02
residual 7.205588e-03
residual 4.829507e-03
residual 3.235191e-03
residual 2.518830e-03
residual 2.058806e-03
residual 9.398916e-04
residual 6.183219e-04
residual 4.133219e-04
residual 2.783279e-04
residual 2.169044e-04
residual 1.313189e-04
residual 8.534256e-05
residual 5.716770e-05
residual 3.735130e-05
residual 2.627310e-05
residual 1.762117e-05
residual 1.106411e-05
residual 8.347970e-06
recursivetreesolver
residual 2.704215e-02
residual 1.591226e-02
residual 1.119655e-02
residual 7.205588e-03
residual 4.829507e-03
residual 3.235191e-03
residual 2.518830e-03
residual 2.058806e-03
residual 9.398916e-04
residual 6.183219e-04
residual 4.133219e-04
residual 2.783279e-04
residual 2.169044e-04
residual 1.313189e-04
residual 8.534256e-05
residual 5.716770e-05
residual 3.735130e-05
residual 2.627310e-05
residual 1.762117e-05
residual 1.106411e-05
residual 8.347970e-06
