linesolver
iteration 1: energy = 1276850.163414 = 1276850.163414, xb = 1277307.081998, voltage energy = 1310483.745869, gap = 32719.7452877820469439
iteration 2: energy = 1258662.235798 = 1258662.235798, xb = 1258948.167647, voltage energy = 1260199.082126, gap = 964.9826301506254822
iteration 3: energy = 1258110.235061 = 1258110.235061, xb = 1258176.631029, voltage energy = 1258277.919524, gap = 34.8925267481245100
iteration 4: energy = 1258090.064314 = 1258090.064314, xb = 1258099.882567, voltage energy = 1258110.768411, gap = 1.0675911828875542
iteration 5: energy = 1258089.415692 = 1258089.415691, xb = 1258089.732905, voltage energy = 1258090.081346, gap = 0.0312276077456772
iteration 6: energy = 1258089.396795 = 1258089.396793, xb = 1258089.518069, voltage energy = 1258089.639780, gap = 0.0004363951738924
linesolver
iteration 1: energy = 1276850.163414 = 1276850.163414, xb = 1277307.081998, voltage energy = 1310483.745869, gap = 32719.7452877820469439
iteration 2: energy = 1258662.235798 = 1258662.235798, xb = 1258948.167647, voltage energy = 1260199.082126, gap = 964.9826301506254822
iteration 3: energy = 1258110.235061 = 1258110.235061, xb = 1258176.631029, voltage energy = 1258277.919524, gap = 34.8925267481245100
iteration 4: energy = 1258090.064314 = 1258090.064314, xb = 1258099.882567, voltage energy = 1258110.768411, gap = 1.0675911828875542
iteration 5: energy = 1258089.415692 = 1258089.415691, xb = 1258089.732905, voltage energy = 1258090.081346, gap = 0.0312276077456772
iteration 6: energy = 1258089.396795 = 1258089.396793, xb = 1258089.518069, voltage energy = 1258089.639780, gap = 0.0004363951738924
linesolver
iteration 1: energy = 1276850.163414 = 1276850.163414, xb = 1277307.081998, voltage energy = 1310483.745869, gap = 32719.7452877820469439
iteration 2: energy = 1258662.235798 = 1258662.235798, xb = 1258948.167647, voltage energy = 1260199.082126, gap = 964.9826301506254822
iteration 3: energy = 1258110.235061 = 1258110.235061, xb = 1258176.631029, voltage energy = 1258277.919524, gap = 34.8925267481245100
iteration 4: energy = 1258090.064314 = 1258090.064314, xb = 1258099.882567, voltage energy = 1258110.768411, gap = 1.0675911828875542
iteration 5: energy = 1258089.415692 = 1258089.415691, xb = 1258089.732905, voltage energy = 1258090.081346, gap = 0.0312276077456772
iteration 6: energy = 1258089.396795 = 1258089.396793, xb = 1258089.518069, voltage energy = 1258089.639780, gap = 0.0004363951738924
linesolver
iteration 1: energy = 1276850.163414 = 1276850.163414, xb = 1277307.081998, voltage energy = 1310483.745869, gap = 32719.7452877820469439
iteration 2: energy = 1258662.235798 = 1258662.235798, xb = 1258948.167647, voltage energy = 1260199.082126, gap = 964.9826301506254822
iteration 3: energy = 1258110.235061 = 1258110.235061, xb = 1258176.631029, voltage energy = 1258277.919524, gap = 34.8925267481245100
iteration 4: energy = 1258090.064314 = 1258090.064314, xb = 1258099.882567, voltage energy = 1258110.768411, gap = 1.0675911828875542
iteration 5: energy = 1258089.415692 = 1258089.415691, xb = 1258089.732905, voltage energy = 1258090.081346, gap = 0.0312276077456772
iteration 6: energy = 1258089.396795 = 1258089.396793, xb = 1258089.518069, voltage energy = 1258089.639780, gap = 0.0004363951738924
linesolver
iteration 1: energy = 1276850.163414 = 1276850.163414, xb = 1277307.081998, voltage energy = 1310483.745869, gap = 32719.7452877820469439
iteration 2: energy = 1258662.235798 = 1258662.235798, xb = 1258948.167647, voltage energy = 1260199.082126, gap = 964.9826301506254822
iteration 3: energy = 1258110.235061 = 1258110.235061, xb = 1258176.631029, voltage energy = 1258277.919524, gap = 34.8925267481245100
iteration 4: energy = 1258090.064314 = 1258090.064314, xb = 1258099.882567, voltage energy = 1258110.768411, gap = 1.0675911828875542
iteration 5: energy = 1258089.415692 = 1258089.415691, xb = 1258089.732905, voltage energy = 1258090.081346, gap = 0.0312276077456772
iteration 6: energy = 1258089.396795 = 1258089.396793, xb = 1258089.518069, voltage energy = 1258089.639780, gap = 0.0004363951738924
linesolver
iteration 1: energy = 1276850.163414 = 1276850.163414, xb = 1277307.081998, voltage energy = 1310483.745869, gap = 32719.7452877820469439
iteration 2: energy = 1258662.235798 = 1258662.235798, xb = 1258948.167647, voltage energy = 1260199.082126, gap = 964.9826301506254822
iteration 3: energy = 1258110.235061 = 1258110.235061, xb = 1258176.631029, voltage energy = 1258277.919524, gap = 34.8925267481245100
iteration 4: energy = 1258090.064314 = 1258090.064314, xb = 1258099.882567, voltage energy = 1258110.768411, gap = 1.0675911828875542
iteration 5: energy = 1258089.415692 = 1258089.415691, xb = 1258089.732905, voltage energy = 1258090.081346, gap = 0.0312276077456772
iteration 6: energy = 1258089.396795 = 1258089.396793, xb = 1258089.518069, voltage energy = 1258089.639780, gap = 0.0004363951738924
linesolver
iteration 1: energy = 1276850.163414 = 1276850.163414, xb = 1277307.081998, voltage energy = 1310483.745869, gap = 32719.7452877820469439
iteration 2: energy = 1258662.235798 = 1258662.235798, xb = 1258948.167647, voltage energy = 1260199.082126, gap = 964.9826301506254822
iteration 3: energy = 1258110.235061 = 1258110.235061, xb = 1258176.631029, voltage energy = 1258277.919524, gap = 34.8925267481245100
iteration 4: energy = 1258090.064314 = 1258090.064314, xb = 1258099.882567, voltage energy = 1258110.768411, gap = 1.0675911828875542
iteration 5: energy = 1258089.415692 = 1258089.415691, xb = 1258089.732905, voltage energy = 1258090.081346, gap = 0.0312276077456772
iteration 6: energy = 1258089.396795 = 1258089.396793, xb = 1258089.518069, voltage energy = 1258089.639780, gap = 0.0004363951738924
linesolver
iteration 1: energy = 1276850.163414 = 1276850.163414, xb = 1277307.081998, voltage energy = 1310483.745869, gap = 32719.7452877820469439
iteration 2: energy = 1258662.235798 = 1258662.235798, xb = 1258948.167647, voltage energy = 1260199.082126, gap = 964.9826301506254822
iteration 3: energy = 1258110.235061 = 1258110.235061, xb = 1258176.631029, voltage energy = 1258277.919524, gap = 34.8925267481245100
iteration 4: energy = 1258090.064314 = 1258090.064314, xb = 1258099.882567, voltage energy = 1258110.768411, gap = 1.0675911828875542
iteration 5: energy = 1258089.415692 = 1258089.415691, xb = 1258089.732905, voltage energy = 1258090.081346, gap = 0.0312276077456772
iteration 6: energy = 1258089.396795 = 1258089.396793, xb = 1258089.518069, voltage energy = 1258089.639780, gap = 0.0004363951738924
linesolver
iteration 1: energy = 1276850.163414 = 1276850.163414, xb = 1277307.081998, voltage energy = 1310483.745869, gap = 32719.7452877820469439
iteration 2: energy = 1258662.235798 = 1258662.235798, xb = 1258948.167647, voltage energy = 1260199.082126, gap = 964.9826301506254822
iteration 3: energy = 1258110.235061 = 1258110.235061, xb = 1258176.631029, voltage energy = 1258277.919524, gap = 34.8925267481245100
iteration 4: energy = 1258090.064314 = 1258090.064314, xb = 1258099.882567, voltage energy = 1258110.768411, gap = 1.0675911828875542
iteration 5: energy = 1258089.415692 = 1258089.415691, xb = 1258089.732905, voltage energy = 1258090.081346, gap = 0.0312276077456772
iteration 6: energy = 1258089.396795 = 1258089.396793, xb = 1258089.518069, voltage energy = 1258089.639780, gap = 0.0004363951738924
linesolver
iteration 1: energy = 1276850.163414 = 1276850.163414, xb = 1277307.081998, voltage energy = 1310483.745869, gap = 32719.7452877820469439
iteration 2: energy = 1258662.235798 = 1258662.235798, xb = 1258948.167647, voltage energy = 1260199.082126, gap = 964.9826301506254822
iteration 3: energy = 1258110.235061 = 1258110.235061, xb = 1258176.631029, voltage energy = 1258277.919524, gap = 34.8925267481245100
iteration 4: energy = 1258090.064314 = 1258090.064314, xb = 1258099.882567, voltage energy = 1258110.768411, gap = 1.0675911828875542
iteration 5: energy = 1258089.415692 = 1258089.415691, xb = 1258089.732905, voltage energy = 1258090.081346, gap = 0.0312276077456772
iteration 6: energy = 1258089.396795 = 1258089.396793, xb = 1258089.518069, voltage energy = 1258089.639780, gap = 0.0004363951738924
treesolver
iteration 1: energy = 1276850.163414 = 1276850.163414, xb = 1277307.081998, voltage energy = 1310483.745869, gap = 32719.745288
iteration 2: energy = 1258662.235798 = 1258662.235798, xb = 1258948.167647, voltage energy = 1260199.082126, gap = 964.982630
iteration 3: energy = 1258110.235061 = 1258110.235061, xb = 1258176.631029, voltage energy = 1258277.919524, gap = 34.892527
iteration 4: energy = 1258090.064314 = 1258090.064314, xb = 1258099.882566, voltage energy = 1258110.768411, gap = 1.067591
iteration 5: energy = 1258089.415692 = 1258089.415691, xb = 1258089.732905, voltage energy = 1258090.081346, gap = 0.031228
iteration 6: energy = 1258089.396795 = 1258089.396793, xb = 1258089.518069, voltage energy = 1258089.639780, gap = 0.000436
treesolver
iteration 1: energy = 1276850.163414 = 1276850.163414, xb = 1277307.081998, voltage energy = 1310483.745869, gap = 32719.745288
iteration 2: energy = 1258662.235798 = 1258662.235798, xb = 1258948.167647, voltage energy = 1260199.082126, gap = 964.982630
iteration 3: energy = 1258110.235061 = 1258110.235061, xb = 1258176.631029, voltage energy = 1258277.919524, gap = 34.892527
iteration 4: energy = 1258090.064314 = 1258090.064314, xb = 1258099.882566, voltage energy = 1258110.768411, gap = 1.067591
iteration 5: energy = 1258089.415692 = 1258089.415691, xb = 1258089.732905, voltage energy = 1258090.081346, gap = 0.031228
iteration 6: energy = 1258089.396795 = 1258089.396793, xb = 1258089.518069, voltage energy = 1258089.639780, gap = 0.000436
treesolver
iteration 1: energy = 1276850.163414 = 1276850.163414, xb = 1277307.081998, voltage energy = 1310483.745869, gap = 32719.745288
iteration 2: energy = 1258662.235798 = 1258662.235798, xb = 1258948.167647, voltage energy = 1260199.082126, gap = 964.982630
iteration 3: energy = 1258110.235061 = 1258110.235061, xb = 1258176.631029, voltage energy = 1258277.919524, gap = 34.892527
iteration 4: energy = 1258090.064314 = 1258090.064314, xb = 1258099.882566, voltage energy = 1258110.768411, gap = 1.067591
iteration 5: energy = 1258089.415692 = 1258089.415691, xb = 1258089.732905, voltage energy = 1258090.081346, gap = 0.031228
iteration 6: energy = 1258089.396795 = 1258089.396793, xb = 1258089.518069, voltage energy = 1258089.639780, gap = 0.000436
treesolver
iteration 1: energy = 1276850.163414 = 1276850.163414, xb = 1277307.081998, voltage energy = 1310483.745869, gap = 32719.745288
iteration 2: energy = 1258662.235798 = 1258662.235798, xb = 1258948.167647, voltage energy = 1260199.082126, gap = 964.982630
iteration 3: energy = 1258110.235061 = 1258110.235061, xb = 1258176.631029, voltage energy = 1258277.919524, gap = 34.892527
iteration 4: energy = 1258090.064314 = 1258090.064314, xb = 1258099.882566, voltage energy = 1258110.768411, gap = 1.067591
iteration 5: energy = 1258089.415692 = 1258089.415691, xb = 1258089.732905, voltage energy = 1258090.081346, gap = 0.031228
iteration 6: energy = 1258089.396795 = 1258089.396793, xb = 1258089.518069, voltage energy = 1258089.639780, gap = 0.000436
treesolver
iteration 1: energy = 1276850.163414 = 1276850.163414, xb = 1277307.081998, voltage energy = 1310483.745869, gap = 32719.745288
iteration 2: energy = 1258662.235798 = 1258662.235798, xb = 1258948.167647, voltage energy = 1260199.082126, gap = 964.982630
iteration 3: energy = 1258110.235061 = 1258110.235061, xb = 1258176.631029, voltage energy = 1258277.919524, gap = 34.892527
iteration 4: energy = 1258090.064314 = 1258090.064314, xb = 1258099.882566, voltage energy = 1258110.768411, gap = 1.067591
iteration 5: energy = 1258089.415692 = 1258089.415691, xb = 1258089.732905, voltage energy = 1258090.081346, gap = 0.031228
iteration 6: energy = 1258089.396795 = 1258089.396793, xb = 1258089.518069, voltage energy = 1258089.639780, gap = 0.000436
treesolver
iteration 1: energy = 1276850.163414 = 1276850.163414, xb = 1277307.081998, voltage energy = 1310483.745869, gap = 32719.745288
iteration 2: energy = 1258662.235798 = 1258662.235798, xb = 1258948.167647, voltage energy = 1260199.082126, gap = 964.982630
iteration 3: energy = 1258110.235061 = 1258110.235061, xb = 1258176.631029, voltage energy = 1258277.919524, gap = 34.892527
iteration 4: energy = 1258090.064314 = 1258090.064314, xb = 1258099.882566, voltage energy = 1258110.768411, gap = 1.067591
iteration 5: energy = 1258089.415692 = 1258089.415691, xb = 1258089.732905, voltage energy = 1258090.081346, gap = 0.031228
iteration 6: energy = 1258089.396795 = 1258089.396793, xb = 1258089.518069, voltage energy = 1258089.639780, gap = 0.000436
treesolver
iteration 1: energy = 1276850.163414 = 1276850.163414, xb = 1277307.081998, voltage energy = 1310483.745869, gap = 32719.745288
iteration 2: energy = 1258662.235798 = 1258662.235798, xb = 1258948.167647, voltage energy = 1260199.082126, gap = 964.982630
iteration 3: energy = 1258110.235061 = 1258110.235061, xb = 1258176.631029, voltage energy = 1258277.919524, gap = 34.892527
iteration 4: energy = 1258090.064314 = 1258090.064314, xb = 1258099.882566, voltage energy = 1258110.768411, gap = 1.067591
iteration 5: energy = 1258089.415692 = 1258089.415691, xb = 1258089.732905, voltage energy = 1258090.081346, gap = 0.031228
iteration 6: energy = 1258089.396795 = 1258089.396793, xb = 1258089.518069, voltage energy = 1258089.639780, gap = 0.000436
treesolver
iteration 1: energy = 1276850.163414 = 1276850.163414, xb = 1277307.081998, voltage energy = 1310483.745869, gap = 32719.745288
iteration 2: energy = 1258662.235798 = 1258662.235798, xb = 1258948.167647, voltage energy = 1260199.082126, gap = 964.982630
iteration 3: energy = 1258110.235061 = 1258110.235061, xb = 1258176.631029, voltage energy = 1258277.919524, gap = 34.892527
iteration 4: energy = 1258090.064314 = 1258090.064314, xb = 1258099.882566, voltage energy = 1258110.768411, gap = 1.067591
iteration 5: energy = 1258089.415692 = 1258089.415691, xb = 1258089.732905, voltage energy = 1258090.081346, gap = 0.031228
iteration 6: energy = 1258089.396795 = 1258089.396793, xb = 1258089.518069, voltage energy = 1258089.639780, gap = 0.000436
treesolver
iteration 1: energy = 1276850.163414 = 1276850.163414, xb = 1277307.081998, voltage energy = 1310483.745869, gap = 32719.745288
iteration 2: energy = 1258662.235798 = 1258662.235798, xb = 1258948.167647, voltage energy = 1260199.082126, gap = 964.982630
iteration 3: energy = 1258110.235061 = 1258110.235061, xb = 1258176.631029, voltage energy = 1258277.919524, gap = 34.892527
iteration 4: energy = 1258090.064314 = 1258090.064314, xb = 1258099.882566, voltage energy = 1258110.768411, gap = 1.067591
iteration 5: energy = 1258089.415692 = 1258089.415691, xb = 1258089.732905, voltage energy = 1258090.081346, gap = 0.031228
iteration 6: energy = 1258089.396795 = 1258089.396793, xb = 1258089.518069, voltage energy = 1258089.639780, gap = 0.000436
treesolver
iteration 1: energy = 1276850.163414 = 1276850.163414, xb = 1277307.081998, voltage energy = 1310483.745869, gap = 32719.745288
iteration 2: energy = 1258662.235798 = 1258662.235798, xb = 1258948.167647, voltage energy = 1260199.082126, gap = 964.982630
iteration 3: energy = 1258110.235061 = 1258110.235061, xb = 1258176.631029, voltage energy = 1258277.919524, gap = 34.892527
iteration 4: energy = 1258090.064314 = 1258090.064314, xb = 1258099.882566, voltage energy = 1258110.768411, gap = 1.067591
iteration 5: energy = 1258089.415692 = 1258089.415691, xb = 1258089.732905, voltage energy = 1258090.081346, gap = 0.031228
iteration 6: energy = 1258089.396795 = 1258089.396793, xb = 1258089.518069, voltage energy = 1258089.639780, gap = 0.000436
recursivelinesolver
iteration 0: residue = 0.384317, energy = 1556584.470353 = 1556584.470353, xb = 1555455.059015, voltage energy = 2148162.377719, gap = 593836.730041
iteration 1: residue = 0.222351, energy = 1374304.187598 = 1374304.187598, xb = 1373095.094489, voltage energy = 1589212.451809, gap = 217326.450429
iteration 2: residue = 0.131158, energy = 1303099.420947 = 1303099.420947, xb = 1302656.781508, voltage energy = 1382804.142887, gap = 80590.000818
iteration 3: residue = 0.081712, energy = 1276850.163414 = 1276850.163414, xb = 1277307.081998, voltage energy = 1310483.745869, gap = 32719.745288
iteration 4: residue = 0.052813, energy = 1266218.052141 = 1266218.052141, xb = 1266744.061317, voltage energy = 1281247.080259, gap = 13977.009766
iteration 5: residue = 0.033291, energy = 1261405.220608 = 1261405.220609, xb = 1262088.332177, voltage energy = 1268432.785797, gap = 5661.342053
iteration 6: residue = 0.021801, energy = 1259527.023576 = 1259527.023576, xb = 1259931.195175, voltage energy = 1262768.688126, gap = 2433.321353
iteration 7: residue = 0.013605, energy = 1258662.235798 = 1258662.235798, xb = 1258948.167647, voltage energy = 1260199.082126, gap = 964.982630
iteration 8: residue = 0.008252, energy = 1258308.187818 = 1258308.187818, xb = 1258485.129336, voltage energy = 1259026.791666, gap = 364.720813
iteration 9: residue = 0.005098, energy = 1258174.227612 = 1258174.227612, xb = 1258280.975730, voltage energy = 1258528.158175, gap = 140.434326
iteration 10: residue = 0.003549, energy = 1258129.772263 = 1258129.772263, xb = 1258176.718825, voltage energy = 1258291.196843, gap = 67.531457
iteration 11: residue = 0.002602, energy = 1258110.235061 = 1258110.235061, xb = 1258176.631029, voltage energy = 1258277.919524, gap = 34.892527
iteration 12: residue = 0.001402, energy = 1258096.149728 = 1258096.149728, xb = 1258139.099663, voltage energy = 1258193.255965, gap = 11.206366
iteration 13: residue = 0.000933, energy = 1258092.556511 = 1258092.556511, xb = 1258112.405467, voltage energy = 1258137.427839, gap = 5.173415
iteration 14: residue = 0.000660, energy = 1258090.836153 = 1258090.836153, xb = 1258104.786576, voltage energy = 1258121.073883, gap = 2.336884
iteration 15: residue = 0.000440, energy = 1258090.064314 = 1258090.064314, xb = 1258099.882567, voltage energy = 1258110.768411, gap = 1.067591
iteration 16: residue = 0.000214, energy = 1258089.572616 = 1258089.572616, xb = 1258093.817742, voltage energy = 1258098.343765, gap = 0.280898
iteration 17: residue = 0.000186, energy = 1258089.503197 = 1258089.503197, xb = 1258091.080258, voltage energy = 1258092.836771, gap = 0.179453
iteration 18: residue = 0.000127, energy = 1258089.449092 = 1258089.449091, xb = 1258090.510727, voltage energy = 1258091.659234, gap = 0.086872
iteration 19: residue = 0.000078, energy = 1258089.415692 = 1258089.415691, xb = 1258089.732905, voltage energy = 1258090.081346, gap = 0.031228
iteration 20: residue = 0.000063, energy = 1258089.409173 = 1258089.409172, xb = 1258089.784726, voltage energy = 1258090.181056, gap = 0.020774
iteration 21: residue = 0.000031, energy = 1258089.399571 = 1258089.399570, xb = 1258089.635312, voltage energy = 1258089.876004, gap = 0.004949
iteration 22: residue = 0.000019, energy = 1258089.397814 = 1258089.397812, xb = 1258089.405661, voltage energy = 1258089.415653, gap = 0.002143
iteration 23: residue = 0.000009, energy = 1258089.396795 = 1258089.396793, xb = 1258089.518069, voltage energy = 1258089.639780, gap = 0.000436
recursivelinesolver
iteration 0: residue = 0.384317, energy = 1556584.470353 = 1556584.470353, xb = 1555455.059015, voltage energy = 2148162.377719, gap = 593836.730041
iteration 1: residue = 0.222351, energy = 1374304.187598 = 1374304.187598, xb = 1373095.094489, voltage energy = 1589212.451809, gap = 217326.450429
iteration 2: residue = 0.131158, energy = 1303099.420947 = 1303099.420947, xb = 1302656.781508, voltage energy = 1382804.142887, gap = 80590.000818
iteration 3: residue = 0.081712, energy = 1276850.163414 = 1276850.163414, xb = 1277307.081998, voltage energy = 1310483.745869, gap = 32719.745288
iteration 4: residue = 0.052813, energy = 1266218.052141 = 1266218.052141, xb = 1266744.061317, voltage energy = 1281247.080259, gap = 13977.009766
iteration 5: residue = 0.033291, energy = 1261405.220608 = 1261405.220609, xb = 1262088.332177, voltage energy = 1268432.785797, gap = 5661.342053
iteration 6: residue = 0.021801, energy = 1259527.023576 = 1259527.023576, xb = 1259931.195175, voltage energy = 1262768.688126, gap = 2433.321353
iteration 7: residue = 0.013605, energy = 1258662.235798 = 1258662.235798, xb = 1258948.167647, voltage energy = 1260199.082126, gap = 964.982630
iteration 8: residue = 0.008252, energy = 1258308.187818 = 1258308.187818, xb = 1258485.129336, voltage energy = 1259026.791666, gap = 364.720813
iteration 9: residue = 0.005098, energy = 1258174.227612 = 1258174.227612, xb = 1258280.975730, voltage energy = 1258528.158175, gap = 140.434326
iteration 10: residue = 0.003549, energy = 1258129.772263 = 1258129.772263, xb = 1258176.718825, voltage energy = 1258291.196843, gap = 67.531457
iteration 11: residue = 0.002602, energy = 1258110.235061 = 1258110.235061, xb = 1258176.631029, voltage energy = 1258277.919524, gap = 34.892527
iteration 12: residue = 0.001402, energy = 1258096.149728 = 1258096.149728, xb = 1258139.099663, voltage energy = 1258193.255965, gap = 11.206366
iteration 13: residue = 0.000933, energy = 1258092.556511 = 1258092.556511, xb = 1258112.405467, voltage energy = 1258137.427839, gap = 5.173415
iteration 14: residue = 0.000660, energy = 1258090.836153 = 1258090.836153, xb = 1258104.786576, voltage energy = 1258121.073883, gap = 2.336884
iteration 15: residue = 0.000440, energy = 1258090.064314 = 1258090.064314, xb = 1258099.882567, voltage energy = 1258110.768411, gap = 1.067591
iteration 16: residue = 0.000214, energy = 1258089.572616 = 1258089.572616, xb = 1258093.817742, voltage energy = 1258098.343765, gap = 0.280898
iteration 17: residue = 0.000186, energy = 1258089.503197 = 1258089.503197, xb = 1258091.080258, voltage energy = 1258092.836771, gap = 0.179453
iteration 18: residue = 0.000127, energy = 1258089.449092 = 1258089.449091, xb = 1258090.510727, voltage energy = 1258091.659234, gap = 0.086872
iteration 19: residue = 0.000078, energy = 1258089.415692 = 1258089.415691, xb = 1258089.732905, voltage energy = 1258090.081346, gap = 0.031228
iteration 20: residue = 0.000063, energy = 1258089.409173 = 1258089.409172, xb = 1258089.784726, voltage energy = 1258090.181056, gap = 0.020774
iteration 21: residue = 0.000031, energy = 1258089.399571 = 1258089.399570, xb = 1258089.635312, voltage energy = 1258089.876004, gap = 0.004949
iteration 22: residue = 0.000019, energy = 1258089.397814 = 1258089.397812, xb = 1258089.405661, voltage energy = 1258089.415653, gap = 0.002143
iteration 23: residue = 0.000009, energy = 1258089.396795 = 1258089.396793, xb = 1258089.518069, voltage energy = 1258089.639780, gap = 0.000436
recursivelinesolver
iteration 0: residue = 0.384317, energy = 1556584.470353 = 1556584.470353, xb = 1555455.059015, voltage energy = 2148162.377719, gap = 593836.730041
iteration 1: residue = 0.222351, energy = 1374304.187598 = 1374304.187598, xb = 1373095.094489, voltage energy = 1589212.451809, gap = 217326.450429
iteration 2: residue = 0.131158, energy = 1303099.420947 = 1303099.420947, xb = 1302656.781508, voltage energy = 1382804.142887, gap = 80590.000818
iteration 3: residue = 0.081712, energy = 1276850.163414 = 1276850.163414, xb = 1277307.081998, voltage energy = 1310483.745869, gap = 32719.745288
iteration 4: residue = 0.052813, energy = 1266218.052141 = 1266218.052141, xb = 1266744.061317, voltage energy = 1281247.080259, gap = 13977.009766
iteration 5: residue = 0.033291, energy = 1261405.220608 = 1261405.220609, xb = 1262088.332177, voltage energy = 1268432.785797, gap = 5661.342053
iteration 6: residue = 0.021801, energy = 1259527.023576 = 1259527.023576, xb = 1259931.195175, voltage energy = 1262768.688126, gap = 2433.321353
iteration 7: residue = 0.013605, energy = 1258662.235798 = 1258662.235798, xb = 1258948.167647, voltage energy = 1260199.082126, gap = 964.982630
iteration 8: residue = 0.008252, energy = 1258308.187818 = 1258308.187818, xb = 1258485.129336, voltage energy = 1259026.791666, gap = 364.720813
iteration 9: residue = 0.005098, energy = 1258174.227612 = 1258174.227612, xb = 1258280.975730, voltage energy = 1258528.158175, gap = 140.434326
iteration 10: residue = 0.003549, energy = 1258129.772263 = 1258129.772263, xb = 1258176.718825, voltage energy = 1258291.196843, gap = 67.531457
iteration 11: residue = 0.002602, energy = 1258110.235061 = 1258110.235061, xb = 1258176.631029, voltage energy = 1258277.919524, gap = 34.892527
iteration 12: residue = 0.001402, energy = 1258096.149728 = 1258096.149728, xb = 1258139.099663, voltage energy = 1258193.255965, gap = 11.206366
iteration 13: residue = 0.000933, energy = 1258092.556511 = 1258092.556511, xb = 1258112.405467, voltage energy = 1258137.427839, gap = 5.173415
iteration 14: residue = 0.000660, energy = 1258090.836153 = 1258090.836153, xb = 1258104.786576, voltage energy = 1258121.073883, gap = 2.336884
iteration 15: residue = 0.000440, energy = 1258090.064314 = 1258090.064314, xb = 1258099.882567, voltage energy = 1258110.768411, gap = 1.067591
iteration 16: residue = 0.000214, energy = 1258089.572616 = 1258089.572616, xb = 1258093.817742, voltage energy = 1258098.343765, gap = 0.280898
iteration 17: residue = 0.000186, energy = 1258089.503197 = 1258089.503197, xb = 1258091.080258, voltage energy = 1258092.836771, gap = 0.179453
iteration 18: residue = 0.000127, energy = 1258089.449092 = 1258089.449091, xb = 1258090.510727, voltage energy = 1258091.659234, gap = 0.086872
iteration 19: residue = 0.000078, energy = 1258089.415692 = 1258089.415691, xb = 1258089.732905, voltage energy = 1258090.081346, gap = 0.031228
iteration 20: residue = 0.000063, energy = 1258089.409173 = 1258089.409172, xb = 1258089.784726, voltage energy = 1258090.181056, gap = 0.020774
iteration 21: residue = 0.000031, energy = 1258089.399571 = 1258089.399570, xb = 1258089.635312, voltage energy = 1258089.876004, gap = 0.004949
iteration 22: residue = 0.000019, energy = 1258089.397814 = 1258089.397812, xb = 1258089.405661, voltage energy = 1258089.415653, gap = 0.002143
iteration 23: residue = 0.000009, energy = 1258089.396795 = 1258089.396793, xb = 1258089.518069, voltage energy = 1258089.639780, gap = 0.000436
recursivelinesolver
iteration 0: residue = 0.384317, energy = 1556584.470353 = 1556584.470353, xb = 1555455.059015, voltage energy = 2148162.377719, gap = 593836.730041
iteration 1: residue = 0.222351, energy = 1374304.187598 = 1374304.187598, xb = 1373095.094489, voltage energy = 1589212.451809, gap = 217326.450429
iteration 2: residue = 0.131158, energy = 1303099.420947 = 1303099.420947, xb = 1302656.781508, voltage energy = 1382804.142887, gap = 80590.000818
iteration 3: residue = 0.081712, energy = 1276850.163414 = 1276850.163414, xb = 1277307.081998, voltage energy = 1310483.745869, gap = 32719.745288
iteration 4: residue = 0.052813, energy = 1266218.052141 = 1266218.052141, xb = 1266744.061317, voltage energy = 1281247.080259, gap = 13977.009766
iteration 5: residue = 0.033291, energy = 1261405.220608 = 1261405.220609, xb = 1262088.332177, voltage energy = 1268432.785797, gap = 5661.342053
iteration 6: residue = 0.021801, energy = 1259527.023576 = 1259527.023576, xb = 1259931.195175, voltage energy = 1262768.688126, gap = 2433.321353
iteration 7: residue = 0.013605, energy = 1258662.235798 = 1258662.235798, xb = 1258948.167647, voltage energy = 1260199.082126, gap = 964.982630
iteration 8: residue = 0.008252, energy = 1258308.187818 = 1258308.187818, xb = 1258485.129336, voltage energy = 1259026.791666, gap = 364.720813
iteration 9: residue = 0.005098, energy = 1258174.227612 = 1258174.227612, xb = 1258280.975730, voltage energy = 1258528.158175, gap = 140.434326
iteration 10: residue = 0.003549, energy = 1258129.772263 = 1258129.772263, xb = 1258176.718825, voltage energy = 1258291.196843, gap = 67.531457
iteration 11: residue = 0.002602, energy = 1258110.235061 = 1258110.235061, xb = 1258176.631029, voltage energy = 1258277.919524, gap = 34.892527
iteration 12: residue = 0.001402, energy = 1258096.149728 = 1258096.149728, xb = 1258139.099663, voltage energy = 1258193.255965, gap = 11.206366
iteration 13: residue = 0.000933, energy = 1258092.556511 = 1258092.556511, xb = 1258112.405467, voltage energy = 1258137.427839, gap = 5.173415
iteration 14: residue = 0.000660, energy = 1258090.836153 = 1258090.836153, xb = 1258104.786576, voltage energy = 1258121.073883, gap = 2.336884
iteration 15: residue = 0.000440, energy = 1258090.064314 = 1258090.064314, xb = 1258099.882567, voltage energy = 1258110.768411, gap = 1.067591
iteration 16: residue = 0.000214, energy = 1258089.572616 = 1258089.572616, xb = 1258093.817742, voltage energy = 1258098.343765, gap = 0.280898
iteration 17: residue = 0.000186, energy = 1258089.503197 = 1258089.503197, xb = 1258091.080258, voltage energy = 1258092.836771, gap = 0.179453
iteration 18: residue = 0.000127, energy = 1258089.449092 = 1258089.449091, xb = 1258090.510727, voltage energy = 1258091.659234, gap = 0.086872
iteration 19: residue = 0.000078, energy = 1258089.415692 = 1258089.415691, xb = 1258089.732905, voltage energy = 1258090.081346, gap = 0.031228
iteration 20: residue = 0.000063, energy = 1258089.409173 = 1258089.409172, xb = 1258089.784726, voltage energy = 1258090.181056, gap = 0.020774
iteration 21: residue = 0.000031, energy = 1258089.399571 = 1258089.399570, xb = 1258089.635312, voltage energy = 1258089.876004, gap = 0.004949
iteration 22: residue = 0.000019, energy = 1258089.397814 = 1258089.397812, xb = 1258089.405661, voltage energy = 1258089.415653, gap = 0.002143
iteration 23: residue = 0.000009, energy = 1258089.396795 = 1258089.396793, xb = 1258089.518069, voltage energy = 1258089.639780, gap = 0.000436
recursivelinesolver
iteration 0: residue = 0.384317, energy = 1556584.470353 = 1556584.470353, xb = 1555455.059015, voltage energy = 2148162.377719, gap = 593836.730041
iteration 1: residue = 0.222351, energy = 1374304.187598 = 1374304.187598, xb = 1373095.094489, voltage energy = 1589212.451809, gap = 217326.450429
iteration 2: residue = 0.131158, energy = 1303099.420947 = 1303099.420947, xb = 1302656.781508, voltage energy = 1382804.142887, gap = 80590.000818
iteration 3: residue = 0.081712, energy = 1276850.163414 = 1276850.163414, xb = 1277307.081998, voltage energy = 1310483.745869, gap = 32719.745288
iteration 4: residue = 0.052813, energy = 1266218.052141 = 1266218.052141, xb = 1266744.061317, voltage energy = 1281247.080259, gap = 13977.009766
iteration 5: residue = 0.033291, energy = 1261405.220608 = 1261405.220609, xb = 1262088.332177, voltage energy = 1268432.785797, gap = 5661.342053
iteration 6: residue = 0.021801, energy = 1259527.023576 = 1259527.023576, xb = 1259931.195175, voltage energy = 1262768.688126, gap = 2433.321353
iteration 7: residue = 0.013605, energy = 1258662.235798 = 1258662.235798, xb = 1258948.167647, voltage energy = 1260199.082126, gap = 964.982630
iteration 8: residue = 0.008252, energy = 1258308.187818 = 1258308.187818, xb = 1258485.129336, voltage energy = 1259026.791666, gap = 364.720813
iteration 9: residue = 0.005098, energy = 1258174.227612 = 1258174.227612, xb = 1258280.975730, voltage energy = 1258528.158175, gap = 140.434326
iteration 10: residue = 0.003549, energy = 1258129.772263 = 1258129.772263, xb = 1258176.718825, voltage energy = 1258291.196843, gap = 67.531457
iteration 11: residue = 0.002602, energy = 1258110.235061 = 1258110.235061, xb = 1258176.631029, voltage energy = 1258277.919524, gap = 34.892527
iteration 12: residue = 0.001402, energy = 1258096.149728 = 1258096.149728, xb = 1258139.099663, voltage energy = 1258193.255965, gap = 11.206366
iteration 13: residue = 0.000933, energy = 1258092.556511 = 1258092.556511, xb = 1258112.405467, voltage energy = 1258137.427839, gap = 5.173415
iteration 14: residue = 0.000660, energy = 1258090.836153 = 1258090.836153, xb = 1258104.786576, voltage energy = 1258121.073883, gap = 2.336884
iteration 15: residue = 0.000440, energy = 1258090.064314 = 1258090.064314, xb = 1258099.882567, voltage energy = 1258110.768411, gap = 1.067591
iteration 16: residue = 0.000214, energy = 1258089.572616 = 1258089.572616, xb = 1258093.817742, voltage energy = 1258098.343765, gap = 0.280898
iteration 17: residue = 0.000186, energy = 1258089.503197 = 1258089.503197, xb = 1258091.080258, voltage energy = 1258092.836771, gap = 0.179453
iteration 18: residue = 0.000127, energy = 1258089.449092 = 1258089.449091, xb = 1258090.510727, voltage energy = 1258091.659234, gap = 0.086872
iteration 19: residue = 0.000078, energy = 1258089.415692 = 1258089.415691, xb = 1258089.732905, voltage energy = 1258090.081346, gap = 0.031228
iteration 20: residue = 0.000063, energy = 1258089.409173 = 1258089.409172, xb = 1258089.784726, voltage energy = 1258090.181056, gap = 0.020774
iteration 21: residue = 0.000031, energy = 1258089.399571 = 1258089.399570, xb = 1258089.635312, voltage energy = 1258089.876004, gap = 0.004949
iteration 22: residue = 0.000019, energy = 1258089.397814 = 1258089.397812, xb = 1258089.405661, voltage energy = 1258089.415653, gap = 0.002143
iteration 23: residue = 0.000009, energy = 1258089.396795 = 1258089.396793, xb = 1258089.518069, voltage energy = 1258089.639780, gap = 0.000436
recursivelinesolver
iteration 0: residue = 0.384317, energy = 1556584.470353 = 1556584.470353, xb = 1555455.059015, voltage energy = 2148162.377719, gap = 593836.730041
iteration 1: residue = 0.222351, energy = 1374304.187598 = 1374304.187598, xb = 1373095.094489, voltage energy = 1589212.451809, gap = 217326.450429
iteration 2: residue = 0.131158, energy = 1303099.420947 = 1303099.420947, xb = 1302656.781508, voltage energy = 1382804.142887, gap = 80590.000818
iteration 3: residue = 0.081712, energy = 1276850.163414 = 1276850.163414, xb = 1277307.081998, voltage energy = 1310483.745869, gap = 32719.745288
iteration 4: residue = 0.052813, energy = 1266218.052141 = 1266218.052141, xb = 1266744.061317, voltage energy = 1281247.080259, gap = 13977.009766
iteration 5: residue = 0.033291, energy = 1261405.220608 = 1261405.220609, xb = 1262088.332177, voltage energy = 1268432.785797, gap = 5661.342053
iteration 6: residue = 0.021801, energy = 1259527.023576 = 1259527.023576, xb = 1259931.195175, voltage energy = 1262768.688126, gap = 2433.321353
iteration 7: residue = 0.013605, energy = 1258662.235798 = 1258662.235798, xb = 1258948.167647, voltage energy = 1260199.082126, gap = 964.982630
iteration 8: residue = 0.008252, energy = 1258308.187818 = 1258308.187818, xb = 1258485.129336, voltage energy = 1259026.791666, gap = 364.720813
iteration 9: residue = 0.005098, energy = 1258174.227612 = 1258174.227612, xb = 1258280.975730, voltage energy = 1258528.158175, gap = 140.434326
iteration 10: residue = 0.003549, energy = 1258129.772263 = 1258129.772263, xb = 1258176.718825, voltage energy = 1258291.196843, gap = 67.531457
iteration 11: residue = 0.002602, energy = 1258110.235061 = 1258110.235061, xb = 1258176.631029, voltage energy = 1258277.919524, gap = 34.892527
iteration 12: residue = 0.001402, energy = 1258096.149728 = 1258096.149728, xb = 1258139.099663, voltage energy = 1258193.255965, gap = 11.206366
iteration 13: residue = 0.000933, energy = 1258092.556511 = 1258092.556511, xb = 1258112.405467, voltage energy = 1258137.427839, gap = 5.173415
iteration 14: residue = 0.000660, energy = 1258090.836153 = 1258090.836153, xb = 1258104.786576, voltage energy = 1258121.073883, gap = 2.336884
iteration 15: residue = 0.000440, energy = 1258090.064314 = 1258090.064314, xb = 1258099.882567, voltage energy = 1258110.768411, gap = 1.067591
iteration 16: residue = 0.000214, energy = 1258089.572616 = 1258089.572616, xb = 1258093.817742, voltage energy = 1258098.343765, gap = 0.280898
iteration 17: residue = 0.000186, energy = 1258089.503197 = 1258089.503197, xb = 1258091.080258, voltage energy = 1258092.836771, gap = 0.179453
iteration 18: residue = 0.000127, energy = 1258089.449092 = 1258089.449091, xb = 1258090.510727, voltage energy = 1258091.659234, gap = 0.086872
iteration 19: residue = 0.000078, energy = 1258089.415692 = 1258089.415691, xb = 1258089.732905, voltage energy = 1258090.081346, gap = 0.031228
iteration 20: residue = 0.000063, energy = 1258089.409173 = 1258089.409172, xb = 1258089.784726, voltage energy = 1258090.181056, gap = 0.020774
iteration 21: residue = 0.000031, energy = 1258089.399571 = 1258089.399570, xb = 1258089.635312, voltage energy = 1258089.876004, gap = 0.004949
iteration 22: residue = 0.000019, energy = 1258089.397814 = 1258089.397812, xb = 1258089.405661, voltage energy = 1258089.415653, gap = 0.002143
iteration 23: residue = 0.000009, energy = 1258089.396795 = 1258089.396793, xb = 1258089.518069, voltage energy = 1258089.639780, gap = 0.000436
recursivelinesolver
iteration 0: residue = 0.384317, energy = 1556584.470353 = 1556584.470353, xb = 1555455.059015, voltage energy = 2148162.377719, gap = 593836.730041
iteration 1: residue = 0.222351, energy = 1374304.187598 = 1374304.187598, xb = 1373095.094489, voltage energy = 1589212.451809, gap = 217326.450429
iteration 2: residue = 0.131158, energy = 1303099.420947 = 1303099.420947, xb = 1302656.781508, voltage energy = 1382804.142887, gap = 80590.000818
iteration 3: residue = 0.081712, energy = 1276850.163414 = 1276850.163414, xb = 1277307.081998, voltage energy = 1310483.745869, gap = 32719.745288
iteration 4: residue = 0.052813, energy = 1266218.052141 = 1266218.052141, xb = 1266744.061317, voltage energy = 1281247.080259, gap = 13977.009766
iteration 5: residue = 0.033291, energy = 1261405.220608 = 1261405.220609, xb = 1262088.332177, voltage energy = 1268432.785797, gap = 5661.342053
iteration 6: residue = 0.021801, energy = 1259527.023576 = 1259527.023576, xb = 1259931.195175, voltage energy = 1262768.688126, gap = 2433.321353
iteration 7: residue = 0.013605, energy = 1258662.235798 = 1258662.235798, xb = 1258948.167647, voltage energy = 1260199.082126, gap = 964.982630
iteration 8: residue = 0.008252, energy = 1258308.187818 = 1258308.187818, xb = 1258485.129336, voltage energy = 1259026.791666, gap = 364.720813
iteration 9: residue = 0.005098, energy = 1258174.227612 = 1258174.227612, xb = 1258280.975730, voltage energy = 1258528.158175, gap = 140.434326
iteration 10: residue = 0.003549, energy = 1258129.772263 = 1258129.772263, xb = 1258176.718825, voltage energy = 1258291.196843, gap = 67.531457
iteration 11: residue = 0.002602, energy = 1258110.235061 = 1258110.235061, xb = 1258176.631029, voltage energy = 1258277.919524, gap = 34.892527
iteration 12: residue = 0.001402, energy = 1258096.149728 = 1258096.149728, xb = 1258139.099663, voltage energy = 1258193.255965, gap = 11.206366
iteration 13: residue = 0.000933, energy = 1258092.556511 = 1258092.556511, xb = 1258112.405467, voltage energy = 1258137.427839, gap = 5.173415
iteration 14: residue = 0.000660, energy = 1258090.836153 = 1258090.836153, xb = 1258104.786576, voltage energy = 1258121.073883, gap = 2.336884
iteration 15: residue = 0.000440, energy = 1258090.064314 = 1258090.064314, xb = 1258099.882567, voltage energy = 1258110.768411, gap = 1.067591
iteration 16: residue = 0.000214, energy = 1258089.572616 = 1258089.572616, xb = 1258093.817742, voltage energy = 1258098.343765, gap = 0.280898
iteration 17: residue = 0.000186, energy = 1258089.503197 = 1258089.503197, xb = 1258091.080258, voltage energy = 1258092.836771, gap = 0.179453
iteration 18: residue = 0.000127, energy = 1258089.449092 = 1258089.449091, xb = 1258090.510727, voltage energy = 1258091.659234, gap = 0.086872
iteration 19: residue = 0.000078, energy = 1258089.415692 = 1258089.415691, xb = 1258089.732905, voltage energy = 1258090.081346, gap = 0.031228
iteration 20: residue = 0.000063, energy = 1258089.409173 = 1258089.409172, xb = 1258089.784726, voltage energy = 1258090.181056, gap = 0.020774
iteration 21: residue = 0.000031, energy = 1258089.399571 = 1258089.399570, xb = 1258089.635312, voltage energy = 1258089.876004, gap = 0.004949
iteration 22: residue = 0.000019, energy = 1258089.397814 = 1258089.397812, xb = 1258089.405661, voltage energy = 1258089.415653, gap = 0.002143
iteration 23: residue = 0.000009, energy = 1258089.396795 = 1258089.396793, xb = 1258089.518069, voltage energy = 1258089.639780, gap = 0.000436
recursivelinesolver
iteration 0: residue = 0.384317, energy = 1556584.470353 = 1556584.470353, xb = 1555455.059015, voltage energy = 2148162.377719, gap = 593836.730041
iteration 1: residue = 0.222351, energy = 1374304.187598 = 1374304.187598, xb = 1373095.094489, voltage energy = 1589212.451809, gap = 217326.450429
iteration 2: residue = 0.131158, energy = 1303099.420947 = 1303099.420947, xb = 1302656.781508, voltage energy = 1382804.142887, gap = 80590.000818
iteration 3: residue = 0.081712, energy = 1276850.163414 = 1276850.163414, xb = 1277307.081998, voltage energy = 1310483.745869, gap = 32719.745288
iteration 4: residue = 0.052813, energy = 1266218.052141 = 1266218.052141, xb = 1266744.061317, voltage energy = 1281247.080259, gap = 13977.009766
iteration 5: residue = 0.033291, energy = 1261405.220608 = 1261405.220609, xb = 1262088.332177, voltage energy = 1268432.785797, gap = 5661.342053
iteration 6: residue = 0.021801, energy = 1259527.023576 = 1259527.023576, xb = 1259931.195175, voltage energy = 1262768.688126, gap = 2433.321353
iteration 7: residue = 0.013605, energy = 1258662.235798 = 1258662.235798, xb = 1258948.167647, voltage energy = 1260199.082126, gap = 964.982630
iteration 8: residue = 0.008252, energy = 1258308.187818 = 1258308.187818, xb = 1258485.129336, voltage energy = 1259026.791666, gap = 364.720813
iteration 9: residue = 0.005098, energy = 1258174.227612 = 1258174.227612, xb = 1258280.975730, voltage energy = 1258528.158175, gap = 140.434326
iteration 10: residue = 0.003549, energy = 1258129.772263 = 1258129.772263, xb = 1258176.718825, voltage energy = 1258291.196843, gap = 67.531457
iteration 11: residue = 0.002602, energy = 1258110.235061 = 1258110.235061, xb = 1258176.631029, voltage energy = 1258277.919524, gap = 34.892527
iteration 12: residue = 0.001402, energy = 1258096.149728 = 1258096.149728, xb = 1258139.099663, voltage energy = 1258193.255965, gap = 11.206366
iteration 13: residue = 0.000933, energy = 1258092.556511 = 1258092.556511, xb = 1258112.405467, voltage energy = 1258137.427839, gap = 5.173415
iteration 14: residue = 0.000660, energy = 1258090.836153 = 1258090.836153, xb = 1258104.786576, voltage energy = 1258121.073883, gap = 2.336884
iteration 15: residue = 0.000440, energy = 1258090.064314 = 1258090.064314, xb = 1258099.882567, voltage energy = 1258110.768411, gap = 1.067591
iteration 16: residue = 0.000214, energy = 1258089.572616 = 1258089.572616, xb = 1258093.817742, voltage energy = 1258098.343765, gap = 0.280898
iteration 17: residue = 0.000186, energy = 1258089.503197 = 1258089.503197, xb = 1258091.080258, voltage energy = 1258092.836771, gap = 0.179453
iteration 18: residue = 0.000127, energy = 1258089.449092 = 1258089.449091, xb = 1258090.510727, voltage energy = 1258091.659234, gap = 0.086872
iteration 19: residue = 0.000078, energy = 1258089.415692 = 1258089.415691, xb = 1258089.732905, voltage energy = 1258090.081346, gap = 0.031228
iteration 20: residue = 0.000063, energy = 1258089.409173 = 1258089.409172, xb = 1258089.784726, voltage energy = 1258090.181056, gap = 0.020774
iteration 21: residue = 0.000031, energy = 1258089.399571 = 1258089.399570, xb = 1258089.635312, voltage energy = 1258089.876004, gap = 0.004949
iteration 22: residue = 0.000019, energy = 1258089.397814 = 1258089.397812, xb = 1258089.405661, voltage energy = 1258089.415653, gap = 0.002143
iteration 23: residue = 0.000009, energy = 1258089.396795 = 1258089.396793, xb = 1258089.518069, voltage energy = 1258089.639780, gap = 0.000436
recursivelinesolver
iteration 0: residue = 0.384317, energy = 1556584.470353 = 1556584.470353, xb = 1555455.059015, voltage energy = 2148162.377719, gap = 593836.730041
iteration 1: residue = 0.222351, energy = 1374304.187598 = 1374304.187598, xb = 1373095.094489, voltage energy = 1589212.451809, gap = 217326.450429
iteration 2: residue = 0.131158, energy = 1303099.420947 = 1303099.420947, xb = 1302656.781508, voltage energy = 1382804.142887, gap = 80590.000818
iteration 3: residue = 0.081712, energy = 1276850.163414 = 1276850.163414, xb = 1277307.081998, voltage energy = 1310483.745869, gap = 32719.745288
iteration 4: residue = 0.052813, energy = 1266218.052141 = 1266218.052141, xb = 1266744.061317, voltage energy = 1281247.080259, gap = 13977.009766
iteration 5: residue = 0.033291, energy = 1261405.220608 = 1261405.220609, xb = 1262088.332177, voltage energy = 1268432.785797, gap = 5661.342053
iteration 6: residue = 0.021801, energy = 1259527.023576 = 1259527.023576, xb = 1259931.195175, voltage energy = 1262768.688126, gap = 2433.321353
iteration 7: residue = 0.013605, energy = 1258662.235798 = 1258662.235798, xb = 1258948.167647, voltage energy = 1260199.082126, gap = 964.982630
iteration 8: residue = 0.008252, energy = 1258308.187818 = 1258308.187818, xb = 1258485.129336, voltage energy = 1259026.791666, gap = 364.720813
iteration 9: residue = 0.005098, energy = 1258174.227612 = 1258174.227612, xb = 1258280.975730, voltage energy = 1258528.158175, gap = 140.434326
iteration 10: residue = 0.003549, energy = 1258129.772263 = 1258129.772263, xb = 1258176.718825, voltage energy = 1258291.196843, gap = 67.531457
iteration 11: residue = 0.002602, energy = 1258110.235061 = 1258110.235061, xb = 1258176.631029, voltage energy = 1258277.919524, gap = 34.892527
iteration 12: residue = 0.001402, energy = 1258096.149728 = 1258096.149728, xb = 1258139.099663, voltage energy = 1258193.255965, gap = 11.206366
iteration 13: residue = 0.000933, energy = 1258092.556511 = 1258092.556511, xb = 1258112.405467, voltage energy = 1258137.427839, gap = 5.173415
iteration 14: residue = 0.000660, energy = 1258090.836153 = 1258090.836153, xb = 1258104.786576, voltage energy = 1258121.073883, gap = 2.336884
iteration 15: residue = 0.000440, energy = 1258090.064314 = 1258090.064314, xb = 1258099.882567, voltage energy = 1258110.768411, gap = 1.067591
iteration 16: residue = 0.000214, energy = 1258089.572616 = 1258089.572616, xb = 1258093.817742, voltage energy = 1258098.343765, gap = 0.280898
iteration 17: residue = 0.000186, energy = 1258089.503197 = 1258089.503197, xb = 1258091.080258, voltage energy = 1258092.836771, gap = 0.179453
iteration 18: residue = 0.000127, energy = 1258089.449092 = 1258089.449091, xb = 1258090.510727, voltage energy = 1258091.659234, gap = 0.086872
iteration 19: residue = 0.000078, energy = 1258089.415692 = 1258089.415691, xb = 1258089.732905, voltage energy = 1258090.081346, gap = 0.031228
iteration 20: residue = 0.000063, energy = 1258089.409173 = 1258089.409172, xb = 1258089.784726, voltage energy = 1258090.181056, gap = 0.020774
iteration 21: residue = 0.000031, energy = 1258089.399571 = 1258089.399570, xb = 1258089.635312, voltage energy = 1258089.876004, gap = 0.004949
iteration 22: residue = 0.000019, energy = 1258089.397814 = 1258089.397812, xb = 1258089.405661, voltage energy = 1258089.415653, gap = 0.002143
iteration 23: residue = 0.000009, energy = 1258089.396795 = 1258089.396793, xb = 1258089.518069, voltage energy = 1258089.639780, gap = 0.000436
recursivelinesolver
iteration 0: residue = 0.384317, energy = 1556584.470353 = 1556584.470353, xb = 1555455.059015, voltage energy = 2148162.377719, gap = 593836.730041
iteration 1: residue = 0.222351, energy = 1374304.187598 = 1374304.187598, xb = 1373095.094489, voltage energy = 1589212.451809, gap = 217326.450429
iteration 2: residue = 0.131158, energy = 1303099.420947 = 1303099.420947, xb = 1302656.781508, voltage energy = 1382804.142887, gap = 80590.000818
iteration 3: residue = 0.081712, energy = 1276850.163414 = 1276850.163414, xb = 1277307.081998, voltage energy = 1310483.745869, gap = 32719.745288
iteration 4: residue = 0.052813, energy = 1266218.052141 = 1266218.052141, xb = 1266744.061317, voltage energy = 1281247.080259, gap = 13977.009766
iteration 5: residue = 0.033291, energy = 1261405.220608 = 1261405.220609, xb = 1262088.332177, voltage energy = 1268432.785797, gap = 5661.342053
iteration 6: residue = 0.021801, energy = 1259527.023576 = 1259527.023576, xb = 1259931.195175, voltage energy = 1262768.688126, gap = 2433.321353
iteration 7: residue = 0.013605, energy = 1258662.235798 = 1258662.235798, xb = 1258948.167647, voltage energy = 1260199.082126, gap = 964.982630
iteration 8: residue = 0.008252, energy = 1258308.187818 = 1258308.187818, xb = 1258485.129336, voltage energy = 1259026.791666, gap = 364.720813
iteration 9: residue = 0.005098, energy = 1258174.227612 = 1258174.227612, xb = 1258280.975730, voltage energy = 1258528.158175, gap = 140.434326
iteration 10: residue = 0.003549, energy = 1258129.772263 = 1258129.772263, xb = 1258176.718825, voltage energy = 1258291.196843, gap = 67.531457
iteration 11: residue = 0.002602, energy = 1258110.235061 = 1258110.235061, xb = 1258176.631029, voltage energy = 1258277.919524, gap = 34.892527
iteration 12: residue = 0.001402, energy = 1258096.149728 = 1258096.149728, xb = 1258139.099663, voltage energy = 1258193.255965, gap = 11.206366
iteration 13: residue = 0.000933, energy = 1258092.556511 = 1258092.556511, xb = 1258112.405467, voltage energy = 1258137.427839, gap = 5.173415
iteration 14: residue = 0.000660, energy = 1258090.836153 = 1258090.836153, xb = 1258104.786576, voltage energy = 1258121.073883, gap = 2.336884
iteration 15: residue = 0.000440, energy = 1258090.064314 = 1258090.064314, xb = 1258099.882567, voltage energy = 1258110.768411, gap = 1.067591
iteration 16: residue = 0.000214, energy = 1258089.572616 = 1258089.572616, xb = 1258093.817742, voltage energy = 1258098.343765, gap = 0.280898
iteration 17: residue = 0.000186, energy = 1258089.503197 = 1258089.503197, xb = 1258091.080258, voltage energy = 1258092.836771, gap = 0.179453
iteration 18: residue = 0.000127, energy = 1258089.449092 = 1258089.449091, xb = 1258090.510727, voltage energy = 1258091.659234, gap = 0.086872
iteration 19: residue = 0.000078, energy = 1258089.415692 = 1258089.415691, xb = 1258089.732905, voltage energy = 1258090.081346, gap = 0.031228
iteration 20: residue = 0.000063, energy = 1258089.409173 = 1258089.409172, xb = 1258089.784726, voltage energy = 1258090.181056, gap = 0.020774
iteration 21: residue = 0.000031, energy = 1258089.399571 = 1258089.399570, xb = 1258089.635312, voltage energy = 1258089.876004, gap = 0.004949
iteration 22: residue = 0.000019, energy = 1258089.397814 = 1258089.397812, xb = 1258089.405661, voltage energy = 1258089.415653, gap = 0.002143
iteration 23: residue = 0.000009, energy = 1258089.396795 = 1258089.396793, xb = 1258089.518069, voltage energy = 1258089.639780, gap = 0.000436
recursivetreesolver
residual 3.843171e-01
residual 2.223506e-01
residual 1.311578e-01
residual 8.171207e-02
residual 5.281313e-02
residual 3.329063e-02
residual 2.180140e-02
residual 1.360550e-02
residual 8.251778e-03
residual 5.097543e-03
residual 3.548972e-03
residual 2.601824e-03
residual 1.401625e-03
residual 9.327729e-04
residual 6.601403e-04
residual 4.403833e-04
residual 2.143373e-04
residual 1.861145e-04
residual 1.265276e-04
residual 7.830797e-05
residual 6.341284e-05
residual 3.059481e-05
residual 1.863605e-05
residual 8.784988e-06
recursivetreesolver
residual 3.843171e-01
residual 2.223506e-01
residual 1.311578e-01
residual 8.171207e-02
residual 5.281313e-02
residual 3.329063e-02
residual 2.180140e-02
residual 1.360550e-02
residual 8.251778e-03
residual 5.097543e-03
residual 3.548972e-03
residual 2.601824e-03
residual 1.401625e-03
residual 9.327729e-04
residual 6.601403e-04
residual 4.403833e-04
residual 2.143373e-04
residual 1.861145e-04
residual 1.265276e-04
residual 7.830797e-05
residual 6.341284e-05
residual 3.059481e-05
residual 1.863605e-05
residual 8.784988e-06
recursivetreesolver
residual 3.843171e-01
residual 2.223506e-01
residual 1.311578e-01
residual 8.171207e-02
residual 5.281313e-02
residual 3.329063e-02
residual 2.180140e-02
residual 1.360550e-02
residual 8.251778e-03
residual 5.097543e-03
residual 3.548972e-03
residual 2.601824e-03
residual 1.401625e-03
residual 9.327729e-04
residual 6.601403e-04
residual 4.403833e-04
residual 2.143373e-04
residual 1.861145e-04
residual 1.265276e-04
residual 7.830797e-05
residual 6.341284e-05
residual 3.059481e-05
residual 1.863605e-05
residual 8.784988e-06
recursivetreesolver
residual 3.843171e-01
residual 2.223506e-01
residual 1.311578e-01
residual 8.171207e-02
residual 5.281313e-02
residual 3.329063e-02
residual 2.180140e-02
residual 1.360550e-02
residual 8.251778e-03
residual 5.097543e-03
residual 3.548972e-03
residual 2.601824e-03
residual 1.401625e-03
residual 9.327729e-04
residual 6.601403e-04
residual 4.403833e-04
residual 2.143373e-04
residual 1.861145e-04
residual 1.265276e-04
residual 7.830797e-05
residual 6.341284e-05
residual 3.059481e-05
residual 1.863605e-05
residual 8.784988e-06
recursivetreesolver
residual 3.843171e-01
residual 2.223506e-01
residual 1.311578e-01
residual 8.171207e-02
residual 5.281313e-02
residual 3.329063e-02
residual 2.180140e-02
residual 1.360550e-02
residual 8.251778e-03
residual 5.097543e-03
residual 3.548972e-03
residual 2.601824e-03
residual 1.401625e-03
residual 9.327729e-04
residual 6.601403e-04
residual 4.403833e-04
residual 2.143373e-04
residual 1.861145e-04
residual 1.265276e-04
residual 7.830797e-05
residual 6.341284e-05
residual 3.059481e-05
residual 1.863605e-05
residual 8.784988e-06
recursivetreesolver
residual 3.843171e-01
residual 2.223506e-01
residual 1.311578e-01
residual 8.171207e-02
residual 5.281313e-02
residual 3.329063e-02
residual 2.180140e-02
residual 1.360550e-02
residual 8.251778e-03
residual 5.097543e-03
residual 3.548972e-03
residual 2.601824e-03
residual 1.401625e-03
residual 9.327729e-04
residual 6.601403e-04
residual 4.403833e-04
residual 2.143373e-04
residual 1.861145e-04
residual 1.265276e-04
residual 7.830797e-05
residual 6.341284e-05
residual 3.059481e-05
residual 1.863605e-05
residual 8.784988e-06
recursivetreesolver
residual 3.843171e-01
residual 2.223506e-01
residual 1.311578e-01
residual 8.171207e-02
residual 5.281313e-02
residual 3.329063e-02
residual 2.180140e-02
residual 1.360550e-02
residual 8.251778e-03
residual 5.097543e-03
residual 3.548972e-03
residual 2.601824e-03
residual 1.401625e-03
residual 9.327729e-04
residual 6.601403e-04
residual 4.403833e-04
residual 2.143373e-04
residual 1.861145e-04
residual 1.265276e-04
residual 7.830797e-05
residual 6.341284e-05
residual 3.059481e-05
residual 1.863605e-05
residual 8.784988e-06
recursivetreesolver
residual 3.843171e-01
residual 2.223506e-01
residual 1.311578e-01
residual 8.171207e-02
residual 5.281313e-02
residual 3.329063e-02
residual 2.180140e-02
residual 1.360550e-02
residual 8.251778e-03
residual 5.097543e-03
residual 3.548972e-03
residual 2.601824e-03
residual 1.401625e-03
residual 9.327729e-04
residual 6.601403e-04
residual 4.403833e-04
residual 2.143373e-04
residual 1.861145e-04
residual 1.265276e-04
residual 7.830797e-05
residual 6.341284e-05
residual 3.059481e-05
residual 1.863605e-05
residual 8.784988e-06
recursivetreesolver
residual 3.843171e-01
residual 2.223506e-01
residual 1.311578e-01
residual 8.171207e-02
residual 5.281313e-02
residual 3.329063e-02
residual 2.180140e-02
residual 1.360550e-02
residual 8.251778e-03
residual 5.097543e-03
residual 3.548972e-03
residual 2.601824e-03
residual 1.401625e-03
residual 9.327729e-04
residual 6.601403e-04
residual 4.403833e-04
residual 2.143373e-04
residual 1.861145e-04
residual 1.265276e-04
residual 7.830797e-05
residual 6.341284e-05
residual 3.059481e-05
residual 1.863605e-05
residual 8.784988e-06
recursivetreesolver
residual 3.843171e-01
residual 2.223506e-01
residual 1.311578e-01
residual 8.171207e-02
residual 5.281313e-02
residual 3.329063e-02
residual 2.180140e-02
residual 1.360550e-02
residual 8.251778e-03
residual 5.097543e-03
residual 3.548972e-03
residual 2.601824e-03
residual 1.401625e-03
residual 9.327729e-04
residual 6.601403e-04
residual 4.403833e-04
residual 2.143373e-04
residual 1.861145e-04
residual 1.265276e-04
residual 7.830797e-05
residual 6.341284e-05
residual 3.059481e-05
residual 1.863605e-05
residual 8.784988e-06
