linesolver
iteration 1: energy = 16716112.150825 = 16716112.150827, xb = 16717928.318924, voltage energy = 16726352.087186, gap = 6607.6001658271998167
iteration 2: energy = 16711710.858178 = 16711710.858178, xb = 16712194.822793, voltage energy = 16713069.632492, gap = 390.8450842816382647
iteration 3: energy = 16711450.245844 = 16711450.245841, xb = 16711529.772539, voltage energy = 16711633.228115, gap = 23.9288768395781517
iteration 4: energy = 16711434.577869 = 16711434.577843, xb = 16711445.508689, voltage energy = 16711457.974413, gap = 1.5348775759339333
iteration 5: energy = 16711433.501526 = 16711433.501422, xb = 16711434.943204, voltage energy = 16711436.481403, gap = 0.0964156333357096
linesolver
iteration 1: energy = 16716112.150825 = 16716112.150827, xb = 16717928.318924, voltage energy = 16726352.087186, gap = 6607.6001658271998167
iteration 2: energy = 16711710.858178 = 16711710.858178, xb = 16712194.822793, voltage energy = 16713069.632492, gap = 390.8450842816382647
iteration 3: energy = 16711450.245844 = 16711450.245841, xb = 16711529.772539, voltage energy = 16711633.228115, gap = 23.9288768395781517
iteration 4: energy = 16711434.577869 = 16711434.577843, xb = 16711445.508689, voltage energy = 16711457.974413, gap = 1.5348775759339333
iteration 5: energy = 16711433.501526 = 16711433.501422, xb = 16711434.943204, voltage energy = 16711436.481403, gap = 0.0964156333357096
linesolver
iteration 1: energy = 16716112.150825 = 16716112.150827, xb = 16717928.318924, voltage energy = 16726352.087186, gap = 6607.6001658271998167
iteration 2: energy = 16711710.858178 = 16711710.858178, xb = 16712194.822793, voltage energy = 16713069.632492, gap = 390.8450842816382647
iteration 3: energy = 16711450.245844 = 16711450.245841, xb = 16711529.772539, voltage energy = 16711633.228115, gap = 23.9288768395781517
iteration 4: energy = 16711434.577869 = 16711434.577843, xb = 16711445.508689, voltage energy = 16711457.974413, gap = 1.5348775759339333
iteration 5: energy = 16711433.501526 = 16711433.501422, xb = 16711434.943204, voltage energy = 16711436.481403, gap = 0.0964156333357096
linesolver
iteration 1: energy = 16716112.150825 = 16716112.150827, xb = 16717928.318924, voltage energy = 16726352.087186, gap = 6607.6001658271998167
iteration 2: energy = 16711710.858178 = 16711710.858178, xb = 16712194.822793, voltage energy = 16713069.632492, gap = 390.8450842816382647
iteration 3: energy = 16711450.245844 = 16711450.245841, xb = 16711529.772539, voltage energy = 16711633.228115, gap = 23.9288768395781517
iteration 4: energy = 16711434.577869 = 16711434.577843, xb = 16711445.508689, voltage energy = 16711457.974413, gap = 1.5348775759339333
iteration 5: energy = 16711433.501526 = 16711433.501422, xb = 16711434.943204, voltage energy = 16711436.481403, gap = 0.0964156333357096
linesolver
iteration 1: energy = 16716112.150825 = 16716112.150827, xb = 16717928.318924, voltage energy = 16726352.087186, gap = 6607.6001658271998167
iteration 2: energy = 16711710.858178 = 16711710.858178, xb = 16712194.822793, voltage energy = 16713069.632492, gap = 390.8450842816382647
iteration 3: energy = 16711450.245844 = 16711450.245841, xb = 16711529.772539, voltage energy = 16711633.228115, gap = 23.9288768395781517
iteration 4: energy = 16711434.577869 = 16711434.577843, xb = 16711445.508689, voltage energy = 16711457.974413, gap = 1.5348775759339333
iteration 5: energy = 16711433.501526 = 16711433.501422, xb = 16711434.943204, voltage energy = 16711436.481403, gap = 0.0964156333357096
linesolver
iteration 1: energy = 16716112.150825 = 16716112.150827, xb = 16717928.318924, voltage energy = 16726352.087186, gap = 6607.6001658271998167
iteration 2: energy = 16711710.858178 = 16711710.858178, xb = 16712194.822793, voltage energy = 16713069.632492, gap = 390.8450842816382647
iteration 3: energy = 16711450.245844 = 16711450.245841, xb = 16711529.772539, voltage energy = 16711633.228115, gap = 23.9288768395781517
iteration 4: energy = 16711434.577869 = 16711434.577843, xb = 16711445.508689, voltage energy = 16711457.974413, gap = 1.5348775759339333
iteration 5: energy = 16711433.501526 = 16711433.501422, xb = 16711434.943204, voltage energy = 16711436.481403, gap = 0.0964156333357096
linesolver
iteration 1: energy = 16716112.150825 = 16716112.150827, xb = 16717928.318924, voltage energy = 16726352.087186, gap = 6607.6001658271998167
iteration 2: energy = 16711710.858178 = 16711710.858178, xb = 16712194.822793, voltage energy = 16713069.632492, gap = 390.8450842816382647
iteration 3: energy = 16711450.245844 = 16711450.245841, xb = 16711529.772539, voltage energy = 16711633.228115, gap = 23.9288768395781517
iteration 4: energy = 16711434.577869 = 16711434.577843, xb = 16711445.508689, voltage energy = 16711457.974413, gap = 1.5348775759339333
iteration 5: energy = 16711433.501526 = 16711433.501422, xb = 16711434.943204, voltage energy = 16711436.481403, gap = 0.0964156333357096
linesolver
iteration 1: energy = 16716112.150825 = 16716112.150827, xb = 16717928.318924, voltage energy = 16726352.087186, gap = 6607.6001658271998167
iteration 2: energy = 16711710.858178 = 16711710.858178, xb = 16712194.822793, voltage energy = 16713069.632492, gap = 390.8450842816382647
iteration 3: energy = 16711450.245844 = 16711450.245841, xb = 16711529.772539, voltage energy = 16711633.228115, gap = 23.9288768395781517
iteration 4: energy = 16711434.577869 = 16711434.577843, xb = 16711445.508689, voltage energy = 16711457.974413, gap = 1.5348775759339333
iteration 5: energy = 16711433.501526 = 16711433.501422, xb = 16711434.943204, voltage energy = 16711436.481403, gap = 0.0964156333357096
linesolver
iteration 1: energy = 16716112.150825 = 16716112.150827, xb = 16717928.318924, voltage energy = 16726352.087186, gap = 6607.6001658271998167
iteration 2: energy = 16711710.858178 = 16711710.858178, xb = 16712194.822793, voltage energy = 16713069.632492, gap = 390.8450842816382647
iteration 3: energy = 16711450.245844 = 16711450.245841, xb = 16711529.772539, voltage energy = 16711633.228115, gap = 23.9288768395781517
iteration 4: energy = 16711434.577869 = 16711434.577843, xb = 16711445.508689, voltage energy = 16711457.974413, gap = 1.5348775759339333
iteration 5: energy = 16711433.501526 = 16711433.501422, xb = 16711434.943204, voltage energy = 16711436.481403, gap = 0.0964156333357096
linesolver
iteration 1: energy = 16716112.150825 = 16716112.150827, xb = 16717928.318924, voltage energy = 16726352.087186, gap = 6607.6001658271998167
iteration 2: energy = 16711710.858178 = 16711710.858178, xb = 16712194.822793, voltage energy = 16713069.632492, gap = 390.8450842816382647
iteration 3: energy = 16711450.245844 = 16711450.245841, xb = 16711529.772539, voltage energy = 16711633.228115, gap = 23.9288768395781517
iteration 4: energy = 16711434.577869 = 16711434.577843, xb = 16711445.508689, voltage energy = 16711457.974413, gap = 1.5348775759339333
iteration 5: energy = 16711433.501526 = 16711433.501422, xb = 16711434.943204, voltage energy = 16711436.481403, gap = 0.0964156333357096
treesolver
iteration 1: energy = 16716112.150825 = 16716112.150827, xb = 16717928.318923, voltage energy = 16726352.087186, gap = 6607.600167
iteration 2: energy = 16711710.858177 = 16711710.858178, xb = 16712194.822793, voltage energy = 16713069.632492, gap = 390.845084
iteration 3: energy = 16711450.245844 = 16711450.245841, xb = 16711529.772539, voltage energy = 16711633.228115, gap = 23.928876
iteration 4: energy = 16711434.577869 = 16711434.577843, xb = 16711445.508690, voltage energy = 16711457.974413, gap = 1.534877
iteration 5: energy = 16711433.501525 = 16711433.501422, xb = 16711434.943204, voltage energy = 16711436.481403, gap = 0.096416
treesolver
iteration 1: energy = 16716112.150825 = 16716112.150827, xb = 16717928.318923, voltage energy = 16726352.087186, gap = 6607.600167
iteration 2: energy = 16711710.858177 = 16711710.858178, xb = 16712194.822793, voltage energy = 16713069.632492, gap = 390.845084
iteration 3: energy = 16711450.245844 = 16711450.245841, xb = 16711529.772539, voltage energy = 16711633.228115, gap = 23.928876
iteration 4: energy = 16711434.577869 = 16711434.577843, xb = 16711445.508690, voltage energy = 16711457.974413, gap = 1.534877
iteration 5: energy = 16711433.501525 = 16711433.501422, xb = 16711434.943204, voltage energy = 16711436.481403, gap = 0.096416
treesolver
iteration 1: energy = 16716112.150825 = 16716112.150827, xb = 16717928.318923, voltage energy = 16726352.087186, gap = 6607.600167
iteration 2: energy = 16711710.858177 = 16711710.858178, xb = 16712194.822793, voltage energy = 16713069.632492, gap = 390.845084
iteration 3: energy = 16711450.245844 = 16711450.245841, xb = 16711529.772539, voltage energy = 16711633.228115, gap = 23.928876
iteration 4: energy = 16711434.577869 = 16711434.577843, xb = 16711445.508690, voltage energy = 16711457.974413, gap = 1.534877
iteration 5: energy = 16711433.501525 = 16711433.501422, xb = 16711434.943204, voltage energy = 16711436.481403, gap = 0.096416
treesolver
iteration 1: energy = 16716112.150825 = 16716112.150827, xb = 16717928.318923, voltage energy = 16726352.087186, gap = 6607.600167
iteration 2: energy = 16711710.858177 = 16711710.858178, xb = 16712194.822793, voltage energy = 16713069.632492, gap = 390.845084
iteration 3: energy = 16711450.245844 = 16711450.245841, xb = 16711529.772539, voltage energy = 16711633.228115, gap = 23.928876
iteration 4: energy = 16711434.577869 = 16711434.577843, xb = 16711445.508690, voltage energy = 16711457.974413, gap = 1.534877
iteration 5: energy = 16711433.501525 = 16711433.501422, xb = 16711434.943204, voltage energy = 16711436.481403, gap = 0.096416
treesolver
iteration 1: energy = 16716112.150825 = 16716112.150827, xb = 16717928.318923, voltage energy = 16726352.087186, gap = 6607.600167
iteration 2: energy = 16711710.858177 = 16711710.858178, xb = 16712194.822793, voltage energy = 16713069.632492, gap = 390.845084
iteration 3: energy = 16711450.245844 = 16711450.245841, xb = 16711529.772539, voltage energy = 16711633.228115, gap = 23.928876
iteration 4: energy = 16711434.577869 = 16711434.577843, xb = 16711445.508690, voltage energy = 16711457.974413, gap = 1.534877
iteration 5: energy = 16711433.501525 = 16711433.501422, xb = 16711434.943204, voltage energy = 16711436.481403, gap = 0.096416
treesolver
iteration 1: energy = 16716112.150825 = 16716112.150827, xb = 16717928.318923, voltage energy = 16726352.087186, gap = 6607.600167
iteration 2: energy = 16711710.858177 = 16711710.858178, xb = 16712194.822793, voltage energy = 16713069.632492, gap = 390.845084
iteration 3: energy = 16711450.245844 = 16711450.245841, xb = 16711529.772539, voltage energy = 16711633.228115, gap = 23.928876
iteration 4: energy = 16711434.577869 = 16711434.577843, xb = 16711445.508690, voltage energy = 16711457.974413, gap = 1.534877
iteration 5: energy = 16711433.501525 = 16711433.501422, xb = 16711434.943204, voltage energy = 16711436.481403, gap = 0.096416
treesolver
iteration 1: energy = 16716112.150825 = 16716112.150827, xb = 16717928.318923, voltage energy = 16726352.087186, gap = 6607.600167
iteration 2: energy = 16711710.858177 = 16711710.858178, xb = 16712194.822793, voltage energy = 16713069.632492, gap = 390.845084
iteration 3: energy = 16711450.245844 = 16711450.245841, xb = 16711529.772539, voltage energy = 16711633.228115, gap = 23.928876
iteration 4: energy = 16711434.577869 = 16711434.577843, xb = 16711445.508690, voltage energy = 16711457.974413, gap = 1.534877
iteration 5: energy = 16711433.501525 = 16711433.501422, xb = 16711434.943204, voltage energy = 16711436.481403, gap = 0.096416
treesolver
iteration 1: energy = 16716112.150825 = 16716112.150827, xb = 16717928.318923, voltage energy = 16726352.087186, gap = 6607.600167
iteration 2: energy = 16711710.858177 = 16711710.858178, xb = 16712194.822793, voltage energy = 16713069.632492, gap = 390.845084
iteration 3: energy = 16711450.245844 = 16711450.245841, xb = 16711529.772539, voltage energy = 16711633.228115, gap = 23.928876
iteration 4: energy = 16711434.577869 = 16711434.577843, xb = 16711445.508690, voltage energy = 16711457.974413, gap = 1.534877
iteration 5: energy = 16711433.501525 = 16711433.501422, xb = 16711434.943204, voltage energy = 16711436.481403, gap = 0.096416
treesolver
iteration 1: energy = 16716112.150825 = 16716112.150827, xb = 16717928.318923, voltage energy = 16726352.087186, gap = 6607.600167
iteration 2: energy = 16711710.858177 = 16711710.858178, xb = 16712194.822793, voltage energy = 16713069.632492, gap = 390.845084
iteration 3: energy = 16711450.245844 = 16711450.245841, xb = 16711529.772539, voltage energy = 16711633.228115, gap = 23.928876
iteration 4: energy = 16711434.577869 = 16711434.577843, xb = 16711445.508690, voltage energy = 16711457.974413, gap = 1.534877
iteration 5: energy = 16711433.501525 = 16711433.501422, xb = 16711434.943204, voltage energy = 16711436.481403, gap = 0.096416
treesolver
iteration 1: energy = 16716112.150825 = 16716112.150827, xb = 16717928.318923, voltage energy = 16726352.087186, gap = 6607.600167
iteration 2: energy = 16711710.858177 = 16711710.858178, xb = 16712194.822793, voltage energy = 16713069.632492, gap = 390.845084
iteration 3: energy = 16711450.245844 = 16711450.245841, xb = 16711529.772539, voltage energy = 16711633.228115, gap = 23.928876
iteration 4: energy = 16711434.577869 = 16711434.577843, xb = 16711445.508690, voltage energy = 16711457.974413, gap = 1.534877
iteration 5: energy = 16711433.501525 = 16711433.501422, xb = 16711434.943204, voltage energy = 16711436.481403, gap = 0.096416
recursivelinesolver
iteration 0: residue = 0.013101, energy = 16750555.077620 = 16750555.077621, xb = 16746964.721509, voltage energy = 16801304.866859, gap = 57930.501462
iteration 1: residue = 0.008393, energy = 16730445.635011 = 16730445.635012, xb = 16731147.806289, voltage energy = 16759820.772791, gap = 27970.795225
iteration 2: residue = 0.005588, energy = 16720909.681183 = 16720909.681185, xb = 16722774.117960, voltage energy = 16738070.304264, gap = 13431.749529
iteration 3: residue = 0.003582, energy = 16716112.150825 = 16716112.150827, xb = 16717928.318923, voltage energy = 16726352.087186, gap = 6607.600166
iteration 4: residue = 0.002348, energy = 16713724.953720 = 16713724.953723, xb = 16715193.659701, voltage energy = 16719891.716909, gap = 3229.351230
iteration 5: residue = 0.001428, energy = 16712551.026120 = 16712551.026123, xb = 16713652.885337, voltage energy = 16716278.334570, gap = 1523.590019
iteration 6: residue = 0.001045, energy = 16712004.153966 = 16712004.153968, xb = 16712769.407419, voltage energy = 16714302.439755, gap = 767.778885
iteration 7: residue = 0.000723, energy = 16711710.858178 = 16711710.858178, xb = 16712194.822793, voltage energy = 16713069.632492, gap = 390.845084
iteration 8: residue = 0.000420, energy = 16711573.913345 = 16711573.913346, xb = 16711885.376823, voltage energy = 16712391.948373, gap = 195.108073
iteration 9: residue = 0.000281, energy = 16711503.343511 = 16711503.343510, xb = 16711709.144994, voltage energy = 16712013.659907, gap = 98.713429
iteration 10: residue = 0.000195, energy = 16711467.341083 = 16711467.341080, xb = 16711595.891174, voltage energy = 16711777.600791, gap = 53.159524
iteration 11: residue = 0.000128, energy = 16711450.245844 = 16711450.245841, xb = 16711529.772539, voltage energy = 16711633.228115, gap = 23.928877
iteration 12: residue = 0.000093, energy = 16711441.775246 = 16711441.775241, xb = 16711490.947143, voltage energy = 16711553.540334, gap = 13.421290
iteration 13: residue = 0.000058, energy = 16711437.632445 = 16711437.632436, xb = 16711467.964139, voltage energy = 16711504.149520, gap = 5.853678
iteration 14: residue = 0.000041, energy = 16711435.587782 = 16711435.587767, xb = 16711453.685785, voltage energy = 16711474.609358, gap = 2.825555
iteration 15: residue = 0.000030, energy = 16711434.577869 = 16711434.577843, xb = 16711445.508689, voltage energy = 16711457.974413, gap = 1.534877
iteration 16: residue = 0.000020, energy = 16711434.001412 = 16711434.001376, xb = 16711440.817459, voltage energy = 16711448.358302, gap = 0.724759
iteration 17: residue = 0.000014, energy = 16711433.706488 = 16711433.706436, xb = 16711437.344218, voltage energy = 16711441.343893, gap = 0.361893
iteration 18: residue = 0.000009, energy = 16711433.567482 = 16711433.567409, xb = 16711436.059967, voltage energy = 16711438.740869, gap = 0.188344
recursivelinesolver
iteration 0: residue = 0.013101, energy = 16750555.077620 = 16750555.077621, xb = 16746964.721509, voltage energy = 16801304.866859, gap = 57930.501462
iteration 1: residue = 0.008393, energy = 16730445.635011 = 16730445.635012, xb = 16731147.806289, voltage energy = 16759820.772791, gap = 27970.795225
iteration 2: residue = 0.005588, energy = 16720909.681183 = 16720909.681185, xb = 16722774.117960, voltage energy = 16738070.304264, gap = 13431.749529
iteration 3: residue = 0.003582, energy = 16716112.150825 = 16716112.150827, xb = 16717928.318923, voltage energy = 16726352.087186, gap = 6607.600166
iteration 4: residue = 0.002348, energy = 16713724.953720 = 16713724.953723, xb = 16715193.659701, voltage energy = 16719891.716909, gap = 3229.351230
iteration 5: residue = 0.001428, energy = 16712551.026120 = 16712551.026123, xb = 16713652.885337, voltage energy = 16716278.334570, gap = 1523.590019
iteration 6: residue = 0.001045, energy = 16712004.153966 = 16712004.153968, xb = 16712769.407419, voltage energy = 16714302.439755, gap = 767.778885
iteration 7: residue = 0.000723, energy = 16711710.858178 = 16711710.858178, xb = 16712194.822793, voltage energy = 16713069.632492, gap = 390.845084
iteration 8: residue = 0.000420, energy = 16711573.913345 = 16711573.913346, xb = 16711885.376823, voltage energy = 16712391.948373, gap = 195.108073
iteration 9: residue = 0.000281, energy = 16711503.343511 = 16711503.343510, xb = 16711709.144994, voltage energy = 16712013.659907, gap = 98.713429
iteration 10: residue = 0.000195, energy = 16711467.341083 = 16711467.341080, xb = 16711595.891174, voltage energy = 16711777.600791, gap = 53.159524
iteration 11: residue = 0.000128, energy = 16711450.245844 = 16711450.245841, xb = 16711529.772539, voltage energy = 16711633.228115, gap = 23.928877
iteration 12: residue = 0.000093, energy = 16711441.775246 = 16711441.775241, xb = 16711490.947143, voltage energy = 16711553.540334, gap = 13.421290
iteration 13: residue = 0.000058, energy = 16711437.632445 = 16711437.632436, xb = 16711467.964139, voltage energy = 16711504.149520, gap = 5.853678
iteration 14: residue = 0.000041, energy = 16711435.587782 = 16711435.587767, xb = 16711453.685785, voltage energy = 16711474.609358, gap = 2.825555
iteration 15: residue = 0.000030, energy = 16711434.577869 = 16711434.577843, xb = 16711445.508689, voltage energy = 16711457.974413, gap = 1.534877
iteration 16: residue = 0.000020, energy = 16711434.001412 = 16711434.001376, xb = 16711440.817459, voltage energy = 16711448.358302, gap = 0.724759
iteration 17: residue = 0.000014, energy = 16711433.706488 = 16711433.706436, xb = 16711437.344218, voltage energy = 16711441.343893, gap = 0.361893
iteration 18: residue = 0.000009, energy = 16711433.567482 = 16711433.567409, xb = 16711436.059967, voltage energy = 16711438.740869, gap = 0.188344
recursivelinesolver
iteration 0: residue = 0.013101, energy = 16750555.077620 = 16750555.077621, xb = 16746964.721509, voltage energy = 16801304.866859, gap = 57930.501462
iteration 1: residue = 0.008393, energy = 16730445.635011 = 16730445.635012, xb = 16731147.806289, voltage energy = 16759820.772791, gap = 27970.795225
iteration 2: residue = 0.005588, energy = 16720909.681183 = 16720909.681185, xb = 16722774.117960, voltage energy = 16738070.304264, gap = 13431.749529
iteration 3: residue = 0.003582, energy = 16716112.150825 = 16716112.150827, xb = 16717928.318923, voltage energy = 16726352.087186, gap = 6607.600166
iteration 4: residue = 0.002348, energy = 16713724.953720 = 16713724.953723, xb = 16715193.659701, voltage energy = 16719891.716909, gap = 3229.351230
iteration 5: residue = 0.001428, energy = 16712551.026120 = 16712551.026123, xb = 16713652.885337, voltage energy = 16716278.334570, gap = 1523.590019
iteration 6: residue = 0.001045, energy = 16712004.153966 = 16712004.153968, xb = 16712769.407419, voltage energy = 16714302.439755, gap = 767.778885
iteration 7: residue = 0.000723, energy = 16711710.858178 = 16711710.858178, xb = 16712194.822793, voltage energy = 16713069.632492, gap = 390.845084
iteration 8: residue = 0.000420, energy = 16711573.913345 = 16711573.913346, xb = 16711885.376823, voltage energy = 16712391.948373, gap = 195.108073
iteration 9: residue = 0.000281, energy = 16711503.343511 = 16711503.343510, xb = 16711709.144994, voltage energy = 16712013.659907, gap = 98.713429
iteration 10: residue = 0.000195, energy = 16711467.341083 = 16711467.341080, xb = 16711595.891174, voltage energy = 16711777.600791, gap = 53.159524
iteration 11: residue = 0.000128, energy = 16711450.245844 = 16711450.245841, xb = 16711529.772539, voltage energy = 16711633.228115, gap = 23.928877
iteration 12: residue = 0.000093, energy = 16711441.775246 = 16711441.775241, xb = 16711490.947143, voltage energy = 16711553.540334, gap = 13.421290
iteration 13: residue = 0.000058, energy = 16711437.632445 = 16711437.632436, xb = 16711467.964139, voltage energy = 16711504.149520, gap = 5.853678
iteration 14: residue = 0.000041, energy = 16711435.587782 = 16711435.587767, xb = 16711453.685785, voltage energy = 16711474.609358, gap = 2.825555
iteration 15: residue = 0.000030, energy = 16711434.577869 = 16711434.577843, xb = 16711445.508689, voltage energy = 16711457.974413, gap = 1.534877
iteration 16: residue = 0.000020, energy = 16711434.001412 = 16711434.001376, xb = 16711440.817459, voltage energy = 16711448.358302, gap = 0.724759
iteration 17: residue = 0.000014, energy = 16711433.706488 = 16711433.706436, xb = 16711437.344218, voltage energy = 16711441.343893, gap = 0.361893
iteration 18: residue = 0.000009, energy = 16711433.567482 = 16711433.567409, xb = 16711436.059967, voltage energy = 16711438.740869, gap = 0.188344
recursivelinesolver
iteration 0: residue = 0.013101, energy = 16750555.077620 = 16750555.077621, xb = 16746964.721509, voltage energy = 16801304.866859, gap = 57930.501462
iteration 1: residue = 0.008393, energy = 16730445.635011 = 16730445.635012, xb = 16731147.806289, voltage energy = 16759820.772791, gap = 27970.795225
iteration 2: residue = 0.005588, energy = 16720909.681183 = 16720909.681185, xb = 16722774.117960, voltage energy = 16738070.304264, gap = 13431.749529
iteration 3: residue = 0.003582, energy = 16716112.150825 = 16716112.150827, xb = 16717928.318923, voltage energy = 16726352.087186, gap = 6607.600166
iteration 4: residue = 0.002348, energy = 16713724.953720 = 16713724.953723, xb = 16715193.659701, voltage energy = 16719891.716909, gap = 3229.351230
iteration 5: residue = 0.001428, energy = 16712551.026120 = 16712551.026123, xb = 16713652.885337, voltage energy = 16716278.334570, gap = 1523.590019
iteration 6: residue = 0.001045, energy = 16712004.153966 = 16712004.153968, xb = 16712769.407419, voltage energy = 16714302.439755, gap = 767.778885
iteration 7: residue = 0.000723, energy = 16711710.858178 = 16711710.858178, xb = 16712194.822793, voltage energy = 16713069.632492, gap = 390.845084
iteration 8: residue = 0.000420, energy = 16711573.913345 = 16711573.913346, xb = 16711885.376823, voltage energy = 16712391.948373, gap = 195.108073
iteration 9: residue = 0.000281, energy = 16711503.343511 = 16711503.343510, xb = 16711709.144994, voltage energy = 16712013.659907, gap = 98.713429
iteration 10: residue = 0.000195, energy = 16711467.341083 = 16711467.341080, xb = 16711595.891174, voltage energy = 16711777.600791, gap = 53.159524
iteration 11: residue = 0.000128, energy = 16711450.245844 = 16711450.245841, xb = 16711529.772539, voltage energy = 16711633.228115, gap = 23.928877
iteration 12: residue = 0.000093, energy = 16711441.775246 = 16711441.775241, xb = 16711490.947143, voltage energy = 16711553.540334, gap = 13.421290
iteration 13: residue = 0.000058, energy = 16711437.632445 = 16711437.632436, xb = 16711467.964139, voltage energy = 16711504.149520, gap = 5.853678
iteration 14: residue = 0.000041, energy = 16711435.587782 = 16711435.587767, xb = 16711453.685785, voltage energy = 16711474.609358, gap = 2.825555
iteration 15: residue = 0.000030, energy = 16711434.577869 = 16711434.577843, xb = 16711445.508689, voltage energy = 16711457.974413, gap = 1.534877
iteration 16: residue = 0.000020, energy = 16711434.001412 = 16711434.001376, xb = 16711440.817459, voltage energy = 16711448.358302, gap = 0.724759
iteration 17: residue = 0.000014, energy = 16711433.706488 = 16711433.706436, xb = 16711437.344218, voltage energy = 16711441.343893, gap = 0.361893
iteration 18: residue = 0.000009, energy = 16711433.567482 = 16711433.567409, xb = 16711436.059967, voltage energy = 16711438.740869, gap = 0.188344
recursivelinesolver
iteration 0: residue = 0.013101, energy = 16750555.077620 = 16750555.077621, xb = 16746964.721509, voltage energy = 16801304.866859, gap = 57930.501462
iteration 1: residue = 0.008393, energy = 16730445.635011 = 16730445.635012, xb = 16731147.806289, voltage energy = 16759820.772791, gap = 27970.795225
iteration 2: residue = 0.005588, energy = 16720909.681183 = 16720909.681185, xb = 16722774.117960, voltage energy = 16738070.304264, gap = 13431.749529
iteration 3: residue = 0.003582, energy = 16716112.150825 = 16716112.150827, xb = 16717928.318923, voltage energy = 16726352.087186, gap = 6607.600166
iteration 4: residue = 0.002348, energy = 16713724.953720 = 16713724.953723, xb = 16715193.659701, voltage energy = 16719891.716909, gap = 3229.351230
iteration 5: residue = 0.001428, energy = 16712551.026120 = 16712551.026123, xb = 16713652.885337, voltage energy = 16716278.334570, gap = 1523.590019
iteration 6: residue = 0.001045, energy = 16712004.153966 = 16712004.153968, xb = 16712769.407419, voltage energy = 16714302.439755, gap = 767.778885
iteration 7: residue = 0.000723, energy = 16711710.858178 = 16711710.858178, xb = 16712194.822793, voltage energy = 16713069.632492, gap = 390.845084
iteration 8: residue = 0.000420, energy = 16711573.913345 = 16711573.913346, xb = 16711885.376823, voltage energy = 16712391.948373, gap = 195.108073
iteration 9: residue = 0.000281, energy = 16711503.343511 = 16711503.343510, xb = 16711709.144994, voltage energy = 16712013.659907, gap = 98.713429
iteration 10: residue = 0.000195, energy = 16711467.341083 = 16711467.341080, xb = 16711595.891174, voltage energy = 16711777.600791, gap = 53.159524
iteration 11: residue = 0.000128, energy = 16711450.245844 = 16711450.245841, xb = 16711529.772539, voltage energy = 16711633.228115, gap = 23.928877
iteration 12: residue = 0.000093, energy = 16711441.775246 = 16711441.775241, xb = 16711490.947143, voltage energy = 16711553.540334, gap = 13.421290
iteration 13: residue = 0.000058, energy = 16711437.632445 = 16711437.632436, xb = 16711467.964139, voltage energy = 16711504.149520, gap = 5.853678
iteration 14: residue = 0.000041, energy = 16711435.587782 = 16711435.587767, xb = 16711453.685785, voltage energy = 16711474.609358, gap = 2.825555
iteration 15: residue = 0.000030, energy = 16711434.577869 = 16711434.577843, xb = 16711445.508689, voltage energy = 16711457.974413, gap = 1.534877
iteration 16: residue = 0.000020, energy = 16711434.001412 = 16711434.001376, xb = 16711440.817459, voltage energy = 16711448.358302, gap = 0.724759
iteration 17: residue = 0.000014, energy = 16711433.706488 = 16711433.706436, xb = 16711437.344218, voltage energy = 16711441.343893, gap = 0.361893
iteration 18: residue = 0.000009, energy = 16711433.567482 = 16711433.567409, xb = 16711436.059967, voltage energy = 16711438.740869, gap = 0.188344
recursivelinesolver
iteration 0: residue = 0.013101, energy = 16750555.077620 = 16750555.077621, xb = 16746964.721509, voltage energy = 16801304.866859, gap = 57930.501462
iteration 1: residue = 0.008393, energy = 16730445.635011 = 16730445.635012, xb = 16731147.806289, voltage energy = 16759820.772791, gap = 27970.795225
iteration 2: residue = 0.005588, energy = 16720909.681183 = 16720909.681185, xb = 16722774.117960, voltage energy = 16738070.304264, gap = 13431.749529
iteration 3: residue = 0.003582, energy = 16716112.150825 = 16716112.150827, xb = 16717928.318923, voltage energy = 16726352.087186, gap = 6607.600166
iteration 4: residue = 0.002348, energy = 16713724.953720 = 16713724.953723, xb = 16715193.659701, voltage energy = 16719891.716909, gap = 3229.351230
iteration 5: residue = 0.001428, energy = 16712551.026120 = 16712551.026123, xb = 16713652.885337, voltage energy = 16716278.334570, gap = 1523.590019
iteration 6: residue = 0.001045, energy = 16712004.153966 = 16712004.153968, xb = 16712769.407419, voltage energy = 16714302.439755, gap = 767.778885
iteration 7: residue = 0.000723, energy = 16711710.858178 = 16711710.858178, xb = 16712194.822793, voltage energy = 16713069.632492, gap = 390.845084
iteration 8: residue = 0.000420, energy = 16711573.913345 = 16711573.913346, xb = 16711885.376823, voltage energy = 16712391.948373, gap = 195.108073
iteration 9: residue = 0.000281, energy = 16711503.343511 = 16711503.343510, xb = 16711709.144994, voltage energy = 16712013.659907, gap = 98.713429
iteration 10: residue = 0.000195, energy = 16711467.341083 = 16711467.341080, xb = 16711595.891174, voltage energy = 16711777.600791, gap = 53.159524
iteration 11: residue = 0.000128, energy = 16711450.245844 = 16711450.245841, xb = 16711529.772539, voltage energy = 16711633.228115, gap = 23.928877
iteration 12: residue = 0.000093, energy = 16711441.775246 = 16711441.775241, xb = 16711490.947143, voltage energy = 16711553.540334, gap = 13.421290
iteration 13: residue = 0.000058, energy = 16711437.632445 = 16711437.632436, xb = 16711467.964139, voltage energy = 16711504.149520, gap = 5.853678
iteration 14: residue = 0.000041, energy = 16711435.587782 = 16711435.587767, xb = 16711453.685785, voltage energy = 16711474.609358, gap = 2.825555
iteration 15: residue = 0.000030, energy = 16711434.577869 = 16711434.577843, xb = 16711445.508689, voltage energy = 16711457.974413, gap = 1.534877
iteration 16: residue = 0.000020, energy = 16711434.001412 = 16711434.001376, xb = 16711440.817459, voltage energy = 16711448.358302, gap = 0.724759
iteration 17: residue = 0.000014, energy = 16711433.706488 = 16711433.706436, xb = 16711437.344218, voltage energy = 16711441.343893, gap = 0.361893
iteration 18: residue = 0.000009, energy = 16711433.567482 = 16711433.567409, xb = 16711436.059967, voltage energy = 16711438.740869, gap = 0.188344
recursivelinesolver
iteration 0: residue = 0.013101, energy = 16750555.077620 = 16750555.077621, xb = 16746964.721509, voltage energy = 16801304.866859, gap = 57930.501462
iteration 1: residue = 0.008393, energy = 16730445.635011 = 16730445.635012, xb = 16731147.806289, voltage energy = 16759820.772791, gap = 27970.795225
iteration 2: residue = 0.005588, energy = 16720909.681183 = 16720909.681185, xb = 16722774.117960, voltage energy = 16738070.304264, gap = 13431.749529
iteration 3: residue = 0.003582, energy = 16716112.150825 = 16716112.150827, xb = 16717928.318923, voltage energy = 16726352.087186, gap = 6607.600166
iteration 4: residue = 0.002348, energy = 16713724.953720 = 16713724.953723, xb = 16715193.659701, voltage energy = 16719891.716909, gap = 3229.351230
iteration 5: residue = 0.001428, energy = 16712551.026120 = 16712551.026123, xb = 16713652.885337, voltage energy = 16716278.334570, gap = 1523.590019
iteration 6: residue = 0.001045, energy = 16712004.153966 = 16712004.153968, xb = 16712769.407419, voltage energy = 16714302.439755, gap = 767.778885
iteration 7: residue = 0.000723, energy = 16711710.858178 = 16711710.858178, xb = 16712194.822793, voltage energy = 16713069.632492, gap = 390.845084
iteration 8: residue = 0.000420, energy = 16711573.913345 = 16711573.913346, xb = 16711885.376823, voltage energy = 16712391.948373, gap = 195.108073
iteration 9: residue = 0.000281, energy = 16711503.343511 = 16711503.343510, xb = 16711709.144994, voltage energy = 16712013.659907, gap = 98.713429
iteration 10: residue = 0.000195, energy = 16711467.341083 = 16711467.341080, xb = 16711595.891174, voltage energy = 16711777.600791, gap = 53.159524
iteration 11: residue = 0.000128, energy = 16711450.245844 = 16711450.245841, xb = 16711529.772539, voltage energy = 16711633.228115, gap = 23.928877
iteration 12: residue = 0.000093, energy = 16711441.775246 = 16711441.775241, xb = 16711490.947143, voltage energy = 16711553.540334, gap = 13.421290
iteration 13: residue = 0.000058, energy = 16711437.632445 = 16711437.632436, xb = 16711467.964139, voltage energy = 16711504.149520, gap = 5.853678
iteration 14: residue = 0.000041, energy = 16711435.587782 = 16711435.587767, xb = 16711453.685785, voltage energy = 16711474.609358, gap = 2.825555
iteration 15: residue = 0.000030, energy = 16711434.577869 = 16711434.577843, xb = 16711445.508689, voltage energy = 16711457.974413, gap = 1.534877
iteration 16: residue = 0.000020, energy = 16711434.001412 = 16711434.001376, xb = 16711440.817459, voltage energy = 16711448.358302, gap = 0.724759
iteration 17: residue = 0.000014, energy = 16711433.706488 = 16711433.706436, xb = 16711437.344218, voltage energy = 16711441.343893, gap = 0.361893
iteration 18: residue = 0.000009, energy = 16711433.567482 = 16711433.567409, xb = 16711436.059967, voltage energy = 16711438.740869, gap = 0.188344
recursivelinesolver
iteration 0: residue = 0.013101, energy = 16750555.077620 = 16750555.077621, xb = 16746964.721509, voltage energy = 16801304.866859, gap = 57930.501462
iteration 1: residue = 0.008393, energy = 16730445.635011 = 16730445.635012, xb = 16731147.806289, voltage energy = 16759820.772791, gap = 27970.795225
iteration 2: residue = 0.005588, energy = 16720909.681183 = 16720909.681185, xb = 16722774.117960, voltage energy = 16738070.304264, gap = 13431.749529
iteration 3: residue = 0.003582, energy = 16716112.150825 = 16716112.150827, xb = 16717928.318923, voltage energy = 16726352.087186, gap = 6607.600166
iteration 4: residue = 0.002348, energy = 16713724.953720 = 16713724.953723, xb = 16715193.659701, voltage energy = 16719891.716909, gap = 3229.351230
iteration 5: residue = 0.001428, energy = 16712551.026120 = 16712551.026123, xb = 16713652.885337, voltage energy = 16716278.334570, gap = 1523.590019
iteration 6: residue = 0.001045, energy = 16712004.153966 = 16712004.153968, xb = 16712769.407419, voltage energy = 16714302.439755, gap = 767.778885
iteration 7: residue = 0.000723, energy = 16711710.858178 = 16711710.858178, xb = 16712194.822793, voltage energy = 16713069.632492, gap = 390.845084
iteration 8: residue = 0.000420, energy = 16711573.913345 = 16711573.913346, xb = 16711885.376823, voltage energy = 16712391.948373, gap = 195.108073
iteration 9: residue = 0.000281, energy = 16711503.343511 = 16711503.343510, xb = 16711709.144994, voltage energy = 16712013.659907, gap = 98.713429
iteration 10: residue = 0.000195, energy = 16711467.341083 = 16711467.341080, xb = 16711595.891174, voltage energy = 16711777.600791, gap = 53.159524
iteration 11: residue = 0.000128, energy = 16711450.245844 = 16711450.245841, xb = 16711529.772539, voltage energy = 16711633.228115, gap = 23.928877
iteration 12: residue = 0.000093, energy = 16711441.775246 = 16711441.775241, xb = 16711490.947143, voltage energy = 16711553.540334, gap = 13.421290
iteration 13: residue = 0.000058, energy = 16711437.632445 = 16711437.632436, xb = 16711467.964139, voltage energy = 16711504.149520, gap = 5.853678
iteration 14: residue = 0.000041, energy = 16711435.587782 = 16711435.587767, xb = 16711453.685785, voltage energy = 16711474.609358, gap = 2.825555
iteration 15: residue = 0.000030, energy = 16711434.577869 = 16711434.577843, xb = 16711445.508689, voltage energy = 16711457.974413, gap = 1.534877
iteration 16: residue = 0.000020, energy = 16711434.001412 = 16711434.001376, xb = 16711440.817459, voltage energy = 16711448.358302, gap = 0.724759
iteration 17: residue = 0.000014, energy = 16711433.706488 = 16711433.706436, xb = 16711437.344218, voltage energy = 16711441.343893, gap = 0.361893
iteration 18: residue = 0.000009, energy = 16711433.567482 = 16711433.567409, xb = 16711436.059967, voltage energy = 16711438.740869, gap = 0.188344
recursivelinesolver
iteration 0: residue = 0.013101, energy = 16750555.077620 = 16750555.077621, xb = 16746964.721509, voltage energy = 16801304.866859, gap = 57930.501462
iteration 1: residue = 0.008393, energy = 16730445.635011 = 16730445.635012, xb = 16731147.806289, voltage energy = 16759820.772791, gap = 27970.795225
iteration 2: residue = 0.005588, energy = 16720909.681183 = 16720909.681185, xb = 16722774.117960, voltage energy = 16738070.304264, gap = 13431.749529
iteration 3: residue = 0.003582, energy = 16716112.150825 = 16716112.150827, xb = 16717928.318923, voltage energy = 16726352.087186, gap = 6607.600166
iteration 4: residue = 0.002348, energy = 16713724.953720 = 16713724.953723, xb = 16715193.659701, voltage energy = 16719891.716909, gap = 3229.351230
iteration 5: residue = 0.001428, energy = 16712551.026120 = 16712551.026123, xb = 16713652.885337, voltage energy = 16716278.334570, gap = 1523.590019
iteration 6: residue = 0.001045, energy = 16712004.153966 = 16712004.153968, xb = 16712769.407419, voltage energy = 16714302.439755, gap = 767.778885
iteration 7: residue = 0.000723, energy = 16711710.858178 = 16711710.858178, xb = 16712194.822793, voltage energy = 16713069.632492, gap = 390.845084
iteration 8: residue = 0.000420, energy = 16711573.913345 = 16711573.913346, xb = 16711885.376823, voltage energy = 16712391.948373, gap = 195.108073
iteration 9: residue = 0.000281, energy = 16711503.343511 = 16711503.343510, xb = 16711709.144994, voltage energy = 16712013.659907, gap = 98.713429
iteration 10: residue = 0.000195, energy = 16711467.341083 = 16711467.341080, xb = 16711595.891174, voltage energy = 16711777.600791, gap = 53.159524
iteration 11: residue = 0.000128, energy = 16711450.245844 = 16711450.245841, xb = 16711529.772539, voltage energy = 16711633.228115, gap = 23.928877
iteration 12: residue = 0.000093, energy = 16711441.775246 = 16711441.775241, xb = 16711490.947143, voltage energy = 16711553.540334, gap = 13.421290
iteration 13: residue = 0.000058, energy = 16711437.632445 = 16711437.632436, xb = 16711467.964139, voltage energy = 16711504.149520, gap = 5.853678
iteration 14: residue = 0.000041, energy = 16711435.587782 = 16711435.587767, xb = 16711453.685785, voltage energy = 16711474.609358, gap = 2.825555
iteration 15: residue = 0.000030, energy = 16711434.577869 = 16711434.577843, xb = 16711445.508689, voltage energy = 16711457.974413, gap = 1.534877
iteration 16: residue = 0.000020, energy = 16711434.001412 = 16711434.001376, xb = 16711440.817459, voltage energy = 16711448.358302, gap = 0.724759
iteration 17: residue = 0.000014, energy = 16711433.706488 = 16711433.706436, xb = 16711437.344218, voltage energy = 16711441.343893, gap = 0.361893
iteration 18: residue = 0.000009, energy = 16711433.567482 = 16711433.567409, xb = 16711436.059967, voltage energy = 16711438.740869, gap = 0.188344
recursivelinesolver
iteration 0: residue = 0.013101, energy = 16750555.077620 = 16750555.077621, xb = 16746964.721509, voltage energy = 16801304.866859, gap = 57930.501462
iteration 1: residue = 0.008393, energy = 16730445.635011 = 16730445.635012, xb = 16731147.806289, voltage energy = 16759820.772791, gap = 27970.795225
iteration 2: residue = 0.005588, energy = 16720909.681183 = 16720909.681185, xb = 16722774.117960, voltage energy = 16738070.304264, gap = 13431.749529
iteration 3: residue = 0.003582, energy = 16716112.150825 = 16716112.150827, xb = 16717928.318923, voltage energy = 16726352.087186, gap = 6607.600166
iteration 4: residue = 0.002348, energy = 16713724.953720 = 16713724.953723, xb = 16715193.659701, voltage energy = 16719891.716909, gap = 3229.351230
iteration 5: residue = 0.001428, energy = 16712551.026120 = 16712551.026123, xb = 16713652.885337, voltage energy = 16716278.334570, gap = 1523.590019
iteration 6: residue = 0.001045, energy = 16712004.153966 = 16712004.153968, xb = 16712769.407419, voltage energy = 16714302.439755, gap = 767.778885
iteration 7: residue = 0.000723, energy = 16711710.858178 = 16711710.858178, xb = 16712194.822793, voltage energy = 16713069.632492, gap = 390.845084
iteration 8: residue = 0.000420, energy = 16711573.913345 = 16711573.913346, xb = 16711885.376823, voltage energy = 16712391.948373, gap = 195.108073
iteration 9: residue = 0.000281, energy = 16711503.343511 = 16711503.343510, xb = 16711709.144994, voltage energy = 16712013.659907, gap = 98.713429
iteration 10: residue = 0.000195, energy = 16711467.341083 = 16711467.341080, xb = 16711595.891174, voltage energy = 16711777.600791, gap = 53.159524
iteration 11: residue = 0.000128, energy = 16711450.245844 = 16711450.245841, xb = 16711529.772539, voltage energy = 16711633.228115, gap = 23.928877
iteration 12: residue = 0.000093, energy = 16711441.775246 = 16711441.775241, xb = 16711490.947143, voltage energy = 16711553.540334, gap = 13.421290
iteration 13: residue = 0.000058, energy = 16711437.632445 = 16711437.632436, xb = 16711467.964139, voltage energy = 16711504.149520, gap = 5.853678
iteration 14: residue = 0.000041, energy = 16711435.587782 = 16711435.587767, xb = 16711453.685785, voltage energy = 16711474.609358, gap = 2.825555
iteration 15: residue = 0.000030, energy = 16711434.577869 = 16711434.577843, xb = 16711445.508689, voltage energy = 16711457.974413, gap = 1.534877
iteration 16: residue = 0.000020, energy = 16711434.001412 = 16711434.001376, xb = 16711440.817459, voltage energy = 16711448.358302, gap = 0.724759
iteration 17: residue = 0.000014, energy = 16711433.706488 = 16711433.706436, xb = 16711437.344218, voltage energy = 16711441.343893, gap = 0.361893
iteration 18: residue = 0.000009, energy = 16711433.567482 = 16711433.567409, xb = 16711436.059967, voltage energy = 16711438.740869, gap = 0.188344
recursivetreesolver
residual 1.310084e-02
residual 8.393446e-03
residual 5.588272e-03
residual 3.582260e-03
residual 2.347810e-03
residual 1.427973e-03
residual 1.045155e-03
residual 7.230551e-04
residual 4.199071e-04
residual 2.813485e-04
residual 1.953133e-04
residual 1.277475e-04
residual 9.339407e-05
residual 5.767323e-05
residual 4.126478e-05
residual 2.976416e-05
residual 2.018006e-05
residual 1.360550e-05
residual 9.204327e-06
recursivetreesolver
residual 1.310084e-02
residual 8.393446e-03
residual 5.588272e-03
residual 3.582260e-03
residual 2.347810e-03
residual 1.427973e-03
residual 1.045155e-03
residual 7.230551e-04
residual 4.199071e-04
residual 2.813485e-04
residual 1.953133e-04
residual 1.277475e-04
residual 9.339407e-05
residual 5.767323e-05
residual 4.126478e-05
residual 2.976416e-05
residual 2.018006e-05
residual 1.360550e-05
residual 9.204327e-06
recursivetreesolver
residual 1.310084e-02
residual 8.393446e-03
residual 5.588272e-03
residual 3.582260e-03
residual 2.347810e-03
residual 1.427973e-03
residual 1.045155e-03
residual 7.230551e-04
residual 4.199071e-04
residual 2.813485e-04
residual 1.953133e-04
residual 1.277475e-04
residual 9.339407e-05
residual 5.767323e-05
residual 4.126478e-05
residual 2.976416e-05
residual 2.018006e-05
residual 1.360550e-05
residual 9.204327e-06
recursivetreesolver
residual 1.310084e-02
residual 8.393446e-03
residual 5.588272e-03
residual 3.582260e-03
residual 2.347810e-03
residual 1.427973e-03
residual 1.045155e-03
residual 7.230551e-04
residual 4.199071e-04
residual 2.813485e-04
residual 1.953133e-04
residual 1.277475e-04
residual 9.339407e-05
residual 5.767323e-05
residual 4.126478e-05
residual 2.976416e-05
residual 2.018006e-05
residual 1.360550e-05
residual 9.204327e-06
recursivetreesolver
residual 1.310084e-02
residual 8.393446e-03
residual 5.588272e-03
residual 3.582260e-03
residual 2.347810e-03
residual 1.427973e-03
residual 1.045155e-03
residual 7.230551e-04
residual 4.199071e-04
residual 2.813485e-04
residual 1.953133e-04
residual 1.277475e-04
residual 9.339407e-05
residual 5.767323e-05
residual 4.126478e-05
residual 2.976416e-05
residual 2.018006e-05
residual 1.360550e-05
residual 9.204327e-06
recursivetreesolver
residual 1.310084e-02
residual 8.393446e-03
residual 5.588272e-03
residual 3.582260e-03
residual 2.347810e-03
residual 1.427973e-03
residual 1.045155e-03
residual 7.230551e-04
residual 4.199071e-04
residual 2.813485e-04
residual 1.953133e-04
residual 1.277475e-04
residual 9.339407e-05
residual 5.767323e-05
residual 4.126478e-05
residual 2.976416e-05
residual 2.018006e-05
residual 1.360550e-05
residual 9.204327e-06
recursivetreesolver
residual 1.310084e-02
residual 8.393446e-03
residual 5.588272e-03
residual 3.582260e-03
residual 2.347810e-03
residual 1.427973e-03
residual 1.045155e-03
residual 7.230551e-04
residual 4.199071e-04
residual 2.813485e-04
residual 1.953133e-04
residual 1.277475e-04
residual 9.339407e-05
residual 5.767323e-05
residual 4.126478e-05
residual 2.976416e-05
residual 2.018006e-05
residual 1.360550e-05
residual 9.204327e-06
recursivetreesolver
residual 1.310084e-02
residual 8.393446e-03
residual 5.588272e-03
residual 3.582260e-03
residual 2.347810e-03
residual 1.427973e-03
residual 1.045155e-03
residual 7.230551e-04
residual 4.199071e-04
residual 2.813485e-04
residual 1.953133e-04
residual 1.277475e-04
residual 9.339407e-05
residual 5.767323e-05
residual 4.126478e-05
residual 2.976416e-05
residual 2.018006e-05
residual 1.360550e-05
residual 9.204327e-06
recursivetreesolver
residual 1.310084e-02
residual 8.393446e-03
residual 5.588272e-03
residual 3.582260e-03
residual 2.347810e-03
residual 1.427973e-03
residual 1.045155e-03
residual 7.230551e-04
residual 4.199071e-04
residual 2.813485e-04
residual 1.953133e-04
residual 1.277475e-04
residual 9.339407e-05
residual 5.767323e-05
residual 4.126478e-05
residual 2.976416e-05
residual 2.018006e-05
residual 1.360550e-05
residual 9.204327e-06
recursivetreesolver
residual 1.310084e-02
residual 8.393446e-03
residual 5.588272e-03
residual 3.582260e-03
residual 2.347810e-03
residual 1.427973e-03
residual 1.045155e-03
residual 7.230551e-04
residual 4.199071e-04
residual 2.813485e-04
residual 1.953133e-04
residual 1.277475e-04
residual 9.339407e-05
residual 5.767323e-05
residual 4.126478e-05
residual 2.976416e-05
residual 2.018006e-05
residual 1.360550e-05
residual 9.204327e-06
