linesolver
iteration 1: energy = 120587.148534 = 120587.148534, xb = 120590.418417, voltage energy = 120961.764612, gap = 368.0763124305376550
iteration 2: energy = 120395.175309 = 120395.175309, xb = 120416.062633, voltage energy = 120518.072002, gap = 81.1220443603087915
iteration 3: energy = 120351.889860 = 120351.889860, xb = 120363.687353, voltage energy = 120393.554245, gap = 18.0693989087885711
iteration 4: energy = 120342.190990 = 120342.190990, xb = 120347.397344, voltage energy = 120356.891890, gap = 4.2881922259111889
iteration 5: energy = 120339.898456 = 120339.898456, xb = 120341.924106, voltage energy = 120345.009363, gap = 1.0596071277541341
iteration 6: energy = 120339.336420 = 120339.336420, xb = 120340.119828, voltage energy = 120341.171199, gap = 0.2679626907047350
iteration 7: energy = 120339.196874 = 120339.196873, xb = 120339.494668, voltage energy = 120339.861331, gap = 0.0688683369371574
iteration 8: energy = 120339.159314 = 120339.159313, xb = 120339.265462, voltage energy = 120339.390222, gap = 0.0186109904752811
linesolver
iteration 1: energy = 120587.148534 = 120587.148534, xb = 120590.418417, voltage energy = 120961.764612, gap = 368.0763124305376550
iteration 2: energy = 120395.175309 = 120395.175309, xb = 120416.062633, voltage energy = 120518.072002, gap = 81.1220443603087915
iteration 3: energy = 120351.889860 = 120351.889860, xb = 120363.687353, voltage energy = 120393.554245, gap = 18.0693989087885711
iteration 4: energy = 120342.190990 = 120342.190990, xb = 120347.397344, voltage energy = 120356.891890, gap = 4.2881922259111889
iteration 5: energy = 120339.898456 = 120339.898456, xb = 120341.924106, voltage energy = 120345.009363, gap = 1.0596071277541341
iteration 6: energy = 120339.336420 = 120339.336420, xb = 120340.119828, voltage energy = 120341.171199, gap = 0.2679626907047350
iteration 7: energy = 120339.196874 = 120339.196873, xb = 120339.494668, voltage energy = 120339.861331, gap = 0.0688683369371574
iteration 8: energy = 120339.159314 = 120339.159313, xb = 120339.265462, voltage energy = 120339.390222, gap = 0.0186109904752811
linesolver
iteration 1: energy = 120587.148534 = 120587.148534, xb = 120590.418417, voltage energy = 120961.764612, gap = 368.0763124305376550
iteration 2: energy = 120395.175309 = 120395.175309, xb = 120416.062633, voltage energy = 120518.072002, gap = 81.1220443603087915
iteration 3: energy = 120351.889860 = 120351.889860, xb = 120363.687353, voltage energy = 120393.554245, gap = 18.0693989087885711
iteration 4: energy = 120342.190990 = 120342.190990, xb = 120347.397344, voltage energy = 120356.891890, gap = 4.2881922259111889
iteration 5: energy = 120339.898456 = 120339.898456, xb = 120341.924106, voltage energy = 120345.009363, gap = 1.0596071277541341
iteration 6: energy = 120339.336420 = 120339.336420, xb = 120340.119828, voltage energy = 120341.171199, gap = 0.2679626907047350
iteration 7: energy = 120339.196874 = 120339.196873, xb = 120339.494668, voltage energy = 120339.861331, gap = 0.0688683369371574
iteration 8: energy = 120339.159314 = 120339.159313, xb = 120339.265462, voltage energy = 120339.390222, gap = 0.0186109904752811
linesolver
iteration 1: energy = 120587.148534 = 120587.148534, xb = 120590.418417, voltage energy = 120961.764612, gap = 368.0763124305376550
iteration 2: energy = 120395.175309 = 120395.175309, xb = 120416.062633, voltage energy = 120518.072002, gap = 81.1220443603087915
iteration 3: energy = 120351.889860 = 120351.889860, xb = 120363.687353, voltage energy = 120393.554245, gap = 18.0693989087885711
iteration 4: energy = 120342.190990 = 120342.190990, xb = 120347.397344, voltage energy = 120356.891890, gap = 4.2881922259111889
iteration 5: energy = 120339.898456 = 120339.898456, xb = 120341.924106, voltage energy = 120345.009363, gap = 1.0596071277541341
iteration 6: energy = 120339.336420 = 120339.336420, xb = 120340.119828, voltage energy = 120341.171199, gap = 0.2679626907047350
iteration 7: energy = 120339.196874 = 120339.196873, xb = 120339.494668, voltage energy = 120339.861331, gap = 0.0688683369371574
iteration 8: energy = 120339.159314 = 120339.159313, xb = 120339.265462, voltage energy = 120339.390222, gap = 0.0186109904752811
linesolver
iteration 1: energy = 120587.148534 = 120587.148534, xb = 120590.418417, voltage energy = 120961.764612, gap = 368.0763124305376550
iteration 2: energy = 120395.175309 = 120395.175309, xb = 120416.062633, voltage energy = 120518.072002, gap = 81.1220443603087915
iteration 3: energy = 120351.889860 = 120351.889860, xb = 120363.687353, voltage energy = 120393.554245, gap = 18.0693989087885711
iteration 4: energy = 120342.190990 = 120342.190990, xb = 120347.397344, voltage energy = 120356.891890, gap = 4.2881922259111889
iteration 5: energy = 120339.898456 = 120339.898456, xb = 120341.924106, voltage energy = 120345.009363, gap = 1.0596071277541341
iteration 6: energy = 120339.336420 = 120339.336420, xb = 120340.119828, voltage energy = 120341.171199, gap = 0.2679626907047350
iteration 7: energy = 120339.196874 = 120339.196873, xb = 120339.494668, voltage energy = 120339.861331, gap = 0.0688683369371574
iteration 8: energy = 120339.159314 = 120339.159313, xb = 120339.265462, voltage energy = 120339.390222, gap = 0.0186109904752811
linesolver
iteration 1: energy = 120587.148534 = 120587.148534, xb = 120590.418417, voltage energy = 120961.764612, gap = 368.0763124305376550
iteration 2: energy = 120395.175309 = 120395.175309, xb = 120416.062633, voltage energy = 120518.072002, gap = 81.1220443603087915
iteration 3: energy = 120351.889860 = 120351.889860, xb = 120363.687353, voltage energy = 120393.554245, gap = 18.0693989087885711
iteration 4: energy = 120342.190990 = 120342.190990, xb = 120347.397344, voltage energy = 120356.891890, gap = 4.2881922259111889
iteration 5: energy = 120339.898456 = 120339.898456, xb = 120341.924106, voltage energy = 120345.009363, gap = 1.0596071277541341
iteration 6: energy = 120339.336420 = 120339.336420, xb = 120340.119828, voltage energy = 120341.171199, gap = 0.2679626907047350
iteration 7: energy = 120339.196874 = 120339.196873, xb = 120339.494668, voltage energy = 120339.861331, gap = 0.0688683369371574
iteration 8: energy = 120339.159314 = 120339.159313, xb = 120339.265462, voltage energy = 120339.390222, gap = 0.0186109904752811
linesolver
iteration 1: energy = 120587.148534 = 120587.148534, xb = 120590.418417, voltage energy = 120961.764612, gap = 368.0763124305376550
iteration 2: energy = 120395.175309 = 120395.175309, xb = 120416.062633, voltage energy = 120518.072002, gap = 81.1220443603087915
iteration 3: energy = 120351.889860 = 120351.889860, xb = 120363.687353, voltage energy = 120393.554245, gap = 18.0693989087885711
iteration 4: energy = 120342.190990 = 120342.190990, xb = 120347.397344, voltage energy = 120356.891890, gap = 4.2881922259111889
iteration 5: energy = 120339.898456 = 120339.898456, xb = 120341.924106, voltage energy = 120345.009363, gap = 1.0596071277541341
iteration 6: energy = 120339.336420 = 120339.336420, xb = 120340.119828, voltage energy = 120341.171199, gap = 0.2679626907047350
iteration 7: energy = 120339.196874 = 120339.196873, xb = 120339.494668, voltage energy = 120339.861331, gap = 0.0688683369371574
iteration 8: energy = 120339.159314 = 120339.159313, xb = 120339.265462, voltage energy = 120339.390222, gap = 0.0186109904752811
linesolver
iteration 1: energy = 120587.148534 = 120587.148534, xb = 120590.418417, voltage energy = 120961.764612, gap = 368.0763124305376550
iteration 2: energy = 120395.175309 = 120395.175309, xb = 120416.062633, voltage energy = 120518.072002, gap = 81.1220443603087915
iteration 3: energy = 120351.889860 = 120351.889860, xb = 120363.687353, voltage energy = 120393.554245, gap = 18.0693989087885711
iteration 4: energy = 120342.190990 = 120342.190990, xb = 120347.397344, voltage energy = 120356.891890, gap = 4.2881922259111889
iteration 5: energy = 120339.898456 = 120339.898456, xb = 120341.924106, voltage energy = 120345.009363, gap = 1.0596071277541341
iteration 6: energy = 120339.336420 = 120339.336420, xb = 120340.119828, voltage energy = 120341.171199, gap = 0.2679626907047350
iteration 7: energy = 120339.196874 = 120339.196873, xb = 120339.494668, voltage energy = 120339.861331, gap = 0.0688683369371574
iteration 8: energy = 120339.159314 = 120339.159313, xb = 120339.265462, voltage energy = 120339.390222, gap = 0.0186109904752811
linesolver
iteration 1: energy = 120587.148534 = 120587.148534, xb = 120590.418417, voltage energy = 120961.764612, gap = 368.0763124305376550
iteration 2: energy = 120395.175309 = 120395.175309, xb = 120416.062633, voltage energy = 120518.072002, gap = 81.1220443603087915
iteration 3: energy = 120351.889860 = 120351.889860, xb = 120363.687353, voltage energy = 120393.554245, gap = 18.0693989087885711
iteration 4: energy = 120342.190990 = 120342.190990, xb = 120347.397344, voltage energy = 120356.891890, gap = 4.2881922259111889
iteration 5: energy = 120339.898456 = 120339.898456, xb = 120341.924106, voltage energy = 120345.009363, gap = 1.0596071277541341
iteration 6: energy = 120339.336420 = 120339.336420, xb = 120340.119828, voltage energy = 120341.171199, gap = 0.2679626907047350
iteration 7: energy = 120339.196874 = 120339.196873, xb = 120339.494668, voltage energy = 120339.861331, gap = 0.0688683369371574
iteration 8: energy = 120339.159314 = 120339.159313, xb = 120339.265462, voltage energy = 120339.390222, gap = 0.0186109904752811
linesolver
iteration 1: energy = 120587.148534 = 120587.148534, xb = 120590.418417, voltage energy = 120961.764612, gap = 368.0763124305376550
iteration 2: energy = 120395.175309 = 120395.175309, xb = 120416.062633, voltage energy = 120518.072002, gap = 81.1220443603087915
iteration 3: energy = 120351.889860 = 120351.889860, xb = 120363.687353, voltage energy = 120393.554245, gap = 18.0693989087885711
iteration 4: energy = 120342.190990 = 120342.190990, xb = 120347.397344, voltage energy = 120356.891890, gap = 4.2881922259111889
iteration 5: energy = 120339.898456 = 120339.898456, xb = 120341.924106, voltage energy = 120345.009363, gap = 1.0596071277541341
iteration 6: energy = 120339.336420 = 120339.336420, xb = 120340.119828, voltage energy = 120341.171199, gap = 0.2679626907047350
iteration 7: energy = 120339.196874 = 120339.196873, xb = 120339.494668, voltage energy = 120339.861331, gap = 0.0688683369371574
iteration 8: energy = 120339.159314 = 120339.159313, xb = 120339.265462, voltage energy = 120339.390222, gap = 0.0186109904752811
treesolver
iteration 1: energy = 120587.148534 = 120587.148534, xb = 120590.418417, voltage energy = 120961.764612, gap = 368.076312
iteration 2: energy = 120395.175309 = 120395.175309, xb = 120416.062633, voltage energy = 120518.072002, gap = 81.122044
iteration 3: energy = 120351.889860 = 120351.889860, xb = 120363.687353, voltage energy = 120393.554245, gap = 18.069399
iteration 4: energy = 120342.190990 = 120342.190990, xb = 120347.397344, voltage energy = 120356.891890, gap = 4.288192
iteration 5: energy = 120339.898456 = 120339.898456, xb = 120341.924106, voltage energy = 120345.009363, gap = 1.059607
iteration 6: energy = 120339.336420 = 120339.336420, xb = 120340.119828, voltage energy = 120341.171199, gap = 0.267963
iteration 7: energy = 120339.196874 = 120339.196873, xb = 120339.494668, voltage energy = 120339.861331, gap = 0.068868
iteration 8: energy = 120339.159314 = 120339.159313, xb = 120339.265462, voltage energy = 120339.390222, gap = 0.018611
treesolver
iteration 1: energy = 120587.148534 = 120587.148534, xb = 120590.418417, voltage energy = 120961.764612, gap = 368.076312
iteration 2: energy = 120395.175309 = 120395.175309, xb = 120416.062633, voltage energy = 120518.072002, gap = 81.122044
iteration 3: energy = 120351.889860 = 120351.889860, xb = 120363.687353, voltage energy = 120393.554245, gap = 18.069399
iteration 4: energy = 120342.190990 = 120342.190990, xb = 120347.397344, voltage energy = 120356.891890, gap = 4.288192
iteration 5: energy = 120339.898456 = 120339.898456, xb = 120341.924106, voltage energy = 120345.009363, gap = 1.059607
iteration 6: energy = 120339.336420 = 120339.336420, xb = 120340.119828, voltage energy = 120341.171199, gap = 0.267963
iteration 7: energy = 120339.196874 = 120339.196873, xb = 120339.494668, voltage energy = 120339.861331, gap = 0.068868
iteration 8: energy = 120339.159314 = 120339.159313, xb = 120339.265462, voltage energy = 120339.390222, gap = 0.018611
treesolver
iteration 1: energy = 120587.148534 = 120587.148534, xb = 120590.418417, voltage energy = 120961.764612, gap = 368.076312
iteration 2: energy = 120395.175309 = 120395.175309, xb = 120416.062633, voltage energy = 120518.072002, gap = 81.122044
iteration 3: energy = 120351.889860 = 120351.889860, xb = 120363.687353, voltage energy = 120393.554245, gap = 18.069399
iteration 4: energy = 120342.190990 = 120342.190990, xb = 120347.397344, voltage energy = 120356.891890, gap = 4.288192
iteration 5: energy = 120339.898456 = 120339.898456, xb = 120341.924106, voltage energy = 120345.009363, gap = 1.059607
iteration 6: energy = 120339.336420 = 120339.336420, xb = 120340.119828, voltage energy = 120341.171199, gap = 0.267963
iteration 7: energy = 120339.196874 = 120339.196873, xb = 120339.494668, voltage energy = 120339.861331, gap = 0.068868
iteration 8: energy = 120339.159314 = 120339.159313, xb = 120339.265462, voltage energy = 120339.390222, gap = 0.018611
treesolver
iteration 1: energy = 120587.148534 = 120587.148534, xb = 120590.418417, voltage energy = 120961.764612, gap = 368.076312
iteration 2: energy = 120395.175309 = 120395.175309, xb = 120416.062633, voltage energy = 120518.072002, gap = 81.122044
iteration 3: energy = 120351.889860 = 120351.889860, xb = 120363.687353, voltage energy = 120393.554245, gap = 18.069399
iteration 4: energy = 120342.190990 = 120342.190990, xb = 120347.397344, voltage energy = 120356.891890, gap = 4.288192
iteration 5: energy = 120339.898456 = 120339.898456, xb = 120341.924106, voltage energy = 120345.009363, gap = 1.059607
iteration 6: energy = 120339.336420 = 120339.336420, xb = 120340.119828, voltage energy = 120341.171199, gap = 0.267963
iteration 7: energy = 120339.196874 = 120339.196873, xb = 120339.494668, voltage energy = 120339.861331, gap = 0.068868
iteration 8: energy = 120339.159314 = 120339.159313, xb = 120339.265462, voltage energy = 120339.390222, gap = 0.018611
treesolver
iteration 1: energy = 120587.148534 = 120587.148534, xb = 120590.418417, voltage energy = 120961.764612, gap = 368.076312
iteration 2: energy = 120395.175309 = 120395.175309, xb = 120416.062633, voltage energy = 120518.072002, gap = 81.122044
iteration 3: energy = 120351.889860 = 120351.889860, xb = 120363.687353, voltage energy = 120393.554245, gap = 18.069399
iteration 4: energy = 120342.190990 = 120342.190990, xb = 120347.397344, voltage energy = 120356.891890, gap = 4.288192
iteration 5: energy = 120339.898456 = 120339.898456, xb = 120341.924106, voltage energy = 120345.009363, gap = 1.059607
iteration 6: energy = 120339.336420 = 120339.336420, xb = 120340.119828, voltage energy = 120341.171199, gap = 0.267963
iteration 7: energy = 120339.196874 = 120339.196873, xb = 120339.494668, voltage energy = 120339.861331, gap = 0.068868
iteration 8: energy = 120339.159314 = 120339.159313, xb = 120339.265462, voltage energy = 120339.390222, gap = 0.018611
treesolver
iteration 1: energy = 120587.148534 = 120587.148534, xb = 120590.418417, voltage energy = 120961.764612, gap = 368.076312
iteration 2: energy = 120395.175309 = 120395.175309, xb = 120416.062633, voltage energy = 120518.072002, gap = 81.122044
iteration 3: energy = 120351.889860 = 120351.889860, xb = 120363.687353, voltage energy = 120393.554245, gap = 18.069399
iteration 4: energy = 120342.190990 = 120342.190990, xb = 120347.397344, voltage energy = 120356.891890, gap = 4.288192
iteration 5: energy = 120339.898456 = 120339.898456, xb = 120341.924106, voltage energy = 120345.009363, gap = 1.059607
iteration 6: energy = 120339.336420 = 120339.336420, xb = 120340.119828, voltage energy = 120341.171199, gap = 0.267963
iteration 7: energy = 120339.196874 = 120339.196873, xb = 120339.494668, voltage energy = 120339.861331, gap = 0.068868
iteration 8: energy = 120339.159314 = 120339.159313, xb = 120339.265462, voltage energy = 120339.390222, gap = 0.018611
treesolver
iteration 1: energy = 120587.148534 = 120587.148534, xb = 120590.418417, voltage energy = 120961.764612, gap = 368.076312
iteration 2: energy = 120395.175309 = 120395.175309, xb = 120416.062633, voltage energy = 120518.072002, gap = 81.122044
iteration 3: energy = 120351.889860 = 120351.889860, xb = 120363.687353, voltage energy = 120393.554245, gap = 18.069399
iteration 4: energy = 120342.190990 = 120342.190990, xb = 120347.397344, voltage energy = 120356.891890, gap = 4.288192
iteration 5: energy = 120339.898456 = 120339.898456, xb = 120341.924106, voltage energy = 120345.009363, gap = 1.059607
iteration 6: energy = 120339.336420 = 120339.336420, xb = 120340.119828, voltage energy = 120341.171199, gap = 0.267963
iteration 7: energy = 120339.196874 = 120339.196873, xb = 120339.494668, voltage energy = 120339.861331, gap = 0.068868
iteration 8: energy = 120339.159314 = 120339.159313, xb = 120339.265462, voltage energy = 120339.390222, gap = 0.018611
treesolver
iteration 1: energy = 120587.148534 = 120587.148534, xb = 120590.418417, voltage energy = 120961.764612, gap = 368.076312
iteration 2: energy = 120395.175309 = 120395.175309, xb = 120416.062633, voltage energy = 120518.072002, gap = 81.122044
iteration 3: energy = 120351.889860 = 120351.889860, xb = 120363.687353, voltage energy = 120393.554245, gap = 18.069399
iteration 4: energy = 120342.190990 = 120342.190990, xb = 120347.397344, voltage energy = 120356.891890, gap = 4.288192
iteration 5: energy = 120339.898456 = 120339.898456, xb = 120341.924106, voltage energy = 120345.009363, gap = 1.059607
iteration 6: energy = 120339.336420 = 120339.336420, xb = 120340.119828, voltage energy = 120341.171199, gap = 0.267963
iteration 7: energy = 120339.196874 = 120339.196873, xb = 120339.494668, voltage energy = 120339.861331, gap = 0.068868
iteration 8: energy = 120339.159314 = 120339.159313, xb = 120339.265462, voltage energy = 120339.390222, gap = 0.018611
treesolver
iteration 1: energy = 120587.148534 = 120587.148534, xb = 120590.418417, voltage energy = 120961.764612, gap = 368.076312
iteration 2: energy = 120395.175309 = 120395.175309, xb = 120416.062633, voltage energy = 120518.072002, gap = 81.122044
iteration 3: energy = 120351.889860 = 120351.889860, xb = 120363.687353, voltage energy = 120393.554245, gap = 18.069399
iteration 4: energy = 120342.190990 = 120342.190990, xb = 120347.397344, voltage energy = 120356.891890, gap = 4.288192
iteration 5: energy = 120339.898456 = 120339.898456, xb = 120341.924106, voltage energy = 120345.009363, gap = 1.059607
iteration 6: energy = 120339.336420 = 120339.336420, xb = 120340.119828, voltage energy = 120341.171199, gap = 0.267963
iteration 7: energy = 120339.196874 = 120339.196873, xb = 120339.494668, voltage energy = 120339.861331, gap = 0.068868
iteration 8: energy = 120339.159314 = 120339.159313, xb = 120339.265462, voltage energy = 120339.390222, gap = 0.018611
treesolver
iteration 1: energy = 120587.148534 = 120587.148534, xb = 120590.418417, voltage energy = 120961.764612, gap = 368.076312
iteration 2: energy = 120395.175309 = 120395.175309, xb = 120416.062633, voltage energy = 120518.072002, gap = 81.122044
iteration 3: energy = 120351.889860 = 120351.889860, xb = 120363.687353, voltage energy = 120393.554245, gap = 18.069399
iteration 4: energy = 120342.190990 = 120342.190990, xb = 120347.397344, voltage energy = 120356.891890, gap = 4.288192
iteration 5: energy = 120339.898456 = 120339.898456, xb = 120341.924106, voltage energy = 120345.009363, gap = 1.059607
iteration 6: energy = 120339.336420 = 120339.336420, xb = 120340.119828, voltage energy = 120341.171199, gap = 0.267963
iteration 7: energy = 120339.196874 = 120339.196873, xb = 120339.494668, voltage energy = 120339.861331, gap = 0.068868
iteration 8: energy = 120339.159314 = 120339.159313, xb = 120339.265462, voltage energy = 120339.390222, gap = 0.018611
recursivelinesolver
iteration 0: residue = 0.004118, energy = 121134.307563 = 121134.307563, xb = 121040.615911, voltage energy = 122287.350964, gap = 1340.426704
iteration 1: residue = 0.003080, energy = 120868.266831 = 120868.266831, xb = 120816.361990, voltage energy = 121583.765724, gap = 819.308577
iteration 2: residue = 0.002427, energy = 120700.307491 = 120700.307491, xb = 120682.405311, voltage energy = 121205.580339, gap = 541.077208
iteration 3: residue = 0.001948, energy = 120587.148534 = 120587.148534, xb = 120590.418417, voltage energy = 120961.764612, gap = 368.076312
iteration 4: residue = 0.001579, energy = 120510.414726 = 120510.414726, xb = 120524.512482, voltage energy = 120790.590457, gap = 251.980218
iteration 5: residue = 0.001280, energy = 120456.875626 = 120456.875626, xb = 120476.446522, voltage energy = 120668.008160, gap = 171.990743
iteration 6: residue = 0.001015, energy = 120420.303319 = 120420.303319, xb = 120441.914862, voltage energy = 120582.109685, gap = 118.583279
iteration 7: residue = 0.000804, energy = 120395.175309 = 120395.175309, xb = 120416.062633, voltage energy = 120518.072002, gap = 81.122044
iteration 8: residue = 0.000636, energy = 120377.813905 = 120377.813905, xb = 120397.224203, voltage energy = 120471.854491, gap = 55.219989
iteration 9: residue = 0.000535, energy = 120366.115122 = 120366.115122, xb = 120382.840400, voltage energy = 120438.037526, gap = 38.471847
iteration 10: residue = 0.000422, energy = 120357.530528 = 120357.530528, xb = 120371.820400, voltage energy = 120412.573957, gap = 26.463684
iteration 11: residue = 0.000332, energy = 120351.889860 = 120351.889860, xb = 120363.687353, voltage energy = 120393.554245, gap = 18.069399
iteration 12: residue = 0.000248, energy = 120347.935812 = 120347.935812, xb = 120357.905258, voltage energy = 120380.176380, gap = 12.301676
iteration 13: residue = 0.000199, energy = 120345.237677 = 120345.237677, xb = 120353.194223, voltage energy = 120369.731799, gap = 8.581030
iteration 14: residue = 0.000169, energy = 120343.508701 = 120343.508701, xb = 120349.972855, voltage energy = 120362.553718, gap = 6.116708
iteration 15: residue = 0.000142, energy = 120342.190990 = 120342.190990, xb = 120347.397344, voltage energy = 120356.891890, gap = 4.288192
iteration 16: residue = 0.000118, energy = 120341.281953 = 120341.281953, xb = 120345.408947, voltage energy = 120352.514165, gap = 2.978224
iteration 17: residue = 0.000097, energy = 120340.636532 = 120340.636532, xb = 120343.848940, voltage energy = 120349.190276, gap = 2.128927
iteration 18: residue = 0.000080, energy = 120340.194594 = 120340.194594, xb = 120342.777278, voltage energy = 120346.855000, gap = 1.495039
iteration 19: residue = 0.000067, energy = 120339.898456 = 120339.898456, xb = 120341.924106, voltage energy = 120345.009363, gap = 1.059607
iteration 20: residue = 0.000054, energy = 120339.672634 = 120339.672634, xb = 120341.259823, voltage energy = 120343.576339, gap = 0.729328
iteration 21: residue = 0.000043, energy = 120339.515814 = 120339.515814, xb = 120340.783528, voltage energy = 120342.592929, gap = 0.541687
iteration 22: residue = 0.000036, energy = 120339.414050 = 120339.414050, xb = 120340.375682, voltage energy = 120341.712090, gap = 0.374775
iteration 23: residue = 0.000030, energy = 120339.336420 = 120339.336420, xb = 120340.119828, voltage energy = 120341.171199, gap = 0.267963
iteration 24: residue = 0.000027, energy = 120339.286190 = 120339.286190, xb = 120339.892422, voltage energy = 120340.707362, gap = 0.208707
iteration 25: residue = 0.000022, energy = 120339.240391 = 120339.240391, xb = 120339.724326, voltage energy = 120340.337659, gap = 0.129397
iteration 26: residue = 0.000018, energy = 120339.215150 = 120339.215150, xb = 120339.591278, voltage energy = 120340.062689, gap = 0.095283
iteration 27: residue = 0.000016, energy = 120339.196874 = 120339.196873, xb = 120339.494668, voltage energy = 120339.861331, gap = 0.068868
iteration 28: residue = 0.000015, energy = 120339.182203 = 120339.182202, xb = 120339.416914, voltage energy = 120339.704771, gap = 0.053146
iteration 29: residue = 0.000012, energy = 120339.172997 = 120339.172997, xb = 120339.353139, voltage energy = 120339.569564, gap = 0.036283
iteration 30: residue = 0.000009, energy = 120339.165090 = 120339.165090, xb = 120339.296662, voltage energy = 120339.453184, gap = 0.024949
recursivelinesolver
iteration 0: residue = 0.004118, energy = 121134.307563 = 121134.307563, xb = 121040.615911, voltage energy = 122287.350964, gap = 1340.426704
iteration 1: residue = 0.003080, energy = 120868.266831 = 120868.266831, xb = 120816.361990, voltage energy = 121583.765724, gap = 819.308577
iteration 2: residue = 0.002427, energy = 120700.307491 = 120700.307491, xb = 120682.405311, voltage energy = 121205.580339, gap = 541.077208
iteration 3: residue = 0.001948, energy = 120587.148534 = 120587.148534, xb = 120590.418417, voltage energy = 120961.764612, gap = 368.076312
iteration 4: residue = 0.001579, energy = 120510.414726 = 120510.414726, xb = 120524.512482, voltage energy = 120790.590457, gap = 251.980218
iteration 5: residue = 0.001280, energy = 120456.875626 = 120456.875626, xb = 120476.446522, voltage energy = 120668.008160, gap = 171.990743
iteration 6: residue = 0.001015, energy = 120420.303319 = 120420.303319, xb = 120441.914862, voltage energy = 120582.109685, gap = 118.583279
iteration 7: residue = 0.000804, energy = 120395.175309 = 120395.175309, xb = 120416.062633, voltage energy = 120518.072002, gap = 81.122044
iteration 8: residue = 0.000636, energy = 120377.813905 = 120377.813905, xb = 120397.224203, voltage energy = 120471.854491, gap = 55.219989
iteration 9: residue = 0.000535, energy = 120366.115122 = 120366.115122, xb = 120382.840400, voltage energy = 120438.037526, gap = 38.471847
iteration 10: residue = 0.000422, energy = 120357.530528 = 120357.530528, xb = 120371.820400, voltage energy = 120412.573957, gap = 26.463684
iteration 11: residue = 0.000332, energy = 120351.889860 = 120351.889860, xb = 120363.687353, voltage energy = 120393.554245, gap = 18.069399
iteration 12: residue = 0.000248, energy = 120347.935812 = 120347.935812, xb = 120357.905258, voltage energy = 120380.176380, gap = 12.301676
iteration 13: residue = 0.000199, energy = 120345.237677 = 120345.237677, xb = 120353.194223, voltage energy = 120369.731799, gap = 8.581030
iteration 14: residue = 0.000169, energy = 120343.508701 = 120343.508701, xb = 120349.972855, voltage energy = 120362.553718, gap = 6.116708
iteration 15: residue = 0.000142, energy = 120342.190990 = 120342.190990, xb = 120347.397344, voltage energy = 120356.891890, gap = 4.288192
iteration 16: residue = 0.000118, energy = 120341.281953 = 120341.281953, xb = 120345.408947, voltage energy = 120352.514165, gap = 2.978224
iteration 17: residue = 0.000097, energy = 120340.636532 = 120340.636532, xb = 120343.848940, voltage energy = 120349.190276, gap = 2.128927
iteration 18: residue = 0.000080, energy = 120340.194594 = 120340.194594, xb = 120342.777278, voltage energy = 120346.855000, gap = 1.495039
iteration 19: residue = 0.000067, energy = 120339.898456 = 120339.898456, xb = 120341.924106, voltage energy = 120345.009363, gap = 1.059607
iteration 20: residue = 0.000054, energy = 120339.672634 = 120339.672634, xb = 120341.259823, voltage energy = 120343.576339, gap = 0.729328
iteration 21: residue = 0.000043, energy = 120339.515814 = 120339.515814, xb = 120340.783528, voltage energy = 120342.592929, gap = 0.541687
iteration 22: residue = 0.000036, energy = 120339.414050 = 120339.414050, xb = 120340.375682, voltage energy = 120341.712090, gap = 0.374775
iteration 23: residue = 0.000030, energy = 120339.336420 = 120339.336420, xb = 120340.119828, voltage energy = 120341.171199, gap = 0.267963
iteration 24: residue = 0.000027, energy = 120339.286190 = 120339.286190, xb = 120339.892422, voltage energy = 120340.707362, gap = 0.208707
iteration 25: residue = 0.000022, energy = 120339.240391 = 120339.240391, xb = 120339.724326, voltage energy = 120340.337659, gap = 0.129397
iteration 26: residue = 0.000018, energy = 120339.215150 = 120339.215150, xb = 120339.591278, voltage energy = 120340.062689, gap = 0.095283
iteration 27: residue = 0.000016, energy = 120339.196874 = 120339.196873, xb = 120339.494668, voltage energy = 120339.861331, gap = 0.068868
iteration 28: residue = 0.000015, energy = 120339.182203 = 120339.182202, xb = 120339.416914, voltage energy = 120339.704771, gap = 0.053146
iteration 29: residue = 0.000012, energy = 120339.172997 = 120339.172997, xb = 120339.353139, voltage energy = 120339.569564, gap = 0.036283
iteration 30: residue = 0.000009, energy = 120339.165090 = 120339.165090, xb = 120339.296662, voltage energy = 120339.453184, gap = 0.024949
recursivelinesolver
iteration 0: residue = 0.004118, energy = 121134.307563 = 121134.307563, xb = 121040.615911, voltage energy = 122287.350964, gap = 1340.426704
iteration 1: residue = 0.003080, energy = 120868.266831 = 120868.266831, xb = 120816.361990, voltage energy = 121583.765724, gap = 819.308577
iteration 2: residue = 0.002427, energy = 120700.307491 = 120700.307491, xb = 120682.405311, voltage energy = 121205.580339, gap = 541.077208
iteration 3: residue = 0.001948, energy = 120587.148534 = 120587.148534, xb = 120590.418417, voltage energy = 120961.764612, gap = 368.076312
iteration 4: residue = 0.001579, energy = 120510.414726 = 120510.414726, xb = 120524.512482, voltage energy = 120790.590457, gap = 251.980218
iteration 5: residue = 0.001280, energy = 120456.875626 = 120456.875626, xb = 120476.446522, voltage energy = 120668.008160, gap = 171.990743
iteration 6: residue = 0.001015, energy = 120420.303319 = 120420.303319, xb = 120441.914862, voltage energy = 120582.109685, gap = 118.583279
iteration 7: residue = 0.000804, energy = 120395.175309 = 120395.175309, xb = 120416.062633, voltage energy = 120518.072002, gap = 81.122044
iteration 8: residue = 0.000636, energy = 120377.813905 = 120377.813905, xb = 120397.224203, voltage energy = 120471.854491, gap = 55.219989
iteration 9: residue = 0.000535, energy = 120366.115122 = 120366.115122, xb = 120382.840400, voltage energy = 120438.037526, gap = 38.471847
iteration 10: residue = 0.000422, energy = 120357.530528 = 120357.530528, xb = 120371.820400, voltage energy = 120412.573957, gap = 26.463684
iteration 11: residue = 0.000332, energy = 120351.889860 = 120351.889860, xb = 120363.687353, voltage energy = 120393.554245, gap = 18.069399
iteration 12: residue = 0.000248, energy = 120347.935812 = 120347.935812, xb = 120357.905258, voltage energy = 120380.176380, gap = 12.301676
iteration 13: residue = 0.000199, energy = 120345.237677 = 120345.237677, xb = 120353.194223, voltage energy = 120369.731799, gap = 8.581030
iteration 14: residue = 0.000169, energy = 120343.508701 = 120343.508701, xb = 120349.972855, voltage energy = 120362.553718, gap = 6.116708
iteration 15: residue = 0.000142, energy = 120342.190990 = 120342.190990, xb = 120347.397344, voltage energy = 120356.891890, gap = 4.288192
iteration 16: residue = 0.000118, energy = 120341.281953 = 120341.281953, xb = 120345.408947, voltage energy = 120352.514165, gap = 2.978224
iteration 17: residue = 0.000097, energy = 120340.636532 = 120340.636532, xb = 120343.848940, voltage energy = 120349.190276, gap = 2.128927
iteration 18: residue = 0.000080, energy = 120340.194594 = 120340.194594, xb = 120342.777278, voltage energy = 120346.855000, gap = 1.495039
iteration 19: residue = 0.000067, energy = 120339.898456 = 120339.898456, xb = 120341.924106, voltage energy = 120345.009363, gap = 1.059607
iteration 20: residue = 0.000054, energy = 120339.672634 = 120339.672634, xb = 120341.259823, voltage energy = 120343.576339, gap = 0.729328
iteration 21: residue = 0.000043, energy = 120339.515814 = 120339.515814, xb = 120340.783528, voltage energy = 120342.592929, gap = 0.541687
iteration 22: residue = 0.000036, energy = 120339.414050 = 120339.414050, xb = 120340.375682, voltage energy = 120341.712090, gap = 0.374775
iteration 23: residue = 0.000030, energy = 120339.336420 = 120339.336420, xb = 120340.119828, voltage energy = 120341.171199, gap = 0.267963
iteration 24: residue = 0.000027, energy = 120339.286190 = 120339.286190, xb = 120339.892422, voltage energy = 120340.707362, gap = 0.208707
iteration 25: residue = 0.000022, energy = 120339.240391 = 120339.240391, xb = 120339.724326, voltage energy = 120340.337659, gap = 0.129397
iteration 26: residue = 0.000018, energy = 120339.215150 = 120339.215150, xb = 120339.591278, voltage energy = 120340.062689, gap = 0.095283
iteration 27: residue = 0.000016, energy = 120339.196874 = 120339.196873, xb = 120339.494668, voltage energy = 120339.861331, gap = 0.068868
iteration 28: residue = 0.000015, energy = 120339.182203 = 120339.182202, xb = 120339.416914, voltage energy = 120339.704771, gap = 0.053146
iteration 29: residue = 0.000012, energy = 120339.172997 = 120339.172997, xb = 120339.353139, voltage energy = 120339.569564, gap = 0.036283
iteration 30: residue = 0.000009, energy = 120339.165090 = 120339.165090, xb = 120339.296662, voltage energy = 120339.453184, gap = 0.024949
recursivelinesolver
iteration 0: residue = 0.004118, energy = 121134.307563 = 121134.307563, xb = 121040.615911, voltage energy = 122287.350964, gap = 1340.426704
iteration 1: residue = 0.003080, energy = 120868.266831 = 120868.266831, xb = 120816.361990, voltage energy = 121583.765724, gap = 819.308577
iteration 2: residue = 0.002427, energy = 120700.307491 = 120700.307491, xb = 120682.405311, voltage energy = 121205.580339, gap = 541.077208
iteration 3: residue = 0.001948, energy = 120587.148534 = 120587.148534, xb = 120590.418417, voltage energy = 120961.764612, gap = 368.076312
iteration 4: residue = 0.001579, energy = 120510.414726 = 120510.414726, xb = 120524.512482, voltage energy = 120790.590457, gap = 251.980218
iteration 5: residue = 0.001280, energy = 120456.875626 = 120456.875626, xb = 120476.446522, voltage energy = 120668.008160, gap = 171.990743
iteration 6: residue = 0.001015, energy = 120420.303319 = 120420.303319, xb = 120441.914862, voltage energy = 120582.109685, gap = 118.583279
iteration 7: residue = 0.000804, energy = 120395.175309 = 120395.175309, xb = 120416.062633, voltage energy = 120518.072002, gap = 81.122044
iteration 8: residue = 0.000636, energy = 120377.813905 = 120377.813905, xb = 120397.224203, voltage energy = 120471.854491, gap = 55.219989
iteration 9: residue = 0.000535, energy = 120366.115122 = 120366.115122, xb = 120382.840400, voltage energy = 120438.037526, gap = 38.471847
iteration 10: residue = 0.000422, energy = 120357.530528 = 120357.530528, xb = 120371.820400, voltage energy = 120412.573957, gap = 26.463684
iteration 11: residue = 0.000332, energy = 120351.889860 = 120351.889860, xb = 120363.687353, voltage energy = 120393.554245, gap = 18.069399
iteration 12: residue = 0.000248, energy = 120347.935812 = 120347.935812, xb = 120357.905258, voltage energy = 120380.176380, gap = 12.301676
iteration 13: residue = 0.000199, energy = 120345.237677 = 120345.237677, xb = 120353.194223, voltage energy = 120369.731799, gap = 8.581030
iteration 14: residue = 0.000169, energy = 120343.508701 = 120343.508701, xb = 120349.972855, voltage energy = 120362.553718, gap = 6.116708
iteration 15: residue = 0.000142, energy = 120342.190990 = 120342.190990, xb = 120347.397344, voltage energy = 120356.891890, gap = 4.288192
iteration 16: residue = 0.000118, energy = 120341.281953 = 120341.281953, xb = 120345.408947, voltage energy = 120352.514165, gap = 2.978224
iteration 17: residue = 0.000097, energy = 120340.636532 = 120340.636532, xb = 120343.848940, voltage energy = 120349.190276, gap = 2.128927
iteration 18: residue = 0.000080, energy = 120340.194594 = 120340.194594, xb = 120342.777278, voltage energy = 120346.855000, gap = 1.495039
iteration 19: residue = 0.000067, energy = 120339.898456 = 120339.898456, xb = 120341.924106, voltage energy = 120345.009363, gap = 1.059607
iteration 20: residue = 0.000054, energy = 120339.672634 = 120339.672634, xb = 120341.259823, voltage energy = 120343.576339, gap = 0.729328
iteration 21: residue = 0.000043, energy = 120339.515814 = 120339.515814, xb = 120340.783528, voltage energy = 120342.592929, gap = 0.541687
iteration 22: residue = 0.000036, energy = 120339.414050 = 120339.414050, xb = 120340.375682, voltage energy = 120341.712090, gap = 0.374775
iteration 23: residue = 0.000030, energy = 120339.336420 = 120339.336420, xb = 120340.119828, voltage energy = 120341.171199, gap = 0.267963
iteration 24: residue = 0.000027, energy = 120339.286190 = 120339.286190, xb = 120339.892422, voltage energy = 120340.707362, gap = 0.208707
iteration 25: residue = 0.000022, energy = 120339.240391 = 120339.240391, xb = 120339.724326, voltage energy = 120340.337659, gap = 0.129397
iteration 26: residue = 0.000018, energy = 120339.215150 = 120339.215150, xb = 120339.591278, voltage energy = 120340.062689, gap = 0.095283
iteration 27: residue = 0.000016, energy = 120339.196874 = 120339.196873, xb = 120339.494668, voltage energy = 120339.861331, gap = 0.068868
iteration 28: residue = 0.000015, energy = 120339.182203 = 120339.182202, xb = 120339.416914, voltage energy = 120339.704771, gap = 0.053146
iteration 29: residue = 0.000012, energy = 120339.172997 = 120339.172997, xb = 120339.353139, voltage energy = 120339.569564, gap = 0.036283
iteration 30: residue = 0.000009, energy = 120339.165090 = 120339.165090, xb = 120339.296662, voltage energy = 120339.453184, gap = 0.024949
recursivelinesolver
iteration 0: residue = 0.004118, energy = 121134.307563 = 121134.307563, xb = 121040.615911, voltage energy = 122287.350964, gap = 1340.426704
iteration 1: residue = 0.003080, energy = 120868.266831 = 120868.266831, xb = 120816.361990, voltage energy = 121583.765724, gap = 819.308577
iteration 2: residue = 0.002427, energy = 120700.307491 = 120700.307491, xb = 120682.405311, voltage energy = 121205.580339, gap = 541.077208
iteration 3: residue = 0.001948, energy = 120587.148534 = 120587.148534, xb = 120590.418417, voltage energy = 120961.764612, gap = 368.076312
iteration 4: residue = 0.001579, energy = 120510.414726 = 120510.414726, xb = 120524.512482, voltage energy = 120790.590457, gap = 251.980218
iteration 5: residue = 0.001280, energy = 120456.875626 = 120456.875626, xb = 120476.446522, voltage energy = 120668.008160, gap = 171.990743
iteration 6: residue = 0.001015, energy = 120420.303319 = 120420.303319, xb = 120441.914862, voltage energy = 120582.109685, gap = 118.583279
iteration 7: residue = 0.000804, energy = 120395.175309 = 120395.175309, xb = 120416.062633, voltage energy = 120518.072002, gap = 81.122044
iteration 8: residue = 0.000636, energy = 120377.813905 = 120377.813905, xb = 120397.224203, voltage energy = 120471.854491, gap = 55.219989
iteration 9: residue = 0.000535, energy = 120366.115122 = 120366.115122, xb = 120382.840400, voltage energy = 120438.037526, gap = 38.471847
iteration 10: residue = 0.000422, energy = 120357.530528 = 120357.530528, xb = 120371.820400, voltage energy = 120412.573957, gap = 26.463684
iteration 11: residue = 0.000332, energy = 120351.889860 = 120351.889860, xb = 120363.687353, voltage energy = 120393.554245, gap = 18.069399
iteration 12: residue = 0.000248, energy = 120347.935812 = 120347.935812, xb = 120357.905258, voltage energy = 120380.176380, gap = 12.301676
iteration 13: residue = 0.000199, energy = 120345.237677 = 120345.237677, xb = 120353.194223, voltage energy = 120369.731799, gap = 8.581030
iteration 14: residue = 0.000169, energy = 120343.508701 = 120343.508701, xb = 120349.972855, voltage energy = 120362.553718, gap = 6.116708
iteration 15: residue = 0.000142, energy = 120342.190990 = 120342.190990, xb = 120347.397344, voltage energy = 120356.891890, gap = 4.288192
iteration 16: residue = 0.000118, energy = 120341.281953 = 120341.281953, xb = 120345.408947, voltage energy = 120352.514165, gap = 2.978224
iteration 17: residue = 0.000097, energy = 120340.636532 = 120340.636532, xb = 120343.848940, voltage energy = 120349.190276, gap = 2.128927
iteration 18: residue = 0.000080, energy = 120340.194594 = 120340.194594, xb = 120342.777278, voltage energy = 120346.855000, gap = 1.495039
iteration 19: residue = 0.000067, energy = 120339.898456 = 120339.898456, xb = 120341.924106, voltage energy = 120345.009363, gap = 1.059607
iteration 20: residue = 0.000054, energy = 120339.672634 = 120339.672634, xb = 120341.259823, voltage energy = 120343.576339, gap = 0.729328
iteration 21: residue = 0.000043, energy = 120339.515814 = 120339.515814, xb = 120340.783528, voltage energy = 120342.592929, gap = 0.541687
iteration 22: residue = 0.000036, energy = 120339.414050 = 120339.414050, xb = 120340.375682, voltage energy = 120341.712090, gap = 0.374775
iteration 23: residue = 0.000030, energy = 120339.336420 = 120339.336420, xb = 120340.119828, voltage energy = 120341.171199, gap = 0.267963
iteration 24: residue = 0.000027, energy = 120339.286190 = 120339.286190, xb = 120339.892422, voltage energy = 120340.707362, gap = 0.208707
iteration 25: residue = 0.000022, energy = 120339.240391 = 120339.240391, xb = 120339.724326, voltage energy = 120340.337659, gap = 0.129397
iteration 26: residue = 0.000018, energy = 120339.215150 = 120339.215150, xb = 120339.591278, voltage energy = 120340.062689, gap = 0.095283
iteration 27: residue = 0.000016, energy = 120339.196874 = 120339.196873, xb = 120339.494668, voltage energy = 120339.861331, gap = 0.068868
iteration 28: residue = 0.000015, energy = 120339.182203 = 120339.182202, xb = 120339.416914, voltage energy = 120339.704771, gap = 0.053146
iteration 29: residue = 0.000012, energy = 120339.172997 = 120339.172997, xb = 120339.353139, voltage energy = 120339.569564, gap = 0.036283
iteration 30: residue = 0.000009, energy = 120339.165090 = 120339.165090, xb = 120339.296662, voltage energy = 120339.453184, gap = 0.024949
recursivelinesolver
iteration 0: residue = 0.004118, energy = 121134.307563 = 121134.307563, xb = 121040.615911, voltage energy = 122287.350964, gap = 1340.426704
iteration 1: residue = 0.003080, energy = 120868.266831 = 120868.266831, xb = 120816.361990, voltage energy = 121583.765724, gap = 819.308577
iteration 2: residue = 0.002427, energy = 120700.307491 = 120700.307491, xb = 120682.405311, voltage energy = 121205.580339, gap = 541.077208
iteration 3: residue = 0.001948, energy = 120587.148534 = 120587.148534, xb = 120590.418417, voltage energy = 120961.764612, gap = 368.076312
iteration 4: residue = 0.001579, energy = 120510.414726 = 120510.414726, xb = 120524.512482, voltage energy = 120790.590457, gap = 251.980218
iteration 5: residue = 0.001280, energy = 120456.875626 = 120456.875626, xb = 120476.446522, voltage energy = 120668.008160, gap = 171.990743
iteration 6: residue = 0.001015, energy = 120420.303319 = 120420.303319, xb = 120441.914862, voltage energy = 120582.109685, gap = 118.583279
iteration 7: residue = 0.000804, energy = 120395.175309 = 120395.175309, xb = 120416.062633, voltage energy = 120518.072002, gap = 81.122044
iteration 8: residue = 0.000636, energy = 120377.813905 = 120377.813905, xb = 120397.224203, voltage energy = 120471.854491, gap = 55.219989
iteration 9: residue = 0.000535, energy = 120366.115122 = 120366.115122, xb = 120382.840400, voltage energy = 120438.037526, gap = 38.471847
iteration 10: residue = 0.000422, energy = 120357.530528 = 120357.530528, xb = 120371.820400, voltage energy = 120412.573957, gap = 26.463684
iteration 11: residue = 0.000332, energy = 120351.889860 = 120351.889860, xb = 120363.687353, voltage energy = 120393.554245, gap = 18.069399
iteration 12: residue = 0.000248, energy = 120347.935812 = 120347.935812, xb = 120357.905258, voltage energy = 120380.176380, gap = 12.301676
iteration 13: residue = 0.000199, energy = 120345.237677 = 120345.237677, xb = 120353.194223, voltage energy = 120369.731799, gap = 8.581030
iteration 14: residue = 0.000169, energy = 120343.508701 = 120343.508701, xb = 120349.972855, voltage energy = 120362.553718, gap = 6.116708
iteration 15: residue = 0.000142, energy = 120342.190990 = 120342.190990, xb = 120347.397344, voltage energy = 120356.891890, gap = 4.288192
iteration 16: residue = 0.000118, energy = 120341.281953 = 120341.281953, xb = 120345.408947, voltage energy = 120352.514165, gap = 2.978224
iteration 17: residue = 0.000097, energy = 120340.636532 = 120340.636532, xb = 120343.848940, voltage energy = 120349.190276, gap = 2.128927
iteration 18: residue = 0.000080, energy = 120340.194594 = 120340.194594, xb = 120342.777278, voltage energy = 120346.855000, gap = 1.495039
iteration 19: residue = 0.000067, energy = 120339.898456 = 120339.898456, xb = 120341.924106, voltage energy = 120345.009363, gap = 1.059607
iteration 20: residue = 0.000054, energy = 120339.672634 = 120339.672634, xb = 120341.259823, voltage energy = 120343.576339, gap = 0.729328
iteration 21: residue = 0.000043, energy = 120339.515814 = 120339.515814, xb = 120340.783528, voltage energy = 120342.592929, gap = 0.541687
iteration 22: residue = 0.000036, energy = 120339.414050 = 120339.414050, xb = 120340.375682, voltage energy = 120341.712090, gap = 0.374775
iteration 23: residue = 0.000030, energy = 120339.336420 = 120339.336420, xb = 120340.119828, voltage energy = 120341.171199, gap = 0.267963
iteration 24: residue = 0.000027, energy = 120339.286190 = 120339.286190, xb = 120339.892422, voltage energy = 120340.707362, gap = 0.208707
iteration 25: residue = 0.000022, energy = 120339.240391 = 120339.240391, xb = 120339.724326, voltage energy = 120340.337659, gap = 0.129397
iteration 26: residue = 0.000018, energy = 120339.215150 = 120339.215150, xb = 120339.591278, voltage energy = 120340.062689, gap = 0.095283
iteration 27: residue = 0.000016, energy = 120339.196874 = 120339.196873, xb = 120339.494668, voltage energy = 120339.861331, gap = 0.068868
iteration 28: residue = 0.000015, energy = 120339.182203 = 120339.182202, xb = 120339.416914, voltage energy = 120339.704771, gap = 0.053146
iteration 29: residue = 0.000012, energy = 120339.172997 = 120339.172997, xb = 120339.353139, voltage energy = 120339.569564, gap = 0.036283
iteration 30: residue = 0.000009, energy = 120339.165090 = 120339.165090, xb = 120339.296662, voltage energy = 120339.453184, gap = 0.024949
recursivelinesolver
iteration 0: residue = 0.004118, energy = 121134.307563 = 121134.307563, xb = 121040.615911, voltage energy = 122287.350964, gap = 1340.426704
iteration 1: residue = 0.003080, energy = 120868.266831 = 120868.266831, xb = 120816.361990, voltage energy = 121583.765724, gap = 819.308577
iteration 2: residue = 0.002427, energy = 120700.307491 = 120700.307491, xb = 120682.405311, voltage energy = 121205.580339, gap = 541.077208
iteration 3: residue = 0.001948, energy = 120587.148534 = 120587.148534, xb = 120590.418417, voltage energy = 120961.764612, gap = 368.076312
iteration 4: residue = 0.001579, energy = 120510.414726 = 120510.414726, xb = 120524.512482, voltage energy = 120790.590457, gap = 251.980218
iteration 5: residue = 0.001280, energy = 120456.875626 = 120456.875626, xb = 120476.446522, voltage energy = 120668.008160, gap = 171.990743
iteration 6: residue = 0.001015, energy = 120420.303319 = 120420.303319, xb = 120441.914862, voltage energy = 120582.109685, gap = 118.583279
iteration 7: residue = 0.000804, energy = 120395.175309 = 120395.175309, xb = 120416.062633, voltage energy = 120518.072002, gap = 81.122044
iteration 8: residue = 0.000636, energy = 120377.813905 = 120377.813905, xb = 120397.224203, voltage energy = 120471.854491, gap = 55.219989
iteration 9: residue = 0.000535, energy = 120366.115122 = 120366.115122, xb = 120382.840400, voltage energy = 120438.037526, gap = 38.471847
iteration 10: residue = 0.000422, energy = 120357.530528 = 120357.530528, xb = 120371.820400, voltage energy = 120412.573957, gap = 26.463684
iteration 11: residue = 0.000332, energy = 120351.889860 = 120351.889860, xb = 120363.687353, voltage energy = 120393.554245, gap = 18.069399
iteration 12: residue = 0.000248, energy = 120347.935812 = 120347.935812, xb = 120357.905258, voltage energy = 120380.176380, gap = 12.301676
iteration 13: residue = 0.000199, energy = 120345.237677 = 120345.237677, xb = 120353.194223, voltage energy = 120369.731799, gap = 8.581030
iteration 14: residue = 0.000169, energy = 120343.508701 = 120343.508701, xb = 120349.972855, voltage energy = 120362.553718, gap = 6.116708
iteration 15: residue = 0.000142, energy = 120342.190990 = 120342.190990, xb = 120347.397344, voltage energy = 120356.891890, gap = 4.288192
iteration 16: residue = 0.000118, energy = 120341.281953 = 120341.281953, xb = 120345.408947, voltage energy = 120352.514165, gap = 2.978224
iteration 17: residue = 0.000097, energy = 120340.636532 = 120340.636532, xb = 120343.848940, voltage energy = 120349.190276, gap = 2.128927
iteration 18: residue = 0.000080, energy = 120340.194594 = 120340.194594, xb = 120342.777278, voltage energy = 120346.855000, gap = 1.495039
iteration 19: residue = 0.000067, energy = 120339.898456 = 120339.898456, xb = 120341.924106, voltage energy = 120345.009363, gap = 1.059607
iteration 20: residue = 0.000054, energy = 120339.672634 = 120339.672634, xb = 120341.259823, voltage energy = 120343.576339, gap = 0.729328
iteration 21: residue = 0.000043, energy = 120339.515814 = 120339.515814, xb = 120340.783528, voltage energy = 120342.592929, gap = 0.541687
iteration 22: residue = 0.000036, energy = 120339.414050 = 120339.414050, xb = 120340.375682, voltage energy = 120341.712090, gap = 0.374775
iteration 23: residue = 0.000030, energy = 120339.336420 = 120339.336420, xb = 120340.119828, voltage energy = 120341.171199, gap = 0.267963
iteration 24: residue = 0.000027, energy = 120339.286190 = 120339.286190, xb = 120339.892422, voltage energy = 120340.707362, gap = 0.208707
iteration 25: residue = 0.000022, energy = 120339.240391 = 120339.240391, xb = 120339.724326, voltage energy = 120340.337659, gap = 0.129397
iteration 26: residue = 0.000018, energy = 120339.215150 = 120339.215150, xb = 120339.591278, voltage energy = 120340.062689, gap = 0.095283
iteration 27: residue = 0.000016, energy = 120339.196874 = 120339.196873, xb = 120339.494668, voltage energy = 120339.861331, gap = 0.068868
iteration 28: residue = 0.000015, energy = 120339.182203 = 120339.182202, xb = 120339.416914, voltage energy = 120339.704771, gap = 0.053146
iteration 29: residue = 0.000012, energy = 120339.172997 = 120339.172997, xb = 120339.353139, voltage energy = 120339.569564, gap = 0.036283
iteration 30: residue = 0.000009, energy = 120339.165090 = 120339.165090, xb = 120339.296662, voltage energy = 120339.453184, gap = 0.024949
recursivelinesolver
iteration 0: residue = 0.004118, energy = 121134.307563 = 121134.307563, xb = 121040.615911, voltage energy = 122287.350964, gap = 1340.426704
iteration 1: residue = 0.003080, energy = 120868.266831 = 120868.266831, xb = 120816.361990, voltage energy = 121583.765724, gap = 819.308577
iteration 2: residue = 0.002427, energy = 120700.307491 = 120700.307491, xb = 120682.405311, voltage energy = 121205.580339, gap = 541.077208
iteration 3: residue = 0.001948, energy = 120587.148534 = 120587.148534, xb = 120590.418417, voltage energy = 120961.764612, gap = 368.076312
iteration 4: residue = 0.001579, energy = 120510.414726 = 120510.414726, xb = 120524.512482, voltage energy = 120790.590457, gap = 251.980218
iteration 5: residue = 0.001280, energy = 120456.875626 = 120456.875626, xb = 120476.446522, voltage energy = 120668.008160, gap = 171.990743
iteration 6: residue = 0.001015, energy = 120420.303319 = 120420.303319, xb = 120441.914862, voltage energy = 120582.109685, gap = 118.583279
iteration 7: residue = 0.000804, energy = 120395.175309 = 120395.175309, xb = 120416.062633, voltage energy = 120518.072002, gap = 81.122044
iteration 8: residue = 0.000636, energy = 120377.813905 = 120377.813905, xb = 120397.224203, voltage energy = 120471.854491, gap = 55.219989
iteration 9: residue = 0.000535, energy = 120366.115122 = 120366.115122, xb = 120382.840400, voltage energy = 120438.037526, gap = 38.471847
iteration 10: residue = 0.000422, energy = 120357.530528 = 120357.530528, xb = 120371.820400, voltage energy = 120412.573957, gap = 26.463684
iteration 11: residue = 0.000332, energy = 120351.889860 = 120351.889860, xb = 120363.687353, voltage energy = 120393.554245, gap = 18.069399
iteration 12: residue = 0.000248, energy = 120347.935812 = 120347.935812, xb = 120357.905258, voltage energy = 120380.176380, gap = 12.301676
iteration 13: residue = 0.000199, energy = 120345.237677 = 120345.237677, xb = 120353.194223, voltage energy = 120369.731799, gap = 8.581030
iteration 14: residue = 0.000169, energy = 120343.508701 = 120343.508701, xb = 120349.972855, voltage energy = 120362.553718, gap = 6.116708
iteration 15: residue = 0.000142, energy = 120342.190990 = 120342.190990, xb = 120347.397344, voltage energy = 120356.891890, gap = 4.288192
iteration 16: residue = 0.000118, energy = 120341.281953 = 120341.281953, xb = 120345.408947, voltage energy = 120352.514165, gap = 2.978224
iteration 17: residue = 0.000097, energy = 120340.636532 = 120340.636532, xb = 120343.848940, voltage energy = 120349.190276, gap = 2.128927
iteration 18: residue = 0.000080, energy = 120340.194594 = 120340.194594, xb = 120342.777278, voltage energy = 120346.855000, gap = 1.495039
iteration 19: residue = 0.000067, energy = 120339.898456 = 120339.898456, xb = 120341.924106, voltage energy = 120345.009363, gap = 1.059607
iteration 20: residue = 0.000054, energy = 120339.672634 = 120339.672634, xb = 120341.259823, voltage energy = 120343.576339, gap = 0.729328
iteration 21: residue = 0.000043, energy = 120339.515814 = 120339.515814, xb = 120340.783528, voltage energy = 120342.592929, gap = 0.541687
iteration 22: residue = 0.000036, energy = 120339.414050 = 120339.414050, xb = 120340.375682, voltage energy = 120341.712090, gap = 0.374775
iteration 23: residue = 0.000030, energy = 120339.336420 = 120339.336420, xb = 120340.119828, voltage energy = 120341.171199, gap = 0.267963
iteration 24: residue = 0.000027, energy = 120339.286190 = 120339.286190, xb = 120339.892422, voltage energy = 120340.707362, gap = 0.208707
iteration 25: residue = 0.000022, energy = 120339.240391 = 120339.240391, xb = 120339.724326, voltage energy = 120340.337659, gap = 0.129397
iteration 26: residue = 0.000018, energy = 120339.215150 = 120339.215150, xb = 120339.591278, voltage energy = 120340.062689, gap = 0.095283
iteration 27: residue = 0.000016, energy = 120339.196874 = 120339.196873, xb = 120339.494668, voltage energy = 120339.861331, gap = 0.068868
iteration 28: residue = 0.000015, energy = 120339.182203 = 120339.182202, xb = 120339.416914, voltage energy = 120339.704771, gap = 0.053146
iteration 29: residue = 0.000012, energy = 120339.172997 = 120339.172997, xb = 120339.353139, voltage energy = 120339.569564, gap = 0.036283
iteration 30: residue = 0.000009, energy = 120339.165090 = 120339.165090, xb = 120339.296662, voltage energy = 120339.453184, gap = 0.024949
recursivelinesolver
iteration 0: residue = 0.004118, energy = 121134.307563 = 121134.307563, xb = 121040.615911, voltage energy = 122287.350964, gap = 1340.426704
iteration 1: residue = 0.003080, energy = 120868.266831 = 120868.266831, xb = 120816.361990, voltage energy = 121583.765724, gap = 819.308577
iteration 2: residue = 0.002427, energy = 120700.307491 = 120700.307491, xb = 120682.405311, voltage energy = 121205.580339, gap = 541.077208
iteration 3: residue = 0.001948, energy = 120587.148534 = 120587.148534, xb = 120590.418417, voltage energy = 120961.764612, gap = 368.076312
iteration 4: residue = 0.001579, energy = 120510.414726 = 120510.414726, xb = 120524.512482, voltage energy = 120790.590457, gap = 251.980218
iteration 5: residue = 0.001280, energy = 120456.875626 = 120456.875626, xb = 120476.446522, voltage energy = 120668.008160, gap = 171.990743
iteration 6: residue = 0.001015, energy = 120420.303319 = 120420.303319, xb = 120441.914862, voltage energy = 120582.109685, gap = 118.583279
iteration 7: residue = 0.000804, energy = 120395.175309 = 120395.175309, xb = 120416.062633, voltage energy = 120518.072002, gap = 81.122044
iteration 8: residue = 0.000636, energy = 120377.813905 = 120377.813905, xb = 120397.224203, voltage energy = 120471.854491, gap = 55.219989
iteration 9: residue = 0.000535, energy = 120366.115122 = 120366.115122, xb = 120382.840400, voltage energy = 120438.037526, gap = 38.471847
iteration 10: residue = 0.000422, energy = 120357.530528 = 120357.530528, xb = 120371.820400, voltage energy = 120412.573957, gap = 26.463684
iteration 11: residue = 0.000332, energy = 120351.889860 = 120351.889860, xb = 120363.687353, voltage energy = 120393.554245, gap = 18.069399
iteration 12: residue = 0.000248, energy = 120347.935812 = 120347.935812, xb = 120357.905258, voltage energy = 120380.176380, gap = 12.301676
iteration 13: residue = 0.000199, energy = 120345.237677 = 120345.237677, xb = 120353.194223, voltage energy = 120369.731799, gap = 8.581030
iteration 14: residue = 0.000169, energy = 120343.508701 = 120343.508701, xb = 120349.972855, voltage energy = 120362.553718, gap = 6.116708
iteration 15: residue = 0.000142, energy = 120342.190990 = 120342.190990, xb = 120347.397344, voltage energy = 120356.891890, gap = 4.288192
iteration 16: residue = 0.000118, energy = 120341.281953 = 120341.281953, xb = 120345.408947, voltage energy = 120352.514165, gap = 2.978224
iteration 17: residue = 0.000097, energy = 120340.636532 = 120340.636532, xb = 120343.848940, voltage energy = 120349.190276, gap = 2.128927
iteration 18: residue = 0.000080, energy = 120340.194594 = 120340.194594, xb = 120342.777278, voltage energy = 120346.855000, gap = 1.495039
iteration 19: residue = 0.000067, energy = 120339.898456 = 120339.898456, xb = 120341.924106, voltage energy = 120345.009363, gap = 1.059607
iteration 20: residue = 0.000054, energy = 120339.672634 = 120339.672634, xb = 120341.259823, voltage energy = 120343.576339, gap = 0.729328
iteration 21: residue = 0.000043, energy = 120339.515814 = 120339.515814, xb = 120340.783528, voltage energy = 120342.592929, gap = 0.541687
iteration 22: residue = 0.000036, energy = 120339.414050 = 120339.414050, xb = 120340.375682, voltage energy = 120341.712090, gap = 0.374775
iteration 23: residue = 0.000030, energy = 120339.336420 = 120339.336420, xb = 120340.119828, voltage energy = 120341.171199, gap = 0.267963
iteration 24: residue = 0.000027, energy = 120339.286190 = 120339.286190, xb = 120339.892422, voltage energy = 120340.707362, gap = 0.208707
iteration 25: residue = 0.000022, energy = 120339.240391 = 120339.240391, xb = 120339.724326, voltage energy = 120340.337659, gap = 0.129397
iteration 26: residue = 0.000018, energy = 120339.215150 = 120339.215150, xb = 120339.591278, voltage energy = 120340.062689, gap = 0.095283
iteration 27: residue = 0.000016, energy = 120339.196874 = 120339.196873, xb = 120339.494668, voltage energy = 120339.861331, gap = 0.068868
iteration 28: residue = 0.000015, energy = 120339.182203 = 120339.182202, xb = 120339.416914, voltage energy = 120339.704771, gap = 0.053146
iteration 29: residue = 0.000012, energy = 120339.172997 = 120339.172997, xb = 120339.353139, voltage energy = 120339.569564, gap = 0.036283
iteration 30: residue = 0.000009, energy = 120339.165090 = 120339.165090, xb = 120339.296662, voltage energy = 120339.453184, gap = 0.024949
recursivelinesolver
iteration 0: residue = 0.004118, energy = 121134.307563 = 121134.307563, xb = 121040.615911, voltage energy = 122287.350964, gap = 1340.426704
iteration 1: residue = 0.003080, energy = 120868.266831 = 120868.266831, xb = 120816.361990, voltage energy = 121583.765724, gap = 819.308577
iteration 2: residue = 0.002427, energy = 120700.307491 = 120700.307491, xb = 120682.405311, voltage energy = 121205.580339, gap = 541.077208
iteration 3: residue = 0.001948, energy = 120587.148534 = 120587.148534, xb = 120590.418417, voltage energy = 120961.764612, gap = 368.076312
iteration 4: residue = 0.001579, energy = 120510.414726 = 120510.414726, xb = 120524.512482, voltage energy = 120790.590457, gap = 251.980218
iteration 5: residue = 0.001280, energy = 120456.875626 = 120456.875626, xb = 120476.446522, voltage energy = 120668.008160, gap = 171.990743
iteration 6: residue = 0.001015, energy = 120420.303319 = 120420.303319, xb = 120441.914862, voltage energy = 120582.109685, gap = 118.583279
iteration 7: residue = 0.000804, energy = 120395.175309 = 120395.175309, xb = 120416.062633, voltage energy = 120518.072002, gap = 81.122044
iteration 8: residue = 0.000636, energy = 120377.813905 = 120377.813905, xb = 120397.224203, voltage energy = 120471.854491, gap = 55.219989
iteration 9: residue = 0.000535, energy = 120366.115122 = 120366.115122, xb = 120382.840400, voltage energy = 120438.037526, gap = 38.471847
iteration 10: residue = 0.000422, energy = 120357.530528 = 120357.530528, xb = 120371.820400, voltage energy = 120412.573957, gap = 26.463684
iteration 11: residue = 0.000332, energy = 120351.889860 = 120351.889860, xb = 120363.687353, voltage energy = 120393.554245, gap = 18.069399
iteration 12: residue = 0.000248, energy = 120347.935812 = 120347.935812, xb = 120357.905258, voltage energy = 120380.176380, gap = 12.301676
iteration 13: residue = 0.000199, energy = 120345.237677 = 120345.237677, xb = 120353.194223, voltage energy = 120369.731799, gap = 8.581030
iteration 14: residue = 0.000169, energy = 120343.508701 = 120343.508701, xb = 120349.972855, voltage energy = 120362.553718, gap = 6.116708
iteration 15: residue = 0.000142, energy = 120342.190990 = 120342.190990, xb = 120347.397344, voltage energy = 120356.891890, gap = 4.288192
iteration 16: residue = 0.000118, energy = 120341.281953 = 120341.281953, xb = 120345.408947, voltage energy = 120352.514165, gap = 2.978224
iteration 17: residue = 0.000097, energy = 120340.636532 = 120340.636532, xb = 120343.848940, voltage energy = 120349.190276, gap = 2.128927
iteration 18: residue = 0.000080, energy = 120340.194594 = 120340.194594, xb = 120342.777278, voltage energy = 120346.855000, gap = 1.495039
iteration 19: residue = 0.000067, energy = 120339.898456 = 120339.898456, xb = 120341.924106, voltage energy = 120345.009363, gap = 1.059607
iteration 20: residue = 0.000054, energy = 120339.672634 = 120339.672634, xb = 120341.259823, voltage energy = 120343.576339, gap = 0.729328
iteration 21: residue = 0.000043, energy = 120339.515814 = 120339.515814, xb = 120340.783528, voltage energy = 120342.592929, gap = 0.541687
iteration 22: residue = 0.000036, energy = 120339.414050 = 120339.414050, xb = 120340.375682, voltage energy = 120341.712090, gap = 0.374775
iteration 23: residue = 0.000030, energy = 120339.336420 = 120339.336420, xb = 120340.119828, voltage energy = 120341.171199, gap = 0.267963
iteration 24: residue = 0.000027, energy = 120339.286190 = 120339.286190, xb = 120339.892422, voltage energy = 120340.707362, gap = 0.208707
iteration 25: residue = 0.000022, energy = 120339.240391 = 120339.240391, xb = 120339.724326, voltage energy = 120340.337659, gap = 0.129397
iteration 26: residue = 0.000018, energy = 120339.215150 = 120339.215150, xb = 120339.591278, voltage energy = 120340.062689, gap = 0.095283
iteration 27: residue = 0.000016, energy = 120339.196874 = 120339.196873, xb = 120339.494668, voltage energy = 120339.861331, gap = 0.068868
iteration 28: residue = 0.000015, energy = 120339.182203 = 120339.182202, xb = 120339.416914, voltage energy = 120339.704771, gap = 0.053146
iteration 29: residue = 0.000012, energy = 120339.172997 = 120339.172997, xb = 120339.353139, voltage energy = 120339.569564, gap = 0.036283
iteration 30: residue = 0.000009, energy = 120339.165090 = 120339.165090, xb = 120339.296662, voltage energy = 120339.453184, gap = 0.024949
recursivetreesolver
residual 4.118070e-03
residual 3.080219e-03
residual 2.427495e-03
residual 1.948014e-03
residual 1.579024e-03
residual 1.280117e-03
residual 1.014687e-03
residual 8.043643e-04
residual 6.356250e-04
residual 5.345404e-04
residual 4.219399e-04
residual 3.324230e-04
residual 2.475403e-04
residual 1.994859e-04
residual 1.687931e-04
residual 1.418762e-04
residual 1.184564e-04
residual 9.745334e-05
residual 7.971826e-05
residual 6.720872e-05
residual 5.368786e-05
residual 4.284563e-05
residual 3.568493e-05
residual 3.049234e-05
residual 2.655301e-05
residual 2.157812e-05
residual 1.849982e-05
residual 1.626965e-05
residual 1.481600e-05
residual 1.223790e-05
residual 8.930237e-06
recursivetreesolver
residual 4.118070e-03
residual 3.080219e-03
residual 2.427495e-03
residual 1.948014e-03
residual 1.579024e-03
residual 1.280117e-03
residual 1.014687e-03
residual 8.043643e-04
residual 6.356250e-04
residual 5.345404e-04
residual 4.219399e-04
residual 3.324230e-04
residual 2.475403e-04
residual 1.994859e-04
residual 1.687931e-04
residual 1.418762e-04
residual 1.184564e-04
residual 9.745334e-05
residual 7.971826e-05
residual 6.720872e-05
residual 5.368786e-05
residual 4.284563e-05
residual 3.568493e-05
residual 3.049234e-05
residual 2.655301e-05
residual 2.157812e-05
residual 1.849982e-05
residual 1.626965e-05
residual 1.481600e-05
residual 1.223790e-05
residual 8.930237e-06
recursivetreesolver
residual 4.118070e-03
residual 3.080219e-03
residual 2.427495e-03
residual 1.948014e-03
residual 1.579024e-03
residual 1.280117e-03
residual 1.014687e-03
residual 8.043643e-04
residual 6.356250e-04
residual 5.345404e-04
residual 4.219399e-04
residual 3.324230e-04
residual 2.475403e-04
residual 1.994859e-04
residual 1.687931e-04
residual 1.418762e-04
residual 1.184564e-04
residual 9.745334e-05
residual 7.971826e-05
residual 6.720872e-05
residual 5.368786e-05
residual 4.284563e-05
residual 3.568493e-05
residual 3.049234e-05
residual 2.655301e-05
residual 2.157812e-05
residual 1.849982e-05
residual 1.626965e-05
residual 1.481600e-05
residual 1.223790e-05
residual 8.930237e-06
recursivetreesolver
residual 4.118070e-03
residual 3.080219e-03
residual 2.427495e-03
residual 1.948014e-03
residual 1.579024e-03
residual 1.280117e-03
residual 1.014687e-03
residual 8.043643e-04
residual 6.356250e-04
residual 5.345404e-04
residual 4.219399e-04
residual 3.324230e-04
residual 2.475403e-04
residual 1.994859e-04
residual 1.687931e-04
residual 1.418762e-04
residual 1.184564e-04
residual 9.745334e-05
residual 7.971826e-05
residual 6.720872e-05
residual 5.368786e-05
residual 4.284563e-05
residual 3.568493e-05
residual 3.049234e-05
residual 2.655301e-05
residual 2.157812e-05
residual 1.849982e-05
residual 1.626965e-05
residual 1.481600e-05
residual 1.223790e-05
residual 8.930237e-06
recursivetreesolver
residual 4.118070e-03
residual 3.080219e-03
residual 2.427495e-03
residual 1.948014e-03
residual 1.579024e-03
residual 1.280117e-03
residual 1.014687e-03
residual 8.043643e-04
residual 6.356250e-04
residual 5.345404e-04
residual 4.219399e-04
residual 3.324230e-04
residual 2.475403e-04
residual 1.994859e-04
residual 1.687931e-04
residual 1.418762e-04
residual 1.184564e-04
residual 9.745334e-05
residual 7.971826e-05
residual 6.720872e-05
residual 5.368786e-05
residual 4.284563e-05
residual 3.568493e-05
residual 3.049234e-05
residual 2.655301e-05
residual 2.157812e-05
residual 1.849982e-05
residual 1.626965e-05
residual 1.481600e-05
residual 1.223790e-05
residual 8.930237e-06
recursivetreesolver
residual 4.118070e-03
residual 3.080219e-03
residual 2.427495e-03
residual 1.948014e-03
residual 1.579024e-03
residual 1.280117e-03
residual 1.014687e-03
residual 8.043643e-04
residual 6.356250e-04
residual 5.345404e-04
residual 4.219399e-04
residual 3.324230e-04
residual 2.475403e-04
residual 1.994859e-04
residual 1.687931e-04
residual 1.418762e-04
residual 1.184564e-04
residual 9.745334e-05
residual 7.971826e-05
residual 6.720872e-05
residual 5.368786e-05
residual 4.284563e-05
residual 3.568493e-05
residual 3.049234e-05
residual 2.655301e-05
residual 2.157812e-05
residual 1.849982e-05
residual 1.626965e-05
residual 1.481600e-05
residual 1.223790e-05
residual 8.930237e-06
recursivetreesolver
residual 4.118070e-03
residual 3.080219e-03
residual 2.427495e-03
residual 1.948014e-03
residual 1.579024e-03
residual 1.280117e-03
residual 1.014687e-03
residual 8.043643e-04
residual 6.356250e-04
residual 5.345404e-04
residual 4.219399e-04
residual 3.324230e-04
residual 2.475403e-04
residual 1.994859e-04
residual 1.687931e-04
residual 1.418762e-04
residual 1.184564e-04
residual 9.745334e-05
residual 7.971826e-05
residual 6.720872e-05
residual 5.368786e-05
residual 4.284563e-05
residual 3.568493e-05
residual 3.049234e-05
residual 2.655301e-05
residual 2.157812e-05
residual 1.849982e-05
residual 1.626965e-05
residual 1.481600e-05
residual 1.223790e-05
residual 8.930237e-06
recursivetreesolver
residual 4.118070e-03
residual 3.080219e-03
residual 2.427495e-03
residual 1.948014e-03
residual 1.579024e-03
residual 1.280117e-03
residual 1.014687e-03
residual 8.043643e-04
residual 6.356250e-04
residual 5.345404e-04
residual 4.219399e-04
residual 3.324230e-04
residual 2.475403e-04
residual 1.994859e-04
residual 1.687931e-04
residual 1.418762e-04
residual 1.184564e-04
residual 9.745334e-05
residual 7.971826e-05
residual 6.720872e-05
residual 5.368786e-05
residual 4.284563e-05
residual 3.568493e-05
residual 3.049234e-05
residual 2.655301e-05
residual 2.157812e-05
residual 1.849982e-05
residual 1.626965e-05
residual 1.481600e-05
residual 1.223790e-05
residual 8.930237e-06
recursivetreesolver
residual 4.118070e-03
residual 3.080219e-03
residual 2.427495e-03
residual 1.948014e-03
residual 1.579024e-03
residual 1.280117e-03
residual 1.014687e-03
residual 8.043643e-04
residual 6.356250e-04
residual 5.345404e-04
residual 4.219399e-04
residual 3.324230e-04
residual 2.475403e-04
residual 1.994859e-04
residual 1.687931e-04
residual 1.418762e-04
residual 1.184564e-04
residual 9.745334e-05
residual 7.971826e-05
residual 6.720872e-05
residual 5.368786e-05
residual 4.284563e-05
residual 3.568493e-05
residual 3.049234e-05
residual 2.655301e-05
residual 2.157812e-05
residual 1.849982e-05
residual 1.626965e-05
residual 1.481600e-05
residual 1.223790e-05
residual 8.930237e-06
recursivetreesolver
residual 4.118070e-03
residual 3.080219e-03
residual 2.427495e-03
residual 1.948014e-03
residual 1.579024e-03
residual 1.280117e-03
residual 1.014687e-03
residual 8.043643e-04
residual 6.356250e-04
residual 5.345404e-04
residual 4.219399e-04
residual 3.324230e-04
residual 2.475403e-04
residual 1.994859e-04
residual 1.687931e-04
residual 1.418762e-04
residual 1.184564e-04
residual 9.745334e-05
residual 7.971826e-05
residual 6.720872e-05
residual 5.368786e-05
residual 4.284563e-05
residual 3.568493e-05
residual 3.049234e-05
residual 2.655301e-05
residual 2.157812e-05
residual 1.849982e-05
residual 1.626965e-05
residual 1.481600e-05
residual 1.223790e-05
residual 8.930237e-06
