linesolver
iteration 1: energy = 25360689.200435 = 25360689.200436, xb = 25364722.329470, voltage energy = 26023051.087902, gap = 654295.6293990164995193
iteration 2: energy = 24998483.923613 = 24998483.923606, xb = 25004355.549838, voltage energy = 25030681.708155, gap = 20454.5320847854018211
iteration 3: energy = 24986808.121777 = 24986808.121718, xb = 24987557.374755, voltage energy = 24989071.698374, gap = 765.0705821886658669
iteration 4: energy = 24986368.089579 = 24986368.089328, xb = 24986467.309113, voltage energy = 24986597.120183, gap = 30.5912859961390495
iteration 5: energy = 24986350.336098 = 24986350.335566, xb = 24986354.918393, voltage energy = 24986360.249896, gap = 0.7486761845648289
iteration 6: energy = 24986349.882319 = 24986349.881614, xb = 24986350.789783, voltage energy = 24986351.710341, gap = 0.0123895965516567
iteration 7: energy = 24986349.874813 = 24986349.874061, xb = 24986349.946779, voltage energy = 24986350.019707, gap = 0.0002098418772221
linesolver
iteration 1: energy = 25360689.200435 = 25360689.200436, xb = 25364722.329470, voltage energy = 26023051.087902, gap = 654295.6293990164995193
iteration 2: energy = 24998483.923613 = 24998483.923606, xb = 25004355.549838, voltage energy = 25030681.708155, gap = 20454.5320847854018211
iteration 3: energy = 24986808.121777 = 24986808.121718, xb = 24987557.374755, voltage energy = 24989071.698374, gap = 765.0705821886658669
iteration 4: energy = 24986368.089579 = 24986368.089328, xb = 24986467.309113, voltage energy = 24986597.120183, gap = 30.5912859961390495
iteration 5: energy = 24986350.336098 = 24986350.335566, xb = 24986354.918393, voltage energy = 24986360.249896, gap = 0.7486761845648289
iteration 6: energy = 24986349.882319 = 24986349.881614, xb = 24986350.789783, voltage energy = 24986351.710341, gap = 0.0123895965516567
iteration 7: energy = 24986349.874813 = 24986349.874061, xb = 24986349.946779, voltage energy = 24986350.019707, gap = 0.0002098418772221
linesolver
iteration 1: energy = 25360689.200435 = 25360689.200436, xb = 25364722.329470, voltage energy = 26023051.087902, gap = 654295.6293990164995193
iteration 2: energy = 24998483.923613 = 24998483.923606, xb = 25004355.549838, voltage energy = 25030681.708155, gap = 20454.5320847854018211
iteration 3: energy = 24986808.121777 = 24986808.121718, xb = 24987557.374755, voltage energy = 24989071.698374, gap = 765.0705821886658669
iteration 4: energy = 24986368.089579 = 24986368.089328, xb = 24986467.309113, voltage energy = 24986597.120183, gap = 30.5912859961390495
iteration 5: energy = 24986350.336098 = 24986350.335566, xb = 24986354.918393, voltage energy = 24986360.249896, gap = 0.7486761845648289
iteration 6: energy = 24986349.882319 = 24986349.881614, xb = 24986350.789783, voltage energy = 24986351.710341, gap = 0.0123895965516567
iteration 7: energy = 24986349.874813 = 24986349.874061, xb = 24986349.946779, voltage energy = 24986350.019707, gap = 0.0002098418772221
linesolver
iteration 1: energy = 25360689.200435 = 25360689.200436, xb = 25364722.329470, voltage energy = 26023051.087902, gap = 654295.6293990164995193
iteration 2: energy = 24998483.923613 = 24998483.923606, xb = 25004355.549838, voltage energy = 25030681.708155, gap = 20454.5320847854018211
iteration 3: energy = 24986808.121777 = 24986808.121718, xb = 24987557.374755, voltage energy = 24989071.698374, gap = 765.0705821886658669
iteration 4: energy = 24986368.089579 = 24986368.089328, xb = 24986467.309113, voltage energy = 24986597.120183, gap = 30.5912859961390495
iteration 5: energy = 24986350.336098 = 24986350.335566, xb = 24986354.918393, voltage energy = 24986360.249896, gap = 0.7486761845648289
iteration 6: energy = 24986349.882319 = 24986349.881614, xb = 24986350.789783, voltage energy = 24986351.710341, gap = 0.0123895965516567
iteration 7: energy = 24986349.874813 = 24986349.874061, xb = 24986349.946779, voltage energy = 24986350.019707, gap = 0.0002098418772221
linesolver
iteration 1: energy = 25360689.200435 = 25360689.200436, xb = 25364722.329470, voltage energy = 26023051.087902, gap = 654295.6293990164995193
iteration 2: energy = 24998483.923613 = 24998483.923606, xb = 25004355.549838, voltage energy = 25030681.708155, gap = 20454.5320847854018211
iteration 3: energy = 24986808.121777 = 24986808.121718, xb = 24987557.374755, voltage energy = 24989071.698374, gap = 765.0705821886658669
iteration 4: energy = 24986368.089579 = 24986368.089328, xb = 24986467.309113, voltage energy = 24986597.120183, gap = 30.5912859961390495
iteration 5: energy = 24986350.336098 = 24986350.335566, xb = 24986354.918393, voltage energy = 24986360.249896, gap = 0.7486761845648289
iteration 6: energy = 24986349.882319 = 24986349.881614, xb = 24986350.789783, voltage energy = 24986351.710341, gap = 0.0123895965516567
iteration 7: energy = 24986349.874813 = 24986349.874061, xb = 24986349.946779, voltage energy = 24986350.019707, gap = 0.0002098418772221
linesolver
iteration 1: energy = 25360689.200435 = 25360689.200436, xb = 25364722.329470, voltage energy = 26023051.087902, gap = 654295.6293990164995193
iteration 2: energy = 24998483.923613 = 24998483.923606, xb = 25004355.549838, voltage energy = 25030681.708155, gap = 20454.5320847854018211
iteration 3: energy = 24986808.121777 = 24986808.121718, xb = 24987557.374755, voltage energy = 24989071.698374, gap = 765.0705821886658669
iteration 4: energy = 24986368.089579 = 24986368.089328, xb = 24986467.309113, voltage energy = 24986597.120183, gap = 30.5912859961390495
iteration 5: energy = 24986350.336098 = 24986350.335566, xb = 24986354.918393, voltage energy = 24986360.249896, gap = 0.7486761845648289
iteration 6: energy = 24986349.882319 = 24986349.881614, xb = 24986350.789783, voltage energy = 24986351.710341, gap = 0.0123895965516567
iteration 7: energy = 24986349.874813 = 24986349.874061, xb = 24986349.946779, voltage energy = 24986350.019707, gap = 0.0002098418772221
linesolver
iteration 1: energy = 25360689.200435 = 25360689.200436, xb = 25364722.329470, voltage energy = 26023051.087902, gap = 654295.6293990164995193
iteration 2: energy = 24998483.923613 = 24998483.923606, xb = 25004355.549838, voltage energy = 25030681.708155, gap = 20454.5320847854018211
iteration 3: energy = 24986808.121777 = 24986808.121718, xb = 24987557.374755, voltage energy = 24989071.698374, gap = 765.0705821886658669
iteration 4: energy = 24986368.089579 = 24986368.089328, xb = 24986467.309113, voltage energy = 24986597.120183, gap = 30.5912859961390495
iteration 5: energy = 24986350.336098 = 24986350.335566, xb = 24986354.918393, voltage energy = 24986360.249896, gap = 0.7486761845648289
iteration 6: energy = 24986349.882319 = 24986349.881614, xb = 24986350.789783, voltage energy = 24986351.710341, gap = 0.0123895965516567
iteration 7: energy = 24986349.874813 = 24986349.874061, xb = 24986349.946779, voltage energy = 24986350.019707, gap = 0.0002098418772221
linesolver
iteration 1: energy = 25360689.200435 = 25360689.200436, xb = 25364722.329470, voltage energy = 26023051.087902, gap = 654295.6293990164995193
iteration 2: energy = 24998483.923613 = 24998483.923606, xb = 25004355.549838, voltage energy = 25030681.708155, gap = 20454.5320847854018211
iteration 3: energy = 24986808.121777 = 24986808.121718, xb = 24987557.374755, voltage energy = 24989071.698374, gap = 765.0705821886658669
iteration 4: energy = 24986368.089579 = 24986368.089328, xb = 24986467.309113, voltage energy = 24986597.120183, gap = 30.5912859961390495
iteration 5: energy = 24986350.336098 = 24986350.335566, xb = 24986354.918393, voltage energy = 24986360.249896, gap = 0.7486761845648289
iteration 6: energy = 24986349.882319 = 24986349.881614, xb = 24986350.789783, voltage energy = 24986351.710341, gap = 0.0123895965516567
iteration 7: energy = 24986349.874813 = 24986349.874061, xb = 24986349.946779, voltage energy = 24986350.019707, gap = 0.0002098418772221
linesolver
iteration 1: energy = 25360689.200435 = 25360689.200436, xb = 25364722.329470, voltage energy = 26023051.087902, gap = 654295.6293990164995193
iteration 2: energy = 24998483.923613 = 24998483.923606, xb = 25004355.549838, voltage energy = 25030681.708155, gap = 20454.5320847854018211
iteration 3: energy = 24986808.121777 = 24986808.121718, xb = 24987557.374755, voltage energy = 24989071.698374, gap = 765.0705821886658669
iteration 4: energy = 24986368.089579 = 24986368.089328, xb = 24986467.309113, voltage energy = 24986597.120183, gap = 30.5912859961390495
iteration 5: energy = 24986350.336098 = 24986350.335566, xb = 24986354.918393, voltage energy = 24986360.249896, gap = 0.7486761845648289
iteration 6: energy = 24986349.882319 = 24986349.881614, xb = 24986350.789783, voltage energy = 24986351.710341, gap = 0.0123895965516567
iteration 7: energy = 24986349.874813 = 24986349.874061, xb = 24986349.946779, voltage energy = 24986350.019707, gap = 0.0002098418772221
linesolver
iteration 1: energy = 25360689.200435 = 25360689.200436, xb = 25364722.329470, voltage energy = 26023051.087902, gap = 654295.6293990164995193
iteration 2: energy = 24998483.923613 = 24998483.923606, xb = 25004355.549838, voltage energy = 25030681.708155, gap = 20454.5320847854018211
iteration 3: energy = 24986808.121777 = 24986808.121718, xb = 24987557.374755, voltage energy = 24989071.698374, gap = 765.0705821886658669
iteration 4: energy = 24986368.089579 = 24986368.089328, xb = 24986467.309113, voltage energy = 24986597.120183, gap = 30.5912859961390495
iteration 5: energy = 24986350.336098 = 24986350.335566, xb = 24986354.918393, voltage energy = 24986360.249896, gap = 0.7486761845648289
iteration 6: energy = 24986349.882319 = 24986349.881614, xb = 24986350.789783, voltage energy = 24986351.710341, gap = 0.0123895965516567
iteration 7: energy = 24986349.874813 = 24986349.874061, xb = 24986349.946779, voltage energy = 24986350.019707, gap = 0.0002098418772221
treesolver
iteration 1: energy = 25360689.200436 = 25360689.200437, xb = 25364722.329471, voltage energy = 26023051.087903, gap = 654295.629398
iteration 2: energy = 24998483.923614 = 24998483.923606, xb = 25004355.549838, voltage energy = 25030681.708154, gap = 20454.532083
iteration 3: energy = 24986808.121778 = 24986808.121718, xb = 24987557.374754, voltage energy = 24989071.698374, gap = 765.070583
iteration 4: energy = 24986368.089580 = 24986368.089328, xb = 24986467.309112, voltage energy = 24986597.120183, gap = 30.591288
iteration 5: energy = 24986350.336099 = 24986350.335566, xb = 24986354.918393, voltage energy = 24986360.249896, gap = 0.748675
iteration 6: energy = 24986349.882319 = 24986349.881614, xb = 24986350.789783, voltage energy = 24986351.710341, gap = 0.012390
iteration 7: energy = 24986349.874814 = 24986349.874061, xb = 24986349.946779, voltage energy = 24986350.019707, gap = 0.000210
treesolver
iteration 1: energy = 25360689.200436 = 25360689.200437, xb = 25364722.329471, voltage energy = 26023051.087903, gap = 654295.629398
iteration 2: energy = 24998483.923614 = 24998483.923606, xb = 25004355.549838, voltage energy = 25030681.708154, gap = 20454.532083
iteration 3: energy = 24986808.121778 = 24986808.121718, xb = 24987557.374754, voltage energy = 24989071.698374, gap = 765.070583
iteration 4: energy = 24986368.089580 = 24986368.089328, xb = 24986467.309112, voltage energy = 24986597.120183, gap = 30.591288
iteration 5: energy = 24986350.336099 = 24986350.335566, xb = 24986354.918393, voltage energy = 24986360.249896, gap = 0.748675
iteration 6: energy = 24986349.882319 = 24986349.881614, xb = 24986350.789783, voltage energy = 24986351.710341, gap = 0.012390
iteration 7: energy = 24986349.874814 = 24986349.874061, xb = 24986349.946779, voltage energy = 24986350.019707, gap = 0.000210
treesolver
iteration 1: energy = 25360689.200436 = 25360689.200437, xb = 25364722.329471, voltage energy = 26023051.087903, gap = 654295.629398
iteration 2: energy = 24998483.923614 = 24998483.923606, xb = 25004355.549838, voltage energy = 25030681.708154, gap = 20454.532083
iteration 3: energy = 24986808.121778 = 24986808.121718, xb = 24987557.374754, voltage energy = 24989071.698374, gap = 765.070583
iteration 4: energy = 24986368.089580 = 24986368.089328, xb = 24986467.309112, voltage energy = 24986597.120183, gap = 30.591288
iteration 5: energy = 24986350.336099 = 24986350.335566, xb = 24986354.918393, voltage energy = 24986360.249896, gap = 0.748675
iteration 6: energy = 24986349.882319 = 24986349.881614, xb = 24986350.789783, voltage energy = 24986351.710341, gap = 0.012390
iteration 7: energy = 24986349.874814 = 24986349.874061, xb = 24986349.946779, voltage energy = 24986350.019707, gap = 0.000210
treesolver
iteration 1: energy = 25360689.200436 = 25360689.200437, xb = 25364722.329471, voltage energy = 26023051.087903, gap = 654295.629398
iteration 2: energy = 24998483.923614 = 24998483.923606, xb = 25004355.549838, voltage energy = 25030681.708154, gap = 20454.532083
iteration 3: energy = 24986808.121778 = 24986808.121718, xb = 24987557.374754, voltage energy = 24989071.698374, gap = 765.070583
iteration 4: energy = 24986368.089580 = 24986368.089328, xb = 24986467.309112, voltage energy = 24986597.120183, gap = 30.591288
iteration 5: energy = 24986350.336099 = 24986350.335566, xb = 24986354.918393, voltage energy = 24986360.249896, gap = 0.748675
iteration 6: energy = 24986349.882319 = 24986349.881614, xb = 24986350.789783, voltage energy = 24986351.710341, gap = 0.012390
iteration 7: energy = 24986349.874814 = 24986349.874061, xb = 24986349.946779, voltage energy = 24986350.019707, gap = 0.000210
treesolver
iteration 1: energy = 25360689.200436 = 25360689.200437, xb = 25364722.329471, voltage energy = 26023051.087903, gap = 654295.629398
iteration 2: energy = 24998483.923614 = 24998483.923606, xb = 25004355.549838, voltage energy = 25030681.708154, gap = 20454.532083
iteration 3: energy = 24986808.121778 = 24986808.121718, xb = 24987557.374754, voltage energy = 24989071.698374, gap = 765.070583
iteration 4: energy = 24986368.089580 = 24986368.089328, xb = 24986467.309112, voltage energy = 24986597.120183, gap = 30.591288
iteration 5: energy = 24986350.336099 = 24986350.335566, xb = 24986354.918393, voltage energy = 24986360.249896, gap = 0.748675
iteration 6: energy = 24986349.882319 = 24986349.881614, xb = 24986350.789783, voltage energy = 24986351.710341, gap = 0.012390
iteration 7: energy = 24986349.874814 = 24986349.874061, xb = 24986349.946779, voltage energy = 24986350.019707, gap = 0.000210
treesolver
iteration 1: energy = 25360689.200436 = 25360689.200437, xb = 25364722.329471, voltage energy = 26023051.087903, gap = 654295.629398
iteration 2: energy = 24998483.923614 = 24998483.923606, xb = 25004355.549838, voltage energy = 25030681.708154, gap = 20454.532083
iteration 3: energy = 24986808.121778 = 24986808.121718, xb = 24987557.374754, voltage energy = 24989071.698374, gap = 765.070583
iteration 4: energy = 24986368.089580 = 24986368.089328, xb = 24986467.309112, voltage energy = 24986597.120183, gap = 30.591288
iteration 5: energy = 24986350.336099 = 24986350.335566, xb = 24986354.918393, voltage energy = 24986360.249896, gap = 0.748675
iteration 6: energy = 24986349.882319 = 24986349.881614, xb = 24986350.789783, voltage energy = 24986351.710341, gap = 0.012390
iteration 7: energy = 24986349.874814 = 24986349.874061, xb = 24986349.946779, voltage energy = 24986350.019707, gap = 0.000210
treesolver
iteration 1: energy = 25360689.200436 = 25360689.200437, xb = 25364722.329471, voltage energy = 26023051.087903, gap = 654295.629398
iteration 2: energy = 24998483.923614 = 24998483.923606, xb = 25004355.549838, voltage energy = 25030681.708154, gap = 20454.532083
iteration 3: energy = 24986808.121778 = 24986808.121718, xb = 24987557.374754, voltage energy = 24989071.698374, gap = 765.070583
iteration 4: energy = 24986368.089580 = 24986368.089328, xb = 24986467.309112, voltage energy = 24986597.120183, gap = 30.591288
iteration 5: energy = 24986350.336099 = 24986350.335566, xb = 24986354.918393, voltage energy = 24986360.249896, gap = 0.748675
iteration 6: energy = 24986349.882319 = 24986349.881614, xb = 24986350.789783, voltage energy = 24986351.710341, gap = 0.012390
iteration 7: energy = 24986349.874814 = 24986349.874061, xb = 24986349.946779, voltage energy = 24986350.019707, gap = 0.000210
treesolver
iteration 1: energy = 25360689.200436 = 25360689.200437, xb = 25364722.329471, voltage energy = 26023051.087903, gap = 654295.629398
iteration 2: energy = 24998483.923614 = 24998483.923606, xb = 25004355.549838, voltage energy = 25030681.708154, gap = 20454.532083
iteration 3: energy = 24986808.121778 = 24986808.121718, xb = 24987557.374754, voltage energy = 24989071.698374, gap = 765.070583
iteration 4: energy = 24986368.089580 = 24986368.089328, xb = 24986467.309112, voltage energy = 24986597.120183, gap = 30.591288
iteration 5: energy = 24986350.336099 = 24986350.335566, xb = 24986354.918393, voltage energy = 24986360.249896, gap = 0.748675
iteration 6: energy = 24986349.882319 = 24986349.881614, xb = 24986350.789783, voltage energy = 24986351.710341, gap = 0.012390
iteration 7: energy = 24986349.874814 = 24986349.874061, xb = 24986349.946779, voltage energy = 24986350.019707, gap = 0.000210
treesolver
iteration 1: energy = 25360689.200436 = 25360689.200437, xb = 25364722.329471, voltage energy = 26023051.087903, gap = 654295.629398
iteration 2: energy = 24998483.923614 = 24998483.923606, xb = 25004355.549838, voltage energy = 25030681.708154, gap = 20454.532083
iteration 3: energy = 24986808.121778 = 24986808.121718, xb = 24987557.374754, voltage energy = 24989071.698374, gap = 765.070583
iteration 4: energy = 24986368.089580 = 24986368.089328, xb = 24986467.309112, voltage energy = 24986597.120183, gap = 30.591288
iteration 5: energy = 24986350.336099 = 24986350.335566, xb = 24986354.918393, voltage energy = 24986360.249896, gap = 0.748675
iteration 6: energy = 24986349.882319 = 24986349.881614, xb = 24986350.789783, voltage energy = 24986351.710341, gap = 0.012390
iteration 7: energy = 24986349.874814 = 24986349.874061, xb = 24986349.946779, voltage energy = 24986350.019707, gap = 0.000210
treesolver
iteration 1: energy = 25360689.200436 = 25360689.200437, xb = 25364722.329471, voltage energy = 26023051.087903, gap = 654295.629398
iteration 2: energy = 24998483.923614 = 24998483.923606, xb = 25004355.549838, voltage energy = 25030681.708154, gap = 20454.532083
iteration 3: energy = 24986808.121778 = 24986808.121718, xb = 24987557.374754, voltage energy = 24989071.698374, gap = 765.070583
iteration 4: energy = 24986368.089580 = 24986368.089328, xb = 24986467.309112, voltage energy = 24986597.120183, gap = 30.591288
iteration 5: energy = 24986350.336099 = 24986350.335566, xb = 24986354.918393, voltage energy = 24986360.249896, gap = 0.748675
iteration 6: energy = 24986349.882319 = 24986349.881614, xb = 24986350.789783, voltage energy = 24986351.710341, gap = 0.012390
iteration 7: energy = 24986349.874814 = 24986349.874061, xb = 24986349.946779, voltage energy = 24986350.019707, gap = 0.000210
recursivelinesolver
iteration 0: residue = 0.384001, energy = 30925154.924553 = 30925154.924557, xb = 30906685.964577, voltage energy = 42705298.291263, gap = 11817081.286666
iteration 1: residue = 0.219464, energy = 27251152.055975 = 27251152.055976, xb = 27224367.753864, voltage energy = 31438189.702043, gap = 4240606.250291
iteration 2: residue = 0.132221, energy = 25893629.781021 = 25893629.781023, xb = 25883913.165357, voltage energy = 27502011.245221, gap = 1627814.695531
iteration 3: residue = 0.082263, energy = 25360689.200435 = 25360689.200436, xb = 25364722.329470, voltage energy = 26023051.087902, gap = 654295.629399
iteration 4: residue = 0.052311, energy = 25144321.990625 = 25144321.990626, xb = 25156692.522931, voltage energy = 25440856.011143, gap = 271792.955906
iteration 5: residue = 0.033466, energy = 25053015.732429 = 25053015.732427, xb = 25063746.496828, voltage energy = 25188035.747605, gap = 113558.486377
iteration 6: residue = 0.021844, energy = 25015191.331063 = 25015191.331060, xb = 25023292.489813, voltage energy = 25080287.193613, gap = 48893.545047
iteration 7: residue = 0.014051, energy = 24998483.923613 = 24998483.923606, xb = 25004355.549838, voltage energy = 25030681.708155, gap = 20454.532085
iteration 8: residue = 0.009468, energy = 24991832.660591 = 24991832.660577, xb = 24995907.958754, voltage energy = 25009218.855077, gap = 9235.598147
iteration 9: residue = 0.006497, energy = 24988932.245068 = 24988932.245047, xb = 24991599.676116, voltage energy = 24998625.135482, gap = 4358.028296
iteration 10: residue = 0.004244, energy = 24987465.950505 = 24987465.950468, xb = 24988739.026740, voltage energy = 24991887.148242, gap = 1875.045230
iteration 11: residue = 0.002688, energy = 24986808.121777 = 24986808.121718, xb = 24987557.374755, voltage energy = 24989071.698374, gap = 765.070583
iteration 12: residue = 0.002088, energy = 24986613.968937 = 24986613.968846, xb = 24987022.337895, voltage energy = 24987876.346120, gap = 445.639177
iteration 13: residue = 0.001353, energy = 24986461.617430 = 24986461.617297, xb = 24986734.185207, voltage energy = 24987195.166233, gap = 188.413115
iteration 14: residue = 0.000773, energy = 24986387.425317 = 24986387.425130, xb = 24986553.589236, voltage energy = 24986782.061149, gap = 62.307807
iteration 15: residue = 0.000545, energy = 24986368.089579 = 24986368.089328, xb = 24986467.309112, voltage energy = 24986597.120183, gap = 30.591286
iteration 16: residue = 0.000331, energy = 24986356.813264 = 24986356.812944, xb = 24986418.593127, voltage energy = 24986491.918921, gap = 11.545610
iteration 17: residue = 0.000265, energy = 24986354.140141 = 24986354.139751, xb = 24986394.580614, voltage energy = 24986442.240214, gap = 7.218736
iteration 18: residue = 0.000190, energy = 24986352.022011 = 24986352.021547, xb = 24986373.641309, voltage energy = 24986398.895774, gap = 3.634702
iteration 19: residue = 0.000082, energy = 24986350.336098 = 24986350.335566, xb = 24986354.918393, voltage energy = 24986360.249896, gap = 0.748676
iteration 20: residue = 0.000060, energy = 24986350.101416 = 24986350.100826, xb = 24986354.311341, voltage energy = 24986358.899225, gap = 0.377370
iteration 21: residue = 0.000045, energy = 24986350.002016 = 24986350.001378, xb = 24986352.599013, voltage energy = 24986355.411211, gap = 0.214563
iteration 22: residue = 0.000016, energy = 24986349.893876 = 24986349.893198, xb = 24986351.338095, voltage energy = 24986352.814039, gap = 0.031048
iteration 23: residue = 0.000010, energy = 24986349.882319 = 24986349.881614, xb = 24986350.789783, voltage energy = 24986351.710341, gap = 0.012390
iteration 24: residue = 0.000007, energy = 24986349.878380 = 24986349.877656, xb = 24986350.456149, voltage energy = 24986351.040686, gap = 0.006044
recursivelinesolver
iteration 0: residue = 0.384001, energy = 30925154.924553 = 30925154.924557, xb = 30906685.964577, voltage energy = 42705298.291263, gap = 11817081.286666
iteration 1: residue = 0.219464, energy = 27251152.055975 = 27251152.055976, xb = 27224367.753864, voltage energy = 31438189.702043, gap = 4240606.250291
iteration 2: residue = 0.132221, energy = 25893629.781021 = 25893629.781023, xb = 25883913.165357, voltage energy = 27502011.245221, gap = 1627814.695531
iteration 3: residue = 0.082263, energy = 25360689.200435 = 25360689.200436, xb = 25364722.329470, voltage energy = 26023051.087902, gap = 654295.629399
iteration 4: residue = 0.052311, energy = 25144321.990625 = 25144321.990626, xb = 25156692.522931, voltage energy = 25440856.011143, gap = 271792.955906
iteration 5: residue = 0.033466, energy = 25053015.732429 = 25053015.732427, xb = 25063746.496828, voltage energy = 25188035.747605, gap = 113558.486377
iteration 6: residue = 0.021844, energy = 25015191.331063 = 25015191.331060, xb = 25023292.489813, voltage energy = 25080287.193613, gap = 48893.545047
iteration 7: residue = 0.014051, energy = 24998483.923613 = 24998483.923606, xb = 25004355.549838, voltage energy = 25030681.708155, gap = 20454.532085
iteration 8: residue = 0.009468, energy = 24991832.660591 = 24991832.660577, xb = 24995907.958754, voltage energy = 25009218.855077, gap = 9235.598147
iteration 9: residue = 0.006497, energy = 24988932.245068 = 24988932.245047, xb = 24991599.676116, voltage energy = 24998625.135482, gap = 4358.028296
iteration 10: residue = 0.004244, energy = 24987465.950505 = 24987465.950468, xb = 24988739.026740, voltage energy = 24991887.148242, gap = 1875.045230
iteration 11: residue = 0.002688, energy = 24986808.121777 = 24986808.121718, xb = 24987557.374755, voltage energy = 24989071.698374, gap = 765.070583
iteration 12: residue = 0.002088, energy = 24986613.968937 = 24986613.968846, xb = 24987022.337895, voltage energy = 24987876.346120, gap = 445.639177
iteration 13: residue = 0.001353, energy = 24986461.617430 = 24986461.617297, xb = 24986734.185207, voltage energy = 24987195.166233, gap = 188.413115
iteration 14: residue = 0.000773, energy = 24986387.425317 = 24986387.425130, xb = 24986553.589236, voltage energy = 24986782.061149, gap = 62.307807
iteration 15: residue = 0.000545, energy = 24986368.089579 = 24986368.089328, xb = 24986467.309112, voltage energy = 24986597.120183, gap = 30.591286
iteration 16: residue = 0.000331, energy = 24986356.813264 = 24986356.812944, xb = 24986418.593127, voltage energy = 24986491.918921, gap = 11.545610
iteration 17: residue = 0.000265, energy = 24986354.140141 = 24986354.139751, xb = 24986394.580614, voltage energy = 24986442.240214, gap = 7.218736
iteration 18: residue = 0.000190, energy = 24986352.022011 = 24986352.021547, xb = 24986373.641309, voltage energy = 24986398.895774, gap = 3.634702
iteration 19: residue = 0.000082, energy = 24986350.336098 = 24986350.335566, xb = 24986354.918393, voltage energy = 24986360.249896, gap = 0.748676
iteration 20: residue = 0.000060, energy = 24986350.101416 = 24986350.100826, xb = 24986354.311341, voltage energy = 24986358.899225, gap = 0.377370
iteration 21: residue = 0.000045, energy = 24986350.002016 = 24986350.001378, xb = 24986352.599013, voltage energy = 24986355.411211, gap = 0.214563
iteration 22: residue = 0.000016, energy = 24986349.893876 = 24986349.893198, xb = 24986351.338095, voltage energy = 24986352.814039, gap = 0.031048
iteration 23: residue = 0.000010, energy = 24986349.882319 = 24986349.881614, xb = 24986350.789783, voltage energy = 24986351.710341, gap = 0.012390
iteration 24: residue = 0.000007, energy = 24986349.878380 = 24986349.877656, xb = 24986350.456149, voltage energy = 24986351.040686, gap = 0.006044
recursivelinesolver
iteration 0: residue = 0.384001, energy = 30925154.924553 = 30925154.924557, xb = 30906685.964577, voltage energy = 42705298.291263, gap = 11817081.286666
iteration 1: residue = 0.219464, energy = 27251152.055975 = 27251152.055976, xb = 27224367.753864, voltage energy = 31438189.702043, gap = 4240606.250291
iteration 2: residue = 0.132221, energy = 25893629.781021 = 25893629.781023, xb = 25883913.165357, voltage energy = 27502011.245221, gap = 1627814.695531
iteration 3: residue = 0.082263, energy = 25360689.200435 = 25360689.200436, xb = 25364722.329470, voltage energy = 26023051.087902, gap = 654295.629399
iteration 4: residue = 0.052311, energy = 25144321.990625 = 25144321.990626, xb = 25156692.522931, voltage energy = 25440856.011143, gap = 271792.955906
iteration 5: residue = 0.033466, energy = 25053015.732429 = 25053015.732427, xb = 25063746.496828, voltage energy = 25188035.747605, gap = 113558.486377
iteration 6: residue = 0.021844, energy = 25015191.331063 = 25015191.331060, xb = 25023292.489813, voltage energy = 25080287.193613, gap = 48893.545047
iteration 7: residue = 0.014051, energy = 24998483.923613 = 24998483.923606, xb = 25004355.549838, voltage energy = 25030681.708155, gap = 20454.532085
iteration 8: residue = 0.009468, energy = 24991832.660591 = 24991832.660577, xb = 24995907.958754, voltage energy = 25009218.855077, gap = 9235.598147
iteration 9: residue = 0.006497, energy = 24988932.245068 = 24988932.245047, xb = 24991599.676116, voltage energy = 24998625.135482, gap = 4358.028296
iteration 10: residue = 0.004244, energy = 24987465.950505 = 24987465.950468, xb = 24988739.026740, voltage energy = 24991887.148242, gap = 1875.045230
iteration 11: residue = 0.002688, energy = 24986808.121777 = 24986808.121718, xb = 24987557.374755, voltage energy = 24989071.698374, gap = 765.070583
iteration 12: residue = 0.002088, energy = 24986613.968937 = 24986613.968846, xb = 24987022.337895, voltage energy = 24987876.346120, gap = 445.639177
iteration 13: residue = 0.001353, energy = 24986461.617430 = 24986461.617297, xb = 24986734.185207, voltage energy = 24987195.166233, gap = 188.413115
iteration 14: residue = 0.000773, energy = 24986387.425317 = 24986387.425130, xb = 24986553.589236, voltage energy = 24986782.061149, gap = 62.307807
iteration 15: residue = 0.000545, energy = 24986368.089579 = 24986368.089328, xb = 24986467.309112, voltage energy = 24986597.120183, gap = 30.591286
iteration 16: residue = 0.000331, energy = 24986356.813264 = 24986356.812944, xb = 24986418.593127, voltage energy = 24986491.918921, gap = 11.545610
iteration 17: residue = 0.000265, energy = 24986354.140141 = 24986354.139751, xb = 24986394.580614, voltage energy = 24986442.240214, gap = 7.218736
iteration 18: residue = 0.000190, energy = 24986352.022011 = 24986352.021547, xb = 24986373.641309, voltage energy = 24986398.895774, gap = 3.634702
iteration 19: residue = 0.000082, energy = 24986350.336098 = 24986350.335566, xb = 24986354.918393, voltage energy = 24986360.249896, gap = 0.748676
iteration 20: residue = 0.000060, energy = 24986350.101416 = 24986350.100826, xb = 24986354.311341, voltage energy = 24986358.899225, gap = 0.377370
iteration 21: residue = 0.000045, energy = 24986350.002016 = 24986350.001378, xb = 24986352.599013, voltage energy = 24986355.411211, gap = 0.214563
iteration 22: residue = 0.000016, energy = 24986349.893876 = 24986349.893198, xb = 24986351.338095, voltage energy = 24986352.814039, gap = 0.031048
iteration 23: residue = 0.000010, energy = 24986349.882319 = 24986349.881614, xb = 24986350.789783, voltage energy = 24986351.710341, gap = 0.012390
iteration 24: residue = 0.000007, energy = 24986349.878380 = 24986349.877656, xb = 24986350.456149, voltage energy = 24986351.040686, gap = 0.006044
recursivelinesolver
iteration 0: residue = 0.384001, energy = 30925154.924553 = 30925154.924557, xb = 30906685.964577, voltage energy = 42705298.291263, gap = 11817081.286666
iteration 1: residue = 0.219464, energy = 27251152.055975 = 27251152.055976, xb = 27224367.753864, voltage energy = 31438189.702043, gap = 4240606.250291
iteration 2: residue = 0.132221, energy = 25893629.781021 = 25893629.781023, xb = 25883913.165357, voltage energy = 27502011.245221, gap = 1627814.695531
iteration 3: residue = 0.082263, energy = 25360689.200435 = 25360689.200436, xb = 25364722.329470, voltage energy = 26023051.087902, gap = 654295.629399
iteration 4: residue = 0.052311, energy = 25144321.990625 = 25144321.990626, xb = 25156692.522931, voltage energy = 25440856.011143, gap = 271792.955906
iteration 5: residue = 0.033466, energy = 25053015.732429 = 25053015.732427, xb = 25063746.496828, voltage energy = 25188035.747605, gap = 113558.486377
iteration 6: residue = 0.021844, energy = 25015191.331063 = 25015191.331060, xb = 25023292.489813, voltage energy = 25080287.193613, gap = 48893.545047
iteration 7: residue = 0.014051, energy = 24998483.923613 = 24998483.923606, xb = 25004355.549838, voltage energy = 25030681.708155, gap = 20454.532085
iteration 8: residue = 0.009468, energy = 24991832.660591 = 24991832.660577, xb = 24995907.958754, voltage energy = 25009218.855077, gap = 9235.598147
iteration 9: residue = 0.006497, energy = 24988932.245068 = 24988932.245047, xb = 24991599.676116, voltage energy = 24998625.135482, gap = 4358.028296
iteration 10: residue = 0.004244, energy = 24987465.950505 = 24987465.950468, xb = 24988739.026740, voltage energy = 24991887.148242, gap = 1875.045230
iteration 11: residue = 0.002688, energy = 24986808.121777 = 24986808.121718, xb = 24987557.374755, voltage energy = 24989071.698374, gap = 765.070583
iteration 12: residue = 0.002088, energy = 24986613.968937 = 24986613.968846, xb = 24987022.337895, voltage energy = 24987876.346120, gap = 445.639177
iteration 13: residue = 0.001353, energy = 24986461.617430 = 24986461.617297, xb = 24986734.185207, voltage energy = 24987195.166233, gap = 188.413115
iteration 14: residue = 0.000773, energy = 24986387.425317 = 24986387.425130, xb = 24986553.589236, voltage energy = 24986782.061149, gap = 62.307807
iteration 15: residue = 0.000545, energy = 24986368.089579 = 24986368.089328, xb = 24986467.309112, voltage energy = 24986597.120183, gap = 30.591286
iteration 16: residue = 0.000331, energy = 24986356.813264 = 24986356.812944, xb = 24986418.593127, voltage energy = 24986491.918921, gap = 11.545610
iteration 17: residue = 0.000265, energy = 24986354.140141 = 24986354.139751, xb = 24986394.580614, voltage energy = 24986442.240214, gap = 7.218736
iteration 18: residue = 0.000190, energy = 24986352.022011 = 24986352.021547, xb = 24986373.641309, voltage energy = 24986398.895774, gap = 3.634702
iteration 19: residue = 0.000082, energy = 24986350.336098 = 24986350.335566, xb = 24986354.918393, voltage energy = 24986360.249896, gap = 0.748676
iteration 20: residue = 0.000060, energy = 24986350.101416 = 24986350.100826, xb = 24986354.311341, voltage energy = 24986358.899225, gap = 0.377370
iteration 21: residue = 0.000045, energy = 24986350.002016 = 24986350.001378, xb = 24986352.599013, voltage energy = 24986355.411211, gap = 0.214563
iteration 22: residue = 0.000016, energy = 24986349.893876 = 24986349.893198, xb = 24986351.338095, voltage energy = 24986352.814039, gap = 0.031048
iteration 23: residue = 0.000010, energy = 24986349.882319 = 24986349.881614, xb = 24986350.789783, voltage energy = 24986351.710341, gap = 0.012390
iteration 24: residue = 0.000007, energy = 24986349.878380 = 24986349.877656, xb = 24986350.456149, voltage energy = 24986351.040686, gap = 0.006044
recursivelinesolver
iteration 0: residue = 0.384001, energy = 30925154.924553 = 30925154.924557, xb = 30906685.964577, voltage energy = 42705298.291263, gap = 11817081.286666
iteration 1: residue = 0.219464, energy = 27251152.055975 = 27251152.055976, xb = 27224367.753864, voltage energy = 31438189.702043, gap = 4240606.250291
iteration 2: residue = 0.132221, energy = 25893629.781021 = 25893629.781023, xb = 25883913.165357, voltage energy = 27502011.245221, gap = 1627814.695531
iteration 3: residue = 0.082263, energy = 25360689.200435 = 25360689.200436, xb = 25364722.329470, voltage energy = 26023051.087902, gap = 654295.629399
iteration 4: residue = 0.052311, energy = 25144321.990625 = 25144321.990626, xb = 25156692.522931, voltage energy = 25440856.011143, gap = 271792.955906
iteration 5: residue = 0.033466, energy = 25053015.732429 = 25053015.732427, xb = 25063746.496828, voltage energy = 25188035.747605, gap = 113558.486377
iteration 6: residue = 0.021844, energy = 25015191.331063 = 25015191.331060, xb = 25023292.489813, voltage energy = 25080287.193613, gap = 48893.545047
iteration 7: residue = 0.014051, energy = 24998483.923613 = 24998483.923606, xb = 25004355.549838, voltage energy = 25030681.708155, gap = 20454.532085
iteration 8: residue = 0.009468, energy = 24991832.660591 = 24991832.660577, xb = 24995907.958754, voltage energy = 25009218.855077, gap = 9235.598147
iteration 9: residue = 0.006497, energy = 24988932.245068 = 24988932.245047, xb = 24991599.676116, voltage energy = 24998625.135482, gap = 4358.028296
iteration 10: residue = 0.004244, energy = 24987465.950505 = 24987465.950468, xb = 24988739.026740, voltage energy = 24991887.148242, gap = 1875.045230
iteration 11: residue = 0.002688, energy = 24986808.121777 = 24986808.121718, xb = 24987557.374755, voltage energy = 24989071.698374, gap = 765.070583
iteration 12: residue = 0.002088, energy = 24986613.968937 = 24986613.968846, xb = 24987022.337895, voltage energy = 24987876.346120, gap = 445.639177
iteration 13: residue = 0.001353, energy = 24986461.617430 = 24986461.617297, xb = 24986734.185207, voltage energy = 24987195.166233, gap = 188.413115
iteration 14: residue = 0.000773, energy = 24986387.425317 = 24986387.425130, xb = 24986553.589236, voltage energy = 24986782.061149, gap = 62.307807
iteration 15: residue = 0.000545, energy = 24986368.089579 = 24986368.089328, xb = 24986467.309112, voltage energy = 24986597.120183, gap = 30.591286
iteration 16: residue = 0.000331, energy = 24986356.813264 = 24986356.812944, xb = 24986418.593127, voltage energy = 24986491.918921, gap = 11.545610
iteration 17: residue = 0.000265, energy = 24986354.140141 = 24986354.139751, xb = 24986394.580614, voltage energy = 24986442.240214, gap = 7.218736
iteration 18: residue = 0.000190, energy = 24986352.022011 = 24986352.021547, xb = 24986373.641309, voltage energy = 24986398.895774, gap = 3.634702
iteration 19: residue = 0.000082, energy = 24986350.336098 = 24986350.335566, xb = 24986354.918393, voltage energy = 24986360.249896, gap = 0.748676
iteration 20: residue = 0.000060, energy = 24986350.101416 = 24986350.100826, xb = 24986354.311341, voltage energy = 24986358.899225, gap = 0.377370
iteration 21: residue = 0.000045, energy = 24986350.002016 = 24986350.001378, xb = 24986352.599013, voltage energy = 24986355.411211, gap = 0.214563
iteration 22: residue = 0.000016, energy = 24986349.893876 = 24986349.893198, xb = 24986351.338095, voltage energy = 24986352.814039, gap = 0.031048
iteration 23: residue = 0.000010, energy = 24986349.882319 = 24986349.881614, xb = 24986350.789783, voltage energy = 24986351.710341, gap = 0.012390
iteration 24: residue = 0.000007, energy = 24986349.878380 = 24986349.877656, xb = 24986350.456149, voltage energy = 24986351.040686, gap = 0.006044
recursivelinesolver
iteration 0: residue = 0.384001, energy = 30925154.924553 = 30925154.924557, xb = 30906685.964577, voltage energy = 42705298.291263, gap = 11817081.286666
iteration 1: residue = 0.219464, energy = 27251152.055975 = 27251152.055976, xb = 27224367.753864, voltage energy = 31438189.702043, gap = 4240606.250291
iteration 2: residue = 0.132221, energy = 25893629.781021 = 25893629.781023, xb = 25883913.165357, voltage energy = 27502011.245221, gap = 1627814.695531
iteration 3: residue = 0.082263, energy = 25360689.200435 = 25360689.200436, xb = 25364722.329470, voltage energy = 26023051.087902, gap = 654295.629399
iteration 4: residue = 0.052311, energy = 25144321.990625 = 25144321.990626, xb = 25156692.522931, voltage energy = 25440856.011143, gap = 271792.955906
iteration 5: residue = 0.033466, energy = 25053015.732429 = 25053015.732427, xb = 25063746.496828, voltage energy = 25188035.747605, gap = 113558.486377
iteration 6: residue = 0.021844, energy = 25015191.331063 = 25015191.331060, xb = 25023292.489813, voltage energy = 25080287.193613, gap = 48893.545047
iteration 7: residue = 0.014051, energy = 24998483.923613 = 24998483.923606, xb = 25004355.549838, voltage energy = 25030681.708155, gap = 20454.532085
iteration 8: residue = 0.009468, energy = 24991832.660591 = 24991832.660577, xb = 24995907.958754, voltage energy = 25009218.855077, gap = 9235.598147
iteration 9: residue = 0.006497, energy = 24988932.245068 = 24988932.245047, xb = 24991599.676116, voltage energy = 24998625.135482, gap = 4358.028296
iteration 10: residue = 0.004244, energy = 24987465.950505 = 24987465.950468, xb = 24988739.026740, voltage energy = 24991887.148242, gap = 1875.045230
iteration 11: residue = 0.002688, energy = 24986808.121777 = 24986808.121718, xb = 24987557.374755, voltage energy = 24989071.698374, gap = 765.070583
iteration 12: residue = 0.002088, energy = 24986613.968937 = 24986613.968846, xb = 24987022.337895, voltage energy = 24987876.346120, gap = 445.639177
iteration 13: residue = 0.001353, energy = 24986461.617430 = 24986461.617297, xb = 24986734.185207, voltage energy = 24987195.166233, gap = 188.413115
iteration 14: residue = 0.000773, energy = 24986387.425317 = 24986387.425130, xb = 24986553.589236, voltage energy = 24986782.061149, gap = 62.307807
iteration 15: residue = 0.000545, energy = 24986368.089579 = 24986368.089328, xb = 24986467.309112, voltage energy = 24986597.120183, gap = 30.591286
iteration 16: residue = 0.000331, energy = 24986356.813264 = 24986356.812944, xb = 24986418.593127, voltage energy = 24986491.918921, gap = 11.545610
iteration 17: residue = 0.000265, energy = 24986354.140141 = 24986354.139751, xb = 24986394.580614, voltage energy = 24986442.240214, gap = 7.218736
iteration 18: residue = 0.000190, energy = 24986352.022011 = 24986352.021547, xb = 24986373.641309, voltage energy = 24986398.895774, gap = 3.634702
iteration 19: residue = 0.000082, energy = 24986350.336098 = 24986350.335566, xb = 24986354.918393, voltage energy = 24986360.249896, gap = 0.748676
iteration 20: residue = 0.000060, energy = 24986350.101416 = 24986350.100826, xb = 24986354.311341, voltage energy = 24986358.899225, gap = 0.377370
iteration 21: residue = 0.000045, energy = 24986350.002016 = 24986350.001378, xb = 24986352.599013, voltage energy = 24986355.411211, gap = 0.214563
iteration 22: residue = 0.000016, energy = 24986349.893876 = 24986349.893198, xb = 24986351.338095, voltage energy = 24986352.814039, gap = 0.031048
iteration 23: residue = 0.000010, energy = 24986349.882319 = 24986349.881614, xb = 24986350.789783, voltage energy = 24986351.710341, gap = 0.012390
iteration 24: residue = 0.000007, energy = 24986349.878380 = 24986349.877656, xb = 24986350.456149, voltage energy = 24986351.040686, gap = 0.006044
recursivelinesolver
iteration 0: residue = 0.384001, energy = 30925154.924553 = 30925154.924557, xb = 30906685.964577, voltage energy = 42705298.291263, gap = 11817081.286666
iteration 1: residue = 0.219464, energy = 27251152.055975 = 27251152.055976, xb = 27224367.753864, voltage energy = 31438189.702043, gap = 4240606.250291
iteration 2: residue = 0.132221, energy = 25893629.781021 = 25893629.781023, xb = 25883913.165357, voltage energy = 27502011.245221, gap = 1627814.695531
iteration 3: residue = 0.082263, energy = 25360689.200435 = 25360689.200436, xb = 25364722.329470, voltage energy = 26023051.087902, gap = 654295.629399
iteration 4: residue = 0.052311, energy = 25144321.990625 = 25144321.990626, xb = 25156692.522931, voltage energy = 25440856.011143, gap = 271792.955906
iteration 5: residue = 0.033466, energy = 25053015.732429 = 25053015.732427, xb = 25063746.496828, voltage energy = 25188035.747605, gap = 113558.486377
iteration 6: residue = 0.021844, energy = 25015191.331063 = 25015191.331060, xb = 25023292.489813, voltage energy = 25080287.193613, gap = 48893.545047
iteration 7: residue = 0.014051, energy = 24998483.923613 = 24998483.923606, xb = 25004355.549838, voltage energy = 25030681.708155, gap = 20454.532085
iteration 8: residue = 0.009468, energy = 24991832.660591 = 24991832.660577, xb = 24995907.958754, voltage energy = 25009218.855077, gap = 9235.598147
iteration 9: residue = 0.006497, energy = 24988932.245068 = 24988932.245047, xb = 24991599.676116, voltage energy = 24998625.135482, gap = 4358.028296
iteration 10: residue = 0.004244, energy = 24987465.950505 = 24987465.950468, xb = 24988739.026740, voltage energy = 24991887.148242, gap = 1875.045230
iteration 11: residue = 0.002688, energy = 24986808.121777 = 24986808.121718, xb = 24987557.374755, voltage energy = 24989071.698374, gap = 765.070583
iteration 12: residue = 0.002088, energy = 24986613.968937 = 24986613.968846, xb = 24987022.337895, voltage energy = 24987876.346120, gap = 445.639177
iteration 13: residue = 0.001353, energy = 24986461.617430 = 24986461.617297, xb = 24986734.185207, voltage energy = 24987195.166233, gap = 188.413115
iteration 14: residue = 0.000773, energy = 24986387.425317 = 24986387.425130, xb = 24986553.589236, voltage energy = 24986782.061149, gap = 62.307807
iteration 15: residue = 0.000545, energy = 24986368.089579 = 24986368.089328, xb = 24986467.309112, voltage energy = 24986597.120183, gap = 30.591286
iteration 16: residue = 0.000331, energy = 24986356.813264 = 24986356.812944, xb = 24986418.593127, voltage energy = 24986491.918921, gap = 11.545610
iteration 17: residue = 0.000265, energy = 24986354.140141 = 24986354.139751, xb = 24986394.580614, voltage energy = 24986442.240214, gap = 7.218736
iteration 18: residue = 0.000190, energy = 24986352.022011 = 24986352.021547, xb = 24986373.641309, voltage energy = 24986398.895774, gap = 3.634702
iteration 19: residue = 0.000082, energy = 24986350.336098 = 24986350.335566, xb = 24986354.918393, voltage energy = 24986360.249896, gap = 0.748676
iteration 20: residue = 0.000060, energy = 24986350.101416 = 24986350.100826, xb = 24986354.311341, voltage energy = 24986358.899225, gap = 0.377370
iteration 21: residue = 0.000045, energy = 24986350.002016 = 24986350.001378, xb = 24986352.599013, voltage energy = 24986355.411211, gap = 0.214563
iteration 22: residue = 0.000016, energy = 24986349.893876 = 24986349.893198, xb = 24986351.338095, voltage energy = 24986352.814039, gap = 0.031048
iteration 23: residue = 0.000010, energy = 24986349.882319 = 24986349.881614, xb = 24986350.789783, voltage energy = 24986351.710341, gap = 0.012390
iteration 24: residue = 0.000007, energy = 24986349.878380 = 24986349.877656, xb = 24986350.456149, voltage energy = 24986351.040686, gap = 0.006044
recursivelinesolver
iteration 0: residue = 0.384001, energy = 30925154.924553 = 30925154.924557, xb = 30906685.964577, voltage energy = 42705298.291263, gap = 11817081.286666
iteration 1: residue = 0.219464, energy = 27251152.055975 = 27251152.055976, xb = 27224367.753864, voltage energy = 31438189.702043, gap = 4240606.250291
iteration 2: residue = 0.132221, energy = 25893629.781021 = 25893629.781023, xb = 25883913.165357, voltage energy = 27502011.245221, gap = 1627814.695531
iteration 3: residue = 0.082263, energy = 25360689.200435 = 25360689.200436, xb = 25364722.329470, voltage energy = 26023051.087902, gap = 654295.629399
iteration 4: residue = 0.052311, energy = 25144321.990625 = 25144321.990626, xb = 25156692.522931, voltage energy = 25440856.011143, gap = 271792.955906
iteration 5: residue = 0.033466, energy = 25053015.732429 = 25053015.732427, xb = 25063746.496828, voltage energy = 25188035.747605, gap = 113558.486377
iteration 6: residue = 0.021844, energy = 25015191.331063 = 25015191.331060, xb = 25023292.489813, voltage energy = 25080287.193613, gap = 48893.545047
iteration 7: residue = 0.014051, energy = 24998483.923613 = 24998483.923606, xb = 25004355.549838, voltage energy = 25030681.708155, gap = 20454.532085
iteration 8: residue = 0.009468, energy = 24991832.660591 = 24991832.660577, xb = 24995907.958754, voltage energy = 25009218.855077, gap = 9235.598147
iteration 9: residue = 0.006497, energy = 24988932.245068 = 24988932.245047, xb = 24991599.676116, voltage energy = 24998625.135482, gap = 4358.028296
iteration 10: residue = 0.004244, energy = 24987465.950505 = 24987465.950468, xb = 24988739.026740, voltage energy = 24991887.148242, gap = 1875.045230
iteration 11: residue = 0.002688, energy = 24986808.121777 = 24986808.121718, xb = 24987557.374755, voltage energy = 24989071.698374, gap = 765.070583
iteration 12: residue = 0.002088, energy = 24986613.968937 = 24986613.968846, xb = 24987022.337895, voltage energy = 24987876.346120, gap = 445.639177
iteration 13: residue = 0.001353, energy = 24986461.617430 = 24986461.617297, xb = 24986734.185207, voltage energy = 24987195.166233, gap = 188.413115
iteration 14: residue = 0.000773, energy = 24986387.425317 = 24986387.425130, xb = 24986553.589236, voltage energy = 24986782.061149, gap = 62.307807
iteration 15: residue = 0.000545, energy = 24986368.089579 = 24986368.089328, xb = 24986467.309112, voltage energy = 24986597.120183, gap = 30.591286
iteration 16: residue = 0.000331, energy = 24986356.813264 = 24986356.812944, xb = 24986418.593127, voltage energy = 24986491.918921, gap = 11.545610
iteration 17: residue = 0.000265, energy = 24986354.140141 = 24986354.139751, xb = 24986394.580614, voltage energy = 24986442.240214, gap = 7.218736
iteration 18: residue = 0.000190, energy = 24986352.022011 = 24986352.021547, xb = 24986373.641309, voltage energy = 24986398.895774, gap = 3.634702
iteration 19: residue = 0.000082, energy = 24986350.336098 = 24986350.335566, xb = 24986354.918393, voltage energy = 24986360.249896, gap = 0.748676
iteration 20: residue = 0.000060, energy = 24986350.101416 = 24986350.100826, xb = 24986354.311341, voltage energy = 24986358.899225, gap = 0.377370
iteration 21: residue = 0.000045, energy = 24986350.002016 = 24986350.001378, xb = 24986352.599013, voltage energy = 24986355.411211, gap = 0.214563
iteration 22: residue = 0.000016, energy = 24986349.893876 = 24986349.893198, xb = 24986351.338095, voltage energy = 24986352.814039, gap = 0.031048
iteration 23: residue = 0.000010, energy = 24986349.882319 = 24986349.881614, xb = 24986350.789783, voltage energy = 24986351.710341, gap = 0.012390
iteration 24: residue = 0.000007, energy = 24986349.878380 = 24986349.877656, xb = 24986350.456149, voltage energy = 24986351.040686, gap = 0.006044
recursivelinesolver
iteration 0: residue = 0.384001, energy = 30925154.924553 = 30925154.924557, xb = 30906685.964577, voltage energy = 42705298.291263, gap = 11817081.286666
iteration 1: residue = 0.219464, energy = 27251152.055975 = 27251152.055976, xb = 27224367.753864, voltage energy = 31438189.702043, gap = 4240606.250291
iteration 2: residue = 0.132221, energy = 25893629.781021 = 25893629.781023, xb = 25883913.165357, voltage energy = 27502011.245221, gap = 1627814.695531
iteration 3: residue = 0.082263, energy = 25360689.200435 = 25360689.200436, xb = 25364722.329470, voltage energy = 26023051.087902, gap = 654295.629399
iteration 4: residue = 0.052311, energy = 25144321.990625 = 25144321.990626, xb = 25156692.522931, voltage energy = 25440856.011143, gap = 271792.955906
iteration 5: residue = 0.033466, energy = 25053015.732429 = 25053015.732427, xb = 25063746.496828, voltage energy = 25188035.747605, gap = 113558.486377
iteration 6: residue = 0.021844, energy = 25015191.331063 = 25015191.331060, xb = 25023292.489813, voltage energy = 25080287.193613, gap = 48893.545047
iteration 7: residue = 0.014051, energy = 24998483.923613 = 24998483.923606, xb = 25004355.549838, voltage energy = 25030681.708155, gap = 20454.532085
iteration 8: residue = 0.009468, energy = 24991832.660591 = 24991832.660577, xb = 24995907.958754, voltage energy = 25009218.855077, gap = 9235.598147
iteration 9: residue = 0.006497, energy = 24988932.245068 = 24988932.245047, xb = 24991599.676116, voltage energy = 24998625.135482, gap = 4358.028296
iteration 10: residue = 0.004244, energy = 24987465.950505 = 24987465.950468, xb = 24988739.026740, voltage energy = 24991887.148242, gap = 1875.045230
iteration 11: residue = 0.002688, energy = 24986808.121777 = 24986808.121718, xb = 24987557.374755, voltage energy = 24989071.698374, gap = 765.070583
iteration 12: residue = 0.002088, energy = 24986613.968937 = 24986613.968846, xb = 24987022.337895, voltage energy = 24987876.346120, gap = 445.639177
iteration 13: residue = 0.001353, energy = 24986461.617430 = 24986461.617297, xb = 24986734.185207, voltage energy = 24987195.166233, gap = 188.413115
iteration 14: residue = 0.000773, energy = 24986387.425317 = 24986387.425130, xb = 24986553.589236, voltage energy = 24986782.061149, gap = 62.307807
iteration 15: residue = 0.000545, energy = 24986368.089579 = 24986368.089328, xb = 24986467.309112, voltage energy = 24986597.120183, gap = 30.591286
iteration 16: residue = 0.000331, energy = 24986356.813264 = 24986356.812944, xb = 24986418.593127, voltage energy = 24986491.918921, gap = 11.545610
iteration 17: residue = 0.000265, energy = 24986354.140141 = 24986354.139751, xb = 24986394.580614, voltage energy = 24986442.240214, gap = 7.218736
iteration 18: residue = 0.000190, energy = 24986352.022011 = 24986352.021547, xb = 24986373.641309, voltage energy = 24986398.895774, gap = 3.634702
iteration 19: residue = 0.000082, energy = 24986350.336098 = 24986350.335566, xb = 24986354.918393, voltage energy = 24986360.249896, gap = 0.748676
iteration 20: residue = 0.000060, energy = 24986350.101416 = 24986350.100826, xb = 24986354.311341, voltage energy = 24986358.899225, gap = 0.377370
iteration 21: residue = 0.000045, energy = 24986350.002016 = 24986350.001378, xb = 24986352.599013, voltage energy = 24986355.411211, gap = 0.214563
iteration 22: residue = 0.000016, energy = 24986349.893876 = 24986349.893198, xb = 24986351.338095, voltage energy = 24986352.814039, gap = 0.031048
iteration 23: residue = 0.000010, energy = 24986349.882319 = 24986349.881614, xb = 24986350.789783, voltage energy = 24986351.710341, gap = 0.012390
iteration 24: residue = 0.000007, energy = 24986349.878380 = 24986349.877656, xb = 24986350.456149, voltage energy = 24986351.040686, gap = 0.006044
recursivelinesolver
iteration 0: residue = 0.384001, energy = 30925154.924553 = 30925154.924557, xb = 30906685.964577, voltage energy = 42705298.291263, gap = 11817081.286666
iteration 1: residue = 0.219464, energy = 27251152.055975 = 27251152.055976, xb = 27224367.753864, voltage energy = 31438189.702043, gap = 4240606.250291
iteration 2: residue = 0.132221, energy = 25893629.781021 = 25893629.781023, xb = 25883913.165357, voltage energy = 27502011.245221, gap = 1627814.695531
iteration 3: residue = 0.082263, energy = 25360689.200435 = 25360689.200436, xb = 25364722.329470, voltage energy = 26023051.087902, gap = 654295.629399
iteration 4: residue = 0.052311, energy = 25144321.990625 = 25144321.990626, xb = 25156692.522931, voltage energy = 25440856.011143, gap = 271792.955906
iteration 5: residue = 0.033466, energy = 25053015.732429 = 25053015.732427, xb = 25063746.496828, voltage energy = 25188035.747605, gap = 113558.486377
iteration 6: residue = 0.021844, energy = 25015191.331063 = 25015191.331060, xb = 25023292.489813, voltage energy = 25080287.193613, gap = 48893.545047
iteration 7: residue = 0.014051, energy = 24998483.923613 = 24998483.923606, xb = 25004355.549838, voltage energy = 25030681.708155, gap = 20454.532085
iteration 8: residue = 0.009468, energy = 24991832.660591 = 24991832.660577, xb = 24995907.958754, voltage energy = 25009218.855077, gap = 9235.598147
iteration 9: residue = 0.006497, energy = 24988932.245068 = 24988932.245047, xb = 24991599.676116, voltage energy = 24998625.135482, gap = 4358.028296
iteration 10: residue = 0.004244, energy = 24987465.950505 = 24987465.950468, xb = 24988739.026740, voltage energy = 24991887.148242, gap = 1875.045230
iteration 11: residue = 0.002688, energy = 24986808.121777 = 24986808.121718, xb = 24987557.374755, voltage energy = 24989071.698374, gap = 765.070583
iteration 12: residue = 0.002088, energy = 24986613.968937 = 24986613.968846, xb = 24987022.337895, voltage energy = 24987876.346120, gap = 445.639177
iteration 13: residue = 0.001353, energy = 24986461.617430 = 24986461.617297, xb = 24986734.185207, voltage energy = 24987195.166233, gap = 188.413115
iteration 14: residue = 0.000773, energy = 24986387.425317 = 24986387.425130, xb = 24986553.589236, voltage energy = 24986782.061149, gap = 62.307807
iteration 15: residue = 0.000545, energy = 24986368.089579 = 24986368.089328, xb = 24986467.309112, voltage energy = 24986597.120183, gap = 30.591286
iteration 16: residue = 0.000331, energy = 24986356.813264 = 24986356.812944, xb = 24986418.593127, voltage energy = 24986491.918921, gap = 11.545610
iteration 17: residue = 0.000265, energy = 24986354.140141 = 24986354.139751, xb = 24986394.580614, voltage energy = 24986442.240214, gap = 7.218736
iteration 18: residue = 0.000190, energy = 24986352.022011 = 24986352.021547, xb = 24986373.641309, voltage energy = 24986398.895774, gap = 3.634702
iteration 19: residue = 0.000082, energy = 24986350.336098 = 24986350.335566, xb = 24986354.918393, voltage energy = 24986360.249896, gap = 0.748676
iteration 20: residue = 0.000060, energy = 24986350.101416 = 24986350.100826, xb = 24986354.311341, voltage energy = 24986358.899225, gap = 0.377370
iteration 21: residue = 0.000045, energy = 24986350.002016 = 24986350.001378, xb = 24986352.599013, voltage energy = 24986355.411211, gap = 0.214563
iteration 22: residue = 0.000016, energy = 24986349.893876 = 24986349.893198, xb = 24986351.338095, voltage energy = 24986352.814039, gap = 0.031048
iteration 23: residue = 0.000010, energy = 24986349.882319 = 24986349.881614, xb = 24986350.789783, voltage energy = 24986351.710341, gap = 0.012390
iteration 24: residue = 0.000007, energy = 24986349.878380 = 24986349.877656, xb = 24986350.456149, voltage energy = 24986351.040686, gap = 0.006044
recursivetreesolver
residual 3.840014e-01
residual 2.194635e-01
residual 1.322207e-01
residual 8.226327e-02
residual 5.231140e-02
residual 3.346629e-02
residual 2.184404e-02
residual 1.405077e-02
residual 9.467849e-03
residual 6.496688e-03
residual 4.243712e-03
residual 2.688322e-03
residual 2.087989e-03
residual 1.352587e-03
residual 7.733576e-04
residual 5.453146e-04
residual 3.310003e-04
residual 2.654705e-04
residual 1.901132e-04
residual 8.156059e-05
residual 5.951908e-05
residual 4.469962e-05
residual 1.630051e-05
residual 1.047117e-05
residual 7.269276e-06
recursivetreesolver
residual 3.840014e-01
residual 2.194635e-01
residual 1.322207e-01
residual 8.226327e-02
residual 5.231140e-02
residual 3.346629e-02
residual 2.184404e-02
residual 1.405077e-02
residual 9.467849e-03
residual 6.496688e-03
residual 4.243712e-03
residual 2.688322e-03
residual 2.087989e-03
residual 1.352587e-03
residual 7.733576e-04
residual 5.453146e-04
residual 3.310003e-04
residual 2.654705e-04
residual 1.901132e-04
residual 8.156059e-05
residual 5.951908e-05
residual 4.469962e-05
residual 1.630051e-05
residual 1.047117e-05
residual 7.269276e-06
recursivetreesolver
residual 3.840014e-01
residual 2.194635e-01
residual 1.322207e-01
residual 8.226327e-02
residual 5.231140e-02
residual 3.346629e-02
residual 2.184404e-02
residual 1.405077e-02
residual 9.467849e-03
residual 6.496688e-03
residual 4.243712e-03
residual 2.688322e-03
residual 2.087989e-03
residual 1.352587e-03
residual 7.733576e-04
residual 5.453146e-04
residual 3.310003e-04
residual 2.654705e-04
residual 1.901132e-04
residual 8.156059e-05
residual 5.951908e-05
residual 4.469962e-05
residual 1.630051e-05
residual 1.047117e-05
residual 7.269276e-06
recursivetreesolver
residual 3.840014e-01
residual 2.194635e-01
residual 1.322207e-01
residual 8.226327e-02
residual 5.231140e-02
residual 3.346629e-02
residual 2.184404e-02
residual 1.405077e-02
residual 9.467849e-03
residual 6.496688e-03
residual 4.243712e-03
residual 2.688322e-03
residual 2.087989e-03
residual 1.352587e-03
residual 7.733576e-04
residual 5.453146e-04
residual 3.310003e-04
residual 2.654705e-04
residual 1.901132e-04
residual 8.156059e-05
residual 5.951908e-05
residual 4.469962e-05
residual 1.630051e-05
residual 1.047117e-05
residual 7.269276e-06
recursivetreesolver
residual 3.840014e-01
residual 2.194635e-01
residual 1.322207e-01
residual 8.226327e-02
residual 5.231140e-02
residual 3.346629e-02
residual 2.184404e-02
residual 1.405077e-02
residual 9.467849e-03
residual 6.496688e-03
residual 4.243712e-03
residual 2.688322e-03
residual 2.087989e-03
residual 1.352587e-03
residual 7.733576e-04
residual 5.453146e-04
residual 3.310003e-04
residual 2.654705e-04
residual 1.901132e-04
residual 8.156059e-05
residual 5.951908e-05
residual 4.469962e-05
residual 1.630051e-05
residual 1.047117e-05
residual 7.269276e-06
recursivetreesolver
residual 3.840014e-01
residual 2.194635e-01
residual 1.322207e-01
residual 8.226327e-02
residual 5.231140e-02
residual 3.346629e-02
residual 2.184404e-02
residual 1.405077e-02
residual 9.467849e-03
residual 6.496688e-03
residual 4.243712e-03
residual 2.688322e-03
residual 2.087989e-03
residual 1.352587e-03
residual 7.733576e-04
residual 5.453146e-04
residual 3.310003e-04
residual 2.654705e-04
residual 1.901132e-04
residual 8.156059e-05
residual 5.951908e-05
residual 4.469962e-05
residual 1.630051e-05
residual 1.047117e-05
residual 7.269276e-06
recursivetreesolver
residual 3.840014e-01
residual 2.194635e-01
residual 1.322207e-01
residual 8.226327e-02
residual 5.231140e-02
residual 3.346629e-02
residual 2.184404e-02
residual 1.405077e-02
residual 9.467849e-03
residual 6.496688e-03
residual 4.243712e-03
residual 2.688322e-03
residual 2.087989e-03
residual 1.352587e-03
residual 7.733576e-04
residual 5.453146e-04
residual 3.310003e-04
residual 2.654705e-04
residual 1.901132e-04
residual 8.156059e-05
residual 5.951908e-05
residual 4.469962e-05
residual 1.630051e-05
residual 1.047117e-05
residual 7.269276e-06
recursivetreesolver
residual 3.840014e-01
residual 2.194635e-01
residual 1.322207e-01
residual 8.226327e-02
residual 5.231140e-02
residual 3.346629e-02
residual 2.184404e-02
residual 1.405077e-02
residual 9.467849e-03
residual 6.496688e-03
residual 4.243712e-03
residual 2.688322e-03
residual 2.087989e-03
residual 1.352587e-03
residual 7.733576e-04
residual 5.453146e-04
residual 3.310003e-04
residual 2.654705e-04
residual 1.901132e-04
residual 8.156059e-05
residual 5.951908e-05
residual 4.469962e-05
residual 1.630051e-05
residual 1.047117e-05
residual 7.269276e-06
recursivetreesolver
residual 3.840014e-01
residual 2.194635e-01
residual 1.322207e-01
residual 8.226327e-02
residual 5.231140e-02
residual 3.346629e-02
residual 2.184404e-02
residual 1.405077e-02
residual 9.467849e-03
residual 6.496688e-03
residual 4.243712e-03
residual 2.688322e-03
residual 2.087989e-03
residual 1.352587e-03
residual 7.733576e-04
residual 5.453146e-04
residual 3.310003e-04
residual 2.654705e-04
residual 1.901132e-04
residual 8.156059e-05
residual 5.951908e-05
residual 4.469962e-05
residual 1.630051e-05
residual 1.047117e-05
residual 7.269276e-06
recursivetreesolver
residual 3.840014e-01
residual 2.194635e-01
residual 1.322207e-01
residual 8.226327e-02
residual 5.231140e-02
residual 3.346629e-02
residual 2.184404e-02
residual 1.405077e-02
residual 9.467849e-03
residual 6.496688e-03
residual 4.243712e-03
residual 2.688322e-03
residual 2.087989e-03
residual 1.352587e-03
residual 7.733576e-04
residual 5.453146e-04
residual 3.310003e-04
residual 2.654705e-04
residual 1.901132e-04
residual 8.156059e-05
residual 5.951908e-05
residual 4.469962e-05
residual 1.630051e-05
residual 1.047117e-05
residual 7.269276e-06
