linesolver
iteration 1: energy = 123293.461000 = 123293.461000, xb = 123293.476414, voltage energy = 123293.630844, gap = 0.1390165235352470
iteration 2: energy = 123293.379382 = 123293.379381, xb = 123293.383864, voltage energy = 123293.396187, gap = 0.0078407780238194
linesolver
iteration 1: energy = 123293.461000 = 123293.461000, xb = 123293.476414, voltage energy = 123293.630844, gap = 0.1390165235352470
iteration 2: energy = 123293.379382 = 123293.379381, xb = 123293.383864, voltage energy = 123293.396187, gap = 0.0078407780238194
linesolver
iteration 1: energy = 123293.461000 = 123293.461000, xb = 123293.476414, voltage energy = 123293.630844, gap = 0.1390165235352470
iteration 2: energy = 123293.379382 = 123293.379381, xb = 123293.383864, voltage energy = 123293.396187, gap = 0.0078407780238194
linesolver
iteration 1: energy = 123293.461000 = 123293.461000, xb = 123293.476414, voltage energy = 123293.630844, gap = 0.1390165235352470
iteration 2: energy = 123293.379382 = 123293.379381, xb = 123293.383864, voltage energy = 123293.396187, gap = 0.0078407780238194
linesolver
iteration 1: energy = 123293.461000 = 123293.461000, xb = 123293.476414, voltage energy = 123293.630844, gap = 0.1390165235352470
iteration 2: energy = 123293.379382 = 123293.379381, xb = 123293.383864, voltage energy = 123293.396187, gap = 0.0078407780238194
linesolver
iteration 1: energy = 123293.461000 = 123293.461000, xb = 123293.476414, voltage energy = 123293.630844, gap = 0.1390165235352470
iteration 2: energy = 123293.379382 = 123293.379381, xb = 123293.383864, voltage energy = 123293.396187, gap = 0.0078407780238194
linesolver
iteration 1: energy = 123293.461000 = 123293.461000, xb = 123293.476414, voltage energy = 123293.630844, gap = 0.1390165235352470
iteration 2: energy = 123293.379382 = 123293.379381, xb = 123293.383864, voltage energy = 123293.396187, gap = 0.0078407780238194
linesolver
iteration 1: energy = 123293.461000 = 123293.461000, xb = 123293.476414, voltage energy = 123293.630844, gap = 0.1390165235352470
iteration 2: energy = 123293.379382 = 123293.379381, xb = 123293.383864, voltage energy = 123293.396187, gap = 0.0078407780238194
linesolver
iteration 1: energy = 123293.461000 = 123293.461000, xb = 123293.476414, voltage energy = 123293.630844, gap = 0.1390165235352470
iteration 2: energy = 123293.379382 = 123293.379381, xb = 123293.383864, voltage energy = 123293.396187, gap = 0.0078407780238194
linesolver
iteration 1: energy = 123293.461000 = 123293.461000, xb = 123293.476414, voltage energy = 123293.630844, gap = 0.1390165235352470
iteration 2: energy = 123293.379382 = 123293.379381, xb = 123293.383864, voltage energy = 123293.396187, gap = 0.0078407780238194
treesolver
iteration 1: energy = 123293.461000 = 123293.461000, xb = 123293.476414, voltage energy = 123293.630844, gap = 0.139017
iteration 2: energy = 123293.379382 = 123293.379381, xb = 123293.383864, voltage energy = 123293.396187, gap = 0.007841
treesolver
iteration 1: energy = 123293.461000 = 123293.461000, xb = 123293.476414, voltage energy = 123293.630844, gap = 0.139017
iteration 2: energy = 123293.379382 = 123293.379381, xb = 123293.383864, voltage energy = 123293.396187, gap = 0.007841
treesolver
iteration 1: energy = 123293.461000 = 123293.461000, xb = 123293.476414, voltage energy = 123293.630844, gap = 0.139017
iteration 2: energy = 123293.379382 = 123293.379381, xb = 123293.383864, voltage energy = 123293.396187, gap = 0.007841
treesolver
iteration 1: energy = 123293.461000 = 123293.461000, xb = 123293.476414, voltage energy = 123293.630844, gap = 0.139017
iteration 2: energy = 123293.379382 = 123293.379381, xb = 123293.383864, voltage energy = 123293.396187, gap = 0.007841
treesolver
iteration 1: energy = 123293.461000 = 123293.461000, xb = 123293.476414, voltage energy = 123293.630844, gap = 0.139017
iteration 2: energy = 123293.379382 = 123293.379381, xb = 123293.383864, voltage energy = 123293.396187, gap = 0.007841
treesolver
iteration 1: energy = 123293.461000 = 123293.461000, xb = 123293.476414, voltage energy = 123293.630844, gap = 0.139017
iteration 2: energy = 123293.379382 = 123293.379381, xb = 123293.383864, voltage energy = 123293.396187, gap = 0.007841
treesolver
iteration 1: energy = 123293.461000 = 123293.461000, xb = 123293.476414, voltage energy = 123293.630844, gap = 0.139017
iteration 2: energy = 123293.379382 = 123293.379381, xb = 123293.383864, voltage energy = 123293.396187, gap = 0.007841
treesolver
iteration 1: energy = 123293.461000 = 123293.461000, xb = 123293.476414, voltage energy = 123293.630844, gap = 0.139017
iteration 2: energy = 123293.379382 = 123293.379381, xb = 123293.383864, voltage energy = 123293.396187, gap = 0.007841
treesolver
iteration 1: energy = 123293.461000 = 123293.461000, xb = 123293.476414, voltage energy = 123293.630844, gap = 0.139017
iteration 2: energy = 123293.379382 = 123293.379381, xb = 123293.383864, voltage energy = 123293.396187, gap = 0.007841
treesolver
iteration 1: energy = 123293.461000 = 123293.461000, xb = 123293.476414, voltage energy = 123293.630844, gap = 0.139017
iteration 2: energy = 123293.379382 = 123293.379381, xb = 123293.383864, voltage energy = 123293.396187, gap = 0.007841
recursivelinesolver
iteration 0: residue = 0.000039, energy = 123293.902939 = 123293.902939, xb = 123293.841700, voltage energy = 123294.594536, gap = 0.814075
iteration 1: residue = 0.000034, energy = 123293.646476 = 123293.646476, xb = 123293.636792, voltage energy = 123294.049914, gap = 0.422806
iteration 2: residue = 0.000031, energy = 123293.519863 = 123293.519863, xb = 123293.532137, voltage energy = 123293.762572, gap = 0.218161
iteration 3: residue = 0.000031, energy = 123293.461000 = 123293.461000, xb = 123293.476414, voltage energy = 123293.630844, gap = 0.139017
iteration 4: residue = 0.000031, energy = 123293.437752 = 123293.437752, xb = 123293.451096, voltage energy = 123293.575321, gap = 0.110881
iteration 5: residue = 0.000031, energy = 123293.424790 = 123293.424790, xb = 123293.435180, voltage energy = 123293.535069, gap = 0.089500
iteration 6: residue = 0.000002, energy = 123293.383460 = 123293.383460, xb = 123293.390180, voltage energy = 123293.407112, gap = 0.010212
recursivelinesolver
iteration 0: residue = 0.000039, energy = 123293.902939 = 123293.902939, xb = 123293.841700, voltage energy = 123294.594536, gap = 0.814075
iteration 1: residue = 0.000034, energy = 123293.646476 = 123293.646476, xb = 123293.636792, voltage energy = 123294.049914, gap = 0.422806
iteration 2: residue = 0.000031, energy = 123293.519863 = 123293.519863, xb = 123293.532137, voltage energy = 123293.762572, gap = 0.218161
iteration 3: residue = 0.000031, energy = 123293.461000 = 123293.461000, xb = 123293.476414, voltage energy = 123293.630844, gap = 0.139017
iteration 4: residue = 0.000031, energy = 123293.437752 = 123293.437752, xb = 123293.451096, voltage energy = 123293.575321, gap = 0.110881
iteration 5: residue = 0.000031, energy = 123293.424790 = 123293.424790, xb = 123293.435180, voltage energy = 123293.535069, gap = 0.089500
iteration 6: residue = 0.000002, energy = 123293.383460 = 123293.383460, xb = 123293.390180, voltage energy = 123293.407112, gap = 0.010212
recursivelinesolver
iteration 0: residue = 0.000039, energy = 123293.902939 = 123293.902939, xb = 123293.841700, voltage energy = 123294.594536, gap = 0.814075
iteration 1: residue = 0.000034, energy = 123293.646476 = 123293.646476, xb = 123293.636792, voltage energy = 123294.049914, gap = 0.422806
iteration 2: residue = 0.000031, energy = 123293.519863 = 123293.519863, xb = 123293.532137, voltage energy = 123293.762572, gap = 0.218161
iteration 3: residue = 0.000031, energy = 123293.461000 = 123293.461000, xb = 123293.476414, voltage energy = 123293.630844, gap = 0.139017
iteration 4: residue = 0.000031, energy = 123293.437752 = 123293.437752, xb = 123293.451096, voltage energy = 123293.575321, gap = 0.110881
iteration 5: residue = 0.000031, energy = 123293.424790 = 123293.424790, xb = 123293.435180, voltage energy = 123293.535069, gap = 0.089500
iteration 6: residue = 0.000002, energy = 123293.383460 = 123293.383460, xb = 123293.390180, voltage energy = 123293.407112, gap = 0.010212
recursivelinesolver
iteration 0: residue = 0.000039, energy = 123293.902939 = 123293.902939, xb = 123293.841700, voltage energy = 123294.594536, gap = 0.814075
iteration 1: residue = 0.000034, energy = 123293.646476 = 123293.646476, xb = 123293.636792, voltage energy = 123294.049914, gap = 0.422806
iteration 2: residue = 0.000031, energy = 123293.519863 = 123293.519863, xb = 123293.532137, voltage energy = 123293.762572, gap = 0.218161
iteration 3: residue = 0.000031, energy = 123293.461000 = 123293.461000, xb = 123293.476414, voltage energy = 123293.630844, gap = 0.139017
iteration 4: residue = 0.000031, energy = 123293.437752 = 123293.437752, xb = 123293.451096, voltage energy = 123293.575321, gap = 0.110881
iteration 5: residue = 0.000031, energy = 123293.424790 = 123293.424790, xb = 123293.435180, voltage energy = 123293.535069, gap = 0.089500
iteration 6: residue = 0.000002, energy = 123293.383460 = 123293.383460, xb = 123293.390180, voltage energy = 123293.407112, gap = 0.010212
recursivelinesolver
iteration 0: residue = 0.000039, energy = 123293.902939 = 123293.902939, xb = 123293.841700, voltage energy = 123294.594536, gap = 0.814075
iteration 1: residue = 0.000034, energy = 123293.646476 = 123293.646476, xb = 123293.636792, voltage energy = 123294.049914, gap = 0.422806
iteration 2: residue = 0.000031, energy = 123293.519863 = 123293.519863, xb = 123293.532137, voltage energy = 123293.762572, gap = 0.218161
iteration 3: residue = 0.000031, energy = 123293.461000 = 123293.461000, xb = 123293.476414, voltage energy = 123293.630844, gap = 0.139017
iteration 4: residue = 0.000031, energy = 123293.437752 = 123293.437752, xb = 123293.451096, voltage energy = 123293.575321, gap = 0.110881
iteration 5: residue = 0.000031, energy = 123293.424790 = 123293.424790, xb = 123293.435180, voltage energy = 123293.535069, gap = 0.089500
iteration 6: residue = 0.000002, energy = 123293.383460 = 123293.383460, xb = 123293.390180, voltage energy = 123293.407112, gap = 0.010212
recursivelinesolver
iteration 0: residue = 0.000039, energy = 123293.902939 = 123293.902939, xb = 123293.841700, voltage energy = 123294.594536, gap = 0.814075
iteration 1: residue = 0.000034, energy = 123293.646476 = 123293.646476, xb = 123293.636792, voltage energy = 123294.049914, gap = 0.422806
iteration 2: residue = 0.000031, energy = 123293.519863 = 123293.519863, xb = 123293.532137, voltage energy = 123293.762572, gap = 0.218161
iteration 3: residue = 0.000031, energy = 123293.461000 = 123293.461000, xb = 123293.476414, voltage energy = 123293.630844, gap = 0.139017
iteration 4: residue = 0.000031, energy = 123293.437752 = 123293.437752, xb = 123293.451096, voltage energy = 123293.575321, gap = 0.110881
iteration 5: residue = 0.000031, energy = 123293.424790 = 123293.424790, xb = 123293.435180, voltage energy = 123293.535069, gap = 0.089500
iteration 6: residue = 0.000002, energy = 123293.383460 = 123293.383460, xb = 123293.390180, voltage energy = 123293.407112, gap = 0.010212
recursivelinesolver
iteration 0: residue = 0.000039, energy = 123293.902939 = 123293.902939, xb = 123293.841700, voltage energy = 123294.594536, gap = 0.814075
iteration 1: residue = 0.000034, energy = 123293.646476 = 123293.646476, xb = 123293.636792, voltage energy = 123294.049914, gap = 0.422806
iteration 2: residue = 0.000031, energy = 123293.519863 = 123293.519863, xb = 123293.532137, voltage energy = 123293.762572, gap = 0.218161
iteration 3: residue = 0.000031, energy = 123293.461000 = 123293.461000, xb = 123293.476414, voltage energy = 123293.630844, gap = 0.139017
iteration 4: residue = 0.000031, energy = 123293.437752 = 123293.437752, xb = 123293.451096, voltage energy = 123293.575321, gap = 0.110881
iteration 5: residue = 0.000031, energy = 123293.424790 = 123293.424790, xb = 123293.435180, voltage energy = 123293.535069, gap = 0.089500
iteration 6: residue = 0.000002, energy = 123293.383460 = 123293.383460, xb = 123293.390180, voltage energy = 123293.407112, gap = 0.010212
recursivelinesolver
iteration 0: residue = 0.000039, energy = 123293.902939 = 123293.902939, xb = 123293.841700, voltage energy = 123294.594536, gap = 0.814075
iteration 1: residue = 0.000034, energy = 123293.646476 = 123293.646476, xb = 123293.636792, voltage energy = 123294.049914, gap = 0.422806
iteration 2: residue = 0.000031, energy = 123293.519863 = 123293.519863, xb = 123293.532137, voltage energy = 123293.762572, gap = 0.218161
iteration 3: residue = 0.000031, energy = 123293.461000 = 123293.461000, xb = 123293.476414, voltage energy = 123293.630844, gap = 0.139017
iteration 4: residue = 0.000031, energy = 123293.437752 = 123293.437752, xb = 123293.451096, voltage energy = 123293.575321, gap = 0.110881
iteration 5: residue = 0.000031, energy = 123293.424790 = 123293.424790, xb = 123293.435180, voltage energy = 123293.535069, gap = 0.089500
iteration 6: residue = 0.000002, energy = 123293.383460 = 123293.383460, xb = 123293.390180, voltage energy = 123293.407112, gap = 0.010212
recursivelinesolver
iteration 0: residue = 0.000039, energy = 123293.902939 = 123293.902939, xb = 123293.841700, voltage energy = 123294.594536, gap = 0.814075
iteration 1: residue = 0.000034, energy = 123293.646476 = 123293.646476, xb = 123293.636792, voltage energy = 123294.049914, gap = 0.422806
iteration 2: residue = 0.000031, energy = 123293.519863 = 123293.519863, xb = 123293.532137, voltage energy = 123293.762572, gap = 0.218161
iteration 3: residue = 0.000031, energy = 123293.461000 = 123293.461000, xb = 123293.476414, voltage energy = 123293.630844, gap = 0.139017
iteration 4: residue = 0.000031, energy = 123293.437752 = 123293.437752, xb = 123293.451096, voltage energy = 123293.575321, gap = 0.110881
iteration 5: residue = 0.000031, energy = 123293.424790 = 123293.424790, xb = 123293.435180, voltage energy = 123293.535069, gap = 0.089500
iteration 6: residue = 0.000002, energy = 123293.383460 = 123293.383460, xb = 123293.390180, voltage energy = 123293.407112, gap = 0.010212
recursivelinesolver
iteration 0: residue = 0.000039, energy = 123293.902939 = 123293.902939, xb = 123293.841700, voltage energy = 123294.594536, gap = 0.814075
iteration 1: residue = 0.000034, energy = 123293.646476 = 123293.646476, xb = 123293.636792, voltage energy = 123294.049914, gap = 0.422806
iteration 2: residue = 0.000031, energy = 123293.519863 = 123293.519863, xb = 123293.532137, voltage energy = 123293.762572, gap = 0.218161
iteration 3: residue = 0.000031, energy = 123293.461000 = 123293.461000, xb = 123293.476414, voltage energy = 123293.630844, gap = 0.139017
iteration 4: residue = 0.000031, energy = 123293.437752 = 123293.437752, xb = 123293.451096, voltage energy = 123293.575321, gap = 0.110881
iteration 5: residue = 0.000031, energy = 123293.424790 = 123293.424790, xb = 123293.435180, voltage energy = 123293.535069, gap = 0.089500
iteration 6: residue = 0.000002, energy = 123293.383460 = 123293.383460, xb = 123293.390180, voltage energy = 123293.407112, gap = 0.010212
recursivetreesolver
residual 3.876371e-05
residual 3.425532e-05
residual 3.126971e-05
residual 3.077380e-05
residual 3.073962e-05
residual 3.071361e-05
residual 1.879718e-06
recursivetreesolver
residual 3.876371e-05
residual 3.425532e-05
residual 3.126971e-05
residual 3.077380e-05
residual 3.073962e-05
residual 3.071361e-05
residual 1.879718e-06
recursivetreesolver
residual 3.876371e-05
residual 3.425532e-05
residual 3.126971e-05
residual 3.077380e-05
residual 3.073962e-05
residual 3.071361e-05
residual 1.879718e-06
recursivetreesolver
residual 3.876371e-05
residual 3.425532e-05
residual 3.126971e-05
residual 3.077380e-05
residual 3.073962e-05
residual 3.071361e-05
residual 1.879718e-06
recursivetreesolver
residual 3.876371e-05
residual 3.425532e-05
residual 3.126971e-05
residual 3.077380e-05
residual 3.073962e-05
residual 3.071361e-05
residual 1.879718e-06
recursivetreesolver
residual 3.876371e-05
residual 3.425532e-05
residual 3.126971e-05
residual 3.077380e-05
residual 3.073962e-05
residual 3.071361e-05
residual 1.879718e-06
recursivetreesolver
residual 3.876371e-05
residual 3.425532e-05
residual 3.126971e-05
residual 3.077380e-05
residual 3.073962e-05
residual 3.071361e-05
residual 1.879718e-06
recursivetreesolver
residual 3.876371e-05
residual 3.425532e-05
residual 3.126971e-05
residual 3.077380e-05
residual 3.073962e-05
residual 3.071361e-05
residual 1.879718e-06
recursivetreesolver
residual 3.876371e-05
residual 3.425532e-05
residual 3.126971e-05
residual 3.077380e-05
residual 3.073962e-05
residual 3.071361e-05
residual 1.879718e-06
recursivetreesolver
residual 3.876371e-05
residual 3.425532e-05
residual 3.126971e-05
residual 3.077380e-05
residual 3.073962e-05
residual 3.071361e-05
residual 1.879718e-06
