linesolver
iteration 1: energy = 8366090.034976 = 8366090.034976, xb = 8367291.876259, voltage energy = 8372677.504984, gap = 4183.7874413440003991
iteration 2: energy = 8363340.163899 = 8363340.163899, xb = 8363656.415795, voltage energy = 8364209.639842, gap = 236.9721501218155026
iteration 3: energy = 8363173.399600 = 8363173.399599, xb = 8363221.669922, voltage energy = 8363285.170896, gap = 15.2306517884135246
iteration 4: energy = 8363162.478975 = 8363162.478971, xb = 8363169.884757, voltage energy = 8363178.281131, gap = 0.9905874421820045
iteration 5: energy = 8363161.799463 = 8363161.799446, xb = 8363162.940668, voltage energy = 8363164.137644, gap = 0.0557532738894224
linesolver
iteration 1: energy = 8366090.034976 = 8366090.034976, xb = 8367291.876259, voltage energy = 8372677.504984, gap = 4183.7874413440003991
iteration 2: energy = 8363340.163899 = 8363340.163899, xb = 8363656.415795, voltage energy = 8364209.639842, gap = 236.9721501218155026
iteration 3: energy = 8363173.399600 = 8363173.399599, xb = 8363221.669922, voltage energy = 8363285.170896, gap = 15.2306517884135246
iteration 4: energy = 8363162.478975 = 8363162.478971, xb = 8363169.884757, voltage energy = 8363178.281131, gap = 0.9905874421820045
iteration 5: energy = 8363161.799463 = 8363161.799446, xb = 8363162.940668, voltage energy = 8363164.137644, gap = 0.0557532738894224
linesolver
iteration 1: energy = 8366090.034976 = 8366090.034976, xb = 8367291.876259, voltage energy = 8372677.504984, gap = 4183.7874413440003991
iteration 2: energy = 8363340.163899 = 8363340.163899, xb = 8363656.415795, voltage energy = 8364209.639842, gap = 236.9721501218155026
iteration 3: energy = 8363173.399600 = 8363173.399599, xb = 8363221.669922, voltage energy = 8363285.170896, gap = 15.2306517884135246
iteration 4: energy = 8363162.478975 = 8363162.478971, xb = 8363169.884757, voltage energy = 8363178.281131, gap = 0.9905874421820045
iteration 5: energy = 8363161.799463 = 8363161.799446, xb = 8363162.940668, voltage energy = 8363164.137644, gap = 0.0557532738894224
linesolver
iteration 1: energy = 8366090.034976 = 8366090.034976, xb = 8367291.876259, voltage energy = 8372677.504984, gap = 4183.7874413440003991
iteration 2: energy = 8363340.163899 = 8363340.163899, xb = 8363656.415795, voltage energy = 8364209.639842, gap = 236.9721501218155026
iteration 3: energy = 8363173.399600 = 8363173.399599, xb = 8363221.669922, voltage energy = 8363285.170896, gap = 15.2306517884135246
iteration 4: energy = 8363162.478975 = 8363162.478971, xb = 8363169.884757, voltage energy = 8363178.281131, gap = 0.9905874421820045
iteration 5: energy = 8363161.799463 = 8363161.799446, xb = 8363162.940668, voltage energy = 8363164.137644, gap = 0.0557532738894224
linesolver
iteration 1: energy = 8366090.034976 = 8366090.034976, xb = 8367291.876259, voltage energy = 8372677.504984, gap = 4183.7874413440003991
iteration 2: energy = 8363340.163899 = 8363340.163899, xb = 8363656.415795, voltage energy = 8364209.639842, gap = 236.9721501218155026
iteration 3: energy = 8363173.399600 = 8363173.399599, xb = 8363221.669922, voltage energy = 8363285.170896, gap = 15.2306517884135246
iteration 4: energy = 8363162.478975 = 8363162.478971, xb = 8363169.884757, voltage energy = 8363178.281131, gap = 0.9905874421820045
iteration 5: energy = 8363161.799463 = 8363161.799446, xb = 8363162.940668, voltage energy = 8363164.137644, gap = 0.0557532738894224
linesolver
iteration 1: energy = 8366090.034976 = 8366090.034976, xb = 8367291.876259, voltage energy = 8372677.504984, gap = 4183.7874413440003991
iteration 2: energy = 8363340.163899 = 8363340.163899, xb = 8363656.415795, voltage energy = 8364209.639842, gap = 236.9721501218155026
iteration 3: energy = 8363173.399600 = 8363173.399599, xb = 8363221.669922, voltage energy = 8363285.170896, gap = 15.2306517884135246
iteration 4: energy = 8363162.478975 = 8363162.478971, xb = 8363169.884757, voltage energy = 8363178.281131, gap = 0.9905874421820045
iteration 5: energy = 8363161.799463 = 8363161.799446, xb = 8363162.940668, voltage energy = 8363164.137644, gap = 0.0557532738894224
linesolver
iteration 1: energy = 8366090.034976 = 8366090.034976, xb = 8367291.876259, voltage energy = 8372677.504984, gap = 4183.7874413440003991
iteration 2: energy = 8363340.163899 = 8363340.163899, xb = 8363656.415795, voltage energy = 8364209.639842, gap = 236.9721501218155026
iteration 3: energy = 8363173.399600 = 8363173.399599, xb = 8363221.669922, voltage energy = 8363285.170896, gap = 15.2306517884135246
iteration 4: energy = 8363162.478975 = 8363162.478971, xb = 8363169.884757, voltage energy = 8363178.281131, gap = 0.9905874421820045
iteration 5: energy = 8363161.799463 = 8363161.799446, xb = 8363162.940668, voltage energy = 8363164.137644, gap = 0.0557532738894224
linesolver
iteration 1: energy = 8366090.034976 = 8366090.034976, xb = 8367291.876259, voltage energy = 8372677.504984, gap = 4183.7874413440003991
iteration 2: energy = 8363340.163899 = 8363340.163899, xb = 8363656.415795, voltage energy = 8364209.639842, gap = 236.9721501218155026
iteration 3: energy = 8363173.399600 = 8363173.399599, xb = 8363221.669922, voltage energy = 8363285.170896, gap = 15.2306517884135246
iteration 4: energy = 8363162.478975 = 8363162.478971, xb = 8363169.884757, voltage energy = 8363178.281131, gap = 0.9905874421820045
iteration 5: energy = 8363161.799463 = 8363161.799446, xb = 8363162.940668, voltage energy = 8363164.137644, gap = 0.0557532738894224
linesolver
iteration 1: energy = 8366090.034976 = 8366090.034976, xb = 8367291.876259, voltage energy = 8372677.504984, gap = 4183.7874413440003991
iteration 2: energy = 8363340.163899 = 8363340.163899, xb = 8363656.415795, voltage energy = 8364209.639842, gap = 236.9721501218155026
iteration 3: energy = 8363173.399600 = 8363173.399599, xb = 8363221.669922, voltage energy = 8363285.170896, gap = 15.2306517884135246
iteration 4: energy = 8363162.478975 = 8363162.478971, xb = 8363169.884757, voltage energy = 8363178.281131, gap = 0.9905874421820045
iteration 5: energy = 8363161.799463 = 8363161.799446, xb = 8363162.940668, voltage energy = 8363164.137644, gap = 0.0557532738894224
linesolver
iteration 1: energy = 8366090.034976 = 8366090.034976, xb = 8367291.876259, voltage energy = 8372677.504984, gap = 4183.7874413440003991
iteration 2: energy = 8363340.163899 = 8363340.163899, xb = 8363656.415795, voltage energy = 8364209.639842, gap = 236.9721501218155026
iteration 3: energy = 8363173.399600 = 8363173.399599, xb = 8363221.669922, voltage energy = 8363285.170896, gap = 15.2306517884135246
iteration 4: energy = 8363162.478975 = 8363162.478971, xb = 8363169.884757, voltage energy = 8363178.281131, gap = 0.9905874421820045
iteration 5: energy = 8363161.799463 = 8363161.799446, xb = 8363162.940668, voltage energy = 8363164.137644, gap = 0.0557532738894224
treesolver
iteration 1: energy = 8366090.034975 = 8366090.034976, xb = 8367291.876259, voltage energy = 8372677.504984, gap = 4183.787441
iteration 2: energy = 8363340.163898 = 8363340.163899, xb = 8363656.415796, voltage energy = 8364209.639842, gap = 236.972149
iteration 3: energy = 8363173.399600 = 8363173.399599, xb = 8363221.669922, voltage energy = 8363285.170896, gap = 15.230652
iteration 4: energy = 8363162.478975 = 8363162.478971, xb = 8363169.884757, voltage energy = 8363178.281131, gap = 0.990587
iteration 5: energy = 8363161.799463 = 8363161.799446, xb = 8363162.940668, voltage energy = 8363164.137644, gap = 0.055753
treesolver
iteration 1: energy = 8366090.034975 = 8366090.034976, xb = 8367291.876259, voltage energy = 8372677.504984, gap = 4183.787441
iteration 2: energy = 8363340.163898 = 8363340.163899, xb = 8363656.415796, voltage energy = 8364209.639842, gap = 236.972149
iteration 3: energy = 8363173.399600 = 8363173.399599, xb = 8363221.669922, voltage energy = 8363285.170896, gap = 15.230652
iteration 4: energy = 8363162.478975 = 8363162.478971, xb = 8363169.884757, voltage energy = 8363178.281131, gap = 0.990587
iteration 5: energy = 8363161.799463 = 8363161.799446, xb = 8363162.940668, voltage energy = 8363164.137644, gap = 0.055753
treesolver
iteration 1: energy = 8366090.034975 = 8366090.034976, xb = 8367291.876259, voltage energy = 8372677.504984, gap = 4183.787441
iteration 2: energy = 8363340.163898 = 8363340.163899, xb = 8363656.415796, voltage energy = 8364209.639842, gap = 236.972149
iteration 3: energy = 8363173.399600 = 8363173.399599, xb = 8363221.669922, voltage energy = 8363285.170896, gap = 15.230652
iteration 4: energy = 8363162.478975 = 8363162.478971, xb = 8363169.884757, voltage energy = 8363178.281131, gap = 0.990587
iteration 5: energy = 8363161.799463 = 8363161.799446, xb = 8363162.940668, voltage energy = 8363164.137644, gap = 0.055753
treesolver
iteration 1: energy = 8366090.034975 = 8366090.034976, xb = 8367291.876259, voltage energy = 8372677.504984, gap = 4183.787441
iteration 2: energy = 8363340.163898 = 8363340.163899, xb = 8363656.415796, voltage energy = 8364209.639842, gap = 236.972149
iteration 3: energy = 8363173.399600 = 8363173.399599, xb = 8363221.669922, voltage energy = 8363285.170896, gap = 15.230652
iteration 4: energy = 8363162.478975 = 8363162.478971, xb = 8363169.884757, voltage energy = 8363178.281131, gap = 0.990587
iteration 5: energy = 8363161.799463 = 8363161.799446, xb = 8363162.940668, voltage energy = 8363164.137644, gap = 0.055753
treesolver
iteration 1: energy = 8366090.034975 = 8366090.034976, xb = 8367291.876259, voltage energy = 8372677.504984, gap = 4183.787441
iteration 2: energy = 8363340.163898 = 8363340.163899, xb = 8363656.415796, voltage energy = 8364209.639842, gap = 236.972149
iteration 3: energy = 8363173.399600 = 8363173.399599, xb = 8363221.669922, voltage energy = 8363285.170896, gap = 15.230652
iteration 4: energy = 8363162.478975 = 8363162.478971, xb = 8363169.884757, voltage energy = 8363178.281131, gap = 0.990587
iteration 5: energy = 8363161.799463 = 8363161.799446, xb = 8363162.940668, voltage energy = 8363164.137644, gap = 0.055753
treesolver
iteration 1: energy = 8366090.034975 = 8366090.034976, xb = 8367291.876259, voltage energy = 8372677.504984, gap = 4183.787441
iteration 2: energy = 8363340.163898 = 8363340.163899, xb = 8363656.415796, voltage energy = 8364209.639842, gap = 236.972149
iteration 3: energy = 8363173.399600 = 8363173.399599, xb = 8363221.669922, voltage energy = 8363285.170896, gap = 15.230652
iteration 4: energy = 8363162.478975 = 8363162.478971, xb = 8363169.884757, voltage energy = 8363178.281131, gap = 0.990587
iteration 5: energy = 8363161.799463 = 8363161.799446, xb = 8363162.940668, voltage energy = 8363164.137644, gap = 0.055753
treesolver
iteration 1: energy = 8366090.034975 = 8366090.034976, xb = 8367291.876259, voltage energy = 8372677.504984, gap = 4183.787441
iteration 2: energy = 8363340.163898 = 8363340.163899, xb = 8363656.415796, voltage energy = 8364209.639842, gap = 236.972149
iteration 3: energy = 8363173.399600 = 8363173.399599, xb = 8363221.669922, voltage energy = 8363285.170896, gap = 15.230652
iteration 4: energy = 8363162.478975 = 8363162.478971, xb = 8363169.884757, voltage energy = 8363178.281131, gap = 0.990587
iteration 5: energy = 8363161.799463 = 8363161.799446, xb = 8363162.940668, voltage energy = 8363164.137644, gap = 0.055753
treesolver
iteration 1: energy = 8366090.034975 = 8366090.034976, xb = 8367291.876259, voltage energy = 8372677.504984, gap = 4183.787441
iteration 2: energy = 8363340.163898 = 8363340.163899, xb = 8363656.415796, voltage energy = 8364209.639842, gap = 236.972149
iteration 3: energy = 8363173.399600 = 8363173.399599, xb = 8363221.669922, voltage energy = 8363285.170896, gap = 15.230652
iteration 4: energy = 8363162.478975 = 8363162.478971, xb = 8363169.884757, voltage energy = 8363178.281131, gap = 0.990587
iteration 5: energy = 8363161.799463 = 8363161.799446, xb = 8363162.940668, voltage energy = 8363164.137644, gap = 0.055753
treesolver
iteration 1: energy = 8366090.034975 = 8366090.034976, xb = 8367291.876259, voltage energy = 8372677.504984, gap = 4183.787441
iteration 2: energy = 8363340.163898 = 8363340.163899, xb = 8363656.415796, voltage energy = 8364209.639842, gap = 236.972149
iteration 3: energy = 8363173.399600 = 8363173.399599, xb = 8363221.669922, voltage energy = 8363285.170896, gap = 15.230652
iteration 4: energy = 8363162.478975 = 8363162.478971, xb = 8363169.884757, voltage energy = 8363178.281131, gap = 0.990587
iteration 5: energy = 8363161.799463 = 8363161.799446, xb = 8363162.940668, voltage energy = 8363164.137644, gap = 0.055753
treesolver
iteration 1: energy = 8366090.034975 = 8366090.034976, xb = 8367291.876259, voltage energy = 8372677.504984, gap = 4183.787441
iteration 2: energy = 8363340.163898 = 8363340.163899, xb = 8363656.415796, voltage energy = 8364209.639842, gap = 236.972149
iteration 3: energy = 8363173.399600 = 8363173.399599, xb = 8363221.669922, voltage energy = 8363285.170896, gap = 15.230652
iteration 4: energy = 8363162.478975 = 8363162.478971, xb = 8363169.884757, voltage energy = 8363178.281131, gap = 0.990587
iteration 5: energy = 8363161.799463 = 8363161.799446, xb = 8363162.940668, voltage energy = 8363164.137644, gap = 0.055753
recursivelinesolver
iteration 0: residue = 0.014844, energy = 8389134.010049 = 8389134.010050, xb = 8386450.052293, voltage energy = 8422059.712446, gap = 38293.617910
iteration 1: residue = 0.009355, energy = 8375520.546865 = 8375520.546865, xb = 8375887.504862, voltage energy = 8394160.758757, gap = 17906.295898
iteration 2: residue = 0.005719, energy = 8369105.363064 = 8369105.363065, xb = 8370292.413421, voltage energy = 8379902.538251, gap = 8423.074474
iteration 3: residue = 0.003792, energy = 8366090.034976 = 8366090.034976, xb = 8367291.876259, voltage energy = 8372677.504984, gap = 4183.787441
iteration 4: residue = 0.002636, energy = 8364617.570949 = 8364617.570949, xb = 8365610.603320, voltage energy = 8368726.498937, gap = 2122.863246
iteration 5: residue = 0.001837, energy = 8363883.882194 = 8363883.882194, xb = 8364614.597015, voltage energy = 8366314.706908, gap = 969.395072
iteration 6: residue = 0.001063, energy = 8363514.261430 = 8363514.261430, xb = 8363985.346087, voltage energy = 8364936.298063, gap = 479.867319
iteration 7: residue = 0.000752, energy = 8363340.163899 = 8363340.163899, xb = 8363656.415795, voltage energy = 8364209.639842, gap = 236.972150
iteration 8: residue = 0.000530, energy = 8363251.420523 = 8363251.420523, xb = 8363454.369881, voltage energy = 8363775.472116, gap = 118.152878
iteration 9: residue = 0.000364, energy = 8363206.693930 = 8363206.693930, xb = 8363335.276746, voltage energy = 8363526.297532, gap = 62.437971
iteration 10: residue = 0.000231, energy = 8363183.799964 = 8363183.799965, xb = 8363266.613553, voltage energy = 8363378.654955, gap = 29.227815
iteration 11: residue = 0.000164, energy = 8363173.399600 = 8363173.399599, xb = 8363221.669922, voltage energy = 8363285.170896, gap = 15.230652
iteration 12: residue = 0.000101, energy = 8363167.067324 = 8363167.067322, xb = 8363197.640593, voltage energy = 8363235.461804, gap = 7.247941
iteration 13: residue = 0.000072, energy = 8363164.418476 = 8363164.418474, xb = 8363183.407876, voltage energy = 8363206.019480, gap = 3.622202
iteration 14: residue = 0.000051, energy = 8363163.112338 = 8363163.112335, xb = 8363174.548571, voltage energy = 8363187.720746, gap = 1.735938
iteration 15: residue = 0.000038, energy = 8363162.478975 = 8363162.478971, xb = 8363169.884757, voltage energy = 8363178.281131, gap = 0.990587
iteration 16: residue = 0.000027, energy = 8363162.112909 = 8363162.112903, xb = 8363166.897511, voltage energy = 8363172.169664, gap = 0.487545
iteration 17: residue = 0.000021, energy = 8363161.948330 = 8363161.948321, xb = 8363164.849209, voltage energy = 8363168.022682, gap = 0.272585
iteration 18: residue = 0.000012, energy = 8363161.843022 = 8363161.843010, xb = 8363163.588287, voltage energy = 8363165.443998, gap = 0.110434
iteration 19: residue = 0.000007, energy = 8363161.799463 = 8363161.799446, xb = 8363162.940668, voltage energy = 8363164.137644, gap = 0.055753
recursivelinesolver
iteration 0: residue = 0.014844, energy = 8389134.010049 = 8389134.010050, xb = 8386450.052293, voltage energy = 8422059.712446, gap = 38293.617910
iteration 1: residue = 0.009355, energy = 8375520.546865 = 8375520.546865, xb = 8375887.504862, voltage energy = 8394160.758757, gap = 17906.295898
iteration 2: residue = 0.005719, energy = 8369105.363064 = 8369105.363065, xb = 8370292.413421, voltage energy = 8379902.538251, gap = 8423.074474
iteration 3: residue = 0.003792, energy = 8366090.034976 = 8366090.034976, xb = 8367291.876259, voltage energy = 8372677.504984, gap = 4183.787441
iteration 4: residue = 0.002636, energy = 8364617.570949 = 8364617.570949, xb = 8365610.603320, voltage energy = 8368726.498937, gap = 2122.863246
iteration 5: residue = 0.001837, energy = 8363883.882194 = 8363883.882194, xb = 8364614.597015, voltage energy = 8366314.706908, gap = 969.395072
iteration 6: residue = 0.001063, energy = 8363514.261430 = 8363514.261430, xb = 8363985.346087, voltage energy = 8364936.298063, gap = 479.867319
iteration 7: residue = 0.000752, energy = 8363340.163899 = 8363340.163899, xb = 8363656.415795, voltage energy = 8364209.639842, gap = 236.972150
iteration 8: residue = 0.000530, energy = 8363251.420523 = 8363251.420523, xb = 8363454.369881, voltage energy = 8363775.472116, gap = 118.152878
iteration 9: residue = 0.000364, energy = 8363206.693930 = 8363206.693930, xb = 8363335.276746, voltage energy = 8363526.297532, gap = 62.437971
iteration 10: residue = 0.000231, energy = 8363183.799964 = 8363183.799965, xb = 8363266.613553, voltage energy = 8363378.654955, gap = 29.227815
iteration 11: residue = 0.000164, energy = 8363173.399600 = 8363173.399599, xb = 8363221.669922, voltage energy = 8363285.170896, gap = 15.230652
iteration 12: residue = 0.000101, energy = 8363167.067324 = 8363167.067322, xb = 8363197.640593, voltage energy = 8363235.461804, gap = 7.247941
iteration 13: residue = 0.000072, energy = 8363164.418476 = 8363164.418474, xb = 8363183.407876, voltage energy = 8363206.019480, gap = 3.622202
iteration 14: residue = 0.000051, energy = 8363163.112338 = 8363163.112335, xb = 8363174.548571, voltage energy = 8363187.720746, gap = 1.735938
iteration 15: residue = 0.000038, energy = 8363162.478975 = 8363162.478971, xb = 8363169.884757, voltage energy = 8363178.281131, gap = 0.990587
iteration 16: residue = 0.000027, energy = 8363162.112909 = 8363162.112903, xb = 8363166.897511, voltage energy = 8363172.169664, gap = 0.487545
iteration 17: residue = 0.000021, energy = 8363161.948330 = 8363161.948321, xb = 8363164.849209, voltage energy = 8363168.022682, gap = 0.272585
iteration 18: residue = 0.000012, energy = 8363161.843022 = 8363161.843010, xb = 8363163.588287, voltage energy = 8363165.443998, gap = 0.110434
iteration 19: residue = 0.000007, energy = 8363161.799463 = 8363161.799446, xb = 8363162.940668, voltage energy = 8363164.137644, gap = 0.055753
recursivelinesolver
iteration 0: residue = 0.014844, energy = 8389134.010049 = 8389134.010050, xb = 8386450.052293, voltage energy = 8422059.712446, gap = 38293.617910
iteration 1: residue = 0.009355, energy = 8375520.546865 = 8375520.546865, xb = 8375887.504862, voltage energy = 8394160.758757, gap = 17906.295898
iteration 2: residue = 0.005719, energy = 8369105.363064 = 8369105.363065, xb = 8370292.413421, voltage energy = 8379902.538251, gap = 8423.074474
iteration 3: residue = 0.003792, energy = 8366090.034976 = 8366090.034976, xb = 8367291.876259, voltage energy = 8372677.504984, gap = 4183.787441
iteration 4: residue = 0.002636, energy = 8364617.570949 = 8364617.570949, xb = 8365610.603320, voltage energy = 8368726.498937, gap = 2122.863246
iteration 5: residue = 0.001837, energy = 8363883.882194 = 8363883.882194, xb = 8364614.597015, voltage energy = 8366314.706908, gap = 969.395072
iteration 6: residue = 0.001063, energy = 8363514.261430 = 8363514.261430, xb = 8363985.346087, voltage energy = 8364936.298063, gap = 479.867319
iteration 7: residue = 0.000752, energy = 8363340.163899 = 8363340.163899, xb = 8363656.415795, voltage energy = 8364209.639842, gap = 236.972150
iteration 8: residue = 0.000530, energy = 8363251.420523 = 8363251.420523, xb = 8363454.369881, voltage energy = 8363775.472116, gap = 118.152878
iteration 9: residue = 0.000364, energy = 8363206.693930 = 8363206.693930, xb = 8363335.276746, voltage energy = 8363526.297532, gap = 62.437971
iteration 10: residue = 0.000231, energy = 8363183.799964 = 8363183.799965, xb = 8363266.613553, voltage energy = 8363378.654955, gap = 29.227815
iteration 11: residue = 0.000164, energy = 8363173.399600 = 8363173.399599, xb = 8363221.669922, voltage energy = 8363285.170896, gap = 15.230652
iteration 12: residue = 0.000101, energy = 8363167.067324 = 8363167.067322, xb = 8363197.640593, voltage energy = 8363235.461804, gap = 7.247941
iteration 13: residue = 0.000072, energy = 8363164.418476 = 8363164.418474, xb = 8363183.407876, voltage energy = 8363206.019480, gap = 3.622202
iteration 14: residue = 0.000051, energy = 8363163.112338 = 8363163.112335, xb = 8363174.548571, voltage energy = 8363187.720746, gap = 1.735938
iteration 15: residue = 0.000038, energy = 8363162.478975 = 8363162.478971, xb = 8363169.884757, voltage energy = 8363178.281131, gap = 0.990587
iteration 16: residue = 0.000027, energy = 8363162.112909 = 8363162.112903, xb = 8363166.897511, voltage energy = 8363172.169664, gap = 0.487545
iteration 17: residue = 0.000021, energy = 8363161.948330 = 8363161.948321, xb = 8363164.849209, voltage energy = 8363168.022682, gap = 0.272585
iteration 18: residue = 0.000012, energy = 8363161.843022 = 8363161.843010, xb = 8363163.588287, voltage energy = 8363165.443998, gap = 0.110434
iteration 19: residue = 0.000007, energy = 8363161.799463 = 8363161.799446, xb = 8363162.940668, voltage energy = 8363164.137644, gap = 0.055753
recursivelinesolver
iteration 0: residue = 0.014844, energy = 8389134.010049 = 8389134.010050, xb = 8386450.052293, voltage energy = 8422059.712446, gap = 38293.617910
iteration 1: residue = 0.009355, energy = 8375520.546865 = 8375520.546865, xb = 8375887.504862, voltage energy = 8394160.758757, gap = 17906.295898
iteration 2: residue = 0.005719, energy = 8369105.363064 = 8369105.363065, xb = 8370292.413421, voltage energy = 8379902.538251, gap = 8423.074474
iteration 3: residue = 0.003792, energy = 8366090.034976 = 8366090.034976, xb = 8367291.876259, voltage energy = 8372677.504984, gap = 4183.787441
iteration 4: residue = 0.002636, energy = 8364617.570949 = 8364617.570949, xb = 8365610.603320, voltage energy = 8368726.498937, gap = 2122.863246
iteration 5: residue = 0.001837, energy = 8363883.882194 = 8363883.882194, xb = 8364614.597015, voltage energy = 8366314.706908, gap = 969.395072
iteration 6: residue = 0.001063, energy = 8363514.261430 = 8363514.261430, xb = 8363985.346087, voltage energy = 8364936.298063, gap = 479.867319
iteration 7: residue = 0.000752, energy = 8363340.163899 = 8363340.163899, xb = 8363656.415795, voltage energy = 8364209.639842, gap = 236.972150
iteration 8: residue = 0.000530, energy = 8363251.420523 = 8363251.420523, xb = 8363454.369881, voltage energy = 8363775.472116, gap = 118.152878
iteration 9: residue = 0.000364, energy = 8363206.693930 = 8363206.693930, xb = 8363335.276746, voltage energy = 8363526.297532, gap = 62.437971
iteration 10: residue = 0.000231, energy = 8363183.799964 = 8363183.799965, xb = 8363266.613553, voltage energy = 8363378.654955, gap = 29.227815
iteration 11: residue = 0.000164, energy = 8363173.399600 = 8363173.399599, xb = 8363221.669922, voltage energy = 8363285.170896, gap = 15.230652
iteration 12: residue = 0.000101, energy = 8363167.067324 = 8363167.067322, xb = 8363197.640593, voltage energy = 8363235.461804, gap = 7.247941
iteration 13: residue = 0.000072, energy = 8363164.418476 = 8363164.418474, xb = 8363183.407876, voltage energy = 8363206.019480, gap = 3.622202
iteration 14: residue = 0.000051, energy = 8363163.112338 = 8363163.112335, xb = 8363174.548571, voltage energy = 8363187.720746, gap = 1.735938
iteration 15: residue = 0.000038, energy = 8363162.478975 = 8363162.478971, xb = 8363169.884757, voltage energy = 8363178.281131, gap = 0.990587
iteration 16: residue = 0.000027, energy = 8363162.112909 = 8363162.112903, xb = 8363166.897511, voltage energy = 8363172.169664, gap = 0.487545
iteration 17: residue = 0.000021, energy = 8363161.948330 = 8363161.948321, xb = 8363164.849209, voltage energy = 8363168.022682, gap = 0.272585
iteration 18: residue = 0.000012, energy = 8363161.843022 = 8363161.843010, xb = 8363163.588287, voltage energy = 8363165.443998, gap = 0.110434
iteration 19: residue = 0.000007, energy = 8363161.799463 = 8363161.799446, xb = 8363162.940668, voltage energy = 8363164.137644, gap = 0.055753
recursivelinesolver
iteration 0: residue = 0.014844, energy = 8389134.010049 = 8389134.010050, xb = 8386450.052293, voltage energy = 8422059.712446, gap = 38293.617910
iteration 1: residue = 0.009355, energy = 8375520.546865 = 8375520.546865, xb = 8375887.504862, voltage energy = 8394160.758757, gap = 17906.295898
iteration 2: residue = 0.005719, energy = 8369105.363064 = 8369105.363065, xb = 8370292.413421, voltage energy = 8379902.538251, gap = 8423.074474
iteration 3: residue = 0.003792, energy = 8366090.034976 = 8366090.034976, xb = 8367291.876259, voltage energy = 8372677.504984, gap = 4183.787441
iteration 4: residue = 0.002636, energy = 8364617.570949 = 8364617.570949, xb = 8365610.603320, voltage energy = 8368726.498937, gap = 2122.863246
iteration 5: residue = 0.001837, energy = 8363883.882194 = 8363883.882194, xb = 8364614.597015, voltage energy = 8366314.706908, gap = 969.395072
iteration 6: residue = 0.001063, energy = 8363514.261430 = 8363514.261430, xb = 8363985.346087, voltage energy = 8364936.298063, gap = 479.867319
iteration 7: residue = 0.000752, energy = 8363340.163899 = 8363340.163899, xb = 8363656.415795, voltage energy = 8364209.639842, gap = 236.972150
iteration 8: residue = 0.000530, energy = 8363251.420523 = 8363251.420523, xb = 8363454.369881, voltage energy = 8363775.472116, gap = 118.152878
iteration 9: residue = 0.000364, energy = 8363206.693930 = 8363206.693930, xb = 8363335.276746, voltage energy = 8363526.297532, gap = 62.437971
iteration 10: residue = 0.000231, energy = 8363183.799964 = 8363183.799965, xb = 8363266.613553, voltage energy = 8363378.654955, gap = 29.227815
iteration 11: residue = 0.000164, energy = 8363173.399600 = 8363173.399599, xb = 8363221.669922, voltage energy = 8363285.170896, gap = 15.230652
iteration 12: residue = 0.000101, energy = 8363167.067324 = 8363167.067322, xb = 8363197.640593, voltage energy = 8363235.461804, gap = 7.247941
iteration 13: residue = 0.000072, energy = 8363164.418476 = 8363164.418474, xb = 8363183.407876, voltage energy = 8363206.019480, gap = 3.622202
iteration 14: residue = 0.000051, energy = 8363163.112338 = 8363163.112335, xb = 8363174.548571, voltage energy = 8363187.720746, gap = 1.735938
iteration 15: residue = 0.000038, energy = 8363162.478975 = 8363162.478971, xb = 8363169.884757, voltage energy = 8363178.281131, gap = 0.990587
iteration 16: residue = 0.000027, energy = 8363162.112909 = 8363162.112903, xb = 8363166.897511, voltage energy = 8363172.169664, gap = 0.487545
iteration 17: residue = 0.000021, energy = 8363161.948330 = 8363161.948321, xb = 8363164.849209, voltage energy = 8363168.022682, gap = 0.272585
iteration 18: residue = 0.000012, energy = 8363161.843022 = 8363161.843010, xb = 8363163.588287, voltage energy = 8363165.443998, gap = 0.110434
iteration 19: residue = 0.000007, energy = 8363161.799463 = 8363161.799446, xb = 8363162.940668, voltage energy = 8363164.137644, gap = 0.055753
recursivelinesolver
iteration 0: residue = 0.014844, energy = 8389134.010049 = 8389134.010050, xb = 8386450.052293, voltage energy = 8422059.712446, gap = 38293.617910
iteration 1: residue = 0.009355, energy = 8375520.546865 = 8375520.546865, xb = 8375887.504862, voltage energy = 8394160.758757, gap = 17906.295898
iteration 2: residue = 0.005719, energy = 8369105.363064 = 8369105.363065, xb = 8370292.413421, voltage energy = 8379902.538251, gap = 8423.074474
iteration 3: residue = 0.003792, energy = 8366090.034976 = 8366090.034976, xb = 8367291.876259, voltage energy = 8372677.504984, gap = 4183.787441
iteration 4: residue = 0.002636, energy = 8364617.570949 = 8364617.570949, xb = 8365610.603320, voltage energy = 8368726.498937, gap = 2122.863246
iteration 5: residue = 0.001837, energy = 8363883.882194 = 8363883.882194, xb = 8364614.597015, voltage energy = 8366314.706908, gap = 969.395072
iteration 6: residue = 0.001063, energy = 8363514.261430 = 8363514.261430, xb = 8363985.346087, voltage energy = 8364936.298063, gap = 479.867319
iteration 7: residue = 0.000752, energy = 8363340.163899 = 8363340.163899, xb = 8363656.415795, voltage energy = 8364209.639842, gap = 236.972150
iteration 8: residue = 0.000530, energy = 8363251.420523 = 8363251.420523, xb = 8363454.369881, voltage energy = 8363775.472116, gap = 118.152878
iteration 9: residue = 0.000364, energy = 8363206.693930 = 8363206.693930, xb = 8363335.276746, voltage energy = 8363526.297532, gap = 62.437971
iteration 10: residue = 0.000231, energy = 8363183.799964 = 8363183.799965, xb = 8363266.613553, voltage energy = 8363378.654955, gap = 29.227815
iteration 11: residue = 0.000164, energy = 8363173.399600 = 8363173.399599, xb = 8363221.669922, voltage energy = 8363285.170896, gap = 15.230652
iteration 12: residue = 0.000101, energy = 8363167.067324 = 8363167.067322, xb = 8363197.640593, voltage energy = 8363235.461804, gap = 7.247941
iteration 13: residue = 0.000072, energy = 8363164.418476 = 8363164.418474, xb = 8363183.407876, voltage energy = 8363206.019480, gap = 3.622202
iteration 14: residue = 0.000051, energy = 8363163.112338 = 8363163.112335, xb = 8363174.548571, voltage energy = 8363187.720746, gap = 1.735938
iteration 15: residue = 0.000038, energy = 8363162.478975 = 8363162.478971, xb = 8363169.884757, voltage energy = 8363178.281131, gap = 0.990587
iteration 16: residue = 0.000027, energy = 8363162.112909 = 8363162.112903, xb = 8363166.897511, voltage energy = 8363172.169664, gap = 0.487545
iteration 17: residue = 0.000021, energy = 8363161.948330 = 8363161.948321, xb = 8363164.849209, voltage energy = 8363168.022682, gap = 0.272585
iteration 18: residue = 0.000012, energy = 8363161.843022 = 8363161.843010, xb = 8363163.588287, voltage energy = 8363165.443998, gap = 0.110434
iteration 19: residue = 0.000007, energy = 8363161.799463 = 8363161.799446, xb = 8363162.940668, voltage energy = 8363164.137644, gap = 0.055753
recursivelinesolver
iteration 0: residue = 0.014844, energy = 8389134.010049 = 8389134.010050, xb = 8386450.052293, voltage energy = 8422059.712446, gap = 38293.617910
iteration 1: residue = 0.009355, energy = 8375520.546865 = 8375520.546865, xb = 8375887.504862, voltage energy = 8394160.758757, gap = 17906.295898
iteration 2: residue = 0.005719, energy = 8369105.363064 = 8369105.363065, xb = 8370292.413421, voltage energy = 8379902.538251, gap = 8423.074474
iteration 3: residue = 0.003792, energy = 8366090.034976 = 8366090.034976, xb = 8367291.876259, voltage energy = 8372677.504984, gap = 4183.787441
iteration 4: residue = 0.002636, energy = 8364617.570949 = 8364617.570949, xb = 8365610.603320, voltage energy = 8368726.498937, gap = 2122.863246
iteration 5: residue = 0.001837, energy = 8363883.882194 = 8363883.882194, xb = 8364614.597015, voltage energy = 8366314.706908, gap = 969.395072
iteration 6: residue = 0.001063, energy = 8363514.261430 = 8363514.261430, xb = 8363985.346087, voltage energy = 8364936.298063, gap = 479.867319
iteration 7: residue = 0.000752, energy = 8363340.163899 = 8363340.163899, xb = 8363656.415795, voltage energy = 8364209.639842, gap = 236.972150
iteration 8: residue = 0.000530, energy = 8363251.420523 = 8363251.420523, xb = 8363454.369881, voltage energy = 8363775.472116, gap = 118.152878
iteration 9: residue = 0.000364, energy = 8363206.693930 = 8363206.693930, xb = 8363335.276746, voltage energy = 8363526.297532, gap = 62.437971
iteration 10: residue = 0.000231, energy = 8363183.799964 = 8363183.799965, xb = 8363266.613553, voltage energy = 8363378.654955, gap = 29.227815
iteration 11: residue = 0.000164, energy = 8363173.399600 = 8363173.399599, xb = 8363221.669922, voltage energy = 8363285.170896, gap = 15.230652
iteration 12: residue = 0.000101, energy = 8363167.067324 = 8363167.067322, xb = 8363197.640593, voltage energy = 8363235.461804, gap = 7.247941
iteration 13: residue = 0.000072, energy = 8363164.418476 = 8363164.418474, xb = 8363183.407876, voltage energy = 8363206.019480, gap = 3.622202
iteration 14: residue = 0.000051, energy = 8363163.112338 = 8363163.112335, xb = 8363174.548571, voltage energy = 8363187.720746, gap = 1.735938
iteration 15: residue = 0.000038, energy = 8363162.478975 = 8363162.478971, xb = 8363169.884757, voltage energy = 8363178.281131, gap = 0.990587
iteration 16: residue = 0.000027, energy = 8363162.112909 = 8363162.112903, xb = 8363166.897511, voltage energy = 8363172.169664, gap = 0.487545
iteration 17: residue = 0.000021, energy = 8363161.948330 = 8363161.948321, xb = 8363164.849209, voltage energy = 8363168.022682, gap = 0.272585
iteration 18: residue = 0.000012, energy = 8363161.843022 = 8363161.843010, xb = 8363163.588287, voltage energy = 8363165.443998, gap = 0.110434
iteration 19: residue = 0.000007, energy = 8363161.799463 = 8363161.799446, xb = 8363162.940668, voltage energy = 8363164.137644, gap = 0.055753
recursivelinesolver
iteration 0: residue = 0.014844, energy = 8389134.010049 = 8389134.010050, xb = 8386450.052293, voltage energy = 8422059.712446, gap = 38293.617910
iteration 1: residue = 0.009355, energy = 8375520.546865 = 8375520.546865, xb = 8375887.504862, voltage energy = 8394160.758757, gap = 17906.295898
iteration 2: residue = 0.005719, energy = 8369105.363064 = 8369105.363065, xb = 8370292.413421, voltage energy = 8379902.538251, gap = 8423.074474
iteration 3: residue = 0.003792, energy = 8366090.034976 = 8366090.034976, xb = 8367291.876259, voltage energy = 8372677.504984, gap = 4183.787441
iteration 4: residue = 0.002636, energy = 8364617.570949 = 8364617.570949, xb = 8365610.603320, voltage energy = 8368726.498937, gap = 2122.863246
iteration 5: residue = 0.001837, energy = 8363883.882194 = 8363883.882194, xb = 8364614.597015, voltage energy = 8366314.706908, gap = 969.395072
iteration 6: residue = 0.001063, energy = 8363514.261430 = 8363514.261430, xb = 8363985.346087, voltage energy = 8364936.298063, gap = 479.867319
iteration 7: residue = 0.000752, energy = 8363340.163899 = 8363340.163899, xb = 8363656.415795, voltage energy = 8364209.639842, gap = 236.972150
iteration 8: residue = 0.000530, energy = 8363251.420523 = 8363251.420523, xb = 8363454.369881, voltage energy = 8363775.472116, gap = 118.152878
iteration 9: residue = 0.000364, energy = 8363206.693930 = 8363206.693930, xb = 8363335.276746, voltage energy = 8363526.297532, gap = 62.437971
iteration 10: residue = 0.000231, energy = 8363183.799964 = 8363183.799965, xb = 8363266.613553, voltage energy = 8363378.654955, gap = 29.227815
iteration 11: residue = 0.000164, energy = 8363173.399600 = 8363173.399599, xb = 8363221.669922, voltage energy = 8363285.170896, gap = 15.230652
iteration 12: residue = 0.000101, energy = 8363167.067324 = 8363167.067322, xb = 8363197.640593, voltage energy = 8363235.461804, gap = 7.247941
iteration 13: residue = 0.000072, energy = 8363164.418476 = 8363164.418474, xb = 8363183.407876, voltage energy = 8363206.019480, gap = 3.622202
iteration 14: residue = 0.000051, energy = 8363163.112338 = 8363163.112335, xb = 8363174.548571, voltage energy = 8363187.720746, gap = 1.735938
iteration 15: residue = 0.000038, energy = 8363162.478975 = 8363162.478971, xb = 8363169.884757, voltage energy = 8363178.281131, gap = 0.990587
iteration 16: residue = 0.000027, energy = 8363162.112909 = 8363162.112903, xb = 8363166.897511, voltage energy = 8363172.169664, gap = 0.487545
iteration 17: residue = 0.000021, energy = 8363161.948330 = 8363161.948321, xb = 8363164.849209, voltage energy = 8363168.022682, gap = 0.272585
iteration 18: residue = 0.000012, energy = 8363161.843022 = 8363161.843010, xb = 8363163.588287, voltage energy = 8363165.443998, gap = 0.110434
iteration 19: residue = 0.000007, energy = 8363161.799463 = 8363161.799446, xb = 8363162.940668, voltage energy = 8363164.137644, gap = 0.055753
recursivelinesolver
iteration 0: residue = 0.014844, energy = 8389134.010049 = 8389134.010050, xb = 8386450.052293, voltage energy = 8422059.712446, gap = 38293.617910
iteration 1: residue = 0.009355, energy = 8375520.546865 = 8375520.546865, xb = 8375887.504862, voltage energy = 8394160.758757, gap = 17906.295898
iteration 2: residue = 0.005719, energy = 8369105.363064 = 8369105.363065, xb = 8370292.413421, voltage energy = 8379902.538251, gap = 8423.074474
iteration 3: residue = 0.003792, energy = 8366090.034976 = 8366090.034976, xb = 8367291.876259, voltage energy = 8372677.504984, gap = 4183.787441
iteration 4: residue = 0.002636, energy = 8364617.570949 = 8364617.570949, xb = 8365610.603320, voltage energy = 8368726.498937, gap = 2122.863246
iteration 5: residue = 0.001837, energy = 8363883.882194 = 8363883.882194, xb = 8364614.597015, voltage energy = 8366314.706908, gap = 969.395072
iteration 6: residue = 0.001063, energy = 8363514.261430 = 8363514.261430, xb = 8363985.346087, voltage energy = 8364936.298063, gap = 479.867319
iteration 7: residue = 0.000752, energy = 8363340.163899 = 8363340.163899, xb = 8363656.415795, voltage energy = 8364209.639842, gap = 236.972150
iteration 8: residue = 0.000530, energy = 8363251.420523 = 8363251.420523, xb = 8363454.369881, voltage energy = 8363775.472116, gap = 118.152878
iteration 9: residue = 0.000364, energy = 8363206.693930 = 8363206.693930, xb = 8363335.276746, voltage energy = 8363526.297532, gap = 62.437971
iteration 10: residue = 0.000231, energy = 8363183.799964 = 8363183.799965, xb = 8363266.613553, voltage energy = 8363378.654955, gap = 29.227815
iteration 11: residue = 0.000164, energy = 8363173.399600 = 8363173.399599, xb = 8363221.669922, voltage energy = 8363285.170896, gap = 15.230652
iteration 12: residue = 0.000101, energy = 8363167.067324 = 8363167.067322, xb = 8363197.640593, voltage energy = 8363235.461804, gap = 7.247941
iteration 13: residue = 0.000072, energy = 8363164.418476 = 8363164.418474, xb = 8363183.407876, voltage energy = 8363206.019480, gap = 3.622202
iteration 14: residue = 0.000051, energy = 8363163.112338 = 8363163.112335, xb = 8363174.548571, voltage energy = 8363187.720746, gap = 1.735938
iteration 15: residue = 0.000038, energy = 8363162.478975 = 8363162.478971, xb = 8363169.884757, voltage energy = 8363178.281131, gap = 0.990587
iteration 16: residue = 0.000027, energy = 8363162.112909 = 8363162.112903, xb = 8363166.897511, voltage energy = 8363172.169664, gap = 0.487545
iteration 17: residue = 0.000021, energy = 8363161.948330 = 8363161.948321, xb = 8363164.849209, voltage energy = 8363168.022682, gap = 0.272585
iteration 18: residue = 0.000012, energy = 8363161.843022 = 8363161.843010, xb = 8363163.588287, voltage energy = 8363165.443998, gap = 0.110434
iteration 19: residue = 0.000007, energy = 8363161.799463 = 8363161.799446, xb = 8363162.940668, voltage energy = 8363164.137644, gap = 0.055753
recursivelinesolver
iteration 0: residue = 0.014844, energy = 8389134.010049 = 8389134.010050, xb = 8386450.052293, voltage energy = 8422059.712446, gap = 38293.617910
iteration 1: residue = 0.009355, energy = 8375520.546865 = 8375520.546865, xb = 8375887.504862, voltage energy = 8394160.758757, gap = 17906.295898
iteration 2: residue = 0.005719, energy = 8369105.363064 = 8369105.363065, xb = 8370292.413421, voltage energy = 8379902.538251, gap = 8423.074474
iteration 3: residue = 0.003792, energy = 8366090.034976 = 8366090.034976, xb = 8367291.876259, voltage energy = 8372677.504984, gap = 4183.787441
iteration 4: residue = 0.002636, energy = 8364617.570949 = 8364617.570949, xb = 8365610.603320, voltage energy = 8368726.498937, gap = 2122.863246
iteration 5: residue = 0.001837, energy = 8363883.882194 = 8363883.882194, xb = 8364614.597015, voltage energy = 8366314.706908, gap = 969.395072
iteration 6: residue = 0.001063, energy = 8363514.261430 = 8363514.261430, xb = 8363985.346087, voltage energy = 8364936.298063, gap = 479.867319
iteration 7: residue = 0.000752, energy = 8363340.163899 = 8363340.163899, xb = 8363656.415795, voltage energy = 8364209.639842, gap = 236.972150
iteration 8: residue = 0.000530, energy = 8363251.420523 = 8363251.420523, xb = 8363454.369881, voltage energy = 8363775.472116, gap = 118.152878
iteration 9: residue = 0.000364, energy = 8363206.693930 = 8363206.693930, xb = 8363335.276746, voltage energy = 8363526.297532, gap = 62.437971
iteration 10: residue = 0.000231, energy = 8363183.799964 = 8363183.799965, xb = 8363266.613553, voltage energy = 8363378.654955, gap = 29.227815
iteration 11: residue = 0.000164, energy = 8363173.399600 = 8363173.399599, xb = 8363221.669922, voltage energy = 8363285.170896, gap = 15.230652
iteration 12: residue = 0.000101, energy = 8363167.067324 = 8363167.067322, xb = 8363197.640593, voltage energy = 8363235.461804, gap = 7.247941
iteration 13: residue = 0.000072, energy = 8363164.418476 = 8363164.418474, xb = 8363183.407876, voltage energy = 8363206.019480, gap = 3.622202
iteration 14: residue = 0.000051, energy = 8363163.112338 = 8363163.112335, xb = 8363174.548571, voltage energy = 8363187.720746, gap = 1.735938
iteration 15: residue = 0.000038, energy = 8363162.478975 = 8363162.478971, xb = 8363169.884757, voltage energy = 8363178.281131, gap = 0.990587
iteration 16: residue = 0.000027, energy = 8363162.112909 = 8363162.112903, xb = 8363166.897511, voltage energy = 8363172.169664, gap = 0.487545
iteration 17: residue = 0.000021, energy = 8363161.948330 = 8363161.948321, xb = 8363164.849209, voltage energy = 8363168.022682, gap = 0.272585
iteration 18: residue = 0.000012, energy = 8363161.843022 = 8363161.843010, xb = 8363163.588287, voltage energy = 8363165.443998, gap = 0.110434
iteration 19: residue = 0.000007, energy = 8363161.799463 = 8363161.799446, xb = 8363162.940668, voltage energy = 8363164.137644, gap = 0.055753
recursivetreesolver
residual 1.484354e-02
residual 9.355372e-03
residual 5.718516e-03
residual 3.792162e-03
residual 2.635816e-03
residual 1.837145e-03
residual 1.063088e-03
residual 7.519155e-04
residual 5.302301e-04
residual 3.637500e-04
residual 2.305030e-04
residual 1.637124e-04
residual 1.008339e-04
residual 7.179056e-05
residual 5.088344e-05
residual 3.811540e-05
residual 2.650747e-05
residual 2.085402e-05
residual 1.168462e-05
residual 7.122251e-06
recursivetreesolver
residual 1.484354e-02
residual 9.355372e-03
residual 5.718516e-03
residual 3.792162e-03
residual 2.635816e-03
residual 1.837145e-03
residual 1.063088e-03
residual 7.519155e-04
residual 5.302301e-04
residual 3.637500e-04
residual 2.305030e-04
residual 1.637124e-04
residual 1.008339e-04
residual 7.179056e-05
residual 5.088344e-05
residual 3.811540e-05
residual 2.650747e-05
residual 2.085402e-05
residual 1.168462e-05
residual 7.122251e-06
recursivetreesolver
residual 1.484354e-02
residual 9.355372e-03
residual 5.718516e-03
residual 3.792162e-03
residual 2.635816e-03
residual 1.837145e-03
residual 1.063088e-03
residual 7.519155e-04
residual 5.302301e-04
residual 3.637500e-04
residual 2.305030e-04
residual 1.637124e-04
residual 1.008339e-04
residual 7.179056e-05
residual 5.088344e-05
residual 3.811540e-05
residual 2.650747e-05
residual 2.085402e-05
residual 1.168462e-05
residual 7.122251e-06
recursivetreesolver
residual 1.484354e-02
residual 9.355372e-03
residual 5.718516e-03
residual 3.792162e-03
residual 2.635816e-03
residual 1.837145e-03
residual 1.063088e-03
residual 7.519155e-04
residual 5.302301e-04
residual 3.637500e-04
residual 2.305030e-04
residual 1.637124e-04
residual 1.008339e-04
residual 7.179056e-05
residual 5.088344e-05
residual 3.811540e-05
residual 2.650747e-05
residual 2.085402e-05
residual 1.168462e-05
residual 7.122251e-06
recursivetreesolver
residual 1.484354e-02
residual 9.355372e-03
residual 5.718516e-03
residual 3.792162e-03
residual 2.635816e-03
residual 1.837145e-03
residual 1.063088e-03
residual 7.519155e-04
residual 5.302301e-04
residual 3.637500e-04
residual 2.305030e-04
residual 1.637124e-04
residual 1.008339e-04
residual 7.179056e-05
residual 5.088344e-05
residual 3.811540e-05
residual 2.650747e-05
residual 2.085402e-05
residual 1.168462e-05
residual 7.122251e-06
recursivetreesolver
residual 1.484354e-02
residual 9.355372e-03
residual 5.718516e-03
residual 3.792162e-03
residual 2.635816e-03
residual 1.837145e-03
residual 1.063088e-03
residual 7.519155e-04
residual 5.302301e-04
residual 3.637500e-04
residual 2.305030e-04
residual 1.637124e-04
residual 1.008339e-04
residual 7.179056e-05
residual 5.088344e-05
residual 3.811540e-05
residual 2.650747e-05
residual 2.085402e-05
residual 1.168462e-05
residual 7.122251e-06
recursivetreesolver
residual 1.484354e-02
residual 9.355372e-03
residual 5.718516e-03
residual 3.792162e-03
residual 2.635816e-03
residual 1.837145e-03
residual 1.063088e-03
residual 7.519155e-04
residual 5.302301e-04
residual 3.637500e-04
residual 2.305030e-04
residual 1.637124e-04
residual 1.008339e-04
residual 7.179056e-05
residual 5.088344e-05
residual 3.811540e-05
residual 2.650747e-05
residual 2.085402e-05
residual 1.168462e-05
residual 7.122251e-06
recursivetreesolver
residual 1.484354e-02
residual 9.355372e-03
residual 5.718516e-03
residual 3.792162e-03
residual 2.635816e-03
residual 1.837145e-03
residual 1.063088e-03
residual 7.519155e-04
residual 5.302301e-04
residual 3.637500e-04
residual 2.305030e-04
residual 1.637124e-04
residual 1.008339e-04
residual 7.179056e-05
residual 5.088344e-05
residual 3.811540e-05
residual 2.650747e-05
residual 2.085402e-05
residual 1.168462e-05
residual 7.122251e-06
recursivetreesolver
residual 1.484354e-02
residual 9.355372e-03
residual 5.718516e-03
residual 3.792162e-03
residual 2.635816e-03
residual 1.837145e-03
residual 1.063088e-03
residual 7.519155e-04
residual 5.302301e-04
residual 3.637500e-04
residual 2.305030e-04
residual 1.637124e-04
residual 1.008339e-04
residual 7.179056e-05
residual 5.088344e-05
residual 3.811540e-05
residual 2.650747e-05
residual 2.085402e-05
residual 1.168462e-05
residual 7.122251e-06
recursivetreesolver
residual 1.484354e-02
residual 9.355372e-03
residual 5.718516e-03
residual 3.792162e-03
residual 2.635816e-03
residual 1.837145e-03
residual 1.063088e-03
residual 7.519155e-04
residual 5.302301e-04
residual 3.637500e-04
residual 2.305030e-04
residual 1.637124e-04
residual 1.008339e-04
residual 7.179056e-05
residual 5.088344e-05
residual 3.811540e-05
residual 2.650747e-05
residual 2.085402e-05
residual 1.168462e-05
residual 7.122251e-06
