linesolver
iteration 1: energy = 12682632.472080 = 12682632.472079, xb = 12684598.137514, voltage energy = 13013076.741128, gap = 326512.9381793420761824
iteration 2: energy = 12502233.511225 = 12502233.511223, xb = 12505176.456956, voltage energy = 12518755.289863, gap = 10635.8871733732521534
iteration 3: energy = 12496172.157100 = 12496172.157086, xb = 12496542.811190, voltage energy = 12497314.745708, gap = 401.2804134171456099
iteration 4: energy = 12495937.160005 = 12495937.159951, xb = 12495983.421529, voltage energy = 12496037.441774, gap = 7.7586669381707907
iteration 5: energy = 12495932.583834 = 12495932.583709, xb = 12495936.880995, voltage energy = 12495941.397001, gap = 0.2187202274799347
iteration 6: energy = 12495932.455371 = 12495932.455195, xb = 12495933.243548, voltage energy = 12495934.037505, gap = 0.0056041684001684
iteration 7: energy = 12495932.452076 = 12495932.451886, xb = 12495932.530765, voltage energy = 12495932.609786, gap = 0.0001417510211468
linesolver
iteration 1: energy = 12682632.472080 = 12682632.472079, xb = 12684598.137514, voltage energy = 13013076.741128, gap = 326512.9381793420761824
iteration 2: energy = 12502233.511225 = 12502233.511223, xb = 12505176.456956, voltage energy = 12518755.289863, gap = 10635.8871733732521534
iteration 3: energy = 12496172.157100 = 12496172.157086, xb = 12496542.811190, voltage energy = 12497314.745708, gap = 401.2804134171456099
iteration 4: energy = 12495937.160005 = 12495937.159951, xb = 12495983.421529, voltage energy = 12496037.441774, gap = 7.7586669381707907
iteration 5: energy = 12495932.583834 = 12495932.583709, xb = 12495936.880995, voltage energy = 12495941.397001, gap = 0.2187202274799347
iteration 6: energy = 12495932.455371 = 12495932.455195, xb = 12495933.243548, voltage energy = 12495934.037505, gap = 0.0056041684001684
iteration 7: energy = 12495932.452076 = 12495932.451886, xb = 12495932.530765, voltage energy = 12495932.609786, gap = 0.0001417510211468
linesolver
iteration 1: energy = 12682632.472080 = 12682632.472079, xb = 12684598.137514, voltage energy = 13013076.741128, gap = 326512.9381793420761824
iteration 2: energy = 12502233.511225 = 12502233.511223, xb = 12505176.456956, voltage energy = 12518755.289863, gap = 10635.8871733732521534
iteration 3: energy = 12496172.157100 = 12496172.157086, xb = 12496542.811190, voltage energy = 12497314.745708, gap = 401.2804134171456099
iteration 4: energy = 12495937.160005 = 12495937.159951, xb = 12495983.421529, voltage energy = 12496037.441774, gap = 7.7586669381707907
iteration 5: energy = 12495932.583834 = 12495932.583709, xb = 12495936.880995, voltage energy = 12495941.397001, gap = 0.2187202274799347
iteration 6: energy = 12495932.455371 = 12495932.455195, xb = 12495933.243548, voltage energy = 12495934.037505, gap = 0.0056041684001684
iteration 7: energy = 12495932.452076 = 12495932.451886, xb = 12495932.530765, voltage energy = 12495932.609786, gap = 0.0001417510211468
linesolver
iteration 1: energy = 12682632.472080 = 12682632.472079, xb = 12684598.137514, voltage energy = 13013076.741128, gap = 326512.9381793420761824
iteration 2: energy = 12502233.511225 = 12502233.511223, xb = 12505176.456956, voltage energy = 12518755.289863, gap = 10635.8871733732521534
iteration 3: energy = 12496172.157100 = 12496172.157086, xb = 12496542.811190, voltage energy = 12497314.745708, gap = 401.2804134171456099
iteration 4: energy = 12495937.160005 = 12495937.159951, xb = 12495983.421529, voltage energy = 12496037.441774, gap = 7.7586669381707907
iteration 5: energy = 12495932.583834 = 12495932.583709, xb = 12495936.880995, voltage energy = 12495941.397001, gap = 0.2187202274799347
iteration 6: energy = 12495932.455371 = 12495932.455195, xb = 12495933.243548, voltage energy = 12495934.037505, gap = 0.0056041684001684
iteration 7: energy = 12495932.452076 = 12495932.451886, xb = 12495932.530765, voltage energy = 12495932.609786, gap = 0.0001417510211468
linesolver
iteration 1: energy = 12682632.472080 = 12682632.472079, xb = 12684598.137514, voltage energy = 13013076.741128, gap = 326512.9381793420761824
iteration 2: energy = 12502233.511225 = 12502233.511223, xb = 12505176.456956, voltage energy = 12518755.289863, gap = 10635.8871733732521534
iteration 3: energy = 12496172.157100 = 12496172.157086, xb = 12496542.811190, voltage energy = 12497314.745708, gap = 401.2804134171456099
iteration 4: energy = 12495937.160005 = 12495937.159951, xb = 12495983.421529, voltage energy = 12496037.441774, gap = 7.7586669381707907
iteration 5: energy = 12495932.583834 = 12495932.583709, xb = 12495936.880995, voltage energy = 12495941.397001, gap = 0.2187202274799347
iteration 6: energy = 12495932.455371 = 12495932.455195, xb = 12495933.243548, voltage energy = 12495934.037505, gap = 0.0056041684001684
iteration 7: energy = 12495932.452076 = 12495932.451886, xb = 12495932.530765, voltage energy = 12495932.609786, gap = 0.0001417510211468
linesolver
iteration 1: energy = 12682632.472080 = 12682632.472079, xb = 12684598.137514, voltage energy = 13013076.741128, gap = 326512.9381793420761824
iteration 2: energy = 12502233.511225 = 12502233.511223, xb = 12505176.456956, voltage energy = 12518755.289863, gap = 10635.8871733732521534
iteration 3: energy = 12496172.157100 = 12496172.157086, xb = 12496542.811190, voltage energy = 12497314.745708, gap = 401.2804134171456099
iteration 4: energy = 12495937.160005 = 12495937.159951, xb = 12495983.421529, voltage energy = 12496037.441774, gap = 7.7586669381707907
iteration 5: energy = 12495932.583834 = 12495932.583709, xb = 12495936.880995, voltage energy = 12495941.397001, gap = 0.2187202274799347
iteration 6: energy = 12495932.455371 = 12495932.455195, xb = 12495933.243548, voltage energy = 12495934.037505, gap = 0.0056041684001684
iteration 7: energy = 12495932.452076 = 12495932.451886, xb = 12495932.530765, voltage energy = 12495932.609786, gap = 0.0001417510211468
linesolver
iteration 1: energy = 12682632.472080 = 12682632.472079, xb = 12684598.137514, voltage energy = 13013076.741128, gap = 326512.9381793420761824
iteration 2: energy = 12502233.511225 = 12502233.511223, xb = 12505176.456956, voltage energy = 12518755.289863, gap = 10635.8871733732521534
iteration 3: energy = 12496172.157100 = 12496172.157086, xb = 12496542.811190, voltage energy = 12497314.745708, gap = 401.2804134171456099
iteration 4: energy = 12495937.160005 = 12495937.159951, xb = 12495983.421529, voltage energy = 12496037.441774, gap = 7.7586669381707907
iteration 5: energy = 12495932.583834 = 12495932.583709, xb = 12495936.880995, voltage energy = 12495941.397001, gap = 0.2187202274799347
iteration 6: energy = 12495932.455371 = 12495932.455195, xb = 12495933.243548, voltage energy = 12495934.037505, gap = 0.0056041684001684
iteration 7: energy = 12495932.452076 = 12495932.451886, xb = 12495932.530765, voltage energy = 12495932.609786, gap = 0.0001417510211468
linesolver
iteration 1: energy = 12682632.472080 = 12682632.472079, xb = 12684598.137514, voltage energy = 13013076.741128, gap = 326512.9381793420761824
iteration 2: energy = 12502233.511225 = 12502233.511223, xb = 12505176.456956, voltage energy = 12518755.289863, gap = 10635.8871733732521534
iteration 3: energy = 12496172.157100 = 12496172.157086, xb = 12496542.811190, voltage energy = 12497314.745708, gap = 401.2804134171456099
iteration 4: energy = 12495937.160005 = 12495937.159951, xb = 12495983.421529, voltage energy = 12496037.441774, gap = 7.7586669381707907
iteration 5: energy = 12495932.583834 = 12495932.583709, xb = 12495936.880995, voltage energy = 12495941.397001, gap = 0.2187202274799347
iteration 6: energy = 12495932.455371 = 12495932.455195, xb = 12495933.243548, voltage energy = 12495934.037505, gap = 0.0056041684001684
iteration 7: energy = 12495932.452076 = 12495932.451886, xb = 12495932.530765, voltage energy = 12495932.609786, gap = 0.0001417510211468
linesolver
iteration 1: energy = 12682632.472080 = 12682632.472079, xb = 12684598.137514, voltage energy = 13013076.741128, gap = 326512.9381793420761824
iteration 2: energy = 12502233.511225 = 12502233.511223, xb = 12505176.456956, voltage energy = 12518755.289863, gap = 10635.8871733732521534
iteration 3: energy = 12496172.157100 = 12496172.157086, xb = 12496542.811190, voltage energy = 12497314.745708, gap = 401.2804134171456099
iteration 4: energy = 12495937.160005 = 12495937.159951, xb = 12495983.421529, voltage energy = 12496037.441774, gap = 7.7586669381707907
iteration 5: energy = 12495932.583834 = 12495932.583709, xb = 12495936.880995, voltage energy = 12495941.397001, gap = 0.2187202274799347
iteration 6: energy = 12495932.455371 = 12495932.455195, xb = 12495933.243548, voltage energy = 12495934.037505, gap = 0.0056041684001684
iteration 7: energy = 12495932.452076 = 12495932.451886, xb = 12495932.530765, voltage energy = 12495932.609786, gap = 0.0001417510211468
linesolver
iteration 1: energy = 12682632.472080 = 12682632.472079, xb = 12684598.137514, voltage energy = 13013076.741128, gap = 326512.9381793420761824
iteration 2: energy = 12502233.511225 = 12502233.511223, xb = 12505176.456956, voltage energy = 12518755.289863, gap = 10635.8871733732521534
iteration 3: energy = 12496172.157100 = 12496172.157086, xb = 12496542.811190, voltage energy = 12497314.745708, gap = 401.2804134171456099
iteration 4: energy = 12495937.160005 = 12495937.159951, xb = 12495983.421529, voltage energy = 12496037.441774, gap = 7.7586669381707907
iteration 5: energy = 12495932.583834 = 12495932.583709, xb = 12495936.880995, voltage energy = 12495941.397001, gap = 0.2187202274799347
iteration 6: energy = 12495932.455371 = 12495932.455195, xb = 12495933.243548, voltage energy = 12495934.037505, gap = 0.0056041684001684
iteration 7: energy = 12495932.452076 = 12495932.451886, xb = 12495932.530765, voltage energy = 12495932.609786, gap = 0.0001417510211468
treesolver
iteration 1: energy = 12682632.472080 = 12682632.472079, xb = 12684598.137514, voltage energy = 13013076.741128, gap = 326512.938180
iteration 2: energy = 12502233.511225 = 12502233.511223, xb = 12505176.456956, voltage energy = 12518755.289863, gap = 10635.887173
iteration 3: energy = 12496172.157100 = 12496172.157086, xb = 12496542.811191, voltage energy = 12497314.745708, gap = 401.280413
iteration 4: energy = 12495937.160005 = 12495937.159951, xb = 12495983.421529, voltage energy = 12496037.441774, gap = 7.758667
iteration 5: energy = 12495932.583834 = 12495932.583709, xb = 12495936.880995, voltage energy = 12495941.397001, gap = 0.218720
iteration 6: energy = 12495932.455371 = 12495932.455195, xb = 12495933.243548, voltage energy = 12495934.037505, gap = 0.005604
iteration 7: energy = 12495932.452076 = 12495932.451886, xb = 12495932.530765, voltage energy = 12495932.609786, gap = 0.000142
treesolver
iteration 1: energy = 12682632.472080 = 12682632.472079, xb = 12684598.137514, voltage energy = 13013076.741128, gap = 326512.938180
iteration 2: energy = 12502233.511225 = 12502233.511223, xb = 12505176.456956, voltage energy = 12518755.289863, gap = 10635.887173
iteration 3: energy = 12496172.157100 = 12496172.157086, xb = 12496542.811191, voltage energy = 12497314.745708, gap = 401.280413
iteration 4: energy = 12495937.160005 = 12495937.159951, xb = 12495983.421529, voltage energy = 12496037.441774, gap = 7.758667
iteration 5: energy = 12495932.583834 = 12495932.583709, xb = 12495936.880995, voltage energy = 12495941.397001, gap = 0.218720
iteration 6: energy = 12495932.455371 = 12495932.455195, xb = 12495933.243548, voltage energy = 12495934.037505, gap = 0.005604
iteration 7: energy = 12495932.452076 = 12495932.451886, xb = 12495932.530765, voltage energy = 12495932.609786, gap = 0.000142
treesolver
iteration 1: energy = 12682632.472080 = 12682632.472079, xb = 12684598.137514, voltage energy = 13013076.741128, gap = 326512.938180
iteration 2: energy = 12502233.511225 = 12502233.511223, xb = 12505176.456956, voltage energy = 12518755.289863, gap = 10635.887173
iteration 3: energy = 12496172.157100 = 12496172.157086, xb = 12496542.811191, voltage energy = 12497314.745708, gap = 401.280413
iteration 4: energy = 12495937.160005 = 12495937.159951, xb = 12495983.421529, voltage energy = 12496037.441774, gap = 7.758667
iteration 5: energy = 12495932.583834 = 12495932.583709, xb = 12495936.880995, voltage energy = 12495941.397001, gap = 0.218720
iteration 6: energy = 12495932.455371 = 12495932.455195, xb = 12495933.243548, voltage energy = 12495934.037505, gap = 0.005604
iteration 7: energy = 12495932.452076 = 12495932.451886, xb = 12495932.530765, voltage energy = 12495932.609786, gap = 0.000142
treesolver
iteration 1: energy = 12682632.472080 = 12682632.472079, xb = 12684598.137514, voltage energy = 13013076.741128, gap = 326512.938180
iteration 2: energy = 12502233.511225 = 12502233.511223, xb = 12505176.456956, voltage energy = 12518755.289863, gap = 10635.887173
iteration 3: energy = 12496172.157100 = 12496172.157086, xb = 12496542.811191, voltage energy = 12497314.745708, gap = 401.280413
iteration 4: energy = 12495937.160005 = 12495937.159951, xb = 12495983.421529, voltage energy = 12496037.441774, gap = 7.758667
iteration 5: energy = 12495932.583834 = 12495932.583709, xb = 12495936.880995, voltage energy = 12495941.397001, gap = 0.218720
iteration 6: energy = 12495932.455371 = 12495932.455195, xb = 12495933.243548, voltage energy = 12495934.037505, gap = 0.005604
iteration 7: energy = 12495932.452076 = 12495932.451886, xb = 12495932.530765, voltage energy = 12495932.609786, gap = 0.000142
treesolver
iteration 1: energy = 12682632.472080 = 12682632.472079, xb = 12684598.137514, voltage energy = 13013076.741128, gap = 326512.938180
iteration 2: energy = 12502233.511225 = 12502233.511223, xb = 12505176.456956, voltage energy = 12518755.289863, gap = 10635.887173
iteration 3: energy = 12496172.157100 = 12496172.157086, xb = 12496542.811191, voltage energy = 12497314.745708, gap = 401.280413
iteration 4: energy = 12495937.160005 = 12495937.159951, xb = 12495983.421529, voltage energy = 12496037.441774, gap = 7.758667
iteration 5: energy = 12495932.583834 = 12495932.583709, xb = 12495936.880995, voltage energy = 12495941.397001, gap = 0.218720
iteration 6: energy = 12495932.455371 = 12495932.455195, xb = 12495933.243548, voltage energy = 12495934.037505, gap = 0.005604
iteration 7: energy = 12495932.452076 = 12495932.451886, xb = 12495932.530765, voltage energy = 12495932.609786, gap = 0.000142
treesolver
iteration 1: energy = 12682632.472080 = 12682632.472079, xb = 12684598.137514, voltage energy = 13013076.741128, gap = 326512.938180
iteration 2: energy = 12502233.511225 = 12502233.511223, xb = 12505176.456956, voltage energy = 12518755.289863, gap = 10635.887173
iteration 3: energy = 12496172.157100 = 12496172.157086, xb = 12496542.811191, voltage energy = 12497314.745708, gap = 401.280413
iteration 4: energy = 12495937.160005 = 12495937.159951, xb = 12495983.421529, voltage energy = 12496037.441774, gap = 7.758667
iteration 5: energy = 12495932.583834 = 12495932.583709, xb = 12495936.880995, voltage energy = 12495941.397001, gap = 0.218720
iteration 6: energy = 12495932.455371 = 12495932.455195, xb = 12495933.243548, voltage energy = 12495934.037505, gap = 0.005604
iteration 7: energy = 12495932.452076 = 12495932.451886, xb = 12495932.530765, voltage energy = 12495932.609786, gap = 0.000142
treesolver
iteration 1: energy = 12682632.472080 = 12682632.472079, xb = 12684598.137514, voltage energy = 13013076.741128, gap = 326512.938180
iteration 2: energy = 12502233.511225 = 12502233.511223, xb = 12505176.456956, voltage energy = 12518755.289863, gap = 10635.887173
iteration 3: energy = 12496172.157100 = 12496172.157086, xb = 12496542.811191, voltage energy = 12497314.745708, gap = 401.280413
iteration 4: energy = 12495937.160005 = 12495937.159951, xb = 12495983.421529, voltage energy = 12496037.441774, gap = 7.758667
iteration 5: energy = 12495932.583834 = 12495932.583709, xb = 12495936.880995, voltage energy = 12495941.397001, gap = 0.218720
iteration 6: energy = 12495932.455371 = 12495932.455195, xb = 12495933.243548, voltage energy = 12495934.037505, gap = 0.005604
iteration 7: energy = 12495932.452076 = 12495932.451886, xb = 12495932.530765, voltage energy = 12495932.609786, gap = 0.000142
treesolver
iteration 1: energy = 12682632.472080 = 12682632.472079, xb = 12684598.137514, voltage energy = 13013076.741128, gap = 326512.938180
iteration 2: energy = 12502233.511225 = 12502233.511223, xb = 12505176.456956, voltage energy = 12518755.289863, gap = 10635.887173
iteration 3: energy = 12496172.157100 = 12496172.157086, xb = 12496542.811191, voltage energy = 12497314.745708, gap = 401.280413
iteration 4: energy = 12495937.160005 = 12495937.159951, xb = 12495983.421529, voltage energy = 12496037.441774, gap = 7.758667
iteration 5: energy = 12495932.583834 = 12495932.583709, xb = 12495936.880995, voltage energy = 12495941.397001, gap = 0.218720
iteration 6: energy = 12495932.455371 = 12495932.455195, xb = 12495933.243548, voltage energy = 12495934.037505, gap = 0.005604
iteration 7: energy = 12495932.452076 = 12495932.451886, xb = 12495932.530765, voltage energy = 12495932.609786, gap = 0.000142
treesolver
iteration 1: energy = 12682632.472080 = 12682632.472079, xb = 12684598.137514, voltage energy = 13013076.741128, gap = 326512.938180
iteration 2: energy = 12502233.511225 = 12502233.511223, xb = 12505176.456956, voltage energy = 12518755.289863, gap = 10635.887173
iteration 3: energy = 12496172.157100 = 12496172.157086, xb = 12496542.811191, voltage energy = 12497314.745708, gap = 401.280413
iteration 4: energy = 12495937.160005 = 12495937.159951, xb = 12495983.421529, voltage energy = 12496037.441774, gap = 7.758667
iteration 5: energy = 12495932.583834 = 12495932.583709, xb = 12495936.880995, voltage energy = 12495941.397001, gap = 0.218720
iteration 6: energy = 12495932.455371 = 12495932.455195, xb = 12495933.243548, voltage energy = 12495934.037505, gap = 0.005604
iteration 7: energy = 12495932.452076 = 12495932.451886, xb = 12495932.530765, voltage energy = 12495932.609786, gap = 0.000142
treesolver
iteration 1: energy = 12682632.472080 = 12682632.472079, xb = 12684598.137514, voltage energy = 13013076.741128, gap = 326512.938180
iteration 2: energy = 12502233.511225 = 12502233.511223, xb = 12505176.456956, voltage energy = 12518755.289863, gap = 10635.887173
iteration 3: energy = 12496172.157100 = 12496172.157086, xb = 12496542.811191, voltage energy = 12497314.745708, gap = 401.280413
iteration 4: energy = 12495937.160005 = 12495937.159951, xb = 12495983.421529, voltage energy = 12496037.441774, gap = 7.758667
iteration 5: energy = 12495932.583834 = 12495932.583709, xb = 12495936.880995, voltage energy = 12495941.397001, gap = 0.218720
iteration 6: energy = 12495932.455371 = 12495932.455195, xb = 12495933.243548, voltage energy = 12495934.037505, gap = 0.005604
iteration 7: energy = 12495932.452076 = 12495932.451886, xb = 12495932.530765, voltage energy = 12495932.609786, gap = 0.000142
recursivelinesolver
iteration 0: residue = 0.384153, energy = 15465017.095066 = 15465017.095064, xb = 15455159.803858, voltage energy = 21350505.499167, gap = 5905202.986516
iteration 1: residue = 0.219741, energy = 13632773.647311 = 13632773.647310, xb = 13617950.476849, voltage energy = 15730636.459082, gap = 2127509.152695
iteration 2: residue = 0.132480, energy = 12950935.505311 = 12950935.505311, xb = 12944109.409151, voltage energy = 13753913.585267, gap = 816630.272275
iteration 3: residue = 0.082167, energy = 12682632.472080 = 12682632.472079, xb = 12684598.137514, voltage energy = 13013076.741128, gap = 326512.938180
iteration 4: residue = 0.052766, energy = 12576125.599182 = 12576125.599181, xb = 12581352.058759, voltage energy = 12724700.390756, gap = 138121.872420
iteration 5: residue = 0.033477, energy = 12529264.133433 = 12529264.133433, xb = 12534634.267373, voltage energy = 12596771.122077, gap = 56766.720763
iteration 6: residue = 0.021558, energy = 12510042.799311 = 12510042.799309, xb = 12514025.440559, voltage energy = 12541892.293199, gap = 23884.211389
iteration 7: residue = 0.014326, energy = 12502233.511225 = 12502233.511223, xb = 12505176.456956, voltage energy = 12518755.289863, gap = 10635.887174
iteration 8: residue = 0.009281, energy = 12498633.660089 = 12498633.660085, xb = 12500449.908566, voltage energy = 12506801.282841, gap = 4535.125794
iteration 9: residue = 0.006348, energy = 12497192.722863 = 12497192.722857, xb = 12498285.747467, voltage energy = 12501494.733678, gap = 2115.961601
iteration 10: residue = 0.004329, energy = 12496518.795805 = 12496518.795796, xb = 12497230.633211, voltage energy = 12498927.679617, gap = 985.208993
iteration 11: residue = 0.002752, energy = 12496172.157100 = 12496172.157086, xb = 12496542.811190, voltage energy = 12497314.745708, gap = 401.280414
iteration 12: residue = 0.001523, energy = 12496011.655047 = 12496011.655027, xb = 12496298.942199, voltage energy = 12496716.620375, gap = 130.391004
iteration 13: residue = 0.000971, energy = 12495963.690163 = 12495963.690135, xb = 12496123.358724, voltage energy = 12496334.400084, gap = 51.372770
iteration 14: residue = 0.000601, energy = 12495944.382358 = 12495944.382318, xb = 12496036.474883, voltage energy = 12496148.254869, gap = 19.687420
iteration 15: residue = 0.000377, energy = 12495937.160005 = 12495937.159951, xb = 12495983.421529, voltage energy = 12496037.441774, gap = 7.758667
iteration 16: residue = 0.000241, energy = 12495934.364793 = 12495934.364722, xb = 12495958.544979, voltage energy = 12495985.884347, gap = 3.159110
iteration 17: residue = 0.000168, energy = 12495933.332770 = 12495933.332682, xb = 12495946.575309, voltage energy = 12495961.286664, gap = 1.468728
iteration 18: residue = 0.000110, energy = 12495932.832664 = 12495932.832557, xb = 12495942.308547, voltage energy = 12495952.422188, gap = 0.637651
iteration 19: residue = 0.000065, energy = 12495932.583834 = 12495932.583709, xb = 12495936.880995, voltage energy = 12495941.397001, gap = 0.218720
iteration 20: residue = 0.000041, energy = 12495932.505383 = 12495932.505241, xb = 12495934.866780, voltage energy = 12495937.317350, gap = 0.089031
iteration 21: residue = 0.000033, energy = 12495932.485275 = 12495932.485120, xb = 12495934.556201, voltage energy = 12495936.683575, gap = 0.056292
iteration 22: residue = 0.000015, energy = 12495932.459775 = 12495932.459608, xb = 12495933.837241, voltage energy = 12495935.227608, gap = 0.012734
iteration 23: residue = 0.000010, energy = 12495932.455371 = 12495932.455195, xb = 12495933.243548, voltage energy = 12495934.037505, gap = 0.005604
iteration 24: residue = 0.000006, energy = 12495932.453062 = 12495932.452881, xb = 12495932.756160, voltage energy = 12495933.061174, gap = 0.001735
recursivelinesolver
iteration 0: residue = 0.384153, energy = 15465017.095066 = 15465017.095064, xb = 15455159.803858, voltage energy = 21350505.499167, gap = 5905202.986516
iteration 1: residue = 0.219741, energy = 13632773.647311 = 13632773.647310, xb = 13617950.476849, voltage energy = 15730636.459082, gap = 2127509.152695
iteration 2: residue = 0.132480, energy = 12950935.505311 = 12950935.505311, xb = 12944109.409151, voltage energy = 13753913.585267, gap = 816630.272275
iteration 3: residue = 0.082167, energy = 12682632.472080 = 12682632.472079, xb = 12684598.137514, voltage energy = 13013076.741128, gap = 326512.938180
iteration 4: residue = 0.052766, energy = 12576125.599182 = 12576125.599181, xb = 12581352.058759, voltage energy = 12724700.390756, gap = 138121.872420
iteration 5: residue = 0.033477, energy = 12529264.133433 = 12529264.133433, xb = 12534634.267373, voltage energy = 12596771.122077, gap = 56766.720763
iteration 6: residue = 0.021558, energy = 12510042.799311 = 12510042.799309, xb = 12514025.440559, voltage energy = 12541892.293199, gap = 23884.211389
iteration 7: residue = 0.014326, energy = 12502233.511225 = 12502233.511223, xb = 12505176.456956, voltage energy = 12518755.289863, gap = 10635.887174
iteration 8: residue = 0.009281, energy = 12498633.660089 = 12498633.660085, xb = 12500449.908566, voltage energy = 12506801.282841, gap = 4535.125794
iteration 9: residue = 0.006348, energy = 12497192.722863 = 12497192.722857, xb = 12498285.747467, voltage energy = 12501494.733678, gap = 2115.961601
iteration 10: residue = 0.004329, energy = 12496518.795805 = 12496518.795796, xb = 12497230.633211, voltage energy = 12498927.679617, gap = 985.208993
iteration 11: residue = 0.002752, energy = 12496172.157100 = 12496172.157086, xb = 12496542.811190, voltage energy = 12497314.745708, gap = 401.280414
iteration 12: residue = 0.001523, energy = 12496011.655047 = 12496011.655027, xb = 12496298.942199, voltage energy = 12496716.620375, gap = 130.391004
iteration 13: residue = 0.000971, energy = 12495963.690163 = 12495963.690135, xb = 12496123.358724, voltage energy = 12496334.400084, gap = 51.372770
iteration 14: residue = 0.000601, energy = 12495944.382358 = 12495944.382318, xb = 12496036.474883, voltage energy = 12496148.254869, gap = 19.687420
iteration 15: residue = 0.000377, energy = 12495937.160005 = 12495937.159951, xb = 12495983.421529, voltage energy = 12496037.441774, gap = 7.758667
iteration 16: residue = 0.000241, energy = 12495934.364793 = 12495934.364722, xb = 12495958.544979, voltage energy = 12495985.884347, gap = 3.159110
iteration 17: residue = 0.000168, energy = 12495933.332770 = 12495933.332682, xb = 12495946.575309, voltage energy = 12495961.286664, gap = 1.468728
iteration 18: residue = 0.000110, energy = 12495932.832664 = 12495932.832557, xb = 12495942.308547, voltage energy = 12495952.422188, gap = 0.637651
iteration 19: residue = 0.000065, energy = 12495932.583834 = 12495932.583709, xb = 12495936.880995, voltage energy = 12495941.397001, gap = 0.218720
iteration 20: residue = 0.000041, energy = 12495932.505383 = 12495932.505241, xb = 12495934.866780, voltage energy = 12495937.317350, gap = 0.089031
iteration 21: residue = 0.000033, energy = 12495932.485275 = 12495932.485120, xb = 12495934.556201, voltage energy = 12495936.683575, gap = 0.056292
iteration 22: residue = 0.000015, energy = 12495932.459775 = 12495932.459608, xb = 12495933.837241, voltage energy = 12495935.227608, gap = 0.012734
iteration 23: residue = 0.000010, energy = 12495932.455371 = 12495932.455195, xb = 12495933.243548, voltage energy = 12495934.037505, gap = 0.005604
iteration 24: residue = 0.000006, energy = 12495932.453062 = 12495932.452881, xb = 12495932.756160, voltage energy = 12495933.061174, gap = 0.001735
recursivelinesolver
iteration 0: residue = 0.384153, energy = 15465017.095066 = 15465017.095064, xb = 15455159.803858, voltage energy = 21350505.499167, gap = 5905202.986516
iteration 1: residue = 0.219741, energy = 13632773.647311 = 13632773.647310, xb = 13617950.476849, voltage energy = 15730636.459082, gap = 2127509.152695
iteration 2: residue = 0.132480, energy = 12950935.505311 = 12950935.505311, xb = 12944109.409151, voltage energy = 13753913.585267, gap = 816630.272275
iteration 3: residue = 0.082167, energy = 12682632.472080 = 12682632.472079, xb = 12684598.137514, voltage energy = 13013076.741128, gap = 326512.938180
iteration 4: residue = 0.052766, energy = 12576125.599182 = 12576125.599181, xb = 12581352.058759, voltage energy = 12724700.390756, gap = 138121.872420
iteration 5: residue = 0.033477, energy = 12529264.133433 = 12529264.133433, xb = 12534634.267373, voltage energy = 12596771.122077, gap = 56766.720763
iteration 6: residue = 0.021558, energy = 12510042.799311 = 12510042.799309, xb = 12514025.440559, voltage energy = 12541892.293199, gap = 23884.211389
iteration 7: residue = 0.014326, energy = 12502233.511225 = 12502233.511223, xb = 12505176.456956, voltage energy = 12518755.289863, gap = 10635.887174
iteration 8: residue = 0.009281, energy = 12498633.660089 = 12498633.660085, xb = 12500449.908566, voltage energy = 12506801.282841, gap = 4535.125794
iteration 9: residue = 0.006348, energy = 12497192.722863 = 12497192.722857, xb = 12498285.747467, voltage energy = 12501494.733678, gap = 2115.961601
iteration 10: residue = 0.004329, energy = 12496518.795805 = 12496518.795796, xb = 12497230.633211, voltage energy = 12498927.679617, gap = 985.208993
iteration 11: residue = 0.002752, energy = 12496172.157100 = 12496172.157086, xb = 12496542.811190, voltage energy = 12497314.745708, gap = 401.280414
iteration 12: residue = 0.001523, energy = 12496011.655047 = 12496011.655027, xb = 12496298.942199, voltage energy = 12496716.620375, gap = 130.391004
iteration 13: residue = 0.000971, energy = 12495963.690163 = 12495963.690135, xb = 12496123.358724, voltage energy = 12496334.400084, gap = 51.372770
iteration 14: residue = 0.000601, energy = 12495944.382358 = 12495944.382318, xb = 12496036.474883, voltage energy = 12496148.254869, gap = 19.687420
iteration 15: residue = 0.000377, energy = 12495937.160005 = 12495937.159951, xb = 12495983.421529, voltage energy = 12496037.441774, gap = 7.758667
iteration 16: residue = 0.000241, energy = 12495934.364793 = 12495934.364722, xb = 12495958.544979, voltage energy = 12495985.884347, gap = 3.159110
iteration 17: residue = 0.000168, energy = 12495933.332770 = 12495933.332682, xb = 12495946.575309, voltage energy = 12495961.286664, gap = 1.468728
iteration 18: residue = 0.000110, energy = 12495932.832664 = 12495932.832557, xb = 12495942.308547, voltage energy = 12495952.422188, gap = 0.637651
iteration 19: residue = 0.000065, energy = 12495932.583834 = 12495932.583709, xb = 12495936.880995, voltage energy = 12495941.397001, gap = 0.218720
iteration 20: residue = 0.000041, energy = 12495932.505383 = 12495932.505241, xb = 12495934.866780, voltage energy = 12495937.317350, gap = 0.089031
iteration 21: residue = 0.000033, energy = 12495932.485275 = 12495932.485120, xb = 12495934.556201, voltage energy = 12495936.683575, gap = 0.056292
iteration 22: residue = 0.000015, energy = 12495932.459775 = 12495932.459608, xb = 12495933.837241, voltage energy = 12495935.227608, gap = 0.012734
iteration 23: residue = 0.000010, energy = 12495932.455371 = 12495932.455195, xb = 12495933.243548, voltage energy = 12495934.037505, gap = 0.005604
iteration 24: residue = 0.000006, energy = 12495932.453062 = 12495932.452881, xb = 12495932.756160, voltage energy = 12495933.061174, gap = 0.001735
recursivelinesolver
iteration 0: residue = 0.384153, energy = 15465017.095066 = 15465017.095064, xb = 15455159.803858, voltage energy = 21350505.499167, gap = 5905202.986516
iteration 1: residue = 0.219741, energy = 13632773.647311 = 13632773.647310, xb = 13617950.476849, voltage energy = 15730636.459082, gap = 2127509.152695
iteration 2: residue = 0.132480, energy = 12950935.505311 = 12950935.505311, xb = 12944109.409151, voltage energy = 13753913.585267, gap = 816630.272275
iteration 3: residue = 0.082167, energy = 12682632.472080 = 12682632.472079, xb = 12684598.137514, voltage energy = 13013076.741128, gap = 326512.938180
iteration 4: residue = 0.052766, energy = 12576125.599182 = 12576125.599181, xb = 12581352.058759, voltage energy = 12724700.390756, gap = 138121.872420
iteration 5: residue = 0.033477, energy = 12529264.133433 = 12529264.133433, xb = 12534634.267373, voltage energy = 12596771.122077, gap = 56766.720763
iteration 6: residue = 0.021558, energy = 12510042.799311 = 12510042.799309, xb = 12514025.440559, voltage energy = 12541892.293199, gap = 23884.211389
iteration 7: residue = 0.014326, energy = 12502233.511225 = 12502233.511223, xb = 12505176.456956, voltage energy = 12518755.289863, gap = 10635.887174
iteration 8: residue = 0.009281, energy = 12498633.660089 = 12498633.660085, xb = 12500449.908566, voltage energy = 12506801.282841, gap = 4535.125794
iteration 9: residue = 0.006348, energy = 12497192.722863 = 12497192.722857, xb = 12498285.747467, voltage energy = 12501494.733678, gap = 2115.961601
iteration 10: residue = 0.004329, energy = 12496518.795805 = 12496518.795796, xb = 12497230.633211, voltage energy = 12498927.679617, gap = 985.208993
iteration 11: residue = 0.002752, energy = 12496172.157100 = 12496172.157086, xb = 12496542.811190, voltage energy = 12497314.745708, gap = 401.280414
iteration 12: residue = 0.001523, energy = 12496011.655047 = 12496011.655027, xb = 12496298.942199, voltage energy = 12496716.620375, gap = 130.391004
iteration 13: residue = 0.000971, energy = 12495963.690163 = 12495963.690135, xb = 12496123.358724, voltage energy = 12496334.400084, gap = 51.372770
iteration 14: residue = 0.000601, energy = 12495944.382358 = 12495944.382318, xb = 12496036.474883, voltage energy = 12496148.254869, gap = 19.687420
iteration 15: residue = 0.000377, energy = 12495937.160005 = 12495937.159951, xb = 12495983.421529, voltage energy = 12496037.441774, gap = 7.758667
iteration 16: residue = 0.000241, energy = 12495934.364793 = 12495934.364722, xb = 12495958.544979, voltage energy = 12495985.884347, gap = 3.159110
iteration 17: residue = 0.000168, energy = 12495933.332770 = 12495933.332682, xb = 12495946.575309, voltage energy = 12495961.286664, gap = 1.468728
iteration 18: residue = 0.000110, energy = 12495932.832664 = 12495932.832557, xb = 12495942.308547, voltage energy = 12495952.422188, gap = 0.637651
iteration 19: residue = 0.000065, energy = 12495932.583834 = 12495932.583709, xb = 12495936.880995, voltage energy = 12495941.397001, gap = 0.218720
iteration 20: residue = 0.000041, energy = 12495932.505383 = 12495932.505241, xb = 12495934.866780, voltage energy = 12495937.317350, gap = 0.089031
iteration 21: residue = 0.000033, energy = 12495932.485275 = 12495932.485120, xb = 12495934.556201, voltage energy = 12495936.683575, gap = 0.056292
iteration 22: residue = 0.000015, energy = 12495932.459775 = 12495932.459608, xb = 12495933.837241, voltage energy = 12495935.227608, gap = 0.012734
iteration 23: residue = 0.000010, energy = 12495932.455371 = 12495932.455195, xb = 12495933.243548, voltage energy = 12495934.037505, gap = 0.005604
iteration 24: residue = 0.000006, energy = 12495932.453062 = 12495932.452881, xb = 12495932.756160, voltage energy = 12495933.061174, gap = 0.001735
recursivelinesolver
iteration 0: residue = 0.384153, energy = 15465017.095066 = 15465017.095064, xb = 15455159.803858, voltage energy = 21350505.499167, gap = 5905202.986516
iteration 1: residue = 0.219741, energy = 13632773.647311 = 13632773.647310, xb = 13617950.476849, voltage energy = 15730636.459082, gap = 2127509.152695
iteration 2: residue = 0.132480, energy = 12950935.505311 = 12950935.505311, xb = 12944109.409151, voltage energy = 13753913.585267, gap = 816630.272275
iteration 3: residue = 0.082167, energy = 12682632.472080 = 12682632.472079, xb = 12684598.137514, voltage energy = 13013076.741128, gap = 326512.938180
iteration 4: residue = 0.052766, energy = 12576125.599182 = 12576125.599181, xb = 12581352.058759, voltage energy = 12724700.390756, gap = 138121.872420
iteration 5: residue = 0.033477, energy = 12529264.133433 = 12529264.133433, xb = 12534634.267373, voltage energy = 12596771.122077, gap = 56766.720763
iteration 6: residue = 0.021558, energy = 12510042.799311 = 12510042.799309, xb = 12514025.440559, voltage energy = 12541892.293199, gap = 23884.211389
iteration 7: residue = 0.014326, energy = 12502233.511225 = 12502233.511223, xb = 12505176.456956, voltage energy = 12518755.289863, gap = 10635.887174
iteration 8: residue = 0.009281, energy = 12498633.660089 = 12498633.660085, xb = 12500449.908566, voltage energy = 12506801.282841, gap = 4535.125794
iteration 9: residue = 0.006348, energy = 12497192.722863 = 12497192.722857, xb = 12498285.747467, voltage energy = 12501494.733678, gap = 2115.961601
iteration 10: residue = 0.004329, energy = 12496518.795805 = 12496518.795796, xb = 12497230.633211, voltage energy = 12498927.679617, gap = 985.208993
iteration 11: residue = 0.002752, energy = 12496172.157100 = 12496172.157086, xb = 12496542.811190, voltage energy = 12497314.745708, gap = 401.280414
iteration 12: residue = 0.001523, energy = 12496011.655047 = 12496011.655027, xb = 12496298.942199, voltage energy = 12496716.620375, gap = 130.391004
iteration 13: residue = 0.000971, energy = 12495963.690163 = 12495963.690135, xb = 12496123.358724, voltage energy = 12496334.400084, gap = 51.372770
iteration 14: residue = 0.000601, energy = 12495944.382358 = 12495944.382318, xb = 12496036.474883, voltage energy = 12496148.254869, gap = 19.687420
iteration 15: residue = 0.000377, energy = 12495937.160005 = 12495937.159951, xb = 12495983.421529, voltage energy = 12496037.441774, gap = 7.758667
iteration 16: residue = 0.000241, energy = 12495934.364793 = 12495934.364722, xb = 12495958.544979, voltage energy = 12495985.884347, gap = 3.159110
iteration 17: residue = 0.000168, energy = 12495933.332770 = 12495933.332682, xb = 12495946.575309, voltage energy = 12495961.286664, gap = 1.468728
iteration 18: residue = 0.000110, energy = 12495932.832664 = 12495932.832557, xb = 12495942.308547, voltage energy = 12495952.422188, gap = 0.637651
iteration 19: residue = 0.000065, energy = 12495932.583834 = 12495932.583709, xb = 12495936.880995, voltage energy = 12495941.397001, gap = 0.218720
iteration 20: residue = 0.000041, energy = 12495932.505383 = 12495932.505241, xb = 12495934.866780, voltage energy = 12495937.317350, gap = 0.089031
iteration 21: residue = 0.000033, energy = 12495932.485275 = 12495932.485120, xb = 12495934.556201, voltage energy = 12495936.683575, gap = 0.056292
iteration 22: residue = 0.000015, energy = 12495932.459775 = 12495932.459608, xb = 12495933.837241, voltage energy = 12495935.227608, gap = 0.012734
iteration 23: residue = 0.000010, energy = 12495932.455371 = 12495932.455195, xb = 12495933.243548, voltage energy = 12495934.037505, gap = 0.005604
iteration 24: residue = 0.000006, energy = 12495932.453062 = 12495932.452881, xb = 12495932.756160, voltage energy = 12495933.061174, gap = 0.001735
recursivelinesolver
iteration 0: residue = 0.384153, energy = 15465017.095066 = 15465017.095064, xb = 15455159.803858, voltage energy = 21350505.499167, gap = 5905202.986516
iteration 1: residue = 0.219741, energy = 13632773.647311 = 13632773.647310, xb = 13617950.476849, voltage energy = 15730636.459082, gap = 2127509.152695
iteration 2: residue = 0.132480, energy = 12950935.505311 = 12950935.505311, xb = 12944109.409151, voltage energy = 13753913.585267, gap = 816630.272275
iteration 3: residue = 0.082167, energy = 12682632.472080 = 12682632.472079, xb = 12684598.137514, voltage energy = 13013076.741128, gap = 326512.938180
iteration 4: residue = 0.052766, energy = 12576125.599182 = 12576125.599181, xb = 12581352.058759, voltage energy = 12724700.390756, gap = 138121.872420
iteration 5: residue = 0.033477, energy = 12529264.133433 = 12529264.133433, xb = 12534634.267373, voltage energy = 12596771.122077, gap = 56766.720763
iteration 6: residue = 0.021558, energy = 12510042.799311 = 12510042.799309, xb = 12514025.440559, voltage energy = 12541892.293199, gap = 23884.211389
iteration 7: residue = 0.014326, energy = 12502233.511225 = 12502233.511223, xb = 12505176.456956, voltage energy = 12518755.289863, gap = 10635.887174
iteration 8: residue = 0.009281, energy = 12498633.660089 = 12498633.660085, xb = 12500449.908566, voltage energy = 12506801.282841, gap = 4535.125794
iteration 9: residue = 0.006348, energy = 12497192.722863 = 12497192.722857, xb = 12498285.747467, voltage energy = 12501494.733678, gap = 2115.961601
iteration 10: residue = 0.004329, energy = 12496518.795805 = 12496518.795796, xb = 12497230.633211, voltage energy = 12498927.679617, gap = 985.208993
iteration 11: residue = 0.002752, energy = 12496172.157100 = 12496172.157086, xb = 12496542.811190, voltage energy = 12497314.745708, gap = 401.280414
iteration 12: residue = 0.001523, energy = 12496011.655047 = 12496011.655027, xb = 12496298.942199, voltage energy = 12496716.620375, gap = 130.391004
iteration 13: residue = 0.000971, energy = 12495963.690163 = 12495963.690135, xb = 12496123.358724, voltage energy = 12496334.400084, gap = 51.372770
iteration 14: residue = 0.000601, energy = 12495944.382358 = 12495944.382318, xb = 12496036.474883, voltage energy = 12496148.254869, gap = 19.687420
iteration 15: residue = 0.000377, energy = 12495937.160005 = 12495937.159951, xb = 12495983.421529, voltage energy = 12496037.441774, gap = 7.758667
iteration 16: residue = 0.000241, energy = 12495934.364793 = 12495934.364722, xb = 12495958.544979, voltage energy = 12495985.884347, gap = 3.159110
iteration 17: residue = 0.000168, energy = 12495933.332770 = 12495933.332682, xb = 12495946.575309, voltage energy = 12495961.286664, gap = 1.468728
iteration 18: residue = 0.000110, energy = 12495932.832664 = 12495932.832557, xb = 12495942.308547, voltage energy = 12495952.422188, gap = 0.637651
iteration 19: residue = 0.000065, energy = 12495932.583834 = 12495932.583709, xb = 12495936.880995, voltage energy = 12495941.397001, gap = 0.218720
iteration 20: residue = 0.000041, energy = 12495932.505383 = 12495932.505241, xb = 12495934.866780, voltage energy = 12495937.317350, gap = 0.089031
iteration 21: residue = 0.000033, energy = 12495932.485275 = 12495932.485120, xb = 12495934.556201, voltage energy = 12495936.683575, gap = 0.056292
iteration 22: residue = 0.000015, energy = 12495932.459775 = 12495932.459608, xb = 12495933.837241, voltage energy = 12495935.227608, gap = 0.012734
iteration 23: residue = 0.000010, energy = 12495932.455371 = 12495932.455195, xb = 12495933.243548, voltage energy = 12495934.037505, gap = 0.005604
iteration 24: residue = 0.000006, energy = 12495932.453062 = 12495932.452881, xb = 12495932.756160, voltage energy = 12495933.061174, gap = 0.001735
recursivelinesolver
iteration 0: residue = 0.384153, energy = 15465017.095066 = 15465017.095064, xb = 15455159.803858, voltage energy = 21350505.499167, gap = 5905202.986516
iteration 1: residue = 0.219741, energy = 13632773.647311 = 13632773.647310, xb = 13617950.476849, voltage energy = 15730636.459082, gap = 2127509.152695
iteration 2: residue = 0.132480, energy = 12950935.505311 = 12950935.505311, xb = 12944109.409151, voltage energy = 13753913.585267, gap = 816630.272275
iteration 3: residue = 0.082167, energy = 12682632.472080 = 12682632.472079, xb = 12684598.137514, voltage energy = 13013076.741128, gap = 326512.938180
iteration 4: residue = 0.052766, energy = 12576125.599182 = 12576125.599181, xb = 12581352.058759, voltage energy = 12724700.390756, gap = 138121.872420
iteration 5: residue = 0.033477, energy = 12529264.133433 = 12529264.133433, xb = 12534634.267373, voltage energy = 12596771.122077, gap = 56766.720763
iteration 6: residue = 0.021558, energy = 12510042.799311 = 12510042.799309, xb = 12514025.440559, voltage energy = 12541892.293199, gap = 23884.211389
iteration 7: residue = 0.014326, energy = 12502233.511225 = 12502233.511223, xb = 12505176.456956, voltage energy = 12518755.289863, gap = 10635.887174
iteration 8: residue = 0.009281, energy = 12498633.660089 = 12498633.660085, xb = 12500449.908566, voltage energy = 12506801.282841, gap = 4535.125794
iteration 9: residue = 0.006348, energy = 12497192.722863 = 12497192.722857, xb = 12498285.747467, voltage energy = 12501494.733678, gap = 2115.961601
iteration 10: residue = 0.004329, energy = 12496518.795805 = 12496518.795796, xb = 12497230.633211, voltage energy = 12498927.679617, gap = 985.208993
iteration 11: residue = 0.002752, energy = 12496172.157100 = 12496172.157086, xb = 12496542.811190, voltage energy = 12497314.745708, gap = 401.280414
iteration 12: residue = 0.001523, energy = 12496011.655047 = 12496011.655027, xb = 12496298.942199, voltage energy = 12496716.620375, gap = 130.391004
iteration 13: residue = 0.000971, energy = 12495963.690163 = 12495963.690135, xb = 12496123.358724, voltage energy = 12496334.400084, gap = 51.372770
iteration 14: residue = 0.000601, energy = 12495944.382358 = 12495944.382318, xb = 12496036.474883, voltage energy = 12496148.254869, gap = 19.687420
iteration 15: residue = 0.000377, energy = 12495937.160005 = 12495937.159951, xb = 12495983.421529, voltage energy = 12496037.441774, gap = 7.758667
iteration 16: residue = 0.000241, energy = 12495934.364793 = 12495934.364722, xb = 12495958.544979, voltage energy = 12495985.884347, gap = 3.159110
iteration 17: residue = 0.000168, energy = 12495933.332770 = 12495933.332682, xb = 12495946.575309, voltage energy = 12495961.286664, gap = 1.468728
iteration 18: residue = 0.000110, energy = 12495932.832664 = 12495932.832557, xb = 12495942.308547, voltage energy = 12495952.422188, gap = 0.637651
iteration 19: residue = 0.000065, energy = 12495932.583834 = 12495932.583709, xb = 12495936.880995, voltage energy = 12495941.397001, gap = 0.218720
iteration 20: residue = 0.000041, energy = 12495932.505383 = 12495932.505241, xb = 12495934.866780, voltage energy = 12495937.317350, gap = 0.089031
iteration 21: residue = 0.000033, energy = 12495932.485275 = 12495932.485120, xb = 12495934.556201, voltage energy = 12495936.683575, gap = 0.056292
iteration 22: residue = 0.000015, energy = 12495932.459775 = 12495932.459608, xb = 12495933.837241, voltage energy = 12495935.227608, gap = 0.012734
iteration 23: residue = 0.000010, energy = 12495932.455371 = 12495932.455195, xb = 12495933.243548, voltage energy = 12495934.037505, gap = 0.005604
iteration 24: residue = 0.000006, energy = 12495932.453062 = 12495932.452881, xb = 12495932.756160, voltage energy = 12495933.061174, gap = 0.001735
recursivelinesolver
iteration 0: residue = 0.384153, energy = 15465017.095066 = 15465017.095064, xb = 15455159.803858, voltage energy = 21350505.499167, gap = 5905202.986516
iteration 1: residue = 0.219741, energy = 13632773.647311 = 13632773.647310, xb = 13617950.476849, voltage energy = 15730636.459082, gap = 2127509.152695
iteration 2: residue = 0.132480, energy = 12950935.505311 = 12950935.505311, xb = 12944109.409151, voltage energy = 13753913.585267, gap = 816630.272275
iteration 3: residue = 0.082167, energy = 12682632.472080 = 12682632.472079, xb = 12684598.137514, voltage energy = 13013076.741128, gap = 326512.938180
iteration 4: residue = 0.052766, energy = 12576125.599182 = 12576125.599181, xb = 12581352.058759, voltage energy = 12724700.390756, gap = 138121.872420
iteration 5: residue = 0.033477, energy = 12529264.133433 = 12529264.133433, xb = 12534634.267373, voltage energy = 12596771.122077, gap = 56766.720763
iteration 6: residue = 0.021558, energy = 12510042.799311 = 12510042.799309, xb = 12514025.440559, voltage energy = 12541892.293199, gap = 23884.211389
iteration 7: residue = 0.014326, energy = 12502233.511225 = 12502233.511223, xb = 12505176.456956, voltage energy = 12518755.289863, gap = 10635.887174
iteration 8: residue = 0.009281, energy = 12498633.660089 = 12498633.660085, xb = 12500449.908566, voltage energy = 12506801.282841, gap = 4535.125794
iteration 9: residue = 0.006348, energy = 12497192.722863 = 12497192.722857, xb = 12498285.747467, voltage energy = 12501494.733678, gap = 2115.961601
iteration 10: residue = 0.004329, energy = 12496518.795805 = 12496518.795796, xb = 12497230.633211, voltage energy = 12498927.679617, gap = 985.208993
iteration 11: residue = 0.002752, energy = 12496172.157100 = 12496172.157086, xb = 12496542.811190, voltage energy = 12497314.745708, gap = 401.280414
iteration 12: residue = 0.001523, energy = 12496011.655047 = 12496011.655027, xb = 12496298.942199, voltage energy = 12496716.620375, gap = 130.391004
iteration 13: residue = 0.000971, energy = 12495963.690163 = 12495963.690135, xb = 12496123.358724, voltage energy = 12496334.400084, gap = 51.372770
iteration 14: residue = 0.000601, energy = 12495944.382358 = 12495944.382318, xb = 12496036.474883, voltage energy = 12496148.254869, gap = 19.687420
iteration 15: residue = 0.000377, energy = 12495937.160005 = 12495937.159951, xb = 12495983.421529, voltage energy = 12496037.441774, gap = 7.758667
iteration 16: residue = 0.000241, energy = 12495934.364793 = 12495934.364722, xb = 12495958.544979, voltage energy = 12495985.884347, gap = 3.159110
iteration 17: residue = 0.000168, energy = 12495933.332770 = 12495933.332682, xb = 12495946.575309, voltage energy = 12495961.286664, gap = 1.468728
iteration 18: residue = 0.000110, energy = 12495932.832664 = 12495932.832557, xb = 12495942.308547, voltage energy = 12495952.422188, gap = 0.637651
iteration 19: residue = 0.000065, energy = 12495932.583834 = 12495932.583709, xb = 12495936.880995, voltage energy = 12495941.397001, gap = 0.218720
iteration 20: residue = 0.000041, energy = 12495932.505383 = 12495932.505241, xb = 12495934.866780, voltage energy = 12495937.317350, gap = 0.089031
iteration 21: residue = 0.000033, energy = 12495932.485275 = 12495932.485120, xb = 12495934.556201, voltage energy = 12495936.683575, gap = 0.056292
iteration 22: residue = 0.000015, energy = 12495932.459775 = 12495932.459608, xb = 12495933.837241, voltage energy = 12495935.227608, gap = 0.012734
iteration 23: residue = 0.000010, energy = 12495932.455371 = 12495932.455195, xb = 12495933.243548, voltage energy = 12495934.037505, gap = 0.005604
iteration 24: residue = 0.000006, energy = 12495932.453062 = 12495932.452881, xb = 12495932.756160, voltage energy = 12495933.061174, gap = 0.001735
recursivelinesolver
iteration 0: residue = 0.384153, energy = 15465017.095066 = 15465017.095064, xb = 15455159.803858, voltage energy = 21350505.499167, gap = 5905202.986516
iteration 1: residue = 0.219741, energy = 13632773.647311 = 13632773.647310, xb = 13617950.476849, voltage energy = 15730636.459082, gap = 2127509.152695
iteration 2: residue = 0.132480, energy = 12950935.505311 = 12950935.505311, xb = 12944109.409151, voltage energy = 13753913.585267, gap = 816630.272275
iteration 3: residue = 0.082167, energy = 12682632.472080 = 12682632.472079, xb = 12684598.137514, voltage energy = 13013076.741128, gap = 326512.938180
iteration 4: residue = 0.052766, energy = 12576125.599182 = 12576125.599181, xb = 12581352.058759, voltage energy = 12724700.390756, gap = 138121.872420
iteration 5: residue = 0.033477, energy = 12529264.133433 = 12529264.133433, xb = 12534634.267373, voltage energy = 12596771.122077, gap = 56766.720763
iteration 6: residue = 0.021558, energy = 12510042.799311 = 12510042.799309, xb = 12514025.440559, voltage energy = 12541892.293199, gap = 23884.211389
iteration 7: residue = 0.014326, energy = 12502233.511225 = 12502233.511223, xb = 12505176.456956, voltage energy = 12518755.289863, gap = 10635.887174
iteration 8: residue = 0.009281, energy = 12498633.660089 = 12498633.660085, xb = 12500449.908566, voltage energy = 12506801.282841, gap = 4535.125794
iteration 9: residue = 0.006348, energy = 12497192.722863 = 12497192.722857, xb = 12498285.747467, voltage energy = 12501494.733678, gap = 2115.961601
iteration 10: residue = 0.004329, energy = 12496518.795805 = 12496518.795796, xb = 12497230.633211, voltage energy = 12498927.679617, gap = 985.208993
iteration 11: residue = 0.002752, energy = 12496172.157100 = 12496172.157086, xb = 12496542.811190, voltage energy = 12497314.745708, gap = 401.280414
iteration 12: residue = 0.001523, energy = 12496011.655047 = 12496011.655027, xb = 12496298.942199, voltage energy = 12496716.620375, gap = 130.391004
iteration 13: residue = 0.000971, energy = 12495963.690163 = 12495963.690135, xb = 12496123.358724, voltage energy = 12496334.400084, gap = 51.372770
iteration 14: residue = 0.000601, energy = 12495944.382358 = 12495944.382318, xb = 12496036.474883, voltage energy = 12496148.254869, gap = 19.687420
iteration 15: residue = 0.000377, energy = 12495937.160005 = 12495937.159951, xb = 12495983.421529, voltage energy = 12496037.441774, gap = 7.758667
iteration 16: residue = 0.000241, energy = 12495934.364793 = 12495934.364722, xb = 12495958.544979, voltage energy = 12495985.884347, gap = 3.159110
iteration 17: residue = 0.000168, energy = 12495933.332770 = 12495933.332682, xb = 12495946.575309, voltage energy = 12495961.286664, gap = 1.468728
iteration 18: residue = 0.000110, energy = 12495932.832664 = 12495932.832557, xb = 12495942.308547, voltage energy = 12495952.422188, gap = 0.637651
iteration 19: residue = 0.000065, energy = 12495932.583834 = 12495932.583709, xb = 12495936.880995, voltage energy = 12495941.397001, gap = 0.218720
iteration 20: residue = 0.000041, energy = 12495932.505383 = 12495932.505241, xb = 12495934.866780, voltage energy = 12495937.317350, gap = 0.089031
iteration 21: residue = 0.000033, energy = 12495932.485275 = 12495932.485120, xb = 12495934.556201, voltage energy = 12495936.683575, gap = 0.056292
iteration 22: residue = 0.000015, energy = 12495932.459775 = 12495932.459608, xb = 12495933.837241, voltage energy = 12495935.227608, gap = 0.012734
iteration 23: residue = 0.000010, energy = 12495932.455371 = 12495932.455195, xb = 12495933.243548, voltage energy = 12495934.037505, gap = 0.005604
iteration 24: residue = 0.000006, energy = 12495932.453062 = 12495932.452881, xb = 12495932.756160, voltage energy = 12495933.061174, gap = 0.001735
recursivelinesolver
iteration 0: residue = 0.384153, energy = 15465017.095066 = 15465017.095064, xb = 15455159.803858, voltage energy = 21350505.499167, gap = 5905202.986516
iteration 1: residue = 0.219741, energy = 13632773.647311 = 13632773.647310, xb = 13617950.476849, voltage energy = 15730636.459082, gap = 2127509.152695
iteration 2: residue = 0.132480, energy = 12950935.505311 = 12950935.505311, xb = 12944109.409151, voltage energy = 13753913.585267, gap = 816630.272275
iteration 3: residue = 0.082167, energy = 12682632.472080 = 12682632.472079, xb = 12684598.137514, voltage energy = 13013076.741128, gap = 326512.938180
iteration 4: residue = 0.052766, energy = 12576125.599182 = 12576125.599181, xb = 12581352.058759, voltage energy = 12724700.390756, gap = 138121.872420
iteration 5: residue = 0.033477, energy = 12529264.133433 = 12529264.133433, xb = 12534634.267373, voltage energy = 12596771.122077, gap = 56766.720763
iteration 6: residue = 0.021558, energy = 12510042.799311 = 12510042.799309, xb = 12514025.440559, voltage energy = 12541892.293199, gap = 23884.211389
iteration 7: residue = 0.014326, energy = 12502233.511225 = 12502233.511223, xb = 12505176.456956, voltage energy = 12518755.289863, gap = 10635.887174
iteration 8: residue = 0.009281, energy = 12498633.660089 = 12498633.660085, xb = 12500449.908566, voltage energy = 12506801.282841, gap = 4535.125794
iteration 9: residue = 0.006348, energy = 12497192.722863 = 12497192.722857, xb = 12498285.747467, voltage energy = 12501494.733678, gap = 2115.961601
iteration 10: residue = 0.004329, energy = 12496518.795805 = 12496518.795796, xb = 12497230.633211, voltage energy = 12498927.679617, gap = 985.208993
iteration 11: residue = 0.002752, energy = 12496172.157100 = 12496172.157086, xb = 12496542.811190, voltage energy = 12497314.745708, gap = 401.280414
iteration 12: residue = 0.001523, energy = 12496011.655047 = 12496011.655027, xb = 12496298.942199, voltage energy = 12496716.620375, gap = 130.391004
iteration 13: residue = 0.000971, energy = 12495963.690163 = 12495963.690135, xb = 12496123.358724, voltage energy = 12496334.400084, gap = 51.372770
iteration 14: residue = 0.000601, energy = 12495944.382358 = 12495944.382318, xb = 12496036.474883, voltage energy = 12496148.254869, gap = 19.687420
iteration 15: residue = 0.000377, energy = 12495937.160005 = 12495937.159951, xb = 12495983.421529, voltage energy = 12496037.441774, gap = 7.758667
iteration 16: residue = 0.000241, energy = 12495934.364793 = 12495934.364722, xb = 12495958.544979, voltage energy = 12495985.884347, gap = 3.159110
iteration 17: residue = 0.000168, energy = 12495933.332770 = 12495933.332682, xb = 12495946.575309, voltage energy = 12495961.286664, gap = 1.468728
iteration 18: residue = 0.000110, energy = 12495932.832664 = 12495932.832557, xb = 12495942.308547, voltage energy = 12495952.422188, gap = 0.637651
iteration 19: residue = 0.000065, energy = 12495932.583834 = 12495932.583709, xb = 12495936.880995, voltage energy = 12495941.397001, gap = 0.218720
iteration 20: residue = 0.000041, energy = 12495932.505383 = 12495932.505241, xb = 12495934.866780, voltage energy = 12495937.317350, gap = 0.089031
iteration 21: residue = 0.000033, energy = 12495932.485275 = 12495932.485120, xb = 12495934.556201, voltage energy = 12495936.683575, gap = 0.056292
iteration 22: residue = 0.000015, energy = 12495932.459775 = 12495932.459608, xb = 12495933.837241, voltage energy = 12495935.227608, gap = 0.012734
iteration 23: residue = 0.000010, energy = 12495932.455371 = 12495932.455195, xb = 12495933.243548, voltage energy = 12495934.037505, gap = 0.005604
iteration 24: residue = 0.000006, energy = 12495932.453062 = 12495932.452881, xb = 12495932.756160, voltage energy = 12495933.061174, gap = 0.001735
recursivetreesolver
residual 3.841530e-01
residual 2.197405e-01
residual 1.324797e-01
residual 8.216692e-02
residual 5.276635e-02
residual 3.347703e-02
residual 2.155776e-02
residual 1.432571e-02
residual 9.281135e-03
residual 6.348352e-03
residual 4.328784e-03
residual 2.751701e-03
residual 1.522631e-03
residual 9.714131e-04
residual 6.012360e-04
residual 3.768627e-04
residual 2.405926e-04
residual 1.684578e-04
residual 1.098381e-04
residual 6.462104e-05
residual 4.074976e-05
residual 3.338623e-05
residual 1.503849e-05
residual 1.013787e-05
residual 5.547773e-06
recursivetreesolver
residual 3.841530e-01
residual 2.197405e-01
residual 1.324797e-01
residual 8.216692e-02
residual 5.276635e-02
residual 3.347703e-02
residual 2.155776e-02
residual 1.432571e-02
residual 9.281135e-03
residual 6.348352e-03
residual 4.328784e-03
residual 2.751701e-03
residual 1.522631e-03
residual 9.714131e-04
residual 6.012360e-04
residual 3.768627e-04
residual 2.405926e-04
residual 1.684578e-04
residual 1.098381e-04
residual 6.462104e-05
residual 4.074976e-05
residual 3.338623e-05
residual 1.503849e-05
residual 1.013787e-05
residual 5.547773e-06
recursivetreesolver
residual 3.841530e-01
residual 2.197405e-01
residual 1.324797e-01
residual 8.216692e-02
residual 5.276635e-02
residual 3.347703e-02
residual 2.155776e-02
residual 1.432571e-02
residual 9.281135e-03
residual 6.348352e-03
residual 4.328784e-03
residual 2.751701e-03
residual 1.522631e-03
residual 9.714131e-04
residual 6.012360e-04
residual 3.768627e-04
residual 2.405926e-04
residual 1.684578e-04
residual 1.098381e-04
residual 6.462104e-05
residual 4.074976e-05
residual 3.338623e-05
residual 1.503849e-05
residual 1.013787e-05
residual 5.547773e-06
recursivetreesolver
residual 3.841530e-01
residual 2.197405e-01
residual 1.324797e-01
residual 8.216692e-02
residual 5.276635e-02
residual 3.347703e-02
residual 2.155776e-02
residual 1.432571e-02
residual 9.281135e-03
residual 6.348352e-03
residual 4.328784e-03
residual 2.751701e-03
residual 1.522631e-03
residual 9.714131e-04
residual 6.012360e-04
residual 3.768627e-04
residual 2.405926e-04
residual 1.684578e-04
residual 1.098381e-04
residual 6.462104e-05
residual 4.074976e-05
residual 3.338623e-05
residual 1.503849e-05
residual 1.013787e-05
residual 5.547773e-06
recursivetreesolver
residual 3.841530e-01
residual 2.197405e-01
residual 1.324797e-01
residual 8.216692e-02
residual 5.276635e-02
residual 3.347703e-02
residual 2.155776e-02
residual 1.432571e-02
residual 9.281135e-03
residual 6.348352e-03
residual 4.328784e-03
residual 2.751701e-03
residual 1.522631e-03
residual 9.714131e-04
residual 6.012360e-04
residual 3.768627e-04
residual 2.405926e-04
residual 1.684578e-04
residual 1.098381e-04
residual 6.462104e-05
residual 4.074976e-05
residual 3.338623e-05
residual 1.503849e-05
residual 1.013787e-05
residual 5.547773e-06
recursivetreesolver
residual 3.841530e-01
residual 2.197405e-01
residual 1.324797e-01
residual 8.216692e-02
residual 5.276635e-02
residual 3.347703e-02
residual 2.155776e-02
residual 1.432571e-02
residual 9.281135e-03
residual 6.348352e-03
residual 4.328784e-03
residual 2.751701e-03
residual 1.522631e-03
residual 9.714131e-04
residual 6.012360e-04
residual 3.768627e-04
residual 2.405926e-04
residual 1.684578e-04
residual 1.098381e-04
residual 6.462104e-05
residual 4.074976e-05
residual 3.338623e-05
residual 1.503849e-05
residual 1.013787e-05
residual 5.547773e-06
recursivetreesolver
residual 3.841530e-01
residual 2.197405e-01
residual 1.324797e-01
residual 8.216692e-02
residual 5.276635e-02
residual 3.347703e-02
residual 2.155776e-02
residual 1.432571e-02
residual 9.281135e-03
residual 6.348352e-03
residual 4.328784e-03
residual 2.751701e-03
residual 1.522631e-03
residual 9.714131e-04
residual 6.012360e-04
residual 3.768627e-04
residual 2.405926e-04
residual 1.684578e-04
residual 1.098381e-04
residual 6.462104e-05
residual 4.074976e-05
residual 3.338623e-05
residual 1.503849e-05
residual 1.013787e-05
residual 5.547773e-06
recursivetreesolver
residual 3.841530e-01
residual 2.197405e-01
residual 1.324797e-01
residual 8.216692e-02
residual 5.276635e-02
residual 3.347703e-02
residual 2.155776e-02
residual 1.432571e-02
residual 9.281135e-03
residual 6.348352e-03
residual 4.328784e-03
residual 2.751701e-03
residual 1.522631e-03
residual 9.714131e-04
residual 6.012360e-04
residual 3.768627e-04
residual 2.405926e-04
residual 1.684578e-04
residual 1.098381e-04
residual 6.462104e-05
residual 4.074976e-05
residual 3.338623e-05
residual 1.503849e-05
residual 1.013787e-05
residual 5.547773e-06
recursivetreesolver
residual 3.841530e-01
residual 2.197405e-01
residual 1.324797e-01
residual 8.216692e-02
residual 5.276635e-02
residual 3.347703e-02
residual 2.155776e-02
residual 1.432571e-02
residual 9.281135e-03
residual 6.348352e-03
residual 4.328784e-03
residual 2.751701e-03
residual 1.522631e-03
residual 9.714131e-04
residual 6.012360e-04
residual 3.768627e-04
residual 2.405926e-04
residual 1.684578e-04
residual 1.098381e-04
residual 6.462104e-05
residual 4.074976e-05
residual 3.338623e-05
residual 1.503849e-05
residual 1.013787e-05
residual 5.547773e-06
recursivetreesolver
residual 3.841530e-01
residual 2.197405e-01
residual 1.324797e-01
residual 8.216692e-02
residual 5.276635e-02
residual 3.347703e-02
residual 2.155776e-02
residual 1.432571e-02
residual 9.281135e-03
residual 6.348352e-03
residual 4.328784e-03
residual 2.751701e-03
residual 1.522631e-03
residual 9.714131e-04
residual 6.012360e-04
residual 3.768627e-04
residual 2.405926e-04
residual 1.684578e-04
residual 1.098381e-04
residual 6.462104e-05
residual 4.074976e-05
residual 3.338623e-05
residual 1.503849e-05
residual 1.013787e-05
residual 5.547773e-06
