*** NetworKit Unit Tests *** 
Note: Google Test filter = *.solveMtx
[==========] Running 1 test from 1 test case.
[----------] Global test environment set-up.
[----------] 1 test from LaplacianSolverBenchmark
[ RUN      ] LaplacianSolverBenchmark.solveMtx
seed: 2624171707
40000
1
root: 18000
Readed spanning tree form tree.txt
init finished
begin: main
Iter 0, Residual:1433.98
Iter 40000, Residual:61.5989
Iter 80000, Residual:29.0105
Iter 120000, Residual:23.6857
Iter 160000, Residual:21.9941
Iter 200000, Residual:12.9402
Iter 240000, Residual:12.163
Iter 280000, Residual:12.2476
Iter 320000, Residual:15.129
Iter 360000, Residual:10.0682
Iter 400000, Residual:8.79817
Iter 440000, Residual:8.16989
Iter 480000, Residual:7.48809
Iter 520000, Residual:8.07091
Iter 560000, Residual:6.91032
Iter 600000, Residual:6.82904
Iter 640000, Residual:6.60051
Iter 680000, Residual:6.3732
Iter 720000, Residual:5.94242
Iter 760000, Residual:5.03231
Iter 800000, Residual:6.06591
Iter 840000, Residual:9.22191
Iter 880000, Residual:5.43599
Iter 920000, Residual:4.46145
Iter 960000, Residual:4.28744
Iter 1000000, Residual:4.4477
Iter 1040000, Residual:4.86051
Iter 1080000, Residual:4.20497
Iter 1120000, Residual:3.54305
Iter 1160000, Residual:3.982
Iter 1200000, Residual:4.8863
Iter 1240000, Residual:4.02271
Iter 1280000, Residual:4.04511
Iter 1320000, Residual:3.49729
Iter 1360000, Residual:3.60148
Iter 1400000, Residual:3.20044
Iter 1440000, Residual:3.25916
Iter 1480000, Residual:3.02848
Iter 1520000, Residual:2.93451
Iter 1560000, Residual:3.34854
Iter 1600000, Residual:3.14394
Iter 1640000, Residual:3.09492
Iter 1680000, Residual:3.65803
Iter 1720000, Residual:2.94575
Iter 1760000, Residual:2.68226
Iter 1800000, Residual:2.67593
Iter 1840000, Residual:3.22398
Iter 1880000, Residual:2.60824
Iter 1920000, Residual:2.46759
Iter 1960000, Residual:2.46138
Iter 2000000, Residual:2.46863
Iter 2040000, Residual:2.60768
Iter 2080000, Residual:2.5642
Iter 2120000, Residual:2.62286
Iter 2160000, Residual:3.01769
Iter 2200000, Residual:3.01118
Iter 2240000, Residual:2.36358
Iter 2280000, Residual:2.03706
Iter 2320000, Residual:2.01496
Iter 2360000, Residual:2.20476
Iter 2400000, Residual:2.16115
Iter 2440000, Residual:1.9989
Iter 2480000, Residual:2.04187
Iter 2520000, Residual:2.10962
Iter 2560000, Residual:1.91671
Iter 2600000, Residual:1.82919
Iter 2640000, Residual:2.18734
Iter 2680000, Residual:1.89577
Iter 2720000, Residual:2.25405
Iter 2760000, Residual:1.95318
Iter 2800000, Residual:1.91866
Iter 2840000, Residual:1.67628
Iter 2880000, Residual:1.80745
Iter 2920000, Residual:1.77964
Iter 2960000, Residual:1.58124
Iter 3000000, Residual:1.63641
Iter 3040000, Residual:1.55227
Iter 3080000, Residual:1.72541
Iter 3120000, Residual:1.56799
Iter 3160000, Residual:1.65286
Iter 3200000, Residual:1.59385
Iter 3240000, Residual:1.62995
Iter 3280000, Residual:2.07907
Iter 3320000, Residual:1.61363
Iter 3360000, Residual:1.31704
Iter 3400000, Residual:1.51858
Iter 3440000, Residual:1.33081
Iter 3480000, Residual:1.62566
Iter 3520000, Residual:1.57164
Iter 3560000, Residual:1.37848
Iter 3600000, Residual:1.51182
Iter 3640000, Residual:1.77104
Iter 3680000, Residual:1.29423
Iter 3720000, Residual:1.38797
Iter 3760000, Residual:1.47603
Iter 3800000, Residual:1.29831
Iter 3840000, Residual:1.38309
Iter 3880000, Residual:1.19971
Iter 3920000, Residual:1.12536
Iter 3960000, Residual:1.12854
Iter 4000000, Residual:1.14259
Iter 4040000, Residual:1.79741
Iter 4080000, Residual:1.48457
Iter 4120000, Residual:1.67018
Iter 4160000, Residual:1.41524
Iter 4200000, Residual:1.06701
Iter 4240000, Residual:0.978114
Iter 4280000, Residual:1.19368
Iter 4320000, Residual:0.977497
Iter 4360000, Residual:1.15588
Iter 4400000, Residual:0.983333
Iter 4440000, Residual:1.22674
Iter 4480000, Residual:1.15217
Iter 4520000, Residual:0.867214
Iter 4560000, Residual:0.865403
Iter 4600000, Residual:1.00755
Iter 4640000, Residual:0.841594
Iter 4680000, Residual:0.899243
Iter 4720000, Residual:0.878755
Iter 4760000, Residual:0.861376
Iter 4800000, Residual:0.841592
Iter 4840000, Residual:0.883917
Iter 4880000, Residual:1.14449
Iter 4920000, Residual:0.80393
Iter 4960000, Residual:0.825474
Iter 5000000, Residual:0.855741
Iter 5040000, Residual:0.749744
Iter 5080000, Residual:0.748627
Iter 5120000, Residual:0.812735
Iter 5160000, Residual:0.851719
Iter 5200000, Residual:0.868075
Iter 5240000, Residual:0.680779
Iter 5280000, Residual:0.741879
Iter 5320000, Residual:0.739572
Iter 5360000, Residual:0.865788
Iter 5400000, Residual:0.657245
Iter 5440000, Residual:0.644902
Iter 5480000, Residual:0.687845
Iter 5520000, Residual:0.844524
Iter 5560000, Residual:0.744623
Iter 5600000, Residual:0.643911
Iter 5640000, Residual:0.617492
Iter 5680000, Residual:0.83529
Iter 5720000, Residual:0.594302
Iter 5760000, Residual:0.626842
Iter 5800000, Residual:0.670856
Iter 5840000, Residual:0.637684
Iter 5880000, Residual:0.68295
Iter 5920000, Residual:0.650647
Iter 5960000, Residual:0.56236
Iter 6000000, Residual:0.591119
Iter 6040000, Residual:0.578388
Iter 6080000, Residual:0.683959
Iter 6120000, Residual:0.617349
Iter 6160000, Residual:0.542037
Iter 6200000, Residual:0.550563
Iter 6240000, Residual:0.532257
Iter 6280000, Residual:0.641226
Iter 6320000, Residual:0.553219
Iter 6360000, Residual:0.554223
Iter 6400000, Residual:0.533891
Iter 6440000, Residual:0.543196
Iter 6480000, Residual:0.512409
Iter 6520000, Residual:0.53035
Iter 6560000, Residual:0.540446
Iter 6600000, Residual:0.542986
Iter 6640000, Residual:0.511669
Iter 6680000, Residual:0.53312
Iter 6720000, Residual:0.485281
Iter 6760000, Residual:0.490476
Iter 6800000, Residual:0.487667
Iter 6840000, Residual:0.467706
Iter 6880000, Residual:0.466691
Iter 6920000, Residual:0.455144
Iter 6960000, Residual:0.468066
Iter 7000000, Residual:0.442289
Iter 7040000, Residual:0.430283
Iter 7080000, Residual:0.41691
Iter 7120000, Residual:0.503861
Iter 7160000, Residual:0.42492
Iter 7200000, Residual:0.496753
Iter 7240000, Residual:0.595013
Iter 7280000, Residual:0.394077
Iter 7320000, Residual:0.39713
Iter 7360000, Residual:0.375122
Iter 7400000, Residual:0.401517
Iter 7440000, Residual:0.396944
Iter 7480000, Residual:0.377932
Iter 7520000, Residual:0.463901
Iter 7560000, Residual:0.405215
Iter 7600000, Residual:0.373115
Iter 7640000, Residual:0.383663
Iter 7680000, Residual:0.39195
Iter 7720000, Residual:0.371303
Iter 7760000, Residual:0.359186
Iter 7800000, Residual:0.42913
Iter 7840000, Residual:0.344133
Iter 7880000, Residual:0.33758
Iter 7920000, Residual:0.33787
Iter 7960000, Residual:0.330329
Iter 8000000, Residual:0.569093
Iter 8040000, Residual:0.330833
Iter 8080000, Residual:0.365783
Iter 8120000, Residual:0.307632
Iter 8160000, Residual:0.382174
Iter 8200000, Residual:0.359342
Iter 8240000, Residual:0.316334
Iter 8280000, Residual:0.380535
Iter 8320000, Residual:0.279503
Iter 8360000, Residual:0.285105
Iter 8400000, Residual:0.338875
Iter 8440000, Residual:0.271565
Iter 8480000, Residual:0.30015
Iter 8520000, Residual:0.368181
Iter 8560000, Residual:0.278499
Iter 8600000, Residual:0.311107
Iter 8640000, Residual:0.328543
Iter 8680000, Residual:0.251738
Iter 8720000, Residual:0.294134
Iter 8760000, Residual:0.294269
Iter 8800000, Residual:0.289447
Iter 8840000, Residual:0.270135
Iter 8880000, Residual:0.251894
Iter 8920000, Residual:0.255165
Iter 8960000, Residual:0.256829
Iter 9000000, Residual:0.257446
Iter 9040000, Residual:0.25033
Iter 9080000, Residual:0.256653
Iter 9120000, Residual:0.361787
Iter 9160000, Residual:0.246196
Iter 9200000, Residual:0.246789
Iter 9240000, Residual:0.24387
Iter 9280000, Residual:0.261554
Iter 9320000, Residual:0.248242
Iter 9360000, Residual:0.277044
Iter 9400000, Residual:0.239162
Iter 9440000, Residual:0.276615
Iter 9480000, Residual:0.236305
Iter 9520000, Residual:0.247431
Iter 9560000, Residual:0.219902
Iter 9600000, Residual:0.19838
Iter 9640000, Residual:0.206971
Iter 9680000, Residual:0.208834
Iter 9720000, Residual:0.229102
Iter 9760000, Residual:0.206662
Iter 9800000, Residual:0.219722
Iter 9840000, Residual:0.202958
Iter 9880000, Residual:0.196157
Iter 9920000, Residual:0.214059
Iter 9960000, Residual:0.243686
Iter 10000000, Residual:0.198293
Iter 10040000, Residual:0.228372
Iter 10080000, Residual:0.215661
Iter 10120000, Residual:0.19468
Iter 10160000, Residual:0.200834
Iter 10200000, Residual:0.187618
Iter 10240000, Residual:0.204115
Iter 10280000, Residual:0.180484
Iter 10320000, Residual:0.180724
Iter 10360000, Residual:0.197748
Iter 10400000, Residual:0.190975
Iter 10440000, Residual:0.18412
Iter 10480000, Residual:0.17152
Iter 10520000, Residual:0.180349
Iter 10560000, Residual:0.227961
Iter 10600000, Residual:0.176112
Iter 10640000, Residual:0.180579
Iter 10680000, Residual:0.179775
Iter 10720000, Residual:0.17115
Iter 10760000, Residual:0.248633
Iter 10800000, Residual:0.192699
Iter 10840000, Residual:0.163227
Iter 10880000, Residual:0.205108
Iter 10920000, Residual:0.165979
Iter 10960000, Residual:0.167133
Iter 11000000, Residual:0.158893
Iter 11040000, Residual:0.170728
Iter 11080000, Residual:0.178284
Iter 11120000, Residual:0.159242
Iter 11160000, Residual:0.19028
Iter 11200000, Residual:0.158127
Iter 11240000, Residual:0.166413
Iter 11280000, Residual:0.166525
Iter 11320000, Residual:0.155943
Iter 11360000, Residual:0.16931
Iter 11400000, Residual:0.173617
Iter 11440000, Residual:0.153926
Iter 11480000, Residual:0.148627
Iter 11520000, Residual:0.187206
Iter 11560000, Residual:0.169859
Iter 11600000, Residual:0.160063
Iter 11640000, Residual:0.150767
Iter 11680000, Residual:0.15747
Iter 11720000, Residual:0.158578
Iter 11760000, Residual:0.143565
Iter 11800000, Residual:0.138528
Iter 11840000, Residual:0.128694
Iter 11880000, Residual:0.138588
Iter 11920000, Residual:0.136345
Iter 11960000, Residual:0.122079
Iter 12000000, Residual:0.125171
Iter 12040000, Residual:0.140823
Iter 12080000, Residual:0.175852
Iter 12120000, Residual:0.129077
Iter 12160000, Residual:0.195824
Iter 12200000, Residual:0.147041
Iter 12240000, Residual:0.117885
Iter 12280000, Residual:0.122836
Iter 12320000, Residual:0.121483
Iter 12360000, Residual:0.117455
Iter 12400000, Residual:0.120942
Iter 12440000, Residual:0.121155
Iter 12480000, Residual:0.114894
Iter 12520000, Residual:0.118554
Iter 12560000, Residual:0.109494
Iter 12600000, Residual:0.115934
Iter 12640000, Residual:0.120577
Iter 12680000, Residual:0.117835
Iter 12720000, Residual:0.10846
Iter 12760000, Residual:0.116549
Iter 12800000, Residual:0.099726
Iter 12840000, Residual:0.121638
Iter 12880000, Residual:0.100992
Iter 12920000, Residual:0.113414
Iter 12960000, Residual:0.103646
Iter 13000000, Residual:0.112741
Iter 13040000, Residual:0.100756
Iter 13080000, Residual:0.133408
Iter 13120000, Residual:0.114552
Iter 13160000, Residual:0.0959663
Iter 13200000, Residual:0.103415
Iter 13240000, Residual:0.0911534
Iter 13280000, Residual:0.0949533
Iter 13320000, Residual:0.0974834
Iter 13360000, Residual:0.0902529
Iter 13400000, Residual:0.092263
Iter 13440000, Residual:0.0907374
Iter 13480000, Residual:0.0865751
Iter 13520000, Residual:0.0976621
Iter 13560000, Residual:0.084887
Iter 13600000, Residual:0.0838938
Iter 13640000, Residual:0.0908934
Iter 13680000, Residual:0.0933844
Iter 13720000, Residual:0.0889457
Iter 13760000, Residual:0.0921458
Iter 13800000, Residual:0.09121
Iter 13840000, Residual:0.0917108
Iter 13880000, Residual:0.101476
Iter 13920000, Residual:0.089568
Iter 13960000, Residual:0.0891635
Iter 14000000, Residual:0.0936561
Iter 14040000, Residual:0.0854787
Iter 14080000, Residual:0.0843414
Iter 14120000, Residual:0.0821386
Iter 14160000, Residual:0.0801829
Iter 14200000, Residual:0.0897671
Iter 14240000, Residual:0.0832647
Iter 14280000, Residual:0.0842753
Iter 14320000, Residual:0.0813733
Iter 14360000, Residual:0.0792386
Iter 14400000, Residual:0.084774
Iter 14440000, Residual:0.0814517
Iter 14480000, Residual:0.0865792
Iter 14520000, Residual:0.0834546
Iter 14560000, Residual:0.0760908
Iter 14600000, Residual:0.0740803
Iter 14640000, Residual:0.0786745
Iter 14680000, Residual:0.0730167
Iter 14720000, Residual:0.100973
Iter 14760000, Residual:0.0782532
Iter 14800000, Residual:0.0973552
Iter 14840000, Residual:0.0768994
Iter 14880000, Residual:0.0791921
Iter 14920000, Residual:0.0678372
Iter 14960000, Residual:0.0698728
Iter 15000000, Residual:0.0670033
Iter 15040000, Residual:0.0650815
Iter 15080000, Residual:0.0752766
Iter 15120000, Residual:0.0618191
Iter 15160000, Residual:0.0678626
Iter 15200000, Residual:0.0639156
Iter 15240000, Residual:0.0637246
Iter 15280000, Residual:0.0618708
Iter 15320000, Residual:0.0694792
Iter 15360000, Residual:0.0634123
Iter 15400000, Residual:0.0821446
Iter 15440000, Residual:0.0543145
Iter 15480000, Residual:0.0585004
Iter 15520000, Residual:0.0574119
Iter 15560000, Residual:0.0585564
Iter 15600000, Residual:0.0589473
Iter 15640000, Residual:0.0637464
Iter 15680000, Residual:0.0586167
Iter 15720000, Residual:0.0548189
Iter 15760000, Residual:0.0585353
Iter 15800000, Residual:0.0557558
Iter 15840000, Residual:0.0560025
Iter 15880000, Residual:0.0586302
Iter 15920000, Residual:0.0536696
Iter 15960000, Residual:0.052053
Iter 16000000, Residual:0.0551707
Iter 16040000, Residual:0.05349
Iter 16080000, Residual:0.0570374
Iter 16120000, Residual:0.0551168
Iter 16160000, Residual:0.0525683
Iter 16200000, Residual:0.0608837
Iter 16240000, Residual:0.0552705
Iter 16280000, Residual:0.0475328
Iter 16320000, Residual:0.0451903
Iter 16360000, Residual:0.0521712
Iter 16400000, Residual:0.053004
Iter 16440000, Residual:0.0460642
Iter 16480000, Residual:0.0463184
Iter 16520000, Residual:0.0476938
Iter 16560000, Residual:0.047221
Iter 16600000, Residual:0.0468366
Iter 16640000, Residual:0.0455785
Iter 16680000, Residual:0.0508062
Iter 16720000, Residual:0.0420119
Iter 16760000, Residual:0.0452144
Iter 16800000, Residual:0.0471358
Iter 16840000, Residual:0.0435459
Iter 16880000, Residual:0.0431051
Iter 16920000, Residual:0.0438144
Iter 16960000, Residual:0.042448
Iter 17000000, Residual:0.0437901
Iter 17040000, Residual:0.0418055
Iter 17080000, Residual:0.0443992
Iter 17120000, Residual:0.0500091
Iter 17160000, Residual:0.0400445
Iter 17200000, Residual:0.042731
Iter 17240000, Residual:0.0412021
Iter 17280000, Residual:0.0406427
Iter 17320000, Residual:0.0437002
Iter 17360000, Residual:0.0371716
Iter 17400000, Residual:0.0403396
Iter 17440000, Residual:0.0439202
Iter 17480000, Residual:0.0401608
Iter 17520000, Residual:0.044822
Iter 17560000, Residual:0.0385897
Iter 17600000, Residual:0.0383722
Iter 17640000, Residual:0.0398263
Iter 17680000, Residual:0.0391833
Iter 17720000, Residual:0.0365443
Iter 17760000, Residual:0.0383778
Iter 17800000, Residual:0.0406877
Iter 17840000, Residual:0.0388351
Iter 17880000, Residual:0.0359501
Iter 17920000, Residual:0.0382985
Iter 17960000, Residual:0.0380622
Iter 18000000, Residual:0.0363452
Iter 18040000, Residual:0.0414814
Iter 18080000, Residual:0.0354103
Iter 18120000, Residual:0.0416737
Iter 18160000, Residual:0.0335878
Iter 18200000, Residual:0.0389131
Iter 18240000, Residual:0.0384955
Iter 18280000, Residual:0.0345058
Iter 18320000, Residual:0.0351877
Iter 18360000, Residual:0.0373784
Iter 18400000, Residual:0.0349633
Iter 18440000, Residual:0.034487
Iter 18480000, Residual:0.0352149
Iter 18520000, Residual:0.0397373
Iter 18560000, Residual:0.0353712
Iter 18600000, Residual:0.0334871
Iter 18640000, Residual:0.0336692
Iter 18680000, Residual:0.0328835
Iter 18720000, Residual:0.033299
Iter 18760000, Residual:0.0344162
Iter 18800000, Residual:0.0368488
Iter 18840000, Residual:0.0371386
Iter 18880000, Residual:0.0337089
Iter 18920000, Residual:0.0363878
Iter 18960000, Residual:0.040116
Iter 19000000, Residual:0.0350966
Iter 19040000, Residual:0.0353742
Iter 19080000, Residual:0.0335927
Iter 19120000, Residual:0.0327534
Iter 19160000, Residual:0.0343799
Iter 19200000, Residual:0.0330964
Iter 19240000, Residual:0.0350417
Iter 19280000, Residual:0.0340308
Iter 19320000, Residual:0.0350308
Iter 19360000, Residual:0.0316034
Iter 19400000, Residual:0.0325445
Iter 19440000, Residual:0.0316698
Iter 19480000, Residual:0.0309495
Iter 19520000, Residual:0.0323096
Iter 19560000, Residual:0.0320483
Iter 19600000, Residual:0.03188
Iter 19640000, Residual:0.0305657
Iter 19680000, Residual:0.0302426
Iter 19720000, Residual:0.0307966
Iter 19760000, Residual:0.0302505
Iter 19800000, Residual:0.0340621
Iter 19840000, Residual:0.0313722
Iter 19880000, Residual:0.0302035
Iter 19920000, Residual:0.0286669
Iter 19960000, Residual:0.0292902
Iter 20000000, Residual:0.0308109
Iter 20040000, Residual:0.0294141
Iter 20080000, Residual:0.0300895
Iter 20120000, Residual:0.0283901
Iter 20160000, Residual:0.0305466
Iter 20200000, Residual:0.0291138
Iter 20240000, Residual:0.0291767
Iter 20280000, Residual:0.0285549
Iter 20320000, Residual:0.0282988
Iter 20360000, Residual:0.029331
Iter 20400000, Residual:0.0326749
Iter 20440000, Residual:0.0281917
Iter 20480000, Residual:0.0276494
Iter 20520000, Residual:0.0290912
Iter 20560000, Residual:0.0296944
Iter 20600000, Residual:0.0272865
Iter 20640000, Residual:0.0277302
Iter 20680000, Residual:0.0285272
Iter 20720000, Residual:0.0273739
Iter 20760000, Residual:0.0271279
Iter 20800000, Residual:0.0284677
Iter 20840000, Residual:0.0269478
Iter 20880000, Residual:0.0274814
Iter 20920000, Residual:0.0297506
Iter 20960000, Residual:0.029381
Iter 21000000, Residual:0.0293294
Iter 21040000, Residual:0.0277471
Iter 21080000, Residual:0.0262399
Iter 21120000, Residual:0.0263682
Iter 21160000, Residual:0.0270171
Iter 21200000, Residual:0.0268403
Iter 21240000, Residual:0.0263195
Iter 21280000, Residual:0.0258927
Iter 21320000, Residual:0.0263802
Iter 21360000, Residual:0.0262669
Iter 21400000, Residual:0.0258926
Iter 21440000, Residual:0.0273287
Iter 21480000, Residual:0.0263984
Iter 21520000, Residual:0.0257207
Iter 21560000, Residual:0.0264921
Iter 21600000, Residual:0.0256948
Iter 21640000, Residual:0.0272042
Iter 21680000, Residual:0.0259805
Iter 21720000, Residual:0.0263849
Iter 21760000, Residual:0.0252954
Iter 21800000, Residual:0.0257945
Iter 21840000, Residual:0.0256037
Iter 21880000, Residual:0.0257978
Iter 21920000, Residual:0.026584
Iter 21960000, Residual:0.0255124
Iter 22000000, Residual:0.0254894
Iter 22040000, Residual:0.0343493
Iter 22080000, Residual:0.0258504
Iter 22120000, Residual:0.0250087
Iter 22160000, Residual:0.0245756
Iter 22200000, Residual:0.0254998
Iter 22240000, Residual:0.0259999
Iter 22280000, Residual:0.025315
Iter 22320000, Residual:0.028744
Iter 22360000, Residual:0.0244844
Iter 22400000, Residual:0.0253176
Iter 22440000, Residual:0.0245766
Iter 22480000, Residual:0.0249445
Iter 22520000, Residual:0.0256119
Iter 22560000, Residual:0.0272473
Iter 22600000, Residual:0.0259893
Iter 22640000, Residual:0.0262278
Iter 22680000, Residual:0.0254634
Iter 22720000, Residual:0.0322813
Iter 22760000, Residual:0.0243374
Iter 22800000, Residual:0.0236154
Iter 22840000, Residual:0.0239381
Iter 22880000, Residual:0.0239867
Iter 22920000, Residual:0.0269989
Iter 22960000, Residual:0.0248827
Iter 23000000, Residual:0.0236161
Iter 23040000, Residual:0.0238216
Iter 23080000, Residual:0.0234981
Iter 23120000, Residual:0.0240315
Iter 23160000, Residual:0.0236904
Iter 23200000, Residual:0.0237155
Iter 23240000, Residual:0.022658
Iter 23280000, Residual:0.0226242
Iter 23320000, Residual:0.0228612
Iter 23360000, Residual:0.0232472
Iter 23400000, Residual:0.02282
Iter 23440000, Residual:0.0233696
Iter 23480000, Residual:0.0223818
Iter 23520000, Residual:0.0235633
Iter 23560000, Residual:0.022005
Iter 23600000, Residual:0.0222499
Iter 23640000, Residual:0.0223053
Iter 23680000, Residual:0.0217371
Iter 23720000, Residual:0.0226587
Iter 23760000, Residual:0.0226631
Iter 23800000, Residual:0.0219254
Iter 23840000, Residual:0.0218639
Iter 23880000, Residual:0.0224469
Iter 23920000, Residual:0.0306843
Iter 23960000, Residual:0.02293
Iter 24000000, Residual:0.0218939
Iter 24040000, Residual:0.0218473
Iter 24080000, Residual:0.0221887
Iter 24120000, Residual:0.0219138
Iter 24160000, Residual:0.0215317
Iter 24200000, Residual:0.023387
Iter 24240000, Residual:0.021389
Iter 24280000, Residual:0.0219082
Iter 24320000, Residual:0.0214019
Iter 24360000, Residual:0.0432981
Iter 24400000, Residual:0.0374146
Iter 24440000, Residual:0.0227789
Iter 24480000, Residual:0.0243809
Iter 24520000, Residual:0.0203634
Iter 24560000, Residual:0.0201634
Iter 24600000, Residual:0.0189162
Iter 24640000, Residual:0.0192969
Iter 24680000, Residual:0.01893
Iter 24720000, Residual:0.0183189
Iter 24760000, Residual:0.0170176
Iter 24800000, Residual:0.0194798
Iter 24840000, Residual:0.0148615
Iter 24880000, Residual:0.0138675
Iter 24920000, Residual:0.012983
Iter 24960000, Residual:0.0122552
Iter 25000000, Residual:0.0136936
Iter 25040000, Residual:0.0133618
Iter 25080000, Residual:0.0147719
Iter 25120000, Residual:0.012314
Iter 25160000, Residual:0.0109977
Iter 25200000, Residual:0.0109762
Iter 25240000, Residual:0.0122893
Iter 25280000, Residual:0.0112373
Iter 25320000, Residual:0.0118788
Iter 25360000, Residual:0.0109372
Iter 25400000, Residual:0.0115166
Iter 25440000, Residual:0.0105639
Iter 25480000, Residual:0.0157202
Iter 25520000, Residual:0.0133301
Iter 25560000, Residual:0.0119838
Iter 25600000, Residual:0.0108017
Iter 25640000, Residual:0.010017
Iter 25680000, Residual:0.0103138
Iter 25720000, Residual:0.0113297
Iter 25760000, Residual:0.0107978
Iter 25800000, Residual:0.0101669
Iter 25840000, Residual:0.0102738
Iter 25880000, Residual:0.0104185
Iter 25920000, Residual:0.0105543
Iter 25960000, Residual:0.0135771
Iter 26000000, Residual:0.00981107
Iter 26040000, Residual:0.00955274
Iter 26080000, Residual:0.00883043
Iter 26120000, Residual:0.00899586
Iter 26160000, Residual:0.00910605
Iter 26200000, Residual:0.0105541
Iter 26240000, Residual:0.00977925
Iter 26280000, Residual:0.00967097
Iter 26320000, Residual:0.00976802
Iter 26360000, Residual:0.0096435
Iter 26400000, Residual:0.00918719
Iter 26440000, Residual:0.00937483
Iter 26480000, Residual:0.00992807
Iter 26520000, Residual:0.00863931
Iter 26560000, Residual:0.00924374
Iter 26600000, Residual:0.00916109
Iter 26640000, Residual:0.00937498
Iter 26680000, Residual:0.00845324
Iter 26720000, Residual:0.00846681
Iter 26760000, Residual:0.0152862
Iter 26800000, Residual:0.0154577
Iter 26840000, Residual:0.00871099
Iter 26880000, Residual:0.00843945
Iter 26920000, Residual:0.00821671
Iter 26960000, Residual:0.010428
Iter 27000000, Residual:0.00914439
Iter 27040000, Residual:0.00867947
Iter 27080000, Residual:0.00890882
Iter 27120000, Residual:0.00828821
Iter 27160000, Residual:0.00853303
Iter 27200000, Residual:0.0115873
Iter 27240000, Residual:0.00838389
Iter 27280000, Residual:0.00855353
Iter 27320000, Residual:0.00774361
Iter 27360000, Residual:0.00742181
Iter 27400000, Residual:0.00920435
Iter 27440000, Residual:0.00786665
Iter 27480000, Residual:0.00754506
Iter 27520000, Residual:0.00778091
Iter 27560000, Residual:0.00745836
Iter 27600000, Residual:0.00853878
Iter 27640000, Residual:0.00699677
Iter 27680000, Residual:0.00736248
Iter 27720000, Residual:0.00705598
Iter 27760000, Residual:0.00740362
Iter 27800000, Residual:0.006529
Iter 27840000, Residual:0.00697199
Iter 27880000, Residual:0.00724851
Iter 27920000, Residual:0.00693904
Iter 27960000, Residual:0.00777207
Iter 28000000, Residual:0.00680936
Iter 28040000, Residual:0.00688017
Iter 28080000, Residual:0.00633924
Iter 28120000, Residual:0.0063047
Iter 28160000, Residual:0.00645187
Iter 28200000, Residual:0.00623514
Iter 28240000, Residual:0.00659958
Iter 28280000, Residual:0.00625918
Iter 28320000, Residual:0.00810152
Iter 28360000, Residual:0.00629329
Iter 28400000, Residual:0.00631184
Iter 28440000, Residual:0.00614764
Iter 28480000, Residual:0.00633509
Iter 28520000, Residual:0.00892932
Iter 28560000, Residual:0.00619201
Iter 28600000, Residual:0.00579184
Iter 28640000, Residual:0.00583726
Iter 28680000, Residual:0.00690014
Iter 28720000, Residual:0.00633004
Iter 28760000, Residual:0.00590566
Iter 28800000, Residual:0.00582353
Iter 28840000, Residual:0.00551553
Iter 28880000, Residual:0.00560652
Iter 28920000, Residual:0.00560829
Iter 28960000, Residual:0.00599499
Iter 29000000, Residual:0.0056116
Iter 29040000, Residual:0.00567618
Iter 29080000, Residual:0.00576844
Iter 29120000, Residual:0.00567136
Iter 29160000, Residual:0.00564707
Iter 29200000, Residual:0.00578866
Iter 29240000, Residual:0.006296
Iter 29280000, Residual:0.00559556
Iter 29320000, Residual:0.00554164
Iter 29360000, Residual:0.00537423
Iter 29400000, Residual:0.00608064
Iter 29440000, Residual:0.0128104
Iter 29480000, Residual:0.00554233
Iter 29520000, Residual:0.00554249
Iter 29560000, Residual:0.00564757
Iter 29600000, Residual:0.00544932
Iter 29640000, Residual:0.0054511
Iter 29680000, Residual:0.00549846
Iter 29720000, Residual:0.00534937
Iter 29760000, Residual:0.00530367
Iter 29800000, Residual:0.00530723
Iter 29840000, Residual:0.00677331
Iter 29880000, Residual:0.0054317
Iter 29920000, Residual:0.0104321
Iter 29960000, Residual:0.00677714
Iter 30000000, Residual:0.00593117
Iter 30040000, Residual:0.00564806
Iter 30080000, Residual:0.00578726
Iter 30120000, Residual:0.00574053
Iter 30160000, Residual:0.00580776
Iter 30200000, Residual:0.00590041
Iter 30240000, Residual:0.00562271
Iter 30280000, Residual:0.00511537
Iter 30320000, Residual:0.00601488
Iter 30360000, Residual:0.00567538
Iter 30400000, Residual:0.00456102
Iter 30440000, Residual:0.00615702
Iter 30480000, Residual:0.00483704
Iter 30520000, Residual:0.00422817
Iter 30560000, Residual:0.00392397
Iter 30600000, Residual:0.00379964
Iter 30640000, Residual:0.00390222
Iter 30680000, Residual:0.00392329
Iter 30720000, Residual:0.00392564
Iter 30760000, Residual:0.00396815
Iter 30800000, Residual:0.00387334
Iter 30840000, Residual:0.0038107
Iter 30880000, Residual:0.00387319
Iter 30920000, Residual:0.00372599
Iter 30960000, Residual:0.00354674
Iter 31000000, Residual:0.00351656
Iter 31040000, Residual:0.00349524
Iter 31080000, Residual:0.00619997
Iter 31120000, Residual:0.00441484
Iter 31160000, Residual:0.00383542
Iter 31200000, Residual:0.00379772
Iter 31240000, Residual:0.0039656
Iter 31280000, Residual:0.00345908
Iter 31320000, Residual:0.00349911
Iter 31360000, Residual:0.00325031
Iter 31400000, Residual:0.00385728
Iter 31440000, Residual:0.00423897
Iter 31480000, Residual:0.00363228
Iter 31520000, Residual:0.00351933
Iter 31560000, Residual:0.00335307
Iter 31600000, Residual:0.00338032
Iter 31640000, Residual:0.00353183
Iter 31680000, Residual:0.00339419
Iter 31720000, Residual:0.00325057
Iter 31760000, Residual:0.00311327
Iter 31800000, Residual:0.012871
Iter 31840000, Residual:0.00347538
Iter 31880000, Residual:0.00331239
Iter 31920000, Residual:0.0031295
Iter 31960000, Residual:0.00280971
Iter 32000000, Residual:0.00278176
Iter 32040000, Residual:0.00264677
Iter 32080000, Residual:0.00266877
Iter 32120000, Residual:0.00329892
Iter 32160000, Residual:0.0025821
Iter 32200000, Residual:0.00257505
Iter 32240000, Residual:0.00253074
Iter 32280000, Residual:0.00266277
Iter 32320000, Residual:0.00260017
Iter 32360000, Residual:0.00244168
Iter 32400000, Residual:0.00233169
Iter 32440000, Residual:0.00249241
Iter 32480000, Residual:0.00235847
Iter 32520000, Residual:0.00224825
Iter 32560000, Residual:0.00234144
Iter 32600000, Residual:0.00255093
Iter 32640000, Residual:0.00246434
Iter 32680000, Residual:0.00247663
Iter 32720000, Residual:0.00236669
Iter 32760000, Residual:0.00231132
Iter 32800000, Residual:0.00250323
Iter 32840000, Residual:0.00212307
Iter 32880000, Residual:0.00214655
Iter 32920000, Residual:0.00220376
Iter 32960000, Residual:0.00214086
Iter 33000000, Residual:0.00210169
Iter 33040000, Residual:0.0021382
Iter 33080000, Residual:0.0025314
Iter 33120000, Residual:0.00221819
Iter 33160000, Residual:0.00256869
Iter 33200000, Residual:0.00295231
Iter 33240000, Residual:0.00232148
Iter 33280000, Residual:0.00217861
Iter 33320000, Residual:0.00243575
Iter 33360000, Residual:0.0023007
Iter 33400000, Residual:0.00243534
Iter 33440000, Residual:0.0023264
Iter 33480000, Residual:0.00218774
Iter 33520000, Residual:0.00227434
Iter 33560000, Residual:0.00216288
Iter 33600000, Residual:0.00231506
Iter 33640000, Residual:0.00231392
Iter 33680000, Residual:0.00232126
Iter 33720000, Residual:0.00210524
Iter 33760000, Residual:0.00218718
Iter 33800000, Residual:0.00227213
Iter 33840000, Residual:0.0020781
Iter 33880000, Residual:0.00223869
Iter 33920000, Residual:0.00215535
Iter 33960000, Residual:0.00208476
Iter 34000000, Residual:0.00224432
Iter 34040000, Residual:0.00201662
Iter 34080000, Residual:0.00196222
Iter 34120000, Residual:0.00208796
Iter 34160000, Residual:0.00198573
Iter 34200000, Residual:0.00194812
Iter 34240000, Residual:0.00193404
Iter 34280000, Residual:0.00205091
Iter 34320000, Residual:0.00204415
Iter 34360000, Residual:0.00231432
Iter 34400000, Residual:0.00220241
Iter 34440000, Residual:0.0022374
Iter 34480000, Residual:0.00232688
Iter 34520000, Residual:0.00202327
Iter 34560000, Residual:0.00211659
Iter 34600000, Residual:0.00193315
Iter 34640000, Residual:0.00196609
Iter 34680000, Residual:0.00196987
Iter 34720000, Residual:0.00190432
Iter 34760000, Residual:0.00259436
Iter 34800000, Residual:0.00219389
Iter 34840000, Residual:0.0020901
Iter 34880000, Residual:0.00217415
Iter 34920000, Residual:0.00206337
Iter 34960000, Residual:0.00204703
Iter 35000000, Residual:0.00203649
Iter 35040000, Residual:0.00196209
Iter 35080000, Residual:0.00203177
Iter 35120000, Residual:0.00194894
Iter 35160000, Residual:0.00194258
Iter 35200000, Residual:0.00194907
Iter 35240000, Residual:0.00191438
Iter 35280000, Residual:0.00187284
Iter 35320000, Residual:0.0019796
Iter 35360000, Residual:0.00194622
Iter 35400000, Residual:0.00186991
Iter 35440000, Residual:0.0018536
Iter 35480000, Residual:0.00188432
Iter 35520000, Residual:0.00188654
Iter 35560000, Residual:0.00192199
Iter 35600000, Residual:0.00195724
Iter 35640000, Residual:0.00178775
Iter 35680000, Residual:0.00180062
Iter 35720000, Residual:0.0018055
Iter 35760000, Residual:0.00176817
Iter 35800000, Residual:0.00172254
Iter 35840000, Residual:0.00163453
Iter 35880000, Residual:0.00174333
Iter 35920000, Residual:0.00161083
Iter 35960000, Residual:0.00165644
Iter 36000000, Residual:0.00172848
Iter 36040000, Residual:0.0015815
Iter 36080000, Residual:0.00154416
Iter 36120000, Residual:0.00157867
Iter 36160000, Residual:0.0015617
Iter 36200000, Residual:0.00167783
Iter 36240000, Residual:0.00167162
Iter 36280000, Residual:0.00191471
Iter 36320000, Residual:0.00189985
Iter 36360000, Residual:0.001627
Iter 36400000, Residual:0.00167767
Iter 36440000, Residual:0.00164941
Iter 36480000, Residual:0.00163536
Iter 36520000, Residual:0.00167159
Iter 36560000, Residual:0.00166293
Iter 36600000, Residual:0.00169688
Iter 36640000, Residual:0.00164506
Iter 36680000, Residual:0.00168613
Iter 36720000, Residual:0.0016002
Iter 36760000, Residual:0.00159951
Iter 36800000, Residual:0.00164033
Iter 36840000, Residual:0.00157384
Iter 36880000, Residual:0.00161626
Iter 36920000, Residual:0.00156967
Iter 36960000, Residual:0.00158413
Iter 37000000, Residual:0.00186778
Iter 37040000, Residual:0.00198352
Iter 37080000, Residual:0.00195282
Iter 37120000, Residual:0.00174425
Iter 37160000, Residual:0.0015361
Iter 37200000, Residual:0.00161086
Iter 37240000, Residual:0.00163375
Iter 37280000, Residual:0.00156957
Iter 37320000, Residual:0.0018308
Iter 37360000, Residual:0.00153813
Iter 37400000, Residual:0.00150679
Iter 37440000, Residual:0.00148872
Iter 37480000, Residual:0.0015126
Iter 37520000, Residual:0.00159712
Iter 37560000, Residual:0.00163981
Iter 37600000, Residual:0.00179591
Iter 37640000, Residual:0.00182128
Iter 37680000, Residual:0.00165932
Iter 37720000, Residual:0.00165634
Iter 37760000, Residual:0.00163019
Iter 37800000, Residual:0.00174464
Iter 37840000, Residual:0.0016099
Iter 37880000, Residual:0.00179822
Iter 37920000, Residual:0.00167613
Iter 37960000, Residual:0.0016343
Iter 38000000, Residual:0.00162053
Iter 38040000, Residual:0.00159866
Iter 38080000, Residual:0.00156614
Iter 38120000, Residual:0.00152845
Iter 38160000, Residual:0.00151924
Iter 38200000, Residual:0.0015514
Iter 38240000, Residual:0.00152122
Iter 38280000, Residual:0.0016045
Iter 38320000, Residual:0.00150241
Iter 38360000, Residual:0.00148487
Iter 38400000, Residual:0.00150874
Iter 38440000, Residual:0.00149194
Iter 38480000, Residual:0.00146075
Iter 38520000, Residual:0.00146089
Iter 38560000, Residual:0.00149289
Iter 38600000, Residual:0.00150066
Iter 38640000, Residual:0.00146079
Iter 38680000, Residual:0.00148181
Iter 38720000, Residual:0.00146269
Iter 38760000, Residual:0.00148261
Iter 38800000, Residual:0.00147929
Iter 38840000, Residual:0.00150221
Iter 38880000, Residual:0.00151958
Iter 38920000, Residual:0.00145542
Iter 38960000, Residual:0.00146566
Iter 39000000, Residual:0.00152788
Iter 39040000, Residual:0.00147896
Iter 39080000, Residual:0.00149793
Iter 39120000, Residual:0.00144406
Iter 39160000, Residual:0.00149439
Iter 39200000, Residual:0.001481
Iter 39240000, Residual:0.00158588
Iter 39280000, Residual:0.0014283
Iter 39320000, Residual:0.00141944
Iter 39360000, Residual:0.00141261
Iter 39400000, Residual:0.00138871
Iter 39440000, Residual:0.00143407
Iter 39480000, Residual:0.00142411
Iter 39520000, Residual:0.00138555
Iter 39560000, Residual:0.0013684
Iter 39600000, Residual:0.00137994
Iter 39640000, Residual:0.00143783
Iter 39680000, Residual:0.00138451
Iter 39720000, Residual:0.00137514
Iter 39760000, Residual:0.00135224
Iter 39800000, Residual:0.00135526
Iter 39840000, Residual:0.00135001
Iter 39880000, Residual:0.00143976
Iter 39920000, Residual:0.00144263
Iter 39960000, Residual:0.00142281
Iter 40000000, Residual:0.00143059
Iter 40040000, Residual:0.0014225
Iter 40080000, Residual:0.00144034
Iter 40120000, Residual:0.0014195
Iter 40160000, Residual:0.00149573
Iter 40200000, Residual:0.00147498
Iter 40240000, Residual:0.00148166
Iter 40280000, Residual:0.00145661
Iter 40320000, Residual:0.00146342
Iter 40360000, Residual:0.00146871
Iter 40400000, Residual:0.0014928
Iter 40440000, Residual:0.00148802
Iter 40480000, Residual:0.00149699
Iter 40520000, Residual:0.00148659
Iter 40560000, Residual:0.00148818
Iter 40600000, Residual:0.00145914
Iter 40640000, Residual:0.00145357
Iter 40680000, Residual:0.00146363
Iter 40720000, Residual:0.00152056
Iter 40760000, Residual:0.00188952
Iter 40800000, Residual:0.00137494
Iter 40840000, Residual:0.000904551
Iter 40880000, Residual:0.00118296
Iter 40920000, Residual:0.000958958
Iter 40960000, Residual:0.000869118
Iter 41000000, Residual:0.000922703
Iter 41040000, Residual:0.000889863
Iter 41080000, Residual:0.000882549
Iter 41120000, Residual:0.000813643
Iter 41160000, Residual:0.000797616
Iter 41200000, Residual:0.000844305
Iter 41240000, Residual:0.000803114
Iter 41280000, Residual:0.000824068
Iter 41320000, Residual:0.00084412
Iter 41360000, Residual:0.000836749
Iter 41400000, Residual:0.000825515
Iter 41440000, Residual:0.00105817
Iter 41480000, Residual:0.000831531
Iter 41520000, Residual:0.000836653
Iter 41560000, Residual:0.000886875
Iter 41600000, Residual:0.000835847
Iter 41640000, Residual:0.000816387
Iter 41680000, Residual:0.000806076
Iter 41720000, Residual:0.00117563
Iter 41760000, Residual:0.00075053
Iter 41800000, Residual:0.000793626
Iter 41840000, Residual:0.000727717
Iter 41880000, Residual:0.000729647
Iter 41920000, Residual:0.000744326
Iter 41960000, Residual:0.00069987
Iter 42000000, Residual:0.000813215
Iter 42040000, Residual:0.000744155
Iter 42080000, Residual:0.000695527
Iter 42120000, Residual:0.000763341
Iter 42160000, Residual:0.000724582
Iter 42200000, Residual:0.000730428
Iter 42240000, Residual:0.000718945
Iter 42280000, Residual:0.000695318
Iter 42320000, Residual:0.000679712
Iter 42360000, Residual:0.000707807
Iter 42400000, Residual:0.000741073
Iter 42440000, Residual:0.000691751
Iter 42480000, Residual:0.00069397
Iter 42520000, Residual:0.000787958
Iter 42560000, Residual:0.000768185
Iter 42600000, Residual:0.000750226
Iter 42640000, Residual:0.000767548
Iter 42680000, Residual:0.000756979
Iter 42720000, Residual:0.000737584
Iter 42760000, Residual:0.000723672
Iter 42800000, Residual:0.000713376
Iter 42840000, Residual:0.000719493
Iter 42880000, Residual:0.000713003
Iter 42920000, Residual:0.000716826
Iter 42960000, Residual:0.000724495
Iter 43000000, Residual:0.00070911
Iter 43040000, Residual:0.000695178
Iter 43080000, Residual:0.000748867
Iter 43120000, Residual:0.000728781
Iter 43160000, Residual:0.000707412
Iter 43200000, Residual:0.000718659
Iter 43240000, Residual:0.000721051
Iter 43280000, Residual:0.000716014
Iter 43320000, Residual:0.000852284
Iter 43360000, Residual:0.000786488
Iter 43400000, Residual:0.000771538
Iter 43440000, Residual:0.000782019
Iter 43480000, Residual:0.000753395
Iter 43520000, Residual:0.000750578
Iter 43560000, Residual:0.000759846
Iter 43600000, Residual:0.000719095
Iter 43640000, Residual:0.000725255
Iter 43680000, Residual:0.000700317
Iter 43720000, Residual:0.000697498
Iter 43760000, Residual:0.000724894
Iter 43800000, Residual:0.0007228
Iter 43840000, Residual:0.000711683
Iter 43880000, Residual:0.000719757
Iter 43920000, Residual:0.000712585
Iter 43960000, Residual:0.00138846
Iter 44000000, Residual:0.000454749
Iter 44040000, Residual:0.000435075
Iter 44080000, Residual:0.000503758
Iter 44120000, Residual:0.000469431
Iter 44160000, Residual:0.000432513
Iter 44200000, Residual:0.000516146
Iter 44240000, Residual:0.000428585
Iter 44280000, Residual:0.00041446
Iter 44320000, Residual:0.000427332
Iter 44360000, Residual:0.000412285
Iter 44400000, Residual:0.000418265
Iter 44440000, Residual:0.00042277
Iter 44480000, Residual:0.000366131
Iter 44520000, Residual:0.000367419
Iter 44560000, Residual:0.000446143
Iter 44600000, Residual:0.000343261
Iter 44640000, Residual:0.000354523
Iter 44680000, Residual:0.000350645
Iter 44720000, Residual:0.00034473
Iter 44760000, Residual:0.000347173
Iter 44800000, Residual:0.000328896
Iter 44840000, Residual:0.00034752
Iter 44880000, Residual:0.00033766
Iter 44920000, Residual:0.000346665
Iter 44960000, Residual:0.000346351
Iter 45000000, Residual:0.000330535
Iter 45040000, Residual:0.00032321
Iter 45080000, Residual:0.00034459
Iter 45120000, Residual:0.000327304
Iter 45160000, Residual:0.000330006
Iter 45200000, Residual:0.000338876
Iter 45240000, Residual:0.000320575
Iter 45280000, Residual:0.000324399
Iter 45320000, Residual:0.000321093
Iter 45360000, Residual:0.000309075
Iter 45400000, Residual:0.000314012
Iter 45440000, Residual:0.000303863
Iter 45480000, Residual:0.000305331
Iter 45520000, Residual:0.000314334
Iter 45560000, Residual:0.000329069
Iter 45600000, Residual:0.000318867
Iter 45640000, Residual:0.000320112
Iter 45680000, Residual:0.000317102
Iter 45720000, Residual:0.000308355
Iter 45760000, Residual:0.000401188
Iter 45800000, Residual:0.000304278
Iter 45840000, Residual:0.000318559
Iter 45880000, Residual:0.000344284
Iter 45920000, Residual:0.000316011
Iter 45960000, Residual:0.000315335
Iter 46000000, Residual:0.000317421
Iter 46040000, Residual:0.000323756
Iter 46080000, Residual:0.000308965
Iter 46120000, Residual:0.000381087
Iter 46160000, Residual:0.000347233
Iter 46200000, Residual:0.000382766
Iter 46240000, Residual:0.00033833
Iter 46280000, Residual:0.000315402
Iter 46320000, Residual:0.00031742
Iter 46360000, Residual:0.000302768
Iter 46400000, Residual:0.000304178
Iter 46440000, Residual:0.00030337
Iter 46480000, Residual:0.000289587
Iter 46520000, Residual:0.000288975
Iter 46560000, Residual:0.000307149
Iter 46600000, Residual:0.000292718
Iter 46640000, Residual:0.000291714
Iter 46680000, Residual:0.000286101
Iter 46720000, Residual:0.000295573
Iter 46760000, Residual:0.000287391
Iter 46800000, Residual:0.000304063
Iter 46840000, Residual:0.000298634
Iter 46880000, Residual:0.00046814
Iter 46920000, Residual:0.000318658
Iter 46960000, Residual:0.00029519
Iter 47000000, Residual:0.000441782
Iter 47040000, Residual:0.000388578
Iter 47080000, Residual:0.000515848
Iter 47120000, Residual:0.00044039
Iter 47160000, Residual:0.000419851
Iter 47200000, Residual:0.000654808
Iter 47240000, Residual:0.000313607
Iter 47280000, Residual:0.000311366
Iter 47320000, Residual:0.000282168
Iter 47360000, Residual:0.000271746
Iter 47400000, Residual:0.000259508
Iter 47440000, Residual:0.000243698
Iter 47480000, Residual:0.000241431
Iter 47520000, Residual:0.000247023
Iter 47560000, Residual:0.000229722
Iter 47600000, Residual:0.000262748
Iter 47640000, Residual:0.000232856
Iter 47680000, Residual:0.000278121
Iter 47720000, Residual:0.000237675
Iter 47760000, Residual:0.000254296
Iter 47800000, Residual:0.000214131
Iter 47840000, Residual:0.000203055
Iter 47880000, Residual:0.000219687
Iter 47920000, Residual:0.000199857
Iter 47960000, Residual:0.000426787
Iter 48000000, Residual:0.000326756
Iter 48040000, Residual:0.000302689
Iter 48080000, Residual:0.000298663
Iter 48120000, Residual:0.00030518
Iter 48160000, Residual:0.000281929
Iter 48200000, Residual:0.00025913
Iter 48240000, Residual:0.000254862
Iter 48280000, Residual:0.000264929
Iter 48320000, Residual:0.00036213
Iter 48360000, Residual:0.000261488
Iter 48400000, Residual:0.000256372
Iter 48440000, Residual:0.000297255
Iter 48480000, Residual:0.000270945
Iter 48520000, Residual:0.000314668
Iter 48560000, Residual:0.000234886
Iter 48600000, Residual:0.000210638
Iter 48640000, Residual:0.000223566
Iter 48680000, Residual:0.00022161
Iter 48720000, Residual:0.000228317
Iter 48760000, Residual:0.000203625
Iter 48800000, Residual:0.000225563
Iter 48840000, Residual:0.000201282
Iter 48880000, Residual:0.000198677
Iter 48920000, Residual:0.000196123
Iter 48960000, Residual:0.000196017
Iter 49000000, Residual:0.000203886
Iter 49040000, Residual:0.000218174
Iter 49080000, Residual:0.000197208
Iter 49120000, Residual:0.00023954
Iter 49160000, Residual:0.000187736
Iter 49200000, Residual:0.00019309
Iter 49240000, Residual:0.000188536
Iter 49280000, Residual:0.000211296
Iter 49320000, Residual:0.000206725
Iter 49360000, Residual:0.000195636
Iter 49400000, Residual:0.000206001
Iter 49440000, Residual:0.000195379
Iter 49480000, Residual:0.000192199
Iter 49520000, Residual:0.000194013
Iter 49560000, Residual:0.000194518
Iter 49600000, Residual:0.000187413
Iter 49640000, Residual:0.000374253
Iter 49680000, Residual:0.000283816
Iter 49720000, Residual:0.000231155
Iter 49760000, Residual:0.000228952
Iter 49800000, Residual:0.000219286
Iter 49840000, Residual:0.000169679
Iter 49880000, Residual:0.000165199
Iter 49920000, Residual:0.000165243
Iter 49960000, Residual:0.000156301
Iter 50000000, Residual:0.000168821
Iter 50040000, Residual:0.000152515
Iter 50080000, Residual:0.000147498
Iter 50120000, Residual:0.000231061
Iter 50160000, Residual:0.000176779
Iter 50200000, Residual:0.000160888
Iter 50240000, Residual:0.000164762
Iter 50280000, Residual:0.000152993
Iter 50320000, Residual:0.000266348
Iter 50360000, Residual:0.000247676
Iter 50400000, Residual:0.000218012
Iter 50440000, Residual:0.00017241
Iter 50480000, Residual:0.000166011
Iter 50520000, Residual:0.000157136
Iter 50560000, Residual:0.000156894
Iter 50600000, Residual:0.000151046
Iter 50640000, Residual:0.000292984
Iter 50680000, Residual:0.000205391
Iter 50720000, Residual:0.000159122
Iter 50760000, Residual:0.000187636
Iter 50800000, Residual:0.000162203
Iter 50840000, Residual:0.000172626
Iter 50880000, Residual:0.000175325
Iter 50920000, Residual:0.000159759
Iter 50960000, Residual:0.000223162
Iter 51000000, Residual:0.000150291
Iter 51040000, Residual:0.000149478
Iter 51080000, Residual:0.000164997
Iter 51120000, Residual:0.000178362
Iter 51160000, Residual:0.00015284
Iter 51200000, Residual:0.00015238
Iter 51240000, Residual:0.000143886
Iter 51280000, Residual:0.000159959
Iter 51320000, Residual:0.000153777
Iter 51360000, Residual:0.000184765
Iter 51400000, Residual:0.000141169
Iter 51440000, Residual:0.000159895
Iter 51480000, Residual:0.000136832
Iter 51520000, Residual:0.000129867
Iter 51560000, Residual:0.00013535
Iter 51600000, Residual:0.000133112
Iter 51640000, Residual:0.000135083
Iter 51680000, Residual:0.000139111
Iter 51720000, Residual:0.00013002
Iter 51760000, Residual:0.000134217
Iter 51800000, Residual:0.000128311
Iter 51840000, Residual:0.000134088
Iter 51880000, Residual:0.000126084
Iter 51920000, Residual:0.000126982
Iter 51960000, Residual:0.000156035
Iter 52000000, Residual:0.000132786
Iter 52040000, Residual:0.000131515
Iter 52080000, Residual:0.00012721
Iter 52120000, Residual:0.000131843
Iter 52160000, Residual:0.000129969
Iter 52200000, Residual:0.000128511
Iter 52240000, Residual:0.000126636
Iter 52280000, Residual:0.000136544
Iter 52320000, Residual:0.000126301
Iter 52360000, Residual:0.000129502
Iter 52400000, Residual:0.000135785
Iter 52440000, Residual:0.000128648
Iter 52480000, Residual:0.000128012
Iter 52520000, Residual:0.000154323
Iter 52560000, Residual:0.000149427
Iter 52600000, Residual:0.00014773
Iter 52640000, Residual:0.000148403
Iter 52680000, Residual:0.000142322
Iter 52720000, Residual:0.000142738
Iter 52760000, Residual:0.000144053
Iter 52800000, Residual:0.000201142
Iter 52840000, Residual:0.000148102
Iter 52880000, Residual:0.00014327
Iter 52920000, Residual:0.000144954
Iter 52960000, Residual:0.000126729
Iter 53000000, Residual:0.000123913
Iter 53040000, Residual:0.000172988
Iter 53080000, Residual:0.000120533
Iter 53120000, Residual:0.000118727
Iter 53160000, Residual:0.000116509
Iter 53200000, Residual:0.000114403
Iter 53240000, Residual:0.000115673
Iter 53280000, Residual:0.000110642
Iter 53320000, Residual:0.000114338
Iter 53360000, Residual:0.000112863
Iter 53400000, Residual:0.000116011
Iter 53440000, Residual:0.000110803
Iter 53480000, Residual:0.000109509
Iter 53520000, Residual:0.000111478
Iter 53560000, Residual:0.000109218
Iter 53600000, Residual:0.000108304
Iter 53640000, Residual:0.000144326
Iter 53680000, Residual:0.000110059
Iter 53720000, Residual:0.0001091
Iter 53760000, Residual:0.00010918
Iter 53800000, Residual:0.000115508
Iter 53840000, Residual:0.000107465
Iter 53880000, Residual:0.000107969
Iter 53920000, Residual:0.000107558
Iter 53960000, Residual:0.000107013
Iter 54000000, Residual:0.000106385
Iter 54040000, Residual:0.000106246
Iter 54080000, Residual:0.000166675
Iter 54120000, Residual:0.000156134
Iter 54160000, Residual:0.000142545
Iter 54200000, Residual:0.000131393
Iter 54240000, Residual:0.00014947
Iter 54280000, Residual:0.000134744
Iter 54320000, Residual:0.00013193
Iter 54360000, Residual:0.000130867
Iter 54400000, Residual:0.000133867
Iter 54440000, Residual:0.000219669
Iter 54480000, Residual:0.000137119
Iter 54520000, Residual:0.00010893
Iter 54560000, Residual:0.000120064
Iter 54600000, Residual:0.000112759
Iter 54640000, Residual:9.83161e-05
Iter 54680000, Residual:0.00010151
Iter 54720000, Residual:0.000107066
Iter 54760000, Residual:0.00016136
Iter 54800000, Residual:0.000126029
Iter 54840000, Residual:8.91334e-05
Iter 54880000, Residual:8.55366e-05
Iter 54920000, Residual:8.45655e-05
Iter 54960000, Residual:9.32908e-05
Iter 55000000, Residual:9.27643e-05
Iter 55040000, Residual:8.92259e-05
Iter 55080000, Residual:9.11261e-05
Iter 55120000, Residual:8.37534e-05
Iter 55160000, Residual:8.59343e-05
Iter 55200000, Residual:8.64089e-05
Iter 55240000, Residual:8.62325e-05
Iter 55280000, Residual:8.72978e-05
Iter 55320000, Residual:8.68313e-05
Iter 55360000, Residual:7.79461e-05
Iter 55400000, Residual:8.86868e-05
Iter 55440000, Residual:8.43413e-05
Iter 55480000, Residual:6.87123e-05
Iter 55520000, Residual:7.25888e-05
Iter 55560000, Residual:8.38019e-05
Iter 55600000, Residual:8.33723e-05
Iter 55640000, Residual:7.3231e-05
Iter 55680000, Residual:6.72726e-05
Iter 55720000, Residual:6.70179e-05
Iter 55760000, Residual:6.38765e-05
Iter 55800000, Residual:6.44734e-05
Iter 55840000, Residual:6.22221e-05
Iter 55880000, Residual:9.95551e-05
Iter 55920000, Residual:6.88748e-05
Iter 55960000, Residual:6.72161e-05
Iter 56000000, Residual:6.61298e-05
Iter 56040000, Residual:6.86813e-05
Iter 56080000, Residual:8.54752e-05
Iter 56120000, Residual:6.4924e-05
Iter 56160000, Residual:7.28297e-05
Iter 56200000, Residual:6.50353e-05
Iter 56240000, Residual:6.77238e-05
Iter 56280000, Residual:6.56864e-05
Iter 56320000, Residual:6.34037e-05
Iter 56360000, Residual:6.41947e-05
Iter 56400000, Residual:6.313e-05
Iter 56440000, Residual:6.25157e-05
Iter 56480000, Residual:5.77623e-05
Iter 56520000, Residual:5.6819e-05
Iter 56560000, Residual:8.92273e-05
Iter 56600000, Residual:6.32477e-05
Iter 56640000, Residual:6.17356e-05
Iter 56680000, Residual:6.47251e-05
Iter 56720000, Residual:5.36826e-05
Iter 56760000, Residual:5.52832e-05
Iter 56800000, Residual:6.96631e-05
Iter 56840000, Residual:6.22697e-05
Iter 56880000, Residual:6.12598e-05
Iter 56920000, Residual:6.16977e-05
Iter 56960000, Residual:5.73863e-05
Iter 57000000, Residual:5.62628e-05
Iter 57040000, Residual:5.77126e-05
Iter 57080000, Residual:6.15087e-05
Iter 57120000, Residual:5.51817e-05
Iter 57160000, Residual:5.53283e-05
Iter 57200000, Residual:6.01199e-05
Iter 57240000, Residual:6.36405e-05
Iter 57280000, Residual:5.87796e-05
Iter 57320000, Residual:5.57675e-05
Iter 57360000, Residual:6.21449e-05
Iter 57400000, Residual:5.7765e-05
Iter 57440000, Residual:5.62789e-05
Iter 57480000, Residual:5.57442e-05
Iter 57520000, Residual:5.44973e-05
Iter 57560000, Residual:5.45422e-05
Iter 57600000, Residual:5.33884e-05
Iter 57640000, Residual:5.56936e-05
Iter 57680000, Residual:5.42021e-05
Iter 57720000, Residual:5.39214e-05
Iter 57760000, Residual:5.48106e-05
Iter 57800000, Residual:5.34399e-05
Iter 57840000, Residual:5.39224e-05
Iter 57880000, Residual:5.23759e-05
Iter 57920000, Residual:5.2695e-05
Iter 57960000, Residual:5.2001e-05
Iter 58000000, Residual:5.25483e-05
Iter 58040000, Residual:5.26343e-05
Iter 58080000, Residual:5.25126e-05
Iter 58120000, Residual:6.91925e-05
Iter 58160000, Residual:5.33344e-05
Iter 58200000, Residual:5.63644e-05
Iter 58240000, Residual:6.99393e-05
Iter 58280000, Residual:6.0024e-05
Iter 58320000, Residual:5.671e-05
Iter 58360000, Residual:5.45932e-05
Iter 58400000, Residual:5.21639e-05
Iter 58440000, Residual:4.86625e-05
Iter 58480000, Residual:4.73445e-05
Iter 58520000, Residual:4.55283e-05
Iter 58560000, Residual:4.09803e-05
Iter 58600000, Residual:4.02945e-05
Iter 58640000, Residual:4.05575e-05
Iter 58680000, Residual:4.4055e-05
Iter 58720000, Residual:4.30057e-05
Iter 58760000, Residual:5.63971e-05
Iter 58800000, Residual:4.94934e-05
Iter 58840000, Residual:4.65827e-05
Iter 58880000, Residual:3.82305e-05
Iter 58920000, Residual:3.56498e-05
Iter 58960000, Residual:3.44975e-05
Iter 59000000, Residual:3.90808e-05
Iter 59040000, Residual:3.51803e-05
Iter 59080000, Residual:3.51701e-05
Iter 59120000, Residual:3.53518e-05
Iter 59160000, Residual:3.4831e-05
Iter 59200000, Residual:3.26776e-05
Iter 59240000, Residual:5.94794e-05
Iter 59280000, Residual:3.63795e-05
Iter 59320000, Residual:3.70088e-05
Iter 59360000, Residual:5.05959e-05
Iter 59400000, Residual:4.43426e-05
Iter 59440000, Residual:3.74755e-05
Iter 59480000, Residual:5.17039e-05
Iter 59520000, Residual:3.68791e-05
Iter 59560000, Residual:3.4287e-05
Iter 59600000, Residual:3.31278e-05
Iter 59640000, Residual:3.12986e-05
Iter 59680000, Residual:3.0435e-05
Iter 59720000, Residual:3.11645e-05
Iter 59760000, Residual:3.08543e-05
Iter 59800000, Residual:3.25551e-05
Iter 59840000, Residual:3.10666e-05
Iter 59880000, Residual:3.03797e-05
Iter 59920000, Residual:3.10391e-05
Iter 59960000, Residual:4.50597e-05
Iter 60000000, Residual:3.23776e-05
Iter 60040000, Residual:3.07401e-05
Iter 60080000, Residual:3.47189e-05
Iter 60120000, Residual:3.25802e-05
Iter 60160000, Residual:3.14347e-05
Iter 60200000, Residual:3.10224e-05
Iter 60240000, Residual:3.40153e-05
Iter 60280000, Residual:3.25951e-05
Iter 60320000, Residual:3.31756e-05
Iter 60360000, Residual:3.09741e-05
Iter 60400000, Residual:4.11342e-05
Iter 60440000, Residual:2.93757e-05
Iter 60480000, Residual:2.95708e-05
Iter 60520000, Residual:2.96246e-05
Iter 60560000, Residual:2.81053e-05
Iter 60600000, Residual:2.76494e-05
Iter 60640000, Residual:2.73949e-05
Iter 60680000, Residual:2.84887e-05
Iter 60720000, Residual:2.81197e-05
Iter 60760000, Residual:2.73564e-05
Iter 60800000, Residual:2.74307e-05
Iter 60840000, Residual:2.80886e-05
Iter 60880000, Residual:2.85963e-05
Iter 60920000, Residual:2.73274e-05
Iter 60960000, Residual:2.71332e-05
Iter 61000000, Residual:3.02632e-05
Iter 61040000, Residual:2.7577e-05
Iter 61080000, Residual:6.63198e-05
Iter 61120000, Residual:3.52096e-05
Iter 61160000, Residual:3.14962e-05
Iter 61200000, Residual:3.41465e-05
Iter 61240000, Residual:3.29522e-05
Iter 61280000, Residual:3.10264e-05
Iter 61320000, Residual:3.10958e-05
Iter 61360000, Residual:2.97719e-05
Iter 61400000, Residual:2.99203e-05
Iter 61440000, Residual:2.99086e-05
Iter 61480000, Residual:3.05404e-05
Iter 61520000, Residual:3.16317e-05
Iter 61560000, Residual:3.15336e-05
Iter 61600000, Residual:3.08798e-05
Iter 61640000, Residual:3.09411e-05
Iter 61680000, Residual:2.65843e-05
Iter 61720000, Residual:2.507e-05
Iter 61760000, Residual:2.48955e-05
Iter 61800000, Residual:2.45427e-05
Iter 61840000, Residual:2.59608e-05
Iter 61880000, Residual:2.88032e-05
Iter 61920000, Residual:2.81454e-05
Iter 61960000, Residual:2.5604e-05
Iter 62000000, Residual:2.55072e-05
Iter 62040000, Residual:2.66349e-05
Iter 62080000, Residual:2.7755e-05
Iter 62120000, Residual:2.5346e-05
Iter 62160000, Residual:2.62366e-05
Iter 62200000, Residual:2.5397e-05
Iter 62240000, Residual:2.91507e-05
Iter 62280000, Residual:2.81037e-05
Iter 62320000, Residual:2.62451e-05
Iter 62360000, Residual:2.49854e-05
Iter 62400000, Residual:2.71277e-05
Iter 62440000, Residual:2.67309e-05
Iter 62480000, Residual:2.75624e-05
Iter 62520000, Residual:2.48689e-05
Iter 62560000, Residual:4.55179e-05
Iter 62600000, Residual:2.70127e-05
Iter 62640000, Residual:2.65531e-05
Iter 62680000, Residual:2.6097e-05
Iter 62720000, Residual:4.06256e-05
Iter 62760000, Residual:3.00358e-05
Iter 62800000, Residual:2.73297e-05
Iter 62840000, Residual:2.9131e-05
Iter 62880000, Residual:2.26699e-05
Iter 62920000, Residual:2.32299e-05
Iter 62960000, Residual:2.17849e-05
Iter 63000000, Residual:2.51277e-05
Iter 63040000, Residual:3.87134e-05
Iter 63080000, Residual:2.73441e-05
Iter 63120000, Residual:2.81287e-05
Iter 63160000, Residual:2.35936e-05
Iter 63200000, Residual:2.134e-05
Iter 63240000, Residual:2.48406e-05
Iter 63280000, Residual:2.14249e-05
Iter 63320000, Residual:2.14882e-05
Iter 63360000, Residual:2.16156e-05
Iter 63400000, Residual:2.37148e-05
Iter 63440000, Residual:2.6176e-05
Iter 63480000, Residual:2.11894e-05
Iter 63520000, Residual:1.95253e-05
Iter 63560000, Residual:1.97385e-05
Iter 63600000, Residual:2.03835e-05
Iter 63640000, Residual:2.02041e-05
Iter 63680000, Residual:1.97455e-05
Iter 63720000, Residual:1.93943e-05
Iter 63760000, Residual:2.05123e-05
Iter 63800000, Residual:1.934e-05
Iter 63840000, Residual:2.09064e-05
Iter 63880000, Residual:2.08779e-05
Iter 63920000, Residual:2.19907e-05
Iter 63960000, Residual:2.86461e-05
Iter 64000000, Residual:2.01125e-05
Iter 64040000, Residual:2.11268e-05
Iter 64080000, Residual:2.25975e-05
Iter 64120000, Residual:1.76127e-05
Iter 64160000, Residual:1.7989e-05
Iter 64200000, Residual:1.92629e-05
Iter 64240000, Residual:1.79747e-05
Iter 64280000, Residual:2.18117e-05
Iter 64320000, Residual:2.77577e-05
Iter 64360000, Residual:2.28168e-05
Iter 64400000, Residual:2.10588e-05
Iter 64440000, Residual:2.17673e-05
Iter 64480000, Residual:2.05245e-05
Iter 64520000, Residual:2.22128e-05
Iter 64560000, Residual:1.83394e-05
Iter 64600000, Residual:1.79629e-05
Iter 64640000, Residual:1.8487e-05
Iter 64680000, Residual:1.83247e-05
Iter 64720000, Residual:2.34118e-05
Iter 64760000, Residual:1.67959e-05
Iter 64800000, Residual:1.63011e-05
Iter 64840000, Residual:1.88049e-05
Iter 64880000, Residual:1.89094e-05
Iter 64920000, Residual:1.72111e-05
Iter 64960000, Residual:1.90539e-05
Iter 65000000, Residual:1.70049e-05
Iter 65040000, Residual:1.73775e-05
Iter 65080000, Residual:1.97881e-05
Iter 65120000, Residual:1.48175e-05
Iter 65160000, Residual:1.41738e-05
Iter 65200000, Residual:1.38094e-05
Iter 65240000, Residual:1.52299e-05
Iter 65280000, Residual:1.58701e-05
Iter 65320000, Residual:1.5641e-05
Iter 65360000, Residual:1.55878e-05
Iter 65400000, Residual:1.71631e-05
Iter 65440000, Residual:1.50346e-05
Iter 65480000, Residual:1.47084e-05
Iter 65520000, Residual:1.43664e-05
Iter 65560000, Residual:1.45977e-05
Iter 65600000, Residual:1.42275e-05
Iter 65640000, Residual:1.33747e-05
Iter 65680000, Residual:1.33004e-05
Iter 65720000, Residual:1.49133e-05
Iter 65760000, Residual:1.7608e-05
Iter 65800000, Residual:1.39748e-05
Iter 65840000, Residual:1.34176e-05
Iter 65880000, Residual:1.27336e-05
Iter 65920000, Residual:1.34719e-05
Iter 65960000, Residual:1.314e-05
Iter 66000000, Residual:1.26712e-05
Iter 66040000, Residual:1.2403e-05
Iter 66080000, Residual:1.33413e-05
Iter 66120000, Residual:1.23454e-05
Iter 66160000, Residual:1.26091e-05
Iter 66200000, Residual:1.16685e-05
Iter 66240000, Residual:1.2117e-05
Iter 66280000, Residual:1.21948e-05
Iter 66320000, Residual:1.25504e-05
Iter 66360000, Residual:1.16908e-05
Iter 66400000, Residual:1.24161e-05
Iter 66440000, Residual:1.22238e-05
Iter 66480000, Residual:1.19745e-05
Iter 66520000, Residual:1.21124e-05
Iter 66560000, Residual:1.27909e-05
Iter 66600000, Residual:1.38462e-05
Iter 66640000, Residual:1.18433e-05
Iter 66680000, Residual:1.25729e-05
Iter 66720000, Residual:1.20389e-05
Iter 66760000, Residual:1.28918e-05
Iter 66800000, Residual:1.2182e-05
Iter 66840000, Residual:1.5235e-05
Iter 66880000, Residual:1.28909e-05
Iter 66920000, Residual:1.25901e-05
Iter 66960000, Residual:1.57307e-05
Iter 67000000, Residual:1.42577e-05
Iter 67040000, Residual:1.46011e-05
Iter 67080000, Residual:2.12104e-05
Iter 67120000, Residual:1.43693e-05
Iter 67160000, Residual:1.58327e-05
Iter 67200000, Residual:1.37911e-05
Iter 67240000, Residual:1.34887e-05
Iter 67280000, Residual:1.27424e-05
Iter 67320000, Residual:1.29145e-05
Iter 67360000, Residual:1.25252e-05
Iter 67400000, Residual:1.24407e-05
Iter 67440000, Residual:1.24822e-05
Iter 67480000, Residual:1.31734e-05
Iter 67520000, Residual:1.23954e-05
Iter 67560000, Residual:1.28407e-05
Iter 67600000, Residual:1.20903e-05
Iter 67640000, Residual:1.20172e-05
Iter 67680000, Residual:1.20232e-05
Iter 67720000, Residual:1.22953e-05
Iter 67760000, Residual:1.46907e-05
Iter 67800000, Residual:1.21284e-05
Iter 67840000, Residual:1.21545e-05
Iter 67880000, Residual:1.17849e-05
Iter 67920000, Residual:1.16627e-05
Iter 67960000, Residual:1.23331e-05
Iter 68000000, Residual:1.20728e-05
Iter 68040000, Residual:1.2047e-05
Iter 68080000, Residual:1.22083e-05
Iter 68120000, Residual:1.20216e-05
Iter 68160000, Residual:1.1973e-05
Iter 68200000, Residual:1.29139e-05
Iter 68240000, Residual:1.19721e-05
Iter 68280000, Residual:1.2577e-05
Iter 68320000, Residual:1.36528e-05
Iter 68360000, Residual:1.32169e-05
Iter 68400000, Residual:3.01546e-05
Iter 68440000, Residual:1.51901e-05
Iter 68480000, Residual:1.31501e-05
Iter 68520000, Residual:1.28665e-05
Iter 68560000, Residual:1.45957e-05
Iter 68600000, Residual:1.06266e-05
Iter 68640000, Residual:9.86357e-06
iters 68640001
residual 9.86357e-06
time_init 2970
time_main 259303
[       OK ] LaplacianSolverBenchmark.solveMtx (263175 ms)
[----------] 1 test from LaplacianSolverBenchmark (263176 ms total)

[----------] Global test environment tear-down
[==========] 1 test from 1 test case ran. (263176 ms total)
[  PASSED  ] 1 test.
