*** NetworKit Unit Tests *** 
Note: Google Test filter = *.solveMtx
[==========] Running 1 test from 1 test case.
[----------] Global test environment set-up.
[----------] 1 test from LaplacianSolverBenchmark
[ RUN      ] LaplacianSolverBenchmark.solveMtx
seed: 2778513411
40000
1
root: 8597
Readed spanning tree form tree.txt
init finished
begin: main
Iter 0, Residual:1433.93
Iter 40000, Residual:51.0208
Iter 80000, Residual:25.5897
Iter 120000, Residual:18.0827
Iter 160000, Residual:18.0668
Iter 200000, Residual:13.3315
Iter 240000, Residual:12.4807
Iter 280000, Residual:11.2813
Iter 320000, Residual:10.929
Iter 360000, Residual:9.64925
Iter 400000, Residual:9.05343
Iter 440000, Residual:8.40422
Iter 480000, Residual:7.3953
Iter 520000, Residual:7.19445
Iter 560000, Residual:8.54305
Iter 600000, Residual:6.97568
Iter 640000, Residual:6.21574
Iter 680000, Residual:7.54372
Iter 720000, Residual:6.4102
Iter 760000, Residual:5.05916
Iter 800000, Residual:6.53553
Iter 840000, Residual:4.93956
Iter 880000, Residual:4.92946
Iter 920000, Residual:4.6205
Iter 960000, Residual:4.48342
Iter 1000000, Residual:5.38818
Iter 1040000, Residual:3.9678
Iter 1080000, Residual:3.72113
Iter 1120000, Residual:3.62173
Iter 1160000, Residual:4.00813
Iter 1200000, Residual:3.53683
Iter 1240000, Residual:3.59744
Iter 1280000, Residual:4.23823
Iter 1320000, Residual:3.43527
Iter 1360000, Residual:4.23336
Iter 1400000, Residual:3.90392
Iter 1440000, Residual:3.36257
Iter 1480000, Residual:3.36696
Iter 1520000, Residual:2.88929
Iter 1560000, Residual:2.83388
Iter 1600000, Residual:3.00493
Iter 1640000, Residual:2.95368
Iter 1680000, Residual:3.52044
Iter 1720000, Residual:2.67916
Iter 1760000, Residual:2.99002
Iter 1800000, Residual:2.87992
Iter 1840000, Residual:2.56473
Iter 1880000, Residual:2.44576
Iter 1920000, Residual:2.81722
Iter 1960000, Residual:2.43097
Iter 2000000, Residual:3.19799
Iter 2040000, Residual:2.61714
Iter 2080000, Residual:4.89829
Iter 2120000, Residual:2.37207
Iter 2160000, Residual:2.4483
Iter 2200000, Residual:2.21346
Iter 2240000, Residual:2.16575
Iter 2280000, Residual:2.36051
Iter 2320000, Residual:2.86173
Iter 2360000, Residual:2.22147
Iter 2400000, Residual:2.03818
Iter 2440000, Residual:2.31795
Iter 2480000, Residual:2.43826
Iter 2520000, Residual:1.89673
Iter 2560000, Residual:1.87365
Iter 2600000, Residual:1.95791
Iter 2640000, Residual:1.98838
Iter 2680000, Residual:1.95736
Iter 2720000, Residual:2.00406
Iter 2760000, Residual:1.84261
Iter 2800000, Residual:1.62146
Iter 2840000, Residual:1.70961
Iter 2880000, Residual:1.77402
Iter 2920000, Residual:1.79665
Iter 2960000, Residual:1.75438
Iter 3000000, Residual:1.5398
Iter 3040000, Residual:1.94979
Iter 3080000, Residual:1.6062
Iter 3120000, Residual:1.45243
Iter 3160000, Residual:1.68184
Iter 3200000, Residual:1.48531
Iter 3240000, Residual:1.66601
Iter 3280000, Residual:1.56821
Iter 3320000, Residual:1.66648
Iter 3360000, Residual:1.41289
Iter 3400000, Residual:1.31471
Iter 3440000, Residual:1.54804
Iter 3480000, Residual:1.40936
Iter 3520000, Residual:1.34885
Iter 3560000, Residual:1.57739
Iter 3600000, Residual:1.35515
Iter 3640000, Residual:1.3439
Iter 3680000, Residual:1.69795
Iter 3720000, Residual:1.1836
Iter 3760000, Residual:1.27934
Iter 3800000, Residual:1.53746
Iter 3840000, Residual:1.54029
Iter 3880000, Residual:1.20743
Iter 3920000, Residual:1.12606
Iter 3960000, Residual:1.39895
Iter 4000000, Residual:1.16829
Iter 4040000, Residual:1.21
Iter 4080000, Residual:1.15579
Iter 4120000, Residual:1.39994
Iter 4160000, Residual:1.18286
Iter 4200000, Residual:1.04241
Iter 4240000, Residual:0.979775
Iter 4280000, Residual:0.962119
Iter 4320000, Residual:1.09787
Iter 4360000, Residual:0.988042
Iter 4400000, Residual:0.997346
Iter 4440000, Residual:1.13242
Iter 4480000, Residual:1.04268
Iter 4520000, Residual:1.02116
Iter 4560000, Residual:0.962859
Iter 4600000, Residual:0.861114
Iter 4640000, Residual:0.871127
Iter 4680000, Residual:0.976819
Iter 4720000, Residual:0.842169
Iter 4760000, Residual:1.30759
Iter 4800000, Residual:1.0011
Iter 4840000, Residual:0.820444
Iter 4880000, Residual:0.939626
Iter 4920000, Residual:0.864475
Iter 4960000, Residual:0.850625
Iter 5000000, Residual:0.856165
Iter 5040000, Residual:0.87993
Iter 5080000, Residual:0.896777
Iter 5120000, Residual:0.732022
Iter 5160000, Residual:0.744988
Iter 5200000, Residual:0.76997
Iter 5240000, Residual:0.843977
Iter 5280000, Residual:0.728711
Iter 5320000, Residual:0.692325
Iter 5360000, Residual:1.28967
Iter 5400000, Residual:0.885616
Iter 5440000, Residual:0.73175
Iter 5480000, Residual:0.657723
Iter 5520000, Residual:0.664549
Iter 5560000, Residual:0.720326
Iter 5600000, Residual:0.641612
Iter 5640000, Residual:0.629608
Iter 5680000, Residual:0.685727
Iter 5720000, Residual:0.706628
Iter 5760000, Residual:0.614174
Iter 5800000, Residual:0.609876
Iter 5840000, Residual:0.615631
Iter 5880000, Residual:0.663245
Iter 5920000, Residual:0.66905
Iter 5960000, Residual:0.671253
Iter 6000000, Residual:0.630945
Iter 6040000, Residual:0.620617
Iter 6080000, Residual:0.574321
Iter 6120000, Residual:0.578993
Iter 6160000, Residual:0.56525
Iter 6200000, Residual:0.567568
Iter 6240000, Residual:0.820265
Iter 6280000, Residual:0.577956
Iter 6320000, Residual:0.857381
Iter 6360000, Residual:0.578335
Iter 6400000, Residual:0.526797
Iter 6440000, Residual:0.561428
Iter 6480000, Residual:0.534924
Iter 6520000, Residual:0.497732
Iter 6560000, Residual:0.515541
Iter 6600000, Residual:0.488308
Iter 6640000, Residual:0.542507
Iter 6680000, Residual:0.448056
Iter 6720000, Residual:0.488971
Iter 6760000, Residual:0.4502
Iter 6800000, Residual:0.470146
Iter 6840000, Residual:0.570331
Iter 6880000, Residual:0.446681
Iter 6920000, Residual:0.477134
Iter 6960000, Residual:0.477547
Iter 7000000, Residual:0.434961
Iter 7040000, Residual:0.470268
Iter 7080000, Residual:0.436702
Iter 7120000, Residual:0.417123
Iter 7160000, Residual:0.499613
Iter 7200000, Residual:0.436309
Iter 7240000, Residual:0.467903
Iter 7280000, Residual:0.423619
Iter 7320000, Residual:0.438918
Iter 7360000, Residual:0.390517
Iter 7400000, Residual:0.437736
Iter 7440000, Residual:0.360055
Iter 7480000, Residual:0.380792
Iter 7520000, Residual:0.717156
Iter 7560000, Residual:0.41342
Iter 7600000, Residual:0.397995
Iter 7640000, Residual:0.350965
Iter 7680000, Residual:0.511546
Iter 7720000, Residual:0.400331
Iter 7760000, Residual:0.449221
Iter 7800000, Residual:0.386103
Iter 7840000, Residual:0.353694
Iter 7880000, Residual:0.421509
Iter 7920000, Residual:0.369784
Iter 7960000, Residual:0.370473
Iter 8000000, Residual:0.322901
Iter 8040000, Residual:0.347502
Iter 8080000, Residual:0.368103
Iter 8120000, Residual:0.322911
Iter 8160000, Residual:0.326873
Iter 8200000, Residual:0.360079
Iter 8240000, Residual:0.308864
Iter 8280000, Residual:0.313315
Iter 8320000, Residual:0.3581
Iter 8360000, Residual:0.30453
Iter 8400000, Residual:0.314594
Iter 8440000, Residual:0.376129
Iter 8480000, Residual:0.280485
Iter 8520000, Residual:0.318182
Iter 8560000, Residual:0.26794
Iter 8600000, Residual:0.278668
Iter 8640000, Residual:0.32478
Iter 8680000, Residual:0.271545
Iter 8720000, Residual:0.281873
Iter 8760000, Residual:0.426629
Iter 8800000, Residual:0.272463
Iter 8840000, Residual:0.263281
Iter 8880000, Residual:0.285805
Iter 8920000, Residual:0.283597
Iter 8960000, Residual:0.259094
Iter 9000000, Residual:0.284638
Iter 9040000, Residual:0.265934
Iter 9080000, Residual:0.323443
Iter 9120000, Residual:0.266027
Iter 9160000, Residual:0.310007
Iter 9200000, Residual:0.267808
Iter 9240000, Residual:0.235669
Iter 9280000, Residual:0.304197
Iter 9320000, Residual:0.33069
Iter 9360000, Residual:0.274723
Iter 9400000, Residual:0.246274
Iter 9440000, Residual:0.314133
Iter 9480000, Residual:0.220172
Iter 9520000, Residual:0.206664
Iter 9560000, Residual:0.216185
Iter 9600000, Residual:0.240505
Iter 9640000, Residual:0.210074
Iter 9680000, Residual:0.252678
Iter 9720000, Residual:0.233702
Iter 9760000, Residual:0.224579
Iter 9800000, Residual:0.21285
Iter 9840000, Residual:0.223489
Iter 9880000, Residual:0.2168
Iter 9920000, Residual:0.214726
Iter 9960000, Residual:0.210665
Iter 10000000, Residual:0.201233
Iter 10040000, Residual:0.197941
Iter 10080000, Residual:0.212005
Iter 10120000, Residual:0.2104
Iter 10160000, Residual:0.195349
Iter 10200000, Residual:0.182189
Iter 10240000, Residual:0.240626
Iter 10280000, Residual:0.182868
Iter 10320000, Residual:0.203478
Iter 10360000, Residual:0.189956
Iter 10400000, Residual:0.172183
Iter 10440000, Residual:0.166861
Iter 10480000, Residual:0.217958
Iter 10520000, Residual:0.209225
Iter 10560000, Residual:0.176229
Iter 10600000, Residual:0.190768
Iter 10640000, Residual:0.168394
Iter 10680000, Residual:0.186611
Iter 10720000, Residual:0.175768
Iter 10760000, Residual:0.173281
Iter 10800000, Residual:0.174482
Iter 10840000, Residual:0.22108
Iter 10880000, Residual:0.177631
Iter 10920000, Residual:0.174873
Iter 10960000, Residual:0.176771
Iter 11000000, Residual:0.175764
Iter 11040000, Residual:0.159094
Iter 11080000, Residual:0.17519
Iter 11120000, Residual:0.148363
Iter 11160000, Residual:0.151748
Iter 11200000, Residual:0.193904
Iter 11240000, Residual:0.152644
Iter 11280000, Residual:0.14833
Iter 11320000, Residual:0.213669
Iter 11360000, Residual:0.151301
Iter 11400000, Residual:0.167602
Iter 11440000, Residual:0.141337
Iter 11480000, Residual:0.142309
Iter 11520000, Residual:0.137366
Iter 11560000, Residual:0.219127
Iter 11600000, Residual:0.13786
Iter 11640000, Residual:0.134981
Iter 11680000, Residual:0.171954
Iter 11720000, Residual:0.132829
Iter 11760000, Residual:0.128392
Iter 11800000, Residual:0.147608
Iter 11840000, Residual:0.138795
Iter 11880000, Residual:0.145021
Iter 11920000, Residual:0.127872
Iter 11960000, Residual:0.131089
Iter 12000000, Residual:0.126355
Iter 12040000, Residual:0.121047
Iter 12080000, Residual:0.13926
Iter 12120000, Residual:0.127834
Iter 12160000, Residual:0.136535
Iter 12200000, Residual:0.1264
Iter 12240000, Residual:0.142414
Iter 12280000, Residual:0.13483
Iter 12320000, Residual:0.114809
Iter 12360000, Residual:0.124505
Iter 12400000, Residual:0.114984
Iter 12440000, Residual:0.113247
Iter 12480000, Residual:0.120152
Iter 12520000, Residual:0.118832
Iter 12560000, Residual:0.119885
Iter 12600000, Residual:0.121873
Iter 12640000, Residual:0.147486
Iter 12680000, Residual:0.109144
Iter 12720000, Residual:0.130519
Iter 12760000, Residual:0.10561
Iter 12800000, Residual:0.113521
Iter 12840000, Residual:0.115495
Iter 12880000, Residual:0.107951
Iter 12920000, Residual:0.101984
Iter 12960000, Residual:0.0897622
Iter 13000000, Residual:0.123807
Iter 13040000, Residual:0.0943909
Iter 13080000, Residual:0.0993955
Iter 13120000, Residual:0.10885
Iter 13160000, Residual:0.104581
Iter 13200000, Residual:0.102953
Iter 13240000, Residual:0.0975941
Iter 13280000, Residual:0.0909217
Iter 13320000, Residual:0.099504
Iter 13360000, Residual:0.155042
Iter 13400000, Residual:0.086829
Iter 13440000, Residual:0.10426
Iter 13480000, Residual:0.0878047
Iter 13520000, Residual:0.123745
Iter 13560000, Residual:0.0894211
Iter 13600000, Residual:0.089665
Iter 13640000, Residual:0.0893972
Iter 13680000, Residual:0.0935933
Iter 13720000, Residual:0.0823755
Iter 13760000, Residual:0.0800796
Iter 13800000, Residual:0.0876431
Iter 13840000, Residual:0.0845077
Iter 13880000, Residual:0.0810422
Iter 13920000, Residual:0.0812423
Iter 13960000, Residual:0.0767676
Iter 14000000, Residual:0.0892666
Iter 14040000, Residual:0.0784014
Iter 14080000, Residual:0.0793683
Iter 14120000, Residual:0.0742338
Iter 14160000, Residual:0.0728343
Iter 14200000, Residual:0.079428
Iter 14240000, Residual:0.0761408
Iter 14280000, Residual:0.0723437
Iter 14320000, Residual:0.0727541
Iter 14360000, Residual:0.0737159
Iter 14400000, Residual:0.0689292
Iter 14440000, Residual:0.0721049
Iter 14480000, Residual:0.0750071
Iter 14520000, Residual:0.0694744
Iter 14560000, Residual:0.0767423
Iter 14600000, Residual:0.0810708
Iter 14640000, Residual:0.0775022
Iter 14680000, Residual:0.0697018
Iter 14720000, Residual:0.0738704
Iter 14760000, Residual:0.0828298
Iter 14800000, Residual:0.068108
Iter 14840000, Residual:0.0683819
Iter 14880000, Residual:0.0733637
Iter 14920000, Residual:0.065131
Iter 14960000, Residual:0.073183
Iter 15000000, Residual:0.0690636
Iter 15040000, Residual:0.0644861
Iter 15080000, Residual:0.0675974
Iter 15120000, Residual:0.0700586
Iter 15160000, Residual:0.0632848
Iter 15200000, Residual:0.0678476
Iter 15240000, Residual:0.0665944
Iter 15280000, Residual:0.0656709
Iter 15320000, Residual:0.0584712
Iter 15360000, Residual:0.0709545
Iter 15400000, Residual:0.0633169
Iter 15440000, Residual:0.0564442
Iter 15480000, Residual:0.0577337
Iter 15520000, Residual:0.0660918
Iter 15560000, Residual:0.0597877
Iter 15600000, Residual:0.0621195
Iter 15640000, Residual:0.059918
Iter 15680000, Residual:0.06623
Iter 15720000, Residual:0.0551742
Iter 15760000, Residual:0.0570591
Iter 15800000, Residual:0.0525727
Iter 15840000, Residual:0.0538268
Iter 15880000, Residual:0.0506918
Iter 15920000, Residual:0.0538093
Iter 15960000, Residual:0.0519722
Iter 16000000, Residual:0.0682964
Iter 16040000, Residual:0.050386
Iter 16080000, Residual:0.058874
Iter 16120000, Residual:0.0562413
Iter 16160000, Residual:0.0555975
Iter 16200000, Residual:0.0571339
Iter 16240000, Residual:0.0566729
Iter 16280000, Residual:0.0497967
Iter 16320000, Residual:0.0596824
Iter 16360000, Residual:0.0452463
Iter 16400000, Residual:0.0551133
Iter 16440000, Residual:0.0478268
Iter 16480000, Residual:0.0486545
Iter 16520000, Residual:0.0537264
Iter 16560000, Residual:0.0500123
Iter 16600000, Residual:0.0488128
Iter 16640000, Residual:0.044418
Iter 16680000, Residual:0.0471865
Iter 16720000, Residual:0.0464754
Iter 16760000, Residual:0.0477021
Iter 16800000, Residual:0.0438542
Iter 16840000, Residual:0.0460751
Iter 16880000, Residual:0.0467473
Iter 16920000, Residual:0.0451797
Iter 16960000, Residual:0.0465641
Iter 17000000, Residual:0.0504832
Iter 17040000, Residual:0.046633
Iter 17080000, Residual:0.0417153
Iter 17120000, Residual:0.037849
Iter 17160000, Residual:0.0411379
Iter 17200000, Residual:0.0447851
Iter 17240000, Residual:0.0397222
Iter 17280000, Residual:0.0381144
Iter 17320000, Residual:0.0485591
Iter 17360000, Residual:0.0404174
Iter 17400000, Residual:0.0389453
Iter 17440000, Residual:0.041706
Iter 17480000, Residual:0.041483
Iter 17520000, Residual:0.0424699
Iter 17560000, Residual:0.038755
Iter 17600000, Residual:0.0413123
Iter 17640000, Residual:0.0349164
Iter 17680000, Residual:0.037284
Iter 17720000, Residual:0.0379882
Iter 17760000, Residual:0.0385679
Iter 17800000, Residual:0.0426954
Iter 17840000, Residual:0.0359265
Iter 17880000, Residual:0.0362655
Iter 17920000, Residual:0.0368847
Iter 17960000, Residual:0.0376552
Iter 18000000, Residual:0.0375698
Iter 18040000, Residual:0.0376449
Iter 18080000, Residual:0.0345999
Iter 18120000, Residual:0.0342394
Iter 18160000, Residual:0.033394
Iter 18200000, Residual:0.0371151
Iter 18240000, Residual:0.0357335
Iter 18280000, Residual:0.0351244
Iter 18320000, Residual:0.0369216
Iter 18360000, Residual:0.0326963
Iter 18400000, Residual:0.0333305
Iter 18440000, Residual:0.0333586
Iter 18480000, Residual:0.0316354
Iter 18520000, Residual:0.0305411
Iter 18560000, Residual:0.0317401
Iter 18600000, Residual:0.0300374
Iter 18640000, Residual:0.0307117
Iter 18680000, Residual:0.0312549
Iter 18720000, Residual:0.0326929
Iter 18760000, Residual:0.0330414
Iter 18800000, Residual:0.0293433
Iter 18840000, Residual:0.0301615
Iter 18880000, Residual:0.0412367
Iter 18920000, Residual:0.031937
Iter 18960000, Residual:0.0320948
Iter 19000000, Residual:0.0279936
Iter 19040000, Residual:0.0308406
Iter 19080000, Residual:0.0329251
Iter 19120000, Residual:0.0322068
Iter 19160000, Residual:0.0302232
Iter 19200000, Residual:0.0312695
Iter 19240000, Residual:0.0288532
Iter 19280000, Residual:0.0268602
Iter 19320000, Residual:0.0299613
Iter 19360000, Residual:0.0287305
Iter 19400000, Residual:0.0301722
Iter 19440000, Residual:0.0345554
Iter 19480000, Residual:0.0284329
Iter 19520000, Residual:0.0322054
Iter 19560000, Residual:0.0259747
Iter 19600000, Residual:0.0247731
Iter 19640000, Residual:0.0286591
Iter 19680000, Residual:0.0289908
Iter 19720000, Residual:0.0272361
Iter 19760000, Residual:0.0287026
Iter 19800000, Residual:0.0290791
Iter 19840000, Residual:0.0264178
Iter 19880000, Residual:0.0261294
Iter 19920000, Residual:0.0273848
Iter 19960000, Residual:0.0258462
Iter 20000000, Residual:0.0246008
Iter 20040000, Residual:0.028495
Iter 20080000, Residual:0.0249452
Iter 20120000, Residual:0.0225286
Iter 20160000, Residual:0.023026
Iter 20200000, Residual:0.0208735
Iter 20240000, Residual:0.0224288
Iter 20280000, Residual:0.0244723
Iter 20320000, Residual:0.0228907
Iter 20360000, Residual:0.0255127
Iter 20400000, Residual:0.0218033
Iter 20440000, Residual:0.0220342
Iter 20480000, Residual:0.020345
Iter 20520000, Residual:0.0211532
Iter 20560000, Residual:0.0217499
Iter 20600000, Residual:0.0221677
Iter 20640000, Residual:0.0230788
Iter 20680000, Residual:0.0214545
Iter 20720000, Residual:0.023495
Iter 20760000, Residual:0.02125
Iter 20800000, Residual:0.0215775
Iter 20840000, Residual:0.0211793
Iter 20880000, Residual:0.0203928
Iter 20920000, Residual:0.0215258
Iter 20960000, Residual:0.0206882
Iter 21000000, Residual:0.0207419
Iter 21040000, Residual:0.0194789
Iter 21080000, Residual:0.0196138
Iter 21120000, Residual:0.0265229
Iter 21160000, Residual:0.0221283
Iter 21200000, Residual:0.0196774
Iter 21240000, Residual:0.025644
Iter 21280000, Residual:0.0475234
Iter 21320000, Residual:0.02118
Iter 21360000, Residual:0.0210111
Iter 21400000, Residual:0.0184744
Iter 21440000, Residual:0.0177635
Iter 21480000, Residual:0.0205942
Iter 21520000, Residual:0.0181843
Iter 21560000, Residual:0.0201092
Iter 21600000, Residual:0.0183933
Iter 21640000, Residual:0.0175306
Iter 21680000, Residual:0.0167011
Iter 21720000, Residual:0.0181247
Iter 21760000, Residual:0.0171847
Iter 21800000, Residual:0.0188886
Iter 21840000, Residual:0.0169838
Iter 21880000, Residual:0.0174937
Iter 21920000, Residual:0.0209072
Iter 21960000, Residual:0.0165245
Iter 22000000, Residual:0.0192652
Iter 22040000, Residual:0.0170192
Iter 22080000, Residual:0.0178205
Iter 22120000, Residual:0.0192497
Iter 22160000, Residual:0.0197282
Iter 22200000, Residual:0.0173101
Iter 22240000, Residual:0.0171729
Iter 22280000, Residual:0.0183084
Iter 22320000, Residual:0.0180769
Iter 22360000, Residual:0.0171163
Iter 22400000, Residual:0.0179408
Iter 22440000, Residual:0.0182056
Iter 22480000, Residual:0.0163568
Iter 22520000, Residual:0.0190473
Iter 22560000, Residual:0.0166797
Iter 22600000, Residual:0.0164005
Iter 22640000, Residual:0.019651
Iter 22680000, Residual:0.0168196
Iter 22720000, Residual:0.0191862
Iter 22760000, Residual:0.0160721
Iter 22800000, Residual:0.0153637
Iter 22840000, Residual:0.0156547
Iter 22880000, Residual:0.016936
Iter 22920000, Residual:0.0157586
Iter 22960000, Residual:0.0150481
Iter 23000000, Residual:0.0155982
Iter 23040000, Residual:0.0153714
Iter 23080000, Residual:0.0150254
Iter 23120000, Residual:0.0165834
Iter 23160000, Residual:0.0163447
Iter 23200000, Residual:0.0146346
Iter 23240000, Residual:0.0147855
Iter 23280000, Residual:0.0154667
Iter 23320000, Residual:0.0145317
Iter 23360000, Residual:0.01506
Iter 23400000, Residual:0.0146029
Iter 23440000, Residual:0.0157192
Iter 23480000, Residual:0.0162476
Iter 23520000, Residual:0.0145387
Iter 23560000, Residual:0.0159475
Iter 23600000, Residual:0.0299117
Iter 23640000, Residual:0.0158343
Iter 23680000, Residual:0.0149396
Iter 23720000, Residual:0.0163912
Iter 23760000, Residual:0.0148304
Iter 23800000, Residual:0.0141133
Iter 23840000, Residual:0.0153254
Iter 23880000, Residual:0.0154581
Iter 23920000, Residual:0.0144719
Iter 23960000, Residual:0.0135024
Iter 24000000, Residual:0.0132114
Iter 24040000, Residual:0.0129664
Iter 24080000, Residual:0.0131786
Iter 24120000, Residual:0.0141793
Iter 24160000, Residual:0.0139712
Iter 24200000, Residual:0.0126157
Iter 24240000, Residual:0.0131251
Iter 24280000, Residual:0.0175081
Iter 24320000, Residual:0.0137094
Iter 24360000, Residual:0.0140133
Iter 24400000, Residual:0.0127886
Iter 24440000, Residual:0.013156
Iter 24480000, Residual:0.0126785
Iter 24520000, Residual:0.0132421
Iter 24560000, Residual:0.0125583
Iter 24600000, Residual:0.0119743
Iter 24640000, Residual:0.0122539
Iter 24680000, Residual:0.0122291
Iter 24720000, Residual:0.0126255
Iter 24760000, Residual:0.0128068
Iter 24800000, Residual:0.0131786
Iter 24840000, Residual:0.0129371
Iter 24880000, Residual:0.0119225
Iter 24920000, Residual:0.012616
Iter 24960000, Residual:0.0115654
Iter 25000000, Residual:0.0116517
Iter 25040000, Residual:0.0121772
Iter 25080000, Residual:0.0119323
Iter 25120000, Residual:0.012099
Iter 25160000, Residual:0.0164115
Iter 25200000, Residual:0.0119188
Iter 25240000, Residual:0.0117087
Iter 25280000, Residual:0.0118858
Iter 25320000, Residual:0.0121142
Iter 25360000, Residual:0.0111126
Iter 25400000, Residual:0.0126889
Iter 25440000, Residual:0.0114911
Iter 25480000, Residual:0.0107783
Iter 25520000, Residual:0.00889628
Iter 25560000, Residual:0.0097782
Iter 25600000, Residual:0.00905408
Iter 25640000, Residual:0.00901456
Iter 25680000, Residual:0.0114351
Iter 25720000, Residual:0.0101129
Iter 25760000, Residual:0.0103606
Iter 25800000, Residual:0.00842634
Iter 25840000, Residual:0.00992107
Iter 25880000, Residual:0.0109071
Iter 25920000, Residual:0.00870949
Iter 25960000, Residual:0.00864336
Iter 26000000, Residual:0.00776731
Iter 26040000, Residual:0.00849626
Iter 26080000, Residual:0.00753617
Iter 26120000, Residual:0.00853487
Iter 26160000, Residual:0.00781124
Iter 26200000, Residual:0.00795535
Iter 26240000, Residual:0.0083463
Iter 26280000, Residual:0.00789913
Iter 26320000, Residual:0.00844483
Iter 26360000, Residual:0.00714697
Iter 26400000, Residual:0.0091669
Iter 26440000, Residual:0.00739507
Iter 26480000, Residual:0.00733895
Iter 26520000, Residual:0.00718169
Iter 26560000, Residual:0.00773183
Iter 26600000, Residual:0.00737493
Iter 26640000, Residual:0.00708662
Iter 26680000, Residual:0.00824741
Iter 26720000, Residual:0.007398
Iter 26760000, Residual:0.00798767
Iter 26800000, Residual:0.00659067
Iter 26840000, Residual:0.00852952
Iter 26880000, Residual:0.00668901
Iter 26920000, Residual:0.00724033
Iter 26960000, Residual:0.00736025
Iter 27000000, Residual:0.00630852
Iter 27040000, Residual:0.00650746
Iter 27080000, Residual:0.0071373
Iter 27120000, Residual:0.00672189
Iter 27160000, Residual:0.00762365
Iter 27200000, Residual:0.00732307
Iter 27240000, Residual:0.00728242
Iter 27280000, Residual:0.00707743
Iter 27320000, Residual:0.00730973
Iter 27360000, Residual:0.00635037
Iter 27400000, Residual:0.00675975
Iter 27440000, Residual:0.00626955
Iter 27480000, Residual:0.00709539
Iter 27520000, Residual:0.00677387
Iter 27560000, Residual:0.00696829
Iter 27600000, Residual:0.00647426
Iter 27640000, Residual:0.00651363
Iter 27680000, Residual:0.00681793
Iter 27720000, Residual:0.00706678
Iter 27760000, Residual:0.00651249
Iter 27800000, Residual:0.00645674
Iter 27840000, Residual:0.00717925
Iter 27880000, Residual:0.0064812
Iter 27920000, Residual:0.00720017
Iter 27960000, Residual:0.00604387
Iter 28000000, Residual:0.00737819
Iter 28040000, Residual:0.00646102
Iter 28080000, Residual:0.00709711
Iter 28120000, Residual:0.00670772
Iter 28160000, Residual:0.00635447
Iter 28200000, Residual:0.00707952
Iter 28240000, Residual:0.00606699
Iter 28280000, Residual:0.00597361
Iter 28320000, Residual:0.00670531
Iter 28360000, Residual:0.0202797
Iter 28400000, Residual:0.00761583
Iter 28440000, Residual:0.00559917
Iter 28480000, Residual:0.00517068
Iter 28520000, Residual:0.0056494
Iter 28560000, Residual:0.00488178
Iter 28600000, Residual:0.00551774
Iter 28640000, Residual:0.00550158
Iter 28680000, Residual:0.00492345
Iter 28720000, Residual:0.00542567
Iter 28760000, Residual:0.00495394
Iter 28800000, Residual:0.00490162
Iter 28840000, Residual:0.00540513
Iter 28880000, Residual:0.00563371
Iter 28920000, Residual:0.0055746
Iter 28960000, Residual:0.00528918
Iter 29000000, Residual:0.00458615
Iter 29040000, Residual:0.00460967
Iter 29080000, Residual:0.00441351
Iter 29120000, Residual:0.00406208
Iter 29160000, Residual:0.00416877
Iter 29200000, Residual:0.00459355
Iter 29240000, Residual:0.00425297
Iter 29280000, Residual:0.00436592
Iter 29320000, Residual:0.00360945
Iter 29360000, Residual:0.0036678
Iter 29400000, Residual:0.00499981
Iter 29440000, Residual:0.0042285
Iter 29480000, Residual:0.00420306
Iter 29520000, Residual:0.00412422
Iter 29560000, Residual:0.00454687
Iter 29600000, Residual:0.00395768
Iter 29640000, Residual:0.00479208
Iter 29680000, Residual:0.00380532
Iter 29720000, Residual:0.0039968
Iter 29760000, Residual:0.00433349
Iter 29800000, Residual:0.00363941
Iter 29840000, Residual:0.0036137
Iter 29880000, Residual:0.00376172
Iter 29920000, Residual:0.00340567
Iter 29960000, Residual:0.00349995
Iter 30000000, Residual:0.00433725
Iter 30040000, Residual:0.0035683
Iter 30080000, Residual:0.00363502
Iter 30120000, Residual:0.00355607
Iter 30160000, Residual:0.00350903
Iter 30200000, Residual:0.00380417
Iter 30240000, Residual:0.00347858
Iter 30280000, Residual:0.0033681
Iter 30320000, Residual:0.00832019
Iter 30360000, Residual:0.00362975
Iter 30400000, Residual:0.00392933
Iter 30440000, Residual:0.00342343
Iter 30480000, Residual:0.00412261
Iter 30520000, Residual:0.00404052
Iter 30560000, Residual:0.00345361
Iter 30600000, Residual:0.00330446
Iter 30640000, Residual:0.00323544
Iter 30680000, Residual:0.00317496
Iter 30720000, Residual:0.00328623
Iter 30760000, Residual:0.00329892
Iter 30800000, Residual:0.00299002
Iter 30840000, Residual:0.00324911
Iter 30880000, Residual:0.00319683
Iter 30920000, Residual:0.00321314
Iter 30960000, Residual:0.00337363
Iter 31000000, Residual:0.00305193
Iter 31040000, Residual:0.00307389
Iter 31080000, Residual:0.00317256
Iter 31120000, Residual:0.00341852
Iter 31160000, Residual:0.0030069
Iter 31200000, Residual:0.00348087
Iter 31240000, Residual:0.00372242
Iter 31280000, Residual:0.00300761
Iter 31320000, Residual:0.00362197
Iter 31360000, Residual:0.00323
Iter 31400000, Residual:0.00286794
Iter 31440000, Residual:0.0027354
Iter 31480000, Residual:0.00301465
Iter 31520000, Residual:0.00310417
Iter 31560000, Residual:0.00285663
Iter 31600000, Residual:0.00314188
Iter 31640000, Residual:0.00312799
Iter 31680000, Residual:0.00290721
Iter 31720000, Residual:0.00320721
Iter 31760000, Residual:0.00303755
Iter 31800000, Residual:0.00341394
Iter 31840000, Residual:0.0027722
Iter 31880000, Residual:0.00272435
Iter 31920000, Residual:0.00289128
Iter 31960000, Residual:0.00295325
Iter 32000000, Residual:0.00317075
Iter 32040000, Residual:0.0026124
Iter 32080000, Residual:0.00269136
Iter 32120000, Residual:0.00265842
Iter 32160000, Residual:0.00279634
Iter 32200000, Residual:0.00265213
Iter 32240000, Residual:0.00257568
Iter 32280000, Residual:0.00257029
Iter 32320000, Residual:0.00266718
Iter 32360000, Residual:0.0028218
Iter 32400000, Residual:0.00276261
Iter 32440000, Residual:0.00257265
Iter 32480000, Residual:0.00256929
Iter 32520000, Residual:0.00259779
Iter 32560000, Residual:0.00253893
Iter 32600000, Residual:0.002549
Iter 32640000, Residual:0.00263631
Iter 32680000, Residual:0.00263653
Iter 32720000, Residual:0.00278558
Iter 32760000, Residual:0.00301552
Iter 32800000, Residual:0.00263965
Iter 32840000, Residual:0.00258637
Iter 32880000, Residual:0.00250492
Iter 32920000, Residual:0.00246697
Iter 32960000, Residual:0.0023833
Iter 33000000, Residual:0.00239327
Iter 33040000, Residual:0.00248899
Iter 33080000, Residual:0.00233152
Iter 33120000, Residual:0.00229347
Iter 33160000, Residual:0.00235268
Iter 33200000, Residual:0.00241599
Iter 33240000, Residual:0.00232679
Iter 33280000, Residual:0.00235893
Iter 33320000, Residual:0.00239263
Iter 33360000, Residual:0.00252858
Iter 33400000, Residual:0.00328728
Iter 33440000, Residual:0.0031837
Iter 33480000, Residual:0.00233469
Iter 33520000, Residual:0.00248683
Iter 33560000, Residual:0.00252878
Iter 33600000, Residual:0.00230974
Iter 33640000, Residual:0.00285443
Iter 33680000, Residual:0.00231669
Iter 33720000, Residual:0.00240047
Iter 33760000, Residual:0.00287815
Iter 33800000, Residual:0.0026109
Iter 33840000, Residual:0.00220423
Iter 33880000, Residual:0.00286811
Iter 33920000, Residual:0.00205245
Iter 33960000, Residual:0.00222518
Iter 34000000, Residual:0.00207785
Iter 34040000, Residual:0.00211214
Iter 34080000, Residual:0.00221505
Iter 34120000, Residual:0.00200905
Iter 34160000, Residual:0.00178466
Iter 34200000, Residual:0.00212948
Iter 34240000, Residual:0.0017926
Iter 34280000, Residual:0.00171394
Iter 34320000, Residual:0.0020887
Iter 34360000, Residual:0.00171875
Iter 34400000, Residual:0.00165903
Iter 34440000, Residual:0.00168168
Iter 34480000, Residual:0.00178619
Iter 34520000, Residual:0.00168029
Iter 34560000, Residual:0.0016357
Iter 34600000, Residual:0.00160755
Iter 34640000, Residual:0.00155953
Iter 34680000, Residual:0.00187695
Iter 34720000, Residual:0.00181557
Iter 34760000, Residual:0.00175571
Iter 34800000, Residual:0.00167928
Iter 34840000, Residual:0.00181959
Iter 34880000, Residual:0.00179123
Iter 34920000, Residual:0.00159162
Iter 34960000, Residual:0.00161143
Iter 35000000, Residual:0.00157419
Iter 35040000, Residual:0.00156729
Iter 35080000, Residual:0.00148451
Iter 35120000, Residual:0.00176772
Iter 35160000, Residual:0.0017521
Iter 35200000, Residual:0.00269304
Iter 35240000, Residual:0.00186593
Iter 35280000, Residual:0.00174667
Iter 35320000, Residual:0.00168862
Iter 35360000, Residual:0.00151881
Iter 35400000, Residual:0.001684
Iter 35440000, Residual:0.00169713
Iter 35480000, Residual:0.00140679
Iter 35520000, Residual:0.00148443
Iter 35560000, Residual:0.00151645
Iter 35600000, Residual:0.00142874
Iter 35640000, Residual:0.00142229
Iter 35680000, Residual:0.00143106
Iter 35720000, Residual:0.00131616
Iter 35760000, Residual:0.00133336
Iter 35800000, Residual:0.00138587
Iter 35840000, Residual:0.00132597
Iter 35880000, Residual:0.00123595
Iter 35920000, Residual:0.0012542
Iter 35960000, Residual:0.00135881
Iter 36000000, Residual:0.0013053
Iter 36040000, Residual:0.00121486
Iter 36080000, Residual:0.00113103
Iter 36120000, Residual:0.00114417
Iter 36160000, Residual:0.00111921
Iter 36200000, Residual:0.00108746
Iter 36240000, Residual:0.00109931
Iter 36280000, Residual:0.00118147
Iter 36320000, Residual:0.0013841
Iter 36360000, Residual:0.00137828
Iter 36400000, Residual:0.00110405
Iter 36440000, Residual:0.00113753
Iter 36480000, Residual:0.00113182
Iter 36520000, Residual:0.00113437
Iter 36560000, Residual:0.00110811
Iter 36600000, Residual:0.00109676
Iter 36640000, Residual:0.0011292
Iter 36680000, Residual:0.0011011
Iter 36720000, Residual:0.00111789
Iter 36760000, Residual:0.00109755
Iter 36800000, Residual:0.00111731
Iter 36840000, Residual:0.00107593
Iter 36880000, Residual:0.00107011
Iter 36920000, Residual:0.00116548
Iter 36960000, Residual:0.000996733
Iter 37000000, Residual:0.00121742
Iter 37040000, Residual:0.00109331
Iter 37080000, Residual:0.00120908
Iter 37120000, Residual:0.00118352
Iter 37160000, Residual:0.00114066
Iter 37200000, Residual:0.00106021
Iter 37240000, Residual:0.000997077
Iter 37280000, Residual:0.00116579
Iter 37320000, Residual:0.00135631
Iter 37360000, Residual:0.00103165
Iter 37400000, Residual:0.000986736
Iter 37440000, Residual:0.000991489
Iter 37480000, Residual:0.00117834
Iter 37520000, Residual:0.00101524
Iter 37560000, Residual:0.00100176
Iter 37600000, Residual:0.000979588
Iter 37640000, Residual:0.00100985
Iter 37680000, Residual:0.000990325
Iter 37720000, Residual:0.000952119
Iter 37760000, Residual:0.000940482
Iter 37800000, Residual:0.000920698
Iter 37840000, Residual:0.000926431
Iter 37880000, Residual:0.00126655
Iter 37920000, Residual:0.00101724
Iter 37960000, Residual:0.000925379
Iter 38000000, Residual:0.000904575
Iter 38040000, Residual:0.000904358
Iter 38080000, Residual:0.00089945
Iter 38120000, Residual:0.000980818
Iter 38160000, Residual:0.000897877
Iter 38200000, Residual:0.000883665
Iter 38240000, Residual:0.000901
Iter 38280000, Residual:0.000955134
Iter 38320000, Residual:0.000916562
Iter 38360000, Residual:0.00085418
Iter 38400000, Residual:0.000964548
Iter 38440000, Residual:0.000974887
Iter 38480000, Residual:0.000860684
Iter 38520000, Residual:0.000892761
Iter 38560000, Residual:0.00085832
Iter 38600000, Residual:0.000837937
Iter 38640000, Residual:0.000837852
Iter 38680000, Residual:0.000856852
Iter 38720000, Residual:0.000806793
Iter 38760000, Residual:0.00108368
Iter 38800000, Residual:0.000848686
Iter 38840000, Residual:0.000842214
Iter 38880000, Residual:0.00112058
Iter 38920000, Residual:0.000741427
Iter 38960000, Residual:0.000737279
Iter 39000000, Residual:0.000792369
Iter 39040000, Residual:0.000858538
Iter 39080000, Residual:0.000904239
Iter 39120000, Residual:0.000724889
Iter 39160000, Residual:0.000866883
Iter 39200000, Residual:0.000736068
Iter 39240000, Residual:0.000737067
Iter 39280000, Residual:0.000773635
Iter 39320000, Residual:0.000746801
Iter 39360000, Residual:0.000942954
Iter 39400000, Residual:0.000947193
Iter 39440000, Residual:0.000828711
Iter 39480000, Residual:0.00083529
Iter 39520000, Residual:0.00084679
Iter 39560000, Residual:0.000774239
Iter 39600000, Residual:0.000766209
Iter 39640000, Residual:0.00069322
Iter 39680000, Residual:0.000702643
Iter 39720000, Residual:0.000650491
Iter 39760000, Residual:0.000665111
Iter 39800000, Residual:0.000653568
Iter 39840000, Residual:0.000695037
Iter 39880000, Residual:0.000633382
Iter 39920000, Residual:0.000649232
Iter 39960000, Residual:0.00101616
Iter 40000000, Residual:0.000822934
Iter 40040000, Residual:0.000793361
Iter 40080000, Residual:0.000664
Iter 40120000, Residual:0.000637514
Iter 40160000, Residual:0.000644136
Iter 40200000, Residual:0.00064289
Iter 40240000, Residual:0.00062041
Iter 40280000, Residual:0.0006929
Iter 40320000, Residual:0.000590571
Iter 40360000, Residual:0.000602371
Iter 40400000, Residual:0.000548208
Iter 40440000, Residual:0.000571477
Iter 40480000, Residual:0.000559371
Iter 40520000, Residual:0.000573564
Iter 40560000, Residual:0.000812174
Iter 40600000, Residual:0.000740157
Iter 40640000, Residual:0.000622506
Iter 40680000, Residual:0.000664697
Iter 40720000, Residual:0.000563614
Iter 40760000, Residual:0.000652272
Iter 40800000, Residual:0.000591049
Iter 40840000, Residual:0.000673701
Iter 40880000, Residual:0.000652604
Iter 40920000, Residual:0.00057353
Iter 40960000, Residual:0.000613822
Iter 41000000, Residual:0.000564169
Iter 41040000, Residual:0.000554408
Iter 41080000, Residual:0.000540598
Iter 41120000, Residual:0.000596141
Iter 41160000, Residual:0.000539673
Iter 41200000, Residual:0.000513648
Iter 41240000, Residual:0.0005544
Iter 41280000, Residual:0.000516343
Iter 41320000, Residual:0.00057534
Iter 41360000, Residual:0.000600905
Iter 41400000, Residual:0.000602165
Iter 41440000, Residual:0.0005913
Iter 41480000, Residual:0.00056789
Iter 41520000, Residual:0.000521246
Iter 41560000, Residual:0.000458719
Iter 41600000, Residual:0.000453537
Iter 41640000, Residual:0.000593055
Iter 41680000, Residual:0.000485962
Iter 41720000, Residual:0.00050087
Iter 41760000, Residual:0.000505487
Iter 41800000, Residual:0.000441743
Iter 41840000, Residual:0.000461016
Iter 41880000, Residual:0.000443408
Iter 41920000, Residual:0.00048441
Iter 41960000, Residual:0.00047671
Iter 42000000, Residual:0.000429302
Iter 42040000, Residual:0.000411772
Iter 42080000, Residual:0.000445686
Iter 42120000, Residual:0.000478522
Iter 42160000, Residual:0.000445256
Iter 42200000, Residual:0.000446662
Iter 42240000, Residual:0.0004701
Iter 42280000, Residual:0.000433759
Iter 42320000, Residual:0.000422068
Iter 42360000, Residual:0.000438708
Iter 42400000, Residual:0.00044549
Iter 42440000, Residual:0.000418655
Iter 42480000, Residual:0.000485926
Iter 42520000, Residual:0.000416964
Iter 42560000, Residual:0.000459422
Iter 42600000, Residual:0.000399926
Iter 42640000, Residual:0.000419805
Iter 42680000, Residual:0.000404578
Iter 42720000, Residual:0.000415758
Iter 42760000, Residual:0.000422182
Iter 42800000, Residual:0.000395075
Iter 42840000, Residual:0.000380579
Iter 42880000, Residual:0.000398213
Iter 42920000, Residual:0.000415262
Iter 42960000, Residual:0.000413144
Iter 43000000, Residual:0.000403072
Iter 43040000, Residual:0.000396788
Iter 43080000, Residual:0.000396739
Iter 43120000, Residual:0.000374492
Iter 43160000, Residual:0.000423724
Iter 43200000, Residual:0.00036624
Iter 43240000, Residual:0.000362083
Iter 43280000, Residual:0.000400726
Iter 43320000, Residual:0.00037016
Iter 43360000, Residual:0.0003916
Iter 43400000, Residual:0.000368129
Iter 43440000, Residual:0.000344587
Iter 43480000, Residual:0.000352944
Iter 43520000, Residual:0.000497075
Iter 43560000, Residual:0.000443596
Iter 43600000, Residual:0.000461382
Iter 43640000, Residual:0.000341534
Iter 43680000, Residual:0.000356437
Iter 43720000, Residual:0.000323099
Iter 43760000, Residual:0.000338847
Iter 43800000, Residual:0.000365336
Iter 43840000, Residual:0.000304865
Iter 43880000, Residual:0.000322812
Iter 43920000, Residual:0.000330505
Iter 43960000, Residual:0.000404194
Iter 44000000, Residual:0.00032569
Iter 44040000, Residual:0.000307451
Iter 44080000, Residual:0.000308137
Iter 44120000, Residual:0.00030189
Iter 44160000, Residual:0.0003426
Iter 44200000, Residual:0.000327385
Iter 44240000, Residual:0.000305322
Iter 44280000, Residual:0.000310301
Iter 44320000, Residual:0.000299018
Iter 44360000, Residual:0.000356002
Iter 44400000, Residual:0.000302523
Iter 44440000, Residual:0.000281926
Iter 44480000, Residual:0.000273981
Iter 44520000, Residual:0.000296856
Iter 44560000, Residual:0.000257673
Iter 44600000, Residual:0.000249724
Iter 44640000, Residual:0.000261776
Iter 44680000, Residual:0.00029039
Iter 44720000, Residual:0.000254437
Iter 44760000, Residual:0.000257806
Iter 44800000, Residual:0.000269415
Iter 44840000, Residual:0.000232999
Iter 44880000, Residual:0.000264566
Iter 44920000, Residual:0.00025012
Iter 44960000, Residual:0.000250251
Iter 45000000, Residual:0.0002777
Iter 45040000, Residual:0.000251452
Iter 45080000, Residual:0.000260175
Iter 45120000, Residual:0.000261798
Iter 45160000, Residual:0.000453609
Iter 45200000, Residual:0.000295688
Iter 45240000, Residual:0.000275719
Iter 45280000, Residual:0.000245994
Iter 45320000, Residual:0.000251368
Iter 45360000, Residual:0.00024187
Iter 45400000, Residual:0.000305819
Iter 45440000, Residual:0.000280104
Iter 45480000, Residual:0.000266392
Iter 45520000, Residual:0.000258743
Iter 45560000, Residual:0.000240902
Iter 45600000, Residual:0.000235341
Iter 45640000, Residual:0.000237399
Iter 45680000, Residual:0.000359818
Iter 45720000, Residual:0.000249064
Iter 45760000, Residual:0.000240435
Iter 45800000, Residual:0.000239623
Iter 45840000, Residual:0.000224747
Iter 45880000, Residual:0.000229098
Iter 45920000, Residual:0.000230044
Iter 45960000, Residual:0.000249865
Iter 46000000, Residual:0.00027674
Iter 46040000, Residual:0.000247001
Iter 46080000, Residual:0.000241656
Iter 46120000, Residual:0.000240375
Iter 46160000, Residual:0.000226798
Iter 46200000, Residual:0.000241395
Iter 46240000, Residual:0.00031558
Iter 46280000, Residual:0.000282805
Iter 46320000, Residual:0.000305846
Iter 46360000, Residual:0.000246841
Iter 46400000, Residual:0.00025338
Iter 46440000, Residual:0.000255673
Iter 46480000, Residual:0.000225658
Iter 46520000, Residual:0.000224561
Iter 46560000, Residual:0.000219176
Iter 46600000, Residual:0.000247363
Iter 46640000, Residual:0.000227682
Iter 46680000, Residual:0.000210651
Iter 46720000, Residual:0.000199642
Iter 46760000, Residual:0.000196522
Iter 46800000, Residual:0.000215265
Iter 46840000, Residual:0.000218219
Iter 46880000, Residual:0.000275262
Iter 46920000, Residual:0.000229871
Iter 46960000, Residual:0.000209386
Iter 47000000, Residual:0.000197294
Iter 47040000, Residual:0.000196431
Iter 47080000, Residual:0.00018545
Iter 47120000, Residual:0.000193685
Iter 47160000, Residual:0.000191229
Iter 47200000, Residual:0.000191226
Iter 47240000, Residual:0.000209249
Iter 47280000, Residual:0.00021101
Iter 47320000, Residual:0.000200003
Iter 47360000, Residual:0.000196554
Iter 47400000, Residual:0.000204993
Iter 47440000, Residual:0.000201392
Iter 47480000, Residual:0.000188345
Iter 47520000, Residual:0.000208921
Iter 47560000, Residual:0.000216732
Iter 47600000, Residual:0.00019672
Iter 47640000, Residual:0.000198608
Iter 47680000, Residual:0.000184011
Iter 47720000, Residual:0.000195531
Iter 47760000, Residual:0.000188416
Iter 47800000, Residual:0.000182
Iter 47840000, Residual:0.000192377
Iter 47880000, Residual:0.00018891
Iter 47920000, Residual:0.000202339
Iter 47960000, Residual:0.000203691
Iter 48000000, Residual:0.000196673
Iter 48040000, Residual:0.000247058
Iter 48080000, Residual:0.000190446
Iter 48120000, Residual:0.000177131
Iter 48160000, Residual:0.00018947
Iter 48200000, Residual:0.00016408
Iter 48240000, Residual:0.000165982
Iter 48280000, Residual:0.000163721
Iter 48320000, Residual:0.000175456
Iter 48360000, Residual:0.000172071
Iter 48400000, Residual:0.000177681
Iter 48440000, Residual:0.000169803
Iter 48480000, Residual:0.000165394
Iter 48520000, Residual:0.000161286
Iter 48560000, Residual:0.000163256
Iter 48600000, Residual:0.000176543
Iter 48640000, Residual:0.000161856
Iter 48680000, Residual:0.000221073
Iter 48720000, Residual:0.000156556
Iter 48760000, Residual:0.000169151
Iter 48800000, Residual:0.000166354
Iter 48840000, Residual:0.000169121
Iter 48880000, Residual:0.00015694
Iter 48920000, Residual:0.000215819
Iter 48960000, Residual:0.000183531
Iter 49000000, Residual:0.000181847
Iter 49040000, Residual:0.000174652
Iter 49080000, Residual:0.000149341
Iter 49120000, Residual:0.000154056
Iter 49160000, Residual:0.00014808
Iter 49200000, Residual:0.000160923
Iter 49240000, Residual:0.000146483
Iter 49280000, Residual:0.000143426
Iter 49320000, Residual:0.000138588
Iter 49360000, Residual:0.000141357
Iter 49400000, Residual:0.000138478
Iter 49440000, Residual:0.000138994
Iter 49480000, Residual:0.00012995
Iter 49520000, Residual:0.000134483
Iter 49560000, Residual:0.000148779
Iter 49600000, Residual:0.00017366
Iter 49640000, Residual:0.000157637
Iter 49680000, Residual:0.000155201
Iter 49720000, Residual:0.000143782
Iter 49760000, Residual:0.000136731
Iter 49800000, Residual:0.000140546
Iter 49840000, Residual:0.000135877
Iter 49880000, Residual:0.000140373
Iter 49920000, Residual:0.000142017
Iter 49960000, Residual:0.000139558
Iter 50000000, Residual:0.000135332
Iter 50040000, Residual:0.000134715
Iter 50080000, Residual:0.000129697
Iter 50120000, Residual:0.000127044
Iter 50160000, Residual:0.000188166
Iter 50200000, Residual:0.000135749
Iter 50240000, Residual:0.000118362
Iter 50280000, Residual:0.000104947
Iter 50320000, Residual:0.0002026
Iter 50360000, Residual:0.000111355
Iter 50400000, Residual:0.00011015
Iter 50440000, Residual:0.000161738
Iter 50480000, Residual:0.000123126
Iter 50520000, Residual:0.00012306
Iter 50560000, Residual:0.000112972
Iter 50600000, Residual:0.000150237
Iter 50640000, Residual:0.000111465
Iter 50680000, Residual:0.000107074
Iter 50720000, Residual:0.000110382
Iter 50760000, Residual:0.000117529
Iter 50800000, Residual:0.000105566
Iter 50840000, Residual:0.000115238
Iter 50880000, Residual:0.00014403
Iter 50920000, Residual:0.000117617
Iter 50960000, Residual:0.000110125
Iter 51000000, Residual:0.000113005
Iter 51040000, Residual:9.71811e-05
Iter 51080000, Residual:0.000100264
Iter 51120000, Residual:9.96972e-05
Iter 51160000, Residual:0.000111234
Iter 51200000, Residual:9.39748e-05
Iter 51240000, Residual:9.43676e-05
Iter 51280000, Residual:0.000108081
Iter 51320000, Residual:9.71701e-05
Iter 51360000, Residual:9.68759e-05
Iter 51400000, Residual:0.000101924
Iter 51440000, Residual:0.000111377
Iter 51480000, Residual:9.56778e-05
Iter 51520000, Residual:0.000100169
Iter 51560000, Residual:0.000110426
Iter 51600000, Residual:9.09467e-05
Iter 51640000, Residual:9.53171e-05
Iter 51680000, Residual:9.3468e-05
Iter 51720000, Residual:8.82452e-05
Iter 51760000, Residual:8.74341e-05
Iter 51800000, Residual:9.29833e-05
Iter 51840000, Residual:8.35581e-05
Iter 51880000, Residual:8.79767e-05
Iter 51920000, Residual:0.000100886
Iter 51960000, Residual:9.418e-05
Iter 52000000, Residual:0.000100517
Iter 52040000, Residual:9.08606e-05
Iter 52080000, Residual:9.04104e-05
Iter 52120000, Residual:8.23787e-05
Iter 52160000, Residual:8.78556e-05
Iter 52200000, Residual:7.97784e-05
Iter 52240000, Residual:8.97433e-05
Iter 52280000, Residual:9.7225e-05
Iter 52320000, Residual:8.97342e-05
Iter 52360000, Residual:8.01921e-05
Iter 52400000, Residual:8.18645e-05
Iter 52440000, Residual:7.95324e-05
Iter 52480000, Residual:7.42481e-05
Iter 52520000, Residual:7.66405e-05
Iter 52560000, Residual:8.12545e-05
Iter 52600000, Residual:7.10425e-05
Iter 52640000, Residual:7.35009e-05
Iter 52680000, Residual:7.37136e-05
Iter 52720000, Residual:7.30719e-05
Iter 52760000, Residual:8.20677e-05
Iter 52800000, Residual:7.8283e-05
Iter 52840000, Residual:7.81854e-05
Iter 52880000, Residual:9.17291e-05
Iter 52920000, Residual:7.67352e-05
Iter 52960000, Residual:7.45646e-05
Iter 53000000, Residual:7.36808e-05
Iter 53040000, Residual:7.68867e-05
Iter 53080000, Residual:7.40464e-05
Iter 53120000, Residual:7.22022e-05
Iter 53160000, Residual:7.22372e-05
Iter 53200000, Residual:6.94508e-05
Iter 53240000, Residual:9.65403e-05
Iter 53280000, Residual:8.51909e-05
Iter 53320000, Residual:7.40297e-05
Iter 53360000, Residual:7.27428e-05
Iter 53400000, Residual:8.03437e-05
Iter 53440000, Residual:6.98262e-05
Iter 53480000, Residual:8.68877e-05
Iter 53520000, Residual:7.27978e-05
Iter 53560000, Residual:6.97586e-05
Iter 53600000, Residual:7.40261e-05
Iter 53640000, Residual:7.09674e-05
Iter 53680000, Residual:6.85216e-05
Iter 53720000, Residual:7.58484e-05
Iter 53760000, Residual:6.99839e-05
Iter 53800000, Residual:7.08975e-05
Iter 53840000, Residual:6.58522e-05
Iter 53880000, Residual:6.77887e-05
Iter 53920000, Residual:8.07692e-05
Iter 53960000, Residual:6.91494e-05
Iter 54000000, Residual:6.73888e-05
Iter 54040000, Residual:7.0294e-05
Iter 54080000, Residual:6.46465e-05
Iter 54120000, Residual:6.65408e-05
Iter 54160000, Residual:6.60415e-05
Iter 54200000, Residual:6.48518e-05
Iter 54240000, Residual:6.47908e-05
Iter 54280000, Residual:6.23309e-05
Iter 54320000, Residual:6.45378e-05
Iter 54360000, Residual:6.50067e-05
Iter 54400000, Residual:6.41877e-05
Iter 54440000, Residual:6.25206e-05
Iter 54480000, Residual:6.72837e-05
Iter 54520000, Residual:6.80393e-05
Iter 54560000, Residual:6.98348e-05
Iter 54600000, Residual:7.9029e-05
Iter 54640000, Residual:7.24108e-05
Iter 54680000, Residual:7.39474e-05
Iter 54720000, Residual:8.28241e-05
Iter 54760000, Residual:6.97611e-05
Iter 54800000, Residual:6.84294e-05
Iter 54840000, Residual:7.34258e-05
Iter 54880000, Residual:8.25099e-05
Iter 54920000, Residual:6.98642e-05
Iter 54960000, Residual:6.88869e-05
Iter 55000000, Residual:6.63529e-05
Iter 55040000, Residual:6.67578e-05
Iter 55080000, Residual:7.08172e-05
Iter 55120000, Residual:6.80551e-05
Iter 55160000, Residual:6.65005e-05
Iter 55200000, Residual:7.45439e-05
Iter 55240000, Residual:6.94463e-05
Iter 55280000, Residual:6.71784e-05
Iter 55320000, Residual:7.1895e-05
Iter 55360000, Residual:6.82027e-05
Iter 55400000, Residual:6.70375e-05
Iter 55440000, Residual:6.85042e-05
Iter 55480000, Residual:6.60737e-05
Iter 55520000, Residual:7.93192e-05
Iter 55560000, Residual:7.62027e-05
Iter 55600000, Residual:7.14827e-05
Iter 55640000, Residual:6.8446e-05
Iter 55680000, Residual:6.8623e-05
Iter 55720000, Residual:6.17332e-05
Iter 55760000, Residual:6.0303e-05
Iter 55800000, Residual:5.95766e-05
Iter 55840000, Residual:6.85973e-05
Iter 55880000, Residual:6.05409e-05
Iter 55920000, Residual:5.84307e-05
Iter 55960000, Residual:6.59366e-05
Iter 56000000, Residual:6.30203e-05
Iter 56040000, Residual:6.12572e-05
Iter 56080000, Residual:6.0454e-05
Iter 56120000, Residual:6.03264e-05
Iter 56160000, Residual:6.59636e-05
Iter 56200000, Residual:6.42126e-05
Iter 56240000, Residual:5.9408e-05
Iter 56280000, Residual:5.91764e-05
Iter 56320000, Residual:6.13532e-05
Iter 56360000, Residual:5.75014e-05
Iter 56400000, Residual:5.54594e-05
Iter 56440000, Residual:5.69149e-05
Iter 56480000, Residual:5.84941e-05
Iter 56520000, Residual:5.7673e-05
Iter 56560000, Residual:5.68215e-05
Iter 56600000, Residual:5.57183e-05
Iter 56640000, Residual:5.57198e-05
Iter 56680000, Residual:5.82888e-05
Iter 56720000, Residual:5.45329e-05
Iter 56760000, Residual:5.45894e-05
Iter 56800000, Residual:5.48922e-05
Iter 56840000, Residual:5.53941e-05
Iter 56880000, Residual:5.73001e-05
Iter 56920000, Residual:5.96032e-05
Iter 56960000, Residual:5.50426e-05
Iter 57000000, Residual:5.60564e-05
Iter 57040000, Residual:5.72114e-05
Iter 57080000, Residual:5.40312e-05
Iter 57120000, Residual:5.31039e-05
Iter 57160000, Residual:8.58183e-05
Iter 57200000, Residual:6.46554e-05
Iter 57240000, Residual:6.25609e-05
Iter 57280000, Residual:7.22697e-05
Iter 57320000, Residual:5.82778e-05
Iter 57360000, Residual:5.75468e-05
Iter 57400000, Residual:5.48011e-05
Iter 57440000, Residual:4.68724e-05
Iter 57480000, Residual:4.49996e-05
Iter 57520000, Residual:6.43085e-05
Iter 57560000, Residual:4.57573e-05
Iter 57600000, Residual:4.0084e-05
Iter 57640000, Residual:3.80695e-05
Iter 57680000, Residual:3.70833e-05
Iter 57720000, Residual:3.73155e-05
Iter 57760000, Residual:3.76314e-05
Iter 57800000, Residual:3.73098e-05
Iter 57840000, Residual:3.90348e-05
Iter 57880000, Residual:3.47762e-05
Iter 57920000, Residual:3.86686e-05
Iter 57960000, Residual:3.7921e-05
Iter 58000000, Residual:5.0893e-05
Iter 58040000, Residual:3.26314e-05
Iter 58080000, Residual:3.61434e-05
Iter 58120000, Residual:3.34349e-05
Iter 58160000, Residual:4.34437e-05
Iter 58200000, Residual:3.42255e-05
Iter 58240000, Residual:2.74589e-05
Iter 58280000, Residual:2.85989e-05
Iter 58320000, Residual:3.11611e-05
Iter 58360000, Residual:2.80464e-05
Iter 58400000, Residual:2.65554e-05
Iter 58440000, Residual:2.96087e-05
Iter 58480000, Residual:2.80058e-05
Iter 58520000, Residual:2.95646e-05
Iter 58560000, Residual:3.05306e-05
Iter 58600000, Residual:2.74257e-05
Iter 58640000, Residual:2.60175e-05
Iter 58680000, Residual:3.31619e-05
Iter 58720000, Residual:2.81238e-05
Iter 58760000, Residual:2.80529e-05
Iter 58800000, Residual:3.00507e-05
Iter 58840000, Residual:2.83183e-05
Iter 58880000, Residual:3.25582e-05
Iter 58920000, Residual:3.61522e-05
Iter 58960000, Residual:3.09427e-05
Iter 59000000, Residual:3.19656e-05
Iter 59040000, Residual:3.09881e-05
Iter 59080000, Residual:2.95084e-05
Iter 59120000, Residual:2.81361e-05
Iter 59160000, Residual:2.94719e-05
Iter 59200000, Residual:2.61447e-05
Iter 59240000, Residual:2.60485e-05
Iter 59280000, Residual:2.68544e-05
Iter 59320000, Residual:2.89061e-05
Iter 59360000, Residual:2.77089e-05
Iter 59400000, Residual:2.71724e-05
Iter 59440000, Residual:2.69863e-05
Iter 59480000, Residual:2.74487e-05
Iter 59520000, Residual:2.71216e-05
Iter 59560000, Residual:3.17766e-05
Iter 59600000, Residual:2.70726e-05
Iter 59640000, Residual:2.79239e-05
Iter 59680000, Residual:2.76472e-05
Iter 59720000, Residual:2.96741e-05
Iter 59760000, Residual:2.81928e-05
Iter 59800000, Residual:2.55676e-05
Iter 59840000, Residual:2.38339e-05
Iter 59880000, Residual:2.50307e-05
Iter 59920000, Residual:2.91946e-05
Iter 59960000, Residual:3.43336e-05
Iter 60000000, Residual:3.01433e-05
Iter 60040000, Residual:2.71117e-05
Iter 60080000, Residual:2.26772e-05
Iter 60120000, Residual:2.223e-05
Iter 60160000, Residual:2.71439e-05
Iter 60200000, Residual:2.10386e-05
Iter 60240000, Residual:2.07867e-05
Iter 60280000, Residual:3.06161e-05
Iter 60320000, Residual:2.96838e-05
Iter 60360000, Residual:2.39308e-05
Iter 60400000, Residual:1.95188e-05
Iter 60440000, Residual:2.16736e-05
Iter 60480000, Residual:2.1811e-05
Iter 60520000, Residual:1.95609e-05
Iter 60560000, Residual:2.0162e-05
Iter 60600000, Residual:1.88996e-05
Iter 60640000, Residual:1.93364e-05
Iter 60680000, Residual:1.89446e-05
Iter 60720000, Residual:2.1891e-05
Iter 60760000, Residual:2.90604e-05
Iter 60800000, Residual:2.2737e-05
Iter 60840000, Residual:1.82544e-05
Iter 60880000, Residual:1.8043e-05
Iter 60920000, Residual:2.12966e-05
Iter 60960000, Residual:2.2787e-05
Iter 61000000, Residual:1.92711e-05
Iter 61040000, Residual:1.99689e-05
Iter 61080000, Residual:1.90613e-05
Iter 61120000, Residual:1.77723e-05
Iter 61160000, Residual:2.09209e-05
Iter 61200000, Residual:1.87252e-05
Iter 61240000, Residual:1.98127e-05
Iter 61280000, Residual:1.72433e-05
Iter 61320000, Residual:1.74508e-05
Iter 61360000, Residual:1.91553e-05
Iter 61400000, Residual:1.75562e-05
Iter 61440000, Residual:1.75851e-05
Iter 61480000, Residual:1.69856e-05
Iter 61520000, Residual:2.10765e-05
Iter 61560000, Residual:1.92581e-05
Iter 61600000, Residual:1.65121e-05
Iter 61640000, Residual:1.8119e-05
Iter 61680000, Residual:1.73323e-05
Iter 61720000, Residual:1.77166e-05
Iter 61760000, Residual:1.75388e-05
Iter 61800000, Residual:1.75178e-05
Iter 61840000, Residual:1.75332e-05
Iter 61880000, Residual:1.89748e-05
Iter 61920000, Residual:1.90815e-05
Iter 61960000, Residual:1.82381e-05
Iter 62000000, Residual:1.86916e-05
Iter 62040000, Residual:1.7872e-05
Iter 62080000, Residual:1.8391e-05
Iter 62120000, Residual:2.09716e-05
Iter 62160000, Residual:1.85257e-05
Iter 62200000, Residual:1.6544e-05
Iter 62240000, Residual:1.59338e-05
Iter 62280000, Residual:1.59517e-05
Iter 62320000, Residual:1.65914e-05
Iter 62360000, Residual:1.5904e-05
Iter 62400000, Residual:1.70358e-05
Iter 62440000, Residual:1.62655e-05
Iter 62480000, Residual:2.02613e-05
Iter 62520000, Residual:1.60946e-05
Iter 62560000, Residual:1.76045e-05
Iter 62600000, Residual:1.81877e-05
Iter 62640000, Residual:1.6439e-05
Iter 62680000, Residual:1.53222e-05
Iter 62720000, Residual:1.58774e-05
Iter 62760000, Residual:1.46746e-05
Iter 62800000, Residual:1.54216e-05
Iter 62840000, Residual:1.49678e-05
Iter 62880000, Residual:1.95834e-05
Iter 62920000, Residual:1.48151e-05
Iter 62960000, Residual:1.4115e-05
Iter 63000000, Residual:1.52035e-05
Iter 63040000, Residual:1.61187e-05
Iter 63080000, Residual:1.49002e-05
Iter 63120000, Residual:1.4517e-05
Iter 63160000, Residual:2.03146e-05
Iter 63200000, Residual:1.66965e-05
Iter 63240000, Residual:1.53333e-05
Iter 63280000, Residual:1.95537e-05
Iter 63320000, Residual:1.53088e-05
Iter 63360000, Residual:1.87653e-05
Iter 63400000, Residual:1.3813e-05
Iter 63440000, Residual:1.74014e-05
Iter 63480000, Residual:1.34213e-05
Iter 63520000, Residual:1.30268e-05
Iter 63560000, Residual:1.41205e-05
Iter 63600000, Residual:1.26702e-05
Iter 63640000, Residual:1.20922e-05
Iter 63680000, Residual:1.16518e-05
Iter 63720000, Residual:1.15883e-05
Iter 63760000, Residual:1.23612e-05
Iter 63800000, Residual:1.15691e-05
Iter 63840000, Residual:1.11545e-05
Iter 63880000, Residual:1.26404e-05
Iter 63920000, Residual:1.32441e-05
Iter 63960000, Residual:1.1949e-05
Iter 64000000, Residual:1.17553e-05
Iter 64040000, Residual:1.20767e-05
Iter 64080000, Residual:1.17691e-05
Iter 64120000, Residual:1.18195e-05
Iter 64160000, Residual:1.34483e-05
Iter 64200000, Residual:1.48653e-05
Iter 64240000, Residual:1.27977e-05
Iter 64280000, Residual:1.88246e-05
Iter 64320000, Residual:1.25281e-05
Iter 64360000, Residual:1.022e-05
Iter 64400000, Residual:9.89012e-06
iters 64400001
residual 9.89012e-06
time_init 3024
time_main 243313
[       OK ] LaplacianSolverBenchmark.solveMtx (247301 ms)
[----------] 1 test from LaplacianSolverBenchmark (247301 ms total)

[----------] Global test environment tear-down
[==========] 1 test from 1 test case ran. (247301 ms total)
[  PASSED  ] 1 test.
