*** NetworKit Unit Tests *** 
Note: Google Test filter = *.solveMtx
[==========] Running 1 test from 1 test case.
[----------] Global test environment set-up.
[----------] 1 test from LaplacianSolverBenchmark
[ RUN      ] LaplacianSolverBenchmark.solveMtx
seed: 3462745828
40000
1
root: 36251
Readed spanning tree form tree.txt
init finished
begin: main
Iter 0, Residual:1311.63
Iter 40000, Residual:54.3622
Iter 80000, Residual:28.5136
Iter 120000, Residual:20.479
Iter 160000, Residual:21.5153
Iter 200000, Residual:14.5601
Iter 240000, Residual:11.4241
Iter 280000, Residual:14.7162
Iter 320000, Residual:10.333
Iter 360000, Residual:8.69673
Iter 400000, Residual:8.83096
Iter 440000, Residual:8.45577
Iter 480000, Residual:6.94249
Iter 520000, Residual:6.53062
Iter 560000, Residual:6.28157
Iter 600000, Residual:6.84935
Iter 640000, Residual:5.90535
Iter 680000, Residual:5.7221
Iter 720000, Residual:5.96514
Iter 760000, Residual:5.46696
Iter 800000, Residual:9.81489
Iter 840000, Residual:5.19199
Iter 880000, Residual:4.74054
Iter 920000, Residual:4.60732
Iter 960000, Residual:4.24225
Iter 1000000, Residual:4.25482
Iter 1040000, Residual:4.44217
Iter 1080000, Residual:4.95348
Iter 1120000, Residual:4.41374
Iter 1160000, Residual:5.87889
Iter 1200000, Residual:3.96796
Iter 1240000, Residual:3.80872
Iter 1280000, Residual:3.85115
Iter 1320000, Residual:3.69261
Iter 1360000, Residual:4.73969
Iter 1400000, Residual:3.53744
Iter 1440000, Residual:3.15745
Iter 1480000, Residual:3.70527
Iter 1520000, Residual:3.4074
Iter 1560000, Residual:3.85747
Iter 1600000, Residual:3.02465
Iter 1640000, Residual:2.83327
Iter 1680000, Residual:3.20346
Iter 1720000, Residual:3.00462
Iter 1760000, Residual:2.88911
Iter 1800000, Residual:3.6485
Iter 1840000, Residual:2.8967
Iter 1880000, Residual:2.73153
Iter 1920000, Residual:2.82311
Iter 1960000, Residual:2.98852
Iter 2000000, Residual:2.47226
Iter 2040000, Residual:2.68551
Iter 2080000, Residual:2.74919
Iter 2120000, Residual:2.72542
Iter 2160000, Residual:2.46541
Iter 2200000, Residual:2.68082
Iter 2240000, Residual:2.39439
Iter 2280000, Residual:2.61534
Iter 2320000, Residual:2.20647
Iter 2360000, Residual:2.39495
Iter 2400000, Residual:3.66351
Iter 2440000, Residual:2.22671
Iter 2480000, Residual:2.83849
Iter 2520000, Residual:2.17712
Iter 2560000, Residual:2.70437
Iter 2600000, Residual:2.239
Iter 2640000, Residual:2.04072
Iter 2680000, Residual:2.03329
Iter 2720000, Residual:1.90496
Iter 2760000, Residual:1.91619
Iter 2800000, Residual:1.96269
Iter 2840000, Residual:3.05284
Iter 2880000, Residual:1.86951
Iter 2920000, Residual:1.76313
Iter 2960000, Residual:1.88046
Iter 3000000, Residual:1.74102
Iter 3040000, Residual:1.77326
Iter 3080000, Residual:1.81306
Iter 3120000, Residual:1.85301
Iter 3160000, Residual:1.79245
Iter 3200000, Residual:1.70919
Iter 3240000, Residual:1.58363
Iter 3280000, Residual:1.68719
Iter 3320000, Residual:1.5445
Iter 3360000, Residual:1.46833
Iter 3400000, Residual:1.50726
Iter 3440000, Residual:1.39075
Iter 3480000, Residual:1.55816
Iter 3520000, Residual:1.62259
Iter 3560000, Residual:1.41596
Iter 3600000, Residual:1.4377
Iter 3640000, Residual:1.33803
Iter 3680000, Residual:1.80789
Iter 3720000, Residual:1.4927
Iter 3760000, Residual:1.61204
Iter 3800000, Residual:1.40628
Iter 3840000, Residual:1.46385
Iter 3880000, Residual:1.23875
Iter 3920000, Residual:1.38993
Iter 3960000, Residual:1.22749
Iter 4000000, Residual:1.56459
Iter 4040000, Residual:1.16383
Iter 4080000, Residual:1.20314
Iter 4120000, Residual:1.42913
Iter 4160000, Residual:1.1489
Iter 4200000, Residual:1.25929
Iter 4240000, Residual:1.17705
Iter 4280000, Residual:1.07643
Iter 4320000, Residual:1.37725
Iter 4360000, Residual:1.39632
Iter 4400000, Residual:0.987268
Iter 4440000, Residual:1.01602
Iter 4480000, Residual:1.28482
Iter 4520000, Residual:1.04502
Iter 4560000, Residual:1.17112
Iter 4600000, Residual:1.03573
Iter 4640000, Residual:0.95534
Iter 4680000, Residual:0.932316
Iter 4720000, Residual:0.950652
Iter 4760000, Residual:0.96097
Iter 4800000, Residual:1.04838
Iter 4840000, Residual:1.01013
Iter 4880000, Residual:0.997082
Iter 4920000, Residual:0.886559
Iter 4960000, Residual:0.92047
Iter 5000000, Residual:0.884761
Iter 5040000, Residual:1.09035
Iter 5080000, Residual:0.814241
Iter 5120000, Residual:0.832877
Iter 5160000, Residual:0.785493
Iter 5200000, Residual:0.840897
Iter 5240000, Residual:0.725252
Iter 5280000, Residual:0.848902
Iter 5320000, Residual:0.890335
Iter 5360000, Residual:0.742533
Iter 5400000, Residual:0.731425
Iter 5440000, Residual:0.855673
Iter 5480000, Residual:0.735204
Iter 5520000, Residual:0.952211
Iter 5560000, Residual:0.818756
Iter 5600000, Residual:0.693184
Iter 5640000, Residual:0.733571
Iter 5680000, Residual:0.709383
Iter 5720000, Residual:0.691776
Iter 5760000, Residual:0.623395
Iter 5800000, Residual:0.604923
Iter 5840000, Residual:0.721693
Iter 5880000, Residual:0.833587
Iter 5920000, Residual:0.708795
Iter 5960000, Residual:0.662301
Iter 6000000, Residual:0.631906
Iter 6040000, Residual:0.625009
Iter 6080000, Residual:0.585987
Iter 6120000, Residual:0.603301
Iter 6160000, Residual:0.592831
Iter 6200000, Residual:0.569971
Iter 6240000, Residual:0.567147
Iter 6280000, Residual:0.620654
Iter 6320000, Residual:0.601362
Iter 6360000, Residual:0.576647
Iter 6400000, Residual:0.562718
Iter 6440000, Residual:0.565339
Iter 6480000, Residual:0.498222
Iter 6520000, Residual:0.57093
Iter 6560000, Residual:0.539854
Iter 6600000, Residual:0.665888
Iter 6640000, Residual:0.582651
Iter 6680000, Residual:0.526678
Iter 6720000, Residual:0.508294
Iter 6760000, Residual:0.557562
Iter 6800000, Residual:0.526289
Iter 6840000, Residual:0.539666
Iter 6880000, Residual:0.513185
Iter 6920000, Residual:0.484607
Iter 6960000, Residual:0.68577
Iter 7000000, Residual:0.539207
Iter 7040000, Residual:0.496899
Iter 7080000, Residual:0.540972
Iter 7120000, Residual:0.438885
Iter 7160000, Residual:0.563509
Iter 7200000, Residual:0.543188
Iter 7240000, Residual:0.447981
Iter 7280000, Residual:0.438478
Iter 7320000, Residual:0.463122
Iter 7360000, Residual:0.40699
Iter 7400000, Residual:0.411939
Iter 7440000, Residual:0.414235
Iter 7480000, Residual:0.433002
Iter 7520000, Residual:0.450466
Iter 7560000, Residual:0.396518
Iter 7600000, Residual:0.419286
Iter 7640000, Residual:0.418181
Iter 7680000, Residual:0.401797
Iter 7720000, Residual:0.392309
Iter 7760000, Residual:0.428115
Iter 7800000, Residual:0.495896
Iter 7840000, Residual:0.452224
Iter 7880000, Residual:0.413131
Iter 7920000, Residual:0.406444
Iter 7960000, Residual:0.417997
Iter 8000000, Residual:0.394535
Iter 8040000, Residual:0.370747
Iter 8080000, Residual:0.352789
Iter 8120000, Residual:0.374248
Iter 8160000, Residual:0.362799
Iter 8200000, Residual:0.32966
Iter 8240000, Residual:0.335143
Iter 8280000, Residual:0.37537
Iter 8320000, Residual:0.322707
Iter 8360000, Residual:0.354658
Iter 8400000, Residual:0.352745
Iter 8440000, Residual:0.343602
Iter 8480000, Residual:0.323516
Iter 8520000, Residual:0.350486
Iter 8560000, Residual:0.318171
Iter 8600000, Residual:0.291553
Iter 8640000, Residual:0.304185
Iter 8680000, Residual:0.314201
Iter 8720000, Residual:0.355435
Iter 8760000, Residual:0.292916
Iter 8800000, Residual:0.276859
Iter 8840000, Residual:0.325566
Iter 8880000, Residual:0.35
Iter 8920000, Residual:0.321115
Iter 8960000, Residual:0.275518
Iter 9000000, Residual:0.269315
Iter 9040000, Residual:0.301195
Iter 9080000, Residual:0.311699
Iter 9120000, Residual:0.251941
Iter 9160000, Residual:0.252581
Iter 9200000, Residual:0.261228
Iter 9240000, Residual:0.261371
Iter 9280000, Residual:0.279947
Iter 9320000, Residual:0.288149
Iter 9360000, Residual:0.26917
Iter 9400000, Residual:0.298186
Iter 9440000, Residual:0.397573
Iter 9480000, Residual:0.343357
Iter 9520000, Residual:0.246724
Iter 9560000, Residual:0.283151
Iter 9600000, Residual:0.264253
Iter 9640000, Residual:0.244827
Iter 9680000, Residual:0.248585
Iter 9720000, Residual:0.245363
Iter 9760000, Residual:0.247852
Iter 9800000, Residual:0.252612
Iter 9840000, Residual:0.275807
Iter 9880000, Residual:0.289588
Iter 9920000, Residual:0.241686
Iter 9960000, Residual:0.2218
Iter 10000000, Residual:0.246609
Iter 10040000, Residual:0.233388
Iter 10080000, Residual:0.30289
Iter 10120000, Residual:0.222455
Iter 10160000, Residual:0.233765
Iter 10200000, Residual:0.204287
Iter 10240000, Residual:0.211076
Iter 10280000, Residual:0.224934
Iter 10320000, Residual:0.217959
Iter 10360000, Residual:0.214123
Iter 10400000, Residual:0.201385
Iter 10440000, Residual:0.195381
Iter 10480000, Residual:0.224027
Iter 10520000, Residual:0.202078
Iter 10560000, Residual:0.321389
Iter 10600000, Residual:0.186013
Iter 10640000, Residual:0.175387
Iter 10680000, Residual:0.195324
Iter 10720000, Residual:0.208116
Iter 10760000, Residual:0.18721
Iter 10800000, Residual:0.177766
Iter 10840000, Residual:0.196915
Iter 10880000, Residual:0.179453
Iter 10920000, Residual:0.198549
Iter 10960000, Residual:0.174943
Iter 11000000, Residual:0.165592
Iter 11040000, Residual:0.188292
Iter 11080000, Residual:0.17118
Iter 11120000, Residual:0.160722
Iter 11160000, Residual:0.253844
Iter 11200000, Residual:0.176476
Iter 11240000, Residual:0.17541
Iter 11280000, Residual:0.21934
Iter 11320000, Residual:0.154287
Iter 11360000, Residual:0.15424
Iter 11400000, Residual:0.158423
Iter 11440000, Residual:0.152725
Iter 11480000, Residual:0.155525
Iter 11520000, Residual:0.164436
Iter 11560000, Residual:0.15916
Iter 11600000, Residual:0.161481
Iter 11640000, Residual:0.152668
Iter 11680000, Residual:0.154679
Iter 11720000, Residual:0.153531
Iter 11760000, Residual:0.142538
Iter 11800000, Residual:0.148268
Iter 11840000, Residual:0.150097
Iter 11880000, Residual:0.136129
Iter 11920000, Residual:0.143592
Iter 11960000, Residual:0.135722
Iter 12000000, Residual:0.195805
Iter 12040000, Residual:0.131619
Iter 12080000, Residual:0.140471
Iter 12120000, Residual:0.130178
Iter 12160000, Residual:0.142452
Iter 12200000, Residual:0.137329
Iter 12240000, Residual:0.135075
Iter 12280000, Residual:0.131995
Iter 12320000, Residual:0.122758
Iter 12360000, Residual:0.118572
Iter 12400000, Residual:0.119719
Iter 12440000, Residual:0.132463
Iter 12480000, Residual:0.120897
Iter 12520000, Residual:0.154881
Iter 12560000, Residual:0.133525
Iter 12600000, Residual:0.124125
Iter 12640000, Residual:0.122263
Iter 12680000, Residual:0.12864
Iter 12720000, Residual:0.120231
Iter 12760000, Residual:0.112875
Iter 12800000, Residual:0.128504
Iter 12840000, Residual:0.113834
Iter 12880000, Residual:0.122964
Iter 12920000, Residual:0.113054
Iter 12960000, Residual:0.125331
Iter 13000000, Residual:0.109696
Iter 13040000, Residual:0.11214
Iter 13080000, Residual:0.107655
Iter 13120000, Residual:0.108202
Iter 13160000, Residual:0.124883
Iter 13200000, Residual:0.10211
Iter 13240000, Residual:0.128096
Iter 13280000, Residual:0.116883
Iter 13320000, Residual:0.104647
Iter 13360000, Residual:0.107664
Iter 13400000, Residual:0.0974989
Iter 13440000, Residual:0.0975689
Iter 13480000, Residual:0.147483
Iter 13520000, Residual:0.0941666
Iter 13560000, Residual:0.0886345
Iter 13600000, Residual:0.10236
Iter 13640000, Residual:0.0891862
Iter 13680000, Residual:0.0867007
Iter 13720000, Residual:0.0955363
Iter 13760000, Residual:0.10671
Iter 13800000, Residual:0.0951148
Iter 13840000, Residual:0.0914704
Iter 13880000, Residual:0.0928611
Iter 13920000, Residual:0.0987761
Iter 13960000, Residual:0.0913579
Iter 14000000, Residual:0.100255
Iter 14040000, Residual:0.0886061
Iter 14080000, Residual:0.107998
Iter 14120000, Residual:0.0874128
Iter 14160000, Residual:0.0868404
Iter 14200000, Residual:0.0868828
Iter 14240000, Residual:0.0869844
Iter 14280000, Residual:0.101674
Iter 14320000, Residual:0.0923824
Iter 14360000, Residual:0.0837639
Iter 14400000, Residual:0.083945
Iter 14440000, Residual:0.0804479
Iter 14480000, Residual:0.0982865
Iter 14520000, Residual:0.0811973
Iter 14560000, Residual:0.0748919
Iter 14600000, Residual:0.0790958
Iter 14640000, Residual:0.0835193
Iter 14680000, Residual:0.0716061
Iter 14720000, Residual:0.0749115
Iter 14760000, Residual:0.0706304
Iter 14800000, Residual:0.0712599
Iter 14840000, Residual:0.0738909
Iter 14880000, Residual:0.0808435
Iter 14920000, Residual:0.0756543
Iter 14960000, Residual:0.0714237
Iter 15000000, Residual:0.0749815
Iter 15040000, Residual:0.0718093
Iter 15080000, Residual:0.0755991
Iter 15120000, Residual:0.0836647
Iter 15160000, Residual:0.0675949
Iter 15200000, Residual:0.0700866
Iter 15240000, Residual:0.0692753
Iter 15280000, Residual:0.065861
Iter 15320000, Residual:0.0656454
Iter 15360000, Residual:0.0667572
Iter 15400000, Residual:0.0689368
Iter 15440000, Residual:0.138461
Iter 15480000, Residual:0.0737809
Iter 15520000, Residual:0.0644239
Iter 15560000, Residual:0.0618405
Iter 15600000, Residual:0.0612349
Iter 15640000, Residual:0.0630559
Iter 15680000, Residual:0.0646424
Iter 15720000, Residual:0.0612865
Iter 15760000, Residual:0.0680338
Iter 15800000, Residual:0.0840023
Iter 15840000, Residual:0.0678228
Iter 15880000, Residual:0.0604891
Iter 15920000, Residual:0.0578591
Iter 15960000, Residual:0.0611743
Iter 16000000, Residual:0.0573107
Iter 16040000, Residual:0.0565286
Iter 16080000, Residual:0.0550228
Iter 16120000, Residual:0.0584057
Iter 16160000, Residual:0.060553
Iter 16200000, Residual:0.0571045
Iter 16240000, Residual:0.0554674
Iter 16280000, Residual:0.052991
Iter 16320000, Residual:0.0594983
Iter 16360000, Residual:0.0498919
Iter 16400000, Residual:0.05555
Iter 16440000, Residual:0.0545494
Iter 16480000, Residual:0.0536445
Iter 16520000, Residual:0.0521461
Iter 16560000, Residual:0.0580879
Iter 16600000, Residual:0.0574586
Iter 16640000, Residual:0.0656418
Iter 16680000, Residual:0.047182
Iter 16720000, Residual:0.052798
Iter 16760000, Residual:0.060652
Iter 16800000, Residual:0.0515933
Iter 16840000, Residual:0.0506323
Iter 16880000, Residual:0.0628751
Iter 16920000, Residual:0.048928
Iter 16960000, Residual:0.0527889
Iter 17000000, Residual:0.0450997
Iter 17040000, Residual:0.0493314
Iter 17080000, Residual:0.0450535
Iter 17120000, Residual:0.0439243
Iter 17160000, Residual:0.0443373
Iter 17200000, Residual:0.0463917
Iter 17240000, Residual:0.042315
Iter 17280000, Residual:0.0445177
Iter 17320000, Residual:0.0527147
Iter 17360000, Residual:0.0437377
Iter 17400000, Residual:0.0429815
Iter 17440000, Residual:0.0668066
Iter 17480000, Residual:0.0399703
Iter 17520000, Residual:0.0432737
Iter 17560000, Residual:0.0440128
Iter 17600000, Residual:0.0404008
Iter 17640000, Residual:0.0409754
Iter 17680000, Residual:0.0396821
Iter 17720000, Residual:0.0387368
Iter 17760000, Residual:0.036422
Iter 17800000, Residual:0.0526652
Iter 17840000, Residual:0.0376129
Iter 17880000, Residual:0.0412263
Iter 17920000, Residual:0.0376499
Iter 17960000, Residual:0.0371041
Iter 18000000, Residual:0.0394745
Iter 18040000, Residual:0.0381288
Iter 18080000, Residual:0.0364595
Iter 18120000, Residual:0.0368949
Iter 18160000, Residual:0.0369656
Iter 18200000, Residual:0.0333173
Iter 18240000, Residual:0.0377491
Iter 18280000, Residual:0.0360687
Iter 18320000, Residual:0.0348484
Iter 18360000, Residual:0.03329
Iter 18400000, Residual:0.0339273
Iter 18440000, Residual:0.0321391
Iter 18480000, Residual:0.0326384
Iter 18520000, Residual:0.0417734
Iter 18560000, Residual:0.0347815
Iter 18600000, Residual:0.0333087
Iter 18640000, Residual:0.0307206
Iter 18680000, Residual:0.0377962
Iter 18720000, Residual:0.0334014
Iter 18760000, Residual:0.0354249
Iter 18800000, Residual:0.0326763
Iter 18840000, Residual:0.0320654
Iter 18880000, Residual:0.0382338
Iter 18920000, Residual:0.0316479
Iter 18960000, Residual:0.0321901
Iter 19000000, Residual:0.0315944
Iter 19040000, Residual:0.0308646
Iter 19080000, Residual:0.0290989
Iter 19120000, Residual:0.0290703
Iter 19160000, Residual:0.0329753
Iter 19200000, Residual:0.0288508
Iter 19240000, Residual:0.0304684
Iter 19280000, Residual:0.0304955
Iter 19320000, Residual:0.0285504
Iter 19360000, Residual:0.0299995
Iter 19400000, Residual:0.0264528
Iter 19440000, Residual:0.0283692
Iter 19480000, Residual:0.0319551
Iter 19520000, Residual:0.0266999
Iter 19560000, Residual:0.0319712
Iter 19600000, Residual:0.0270724
Iter 19640000, Residual:0.0331231
Iter 19680000, Residual:0.0256984
Iter 19720000, Residual:0.0285942
Iter 19760000, Residual:0.0292544
Iter 19800000, Residual:0.0349498
Iter 19840000, Residual:0.027035
Iter 19880000, Residual:0.0275343
Iter 19920000, Residual:0.0310995
Iter 19960000, Residual:0.0288193
Iter 20000000, Residual:0.0255032
Iter 20040000, Residual:0.0277051
Iter 20080000, Residual:0.0300356
Iter 20120000, Residual:0.0271684
Iter 20160000, Residual:0.0334297
Iter 20200000, Residual:0.0259524
Iter 20240000, Residual:0.0251683
Iter 20280000, Residual:0.0234491
Iter 20320000, Residual:0.0281605
Iter 20360000, Residual:0.0239194
Iter 20400000, Residual:0.0243418
Iter 20440000, Residual:0.023247
Iter 20480000, Residual:0.0229776
Iter 20520000, Residual:0.0298852
Iter 20560000, Residual:0.0228183
Iter 20600000, Residual:0.0263396
Iter 20640000, Residual:0.0225792
Iter 20680000, Residual:0.0265005
Iter 20720000, Residual:0.0255405
Iter 20760000, Residual:0.0213671
Iter 20800000, Residual:0.0205346
Iter 20840000, Residual:0.0221163
Iter 20880000, Residual:0.0214592
Iter 20920000, Residual:0.0240036
Iter 20960000, Residual:0.025437
Iter 21000000, Residual:0.0268707
Iter 21040000, Residual:0.0218506
Iter 21080000, Residual:0.0221703
Iter 21120000, Residual:0.0214843
Iter 21160000, Residual:0.0246854
Iter 21200000, Residual:0.021189
Iter 21240000, Residual:0.022472
Iter 21280000, Residual:0.0228648
Iter 21320000, Residual:0.0210415
Iter 21360000, Residual:0.022766
Iter 21400000, Residual:0.0224453
Iter 21440000, Residual:0.0206476
Iter 21480000, Residual:0.0227958
Iter 21520000, Residual:0.0201456
Iter 21560000, Residual:0.0216028
Iter 21600000, Residual:0.0246186
Iter 21640000, Residual:0.021794
Iter 21680000, Residual:0.0222148
Iter 21720000, Residual:0.0208933
Iter 21760000, Residual:0.0200722
Iter 21800000, Residual:0.0194166
Iter 21840000, Residual:0.0205391
Iter 21880000, Residual:0.0217341
Iter 21920000, Residual:0.0201482
Iter 21960000, Residual:0.0203808
Iter 22000000, Residual:0.0214845
Iter 22040000, Residual:0.0206732
Iter 22080000, Residual:0.0193479
Iter 22120000, Residual:0.019091
Iter 22160000, Residual:0.0188863
Iter 22200000, Residual:0.0187692
Iter 22240000, Residual:0.0198336
Iter 22280000, Residual:0.0183864
Iter 22320000, Residual:0.0196471
Iter 22360000, Residual:0.0195725
Iter 22400000, Residual:0.0183568
Iter 22440000, Residual:0.0177209
Iter 22480000, Residual:0.0184539
Iter 22520000, Residual:0.0178856
Iter 22560000, Residual:0.0188333
Iter 22600000, Residual:0.0182861
Iter 22640000, Residual:0.0180439
Iter 22680000, Residual:0.0180653
Iter 22720000, Residual:0.0191305
Iter 22760000, Residual:0.0180295
Iter 22800000, Residual:0.0189591
Iter 22840000, Residual:0.0180919
Iter 22880000, Residual:0.0175039
Iter 22920000, Residual:0.0182259
Iter 22960000, Residual:0.0172578
Iter 23000000, Residual:0.0174268
Iter 23040000, Residual:0.0176797
Iter 23080000, Residual:0.0165623
Iter 23120000, Residual:0.0164285
Iter 23160000, Residual:0.0167094
Iter 23200000, Residual:0.0174731
Iter 23240000, Residual:0.0180241
Iter 23280000, Residual:0.0165724
Iter 23320000, Residual:0.0160839
Iter 23360000, Residual:0.0164886
Iter 23400000, Residual:0.0166786
Iter 23440000, Residual:0.016115
Iter 23480000, Residual:0.0156724
Iter 23520000, Residual:0.0196817
Iter 23560000, Residual:0.0169118
Iter 23600000, Residual:0.016933
Iter 23640000, Residual:0.0173256
Iter 23680000, Residual:0.0163155
Iter 23720000, Residual:0.0174894
Iter 23760000, Residual:0.0162506
Iter 23800000, Residual:0.0155381
Iter 23840000, Residual:0.0166264
Iter 23880000, Residual:0.0155298
Iter 23920000, Residual:0.0159068
Iter 23960000, Residual:0.0156578
Iter 24000000, Residual:0.0154792
Iter 24040000, Residual:0.0149395
Iter 24080000, Residual:0.0204322
Iter 24120000, Residual:0.0171168
Iter 24160000, Residual:0.0188391
Iter 24200000, Residual:0.0178979
Iter 24240000, Residual:0.0352997
Iter 24280000, Residual:0.0159049
Iter 24320000, Residual:0.012872
Iter 24360000, Residual:0.0118336
Iter 24400000, Residual:0.0118452
Iter 24440000, Residual:0.0113666
Iter 24480000, Residual:0.0116174
Iter 24520000, Residual:0.0113044
Iter 24560000, Residual:0.0111681
Iter 24600000, Residual:0.010639
Iter 24640000, Residual:0.0105035
Iter 24680000, Residual:0.0108606
Iter 24720000, Residual:0.0114846
Iter 24760000, Residual:0.0109599
Iter 24800000, Residual:0.0105276
Iter 24840000, Residual:0.0110423
Iter 24880000, Residual:0.0109044
Iter 24920000, Residual:0.0108491
Iter 24960000, Residual:0.0110521
Iter 25000000, Residual:0.0113687
Iter 25040000, Residual:0.0113815
Iter 25080000, Residual:0.0103406
Iter 25120000, Residual:0.0117006
Iter 25160000, Residual:0.00994136
Iter 25200000, Residual:0.0118313
Iter 25240000, Residual:0.00965575
Iter 25280000, Residual:0.00977155
Iter 25320000, Residual:0.00895398
Iter 25360000, Residual:0.00929497
Iter 25400000, Residual:0.0163694
Iter 25440000, Residual:0.0118261
Iter 25480000, Residual:0.00881065
Iter 25520000, Residual:0.0109819
Iter 25560000, Residual:0.00823151
Iter 25600000, Residual:0.00833011
Iter 25640000, Residual:0.00895153
Iter 25680000, Residual:0.00861753
Iter 25720000, Residual:0.00895234
Iter 25760000, Residual:0.00860265
Iter 25800000, Residual:0.00853511
Iter 25840000, Residual:0.00799482
Iter 25880000, Residual:0.00819616
Iter 25920000, Residual:0.0086207
Iter 25960000, Residual:0.00839788
Iter 26000000, Residual:0.00791648
Iter 26040000, Residual:0.00802718
Iter 26080000, Residual:0.00806075
Iter 26120000, Residual:0.00823527
Iter 26160000, Residual:0.00791674
Iter 26200000, Residual:0.00871349
Iter 26240000, Residual:0.00838046
Iter 26280000, Residual:0.00908586
Iter 26320000, Residual:0.00830689
Iter 26360000, Residual:0.00776628
Iter 26400000, Residual:0.00767536
Iter 26440000, Residual:0.00867577
Iter 26480000, Residual:0.00786945
Iter 26520000, Residual:0.00778782
Iter 26560000, Residual:0.00826537
Iter 26600000, Residual:0.0129363
Iter 26640000, Residual:0.00734864
Iter 26680000, Residual:0.00749018
Iter 26720000, Residual:0.00752613
Iter 26760000, Residual:0.00726407
Iter 26800000, Residual:0.00723343
Iter 26840000, Residual:0.00779493
Iter 26880000, Residual:0.00729358
Iter 26920000, Residual:0.00712581
Iter 26960000, Residual:0.00744983
Iter 27000000, Residual:0.0078775
Iter 27040000, Residual:0.0069351
Iter 27080000, Residual:0.00660609
Iter 27120000, Residual:0.00653147
Iter 27160000, Residual:0.00738901
Iter 27200000, Residual:0.00677045
Iter 27240000, Residual:0.00639145
Iter 27280000, Residual:0.00679054
Iter 27320000, Residual:0.00743147
Iter 27360000, Residual:0.00686036
Iter 27400000, Residual:0.0129903
Iter 27440000, Residual:0.00704741
Iter 27480000, Residual:0.00698247
Iter 27520000, Residual:0.0063835
Iter 27560000, Residual:0.00693474
Iter 27600000, Residual:0.00674657
Iter 27640000, Residual:0.00630514
Iter 27680000, Residual:0.0131432
Iter 27720000, Residual:0.00648256
Iter 27760000, Residual:0.00633259
Iter 27800000, Residual:0.00636241
Iter 27840000, Residual:0.00671083
Iter 27880000, Residual:0.00608972
Iter 27920000, Residual:0.00589137
Iter 27960000, Residual:0.00590355
Iter 28000000, Residual:0.00556518
Iter 28040000, Residual:0.00837847
Iter 28080000, Residual:0.00575306
Iter 28120000, Residual:0.00632404
Iter 28160000, Residual:0.00539407
Iter 28200000, Residual:0.00542193
Iter 28240000, Residual:0.00522929
Iter 28280000, Residual:0.00554124
Iter 28320000, Residual:0.00883267
Iter 28360000, Residual:0.00607296
Iter 28400000, Residual:0.00729809
Iter 28440000, Residual:0.00689735
Iter 28480000, Residual:0.00553
Iter 28520000, Residual:0.00517495
Iter 28560000, Residual:0.00517966
Iter 28600000, Residual:0.00461558
Iter 28640000, Residual:0.00471351
Iter 28680000, Residual:0.00451508
Iter 28720000, Residual:0.00433998
Iter 28760000, Residual:0.00510952
Iter 28800000, Residual:0.00507479
Iter 28840000, Residual:0.00473866
Iter 28880000, Residual:0.00464838
Iter 28920000, Residual:0.00461529
Iter 28960000, Residual:0.00451861
Iter 29000000, Residual:0.00444496
Iter 29040000, Residual:0.00483293
Iter 29080000, Residual:0.00501854
Iter 29120000, Residual:0.00427351
Iter 29160000, Residual:0.00508809
Iter 29200000, Residual:0.00448619
Iter 29240000, Residual:0.00444454
Iter 29280000, Residual:0.00425918
Iter 29320000, Residual:0.00408264
Iter 29360000, Residual:0.00404737
Iter 29400000, Residual:0.00412173
Iter 29440000, Residual:0.00419308
Iter 29480000, Residual:0.00449759
Iter 29520000, Residual:0.00392076
Iter 29560000, Residual:0.00424445
Iter 29600000, Residual:0.00415186
Iter 29640000, Residual:0.00428185
Iter 29680000, Residual:0.00390994
Iter 29720000, Residual:0.00373845
Iter 29760000, Residual:0.00421174
Iter 29800000, Residual:0.00419025
Iter 29840000, Residual:0.00378489
Iter 29880000, Residual:0.00397452
Iter 29920000, Residual:0.00421084
Iter 29960000, Residual:0.0036545
Iter 30000000, Residual:0.00468204
Iter 30040000, Residual:0.00356473
Iter 30080000, Residual:0.00433268
Iter 30120000, Residual:0.00377484
Iter 30160000, Residual:0.00344854
Iter 30200000, Residual:0.00384529
Iter 30240000, Residual:0.00343806
Iter 30280000, Residual:0.00400871
Iter 30320000, Residual:0.00390634
Iter 30360000, Residual:0.0044159
Iter 30400000, Residual:0.00345724
Iter 30440000, Residual:0.0106154
Iter 30480000, Residual:0.00383985
Iter 30520000, Residual:0.00376939
Iter 30560000, Residual:0.00422475
Iter 30600000, Residual:0.00325437
Iter 30640000, Residual:0.00323675
Iter 30680000, Residual:0.00350119
Iter 30720000, Residual:0.00350635
Iter 30760000, Residual:0.00364641
Iter 30800000, Residual:0.00355532
Iter 30840000, Residual:0.0030523
Iter 30880000, Residual:0.00320037
Iter 30920000, Residual:0.00352533
Iter 30960000, Residual:0.00350704
Iter 31000000, Residual:0.00317601
Iter 31040000, Residual:0.00315162
Iter 31080000, Residual:0.00300592
Iter 31120000, Residual:0.00302988
Iter 31160000, Residual:0.00302997
Iter 31200000, Residual:0.0038283
Iter 31240000, Residual:0.00310641
Iter 31280000, Residual:0.00304922
Iter 31320000, Residual:0.00297049
Iter 31360000, Residual:0.00290087
Iter 31400000, Residual:0.00297614
Iter 31440000, Residual:0.0029706
Iter 31480000, Residual:0.00297535
Iter 31520000, Residual:0.00430267
Iter 31560000, Residual:0.00388738
Iter 31600000, Residual:0.00553105
Iter 31640000, Residual:0.00324213
Iter 31680000, Residual:0.00326404
Iter 31720000, Residual:0.00334532
Iter 31760000, Residual:0.00291909
Iter 31800000, Residual:0.00307504
Iter 31840000, Residual:0.00312101
Iter 31880000, Residual:0.00256884
Iter 31920000, Residual:0.00263994
Iter 31960000, Residual:0.0031687
Iter 32000000, Residual:0.00274783
Iter 32040000, Residual:0.00270684
Iter 32080000, Residual:0.00239955
Iter 32120000, Residual:0.00291148
Iter 32160000, Residual:0.00274776
Iter 32200000, Residual:0.00242153
Iter 32240000, Residual:0.0023248
Iter 32280000, Residual:0.00237196
Iter 32320000, Residual:0.0026197
Iter 32360000, Residual:0.00256032
Iter 32400000, Residual:0.00241107
Iter 32440000, Residual:0.00254936
Iter 32480000, Residual:0.00254465
Iter 32520000, Residual:0.00231861
Iter 32560000, Residual:0.00302177
Iter 32600000, Residual:0.00246284
Iter 32640000, Residual:0.00252292
Iter 32680000, Residual:0.00254997
Iter 32720000, Residual:0.00265918
Iter 32760000, Residual:0.002331
Iter 32800000, Residual:0.00228238
Iter 32840000, Residual:0.00325543
Iter 32880000, Residual:0.00235508
Iter 32920000, Residual:0.00282855
Iter 32960000, Residual:0.00233448
Iter 33000000, Residual:0.00230494
Iter 33040000, Residual:0.00204896
Iter 33080000, Residual:0.00203692
Iter 33120000, Residual:0.00204716
Iter 33160000, Residual:0.00215174
Iter 33200000, Residual:0.00233662
Iter 33240000, Residual:0.00204899
Iter 33280000, Residual:0.00279528
Iter 33320000, Residual:0.00222387
Iter 33360000, Residual:0.00196035
Iter 33400000, Residual:0.00199845
Iter 33440000, Residual:0.00191382
Iter 33480000, Residual:0.00188129
Iter 33520000, Residual:0.00188358
Iter 33560000, Residual:0.00187388
Iter 33600000, Residual:0.00198134
Iter 33640000, Residual:0.00192741
Iter 33680000, Residual:0.00195074
Iter 33720000, Residual:0.00184982
Iter 33760000, Residual:0.00188843
Iter 33800000, Residual:0.00191187
Iter 33840000, Residual:0.00193426
Iter 33880000, Residual:0.00187324
Iter 33920000, Residual:0.00194077
Iter 33960000, Residual:0.00193982
Iter 34000000, Residual:0.00175108
Iter 34040000, Residual:0.001887
Iter 34080000, Residual:0.0018906
Iter 34120000, Residual:0.00198431
Iter 34160000, Residual:0.00197299
Iter 34200000, Residual:0.00191323
Iter 34240000, Residual:0.00187004
Iter 34280000, Residual:0.00214423
Iter 34320000, Residual:0.00224594
Iter 34360000, Residual:0.00207337
Iter 34400000, Residual:0.00195576
Iter 34440000, Residual:0.00173832
Iter 34480000, Residual:0.00172506
Iter 34520000, Residual:0.00203337
Iter 34560000, Residual:0.0017527
Iter 34600000, Residual:0.00162813
Iter 34640000, Residual:0.00162232
Iter 34680000, Residual:0.00195777
Iter 34720000, Residual:0.00167065
Iter 34760000, Residual:0.00169288
Iter 34800000, Residual:0.00166599
Iter 34840000, Residual:0.00154923
Iter 34880000, Residual:0.00164246
Iter 34920000, Residual:0.00171011
Iter 34960000, Residual:0.0019334
Iter 35000000, Residual:0.00205647
Iter 35040000, Residual:0.00165611
Iter 35080000, Residual:0.00171199
Iter 35120000, Residual:0.00160162
Iter 35160000, Residual:0.00369181
Iter 35200000, Residual:0.00232156
Iter 35240000, Residual:0.00222238
Iter 35280000, Residual:0.0018946
Iter 35320000, Residual:0.00181333
Iter 35360000, Residual:0.00181073
Iter 35400000, Residual:0.00173077
Iter 35440000, Residual:0.00165745
Iter 35480000, Residual:0.00162924
Iter 35520000, Residual:0.00160997
Iter 35560000, Residual:0.00183116
Iter 35600000, Residual:0.00143784
Iter 35640000, Residual:0.00156882
Iter 35680000, Residual:0.00140986
Iter 35720000, Residual:0.00157894
Iter 35760000, Residual:0.00149653
Iter 35800000, Residual:0.00150818
Iter 35840000, Residual:0.00195749
Iter 35880000, Residual:0.00151102
Iter 35920000, Residual:0.00152732
Iter 35960000, Residual:0.0013165
Iter 36000000, Residual:0.00128506
Iter 36040000, Residual:0.00126294
Iter 36080000, Residual:0.00154528
Iter 36120000, Residual:0.0014112
Iter 36160000, Residual:0.00146178
Iter 36200000, Residual:0.00133305
Iter 36240000, Residual:0.00127729
Iter 36280000, Residual:0.00163034
Iter 36320000, Residual:0.00128195
Iter 36360000, Residual:0.00124689
Iter 36400000, Residual:0.00196783
Iter 36440000, Residual:0.00122907
Iter 36480000, Residual:0.00116965
Iter 36520000, Residual:0.00109633
Iter 36560000, Residual:0.00116649
Iter 36600000, Residual:0.00190603
Iter 36640000, Residual:0.00119167
Iter 36680000, Residual:0.00124172
Iter 36720000, Residual:0.00108402
Iter 36760000, Residual:0.00108136
Iter 36800000, Residual:0.00109184
Iter 36840000, Residual:0.00121164
Iter 36880000, Residual:0.0012071
Iter 36920000, Residual:0.0011352
Iter 36960000, Residual:0.00109993
Iter 37000000, Residual:0.00105731
Iter 37040000, Residual:0.00120938
Iter 37080000, Residual:0.00116447
Iter 37120000, Residual:0.00130722
Iter 37160000, Residual:0.0010758
Iter 37200000, Residual:0.00108694
Iter 37240000, Residual:0.00154697
Iter 37280000, Residual:0.00128736
Iter 37320000, Residual:0.00117072
Iter 37360000, Residual:0.0010819
Iter 37400000, Residual:0.00115277
Iter 37440000, Residual:0.00106022
Iter 37480000, Residual:0.00105463
Iter 37520000, Residual:0.00100942
Iter 37560000, Residual:0.00142536
Iter 37600000, Residual:0.00106698
Iter 37640000, Residual:0.00100889
Iter 37680000, Residual:0.000951724
Iter 37720000, Residual:0.00103104
Iter 37760000, Residual:0.000986102
Iter 37800000, Residual:0.00104399
Iter 37840000, Residual:0.000970295
Iter 37880000, Residual:0.00141521
Iter 37920000, Residual:0.000980366
Iter 37960000, Residual:0.00101294
Iter 38000000, Residual:0.000957938
Iter 38040000, Residual:0.00098428
Iter 38080000, Residual:0.000993529
Iter 38120000, Residual:0.000945279
Iter 38160000, Residual:0.000943158
Iter 38200000, Residual:0.0010359
Iter 38240000, Residual:0.00148057
Iter 38280000, Residual:0.00111289
Iter 38320000, Residual:0.00100654
Iter 38360000, Residual:0.00104138
Iter 38400000, Residual:0.000981549
Iter 38440000, Residual:0.000880192
Iter 38480000, Residual:0.000875482
Iter 38520000, Residual:0.000774299
Iter 38560000, Residual:0.000777097
Iter 38600000, Residual:0.000975861
Iter 38640000, Residual:0.000917532
Iter 38680000, Residual:0.000839228
Iter 38720000, Residual:0.000807867
Iter 38760000, Residual:0.000786142
Iter 38800000, Residual:0.000772686
Iter 38840000, Residual:0.0014042
Iter 38880000, Residual:0.000928441
Iter 38920000, Residual:0.000849105
Iter 38960000, Residual:0.000758232
Iter 39000000, Residual:0.000712784
Iter 39040000, Residual:0.000813946
Iter 39080000, Residual:0.000751052
Iter 39120000, Residual:0.000764956
Iter 39160000, Residual:0.00120018
Iter 39200000, Residual:0.000717639
Iter 39240000, Residual:0.000792018
Iter 39280000, Residual:0.00102643
Iter 39320000, Residual:0.00070267
Iter 39360000, Residual:0.000848467
Iter 39400000, Residual:0.000667196
Iter 39440000, Residual:0.000699428
Iter 39480000, Residual:0.00086234
Iter 39520000, Residual:0.000855987
Iter 39560000, Residual:0.000759639
Iter 39600000, Residual:0.000717448
Iter 39640000, Residual:0.000714964
Iter 39680000, Residual:0.000748486
Iter 39720000, Residual:0.000801299
Iter 39760000, Residual:0.000904693
Iter 39800000, Residual:0.000943482
Iter 39840000, Residual:0.000737389
Iter 39880000, Residual:0.000745648
Iter 39920000, Residual:0.00076329
Iter 39960000, Residual:0.00067985
Iter 40000000, Residual:0.000764657
Iter 40040000, Residual:0.000688156
Iter 40080000, Residual:0.000686754
Iter 40120000, Residual:0.000819999
Iter 40160000, Residual:0.000774885
Iter 40200000, Residual:0.000709285
Iter 40240000, Residual:0.000800034
Iter 40280000, Residual:0.000697741
Iter 40320000, Residual:0.000694009
Iter 40360000, Residual:0.000726196
Iter 40400000, Residual:0.000697905
Iter 40440000, Residual:0.000705913
Iter 40480000, Residual:0.000704211
Iter 40520000, Residual:0.000681139
Iter 40560000, Residual:0.000867935
Iter 40600000, Residual:0.000756503
Iter 40640000, Residual:0.000677355
Iter 40680000, Residual:0.00077024
Iter 40720000, Residual:0.000709614
Iter 40760000, Residual:0.000674757
Iter 40800000, Residual:0.000649973
Iter 40840000, Residual:0.000698457
Iter 40880000, Residual:0.000907121
Iter 40920000, Residual:0.000734274
Iter 40960000, Residual:0.000726622
Iter 41000000, Residual:0.000708283
Iter 41040000, Residual:0.000738242
Iter 41080000, Residual:0.000700624
Iter 41120000, Residual:0.000810229
Iter 41160000, Residual:0.000629117
Iter 41200000, Residual:0.000582731
Iter 41240000, Residual:0.000566712
Iter 41280000, Residual:0.000595169
Iter 41320000, Residual:0.000553115
Iter 41360000, Residual:0.000538043
Iter 41400000, Residual:0.000551997
Iter 41440000, Residual:0.000530553
Iter 41480000, Residual:0.000525534
Iter 41520000, Residual:0.00052599
Iter 41560000, Residual:0.000550217
Iter 41600000, Residual:0.000659596
Iter 41640000, Residual:0.000580597
Iter 41680000, Residual:0.000546639
Iter 41720000, Residual:0.000544947
Iter 41760000, Residual:0.00056537
Iter 41800000, Residual:0.000725036
Iter 41840000, Residual:0.000535823
Iter 41880000, Residual:0.000698573
Iter 41920000, Residual:0.00061711
Iter 41960000, Residual:0.000497693
Iter 42000000, Residual:0.000525068
Iter 42040000, Residual:0.000489777
Iter 42080000, Residual:0.000497875
Iter 42120000, Residual:0.00045601
Iter 42160000, Residual:0.000476094
Iter 42200000, Residual:0.000453363
Iter 42240000, Residual:0.000472047
Iter 42280000, Residual:0.000445905
Iter 42320000, Residual:0.000482596
Iter 42360000, Residual:0.00045064
Iter 42400000, Residual:0.000448351
Iter 42440000, Residual:0.000700717
Iter 42480000, Residual:0.000451679
Iter 42520000, Residual:0.000518834
Iter 42560000, Residual:0.000436899
Iter 42600000, Residual:0.00044433
Iter 42640000, Residual:0.000465749
Iter 42680000, Residual:0.000414995
Iter 42720000, Residual:0.000455504
Iter 42760000, Residual:0.000434197
Iter 42800000, Residual:0.00043002
Iter 42840000, Residual:0.000408519
Iter 42880000, Residual:0.000418923
Iter 42920000, Residual:0.00060625
Iter 42960000, Residual:0.000535787
Iter 43000000, Residual:0.000469359
Iter 43040000, Residual:0.000473942
Iter 43080000, Residual:0.000484031
Iter 43120000, Residual:0.000432303
Iter 43160000, Residual:0.000429351
Iter 43200000, Residual:0.000450171
Iter 43240000, Residual:0.000428225
Iter 43280000, Residual:0.000414002
Iter 43320000, Residual:0.00049049
Iter 43360000, Residual:0.000454447
Iter 43400000, Residual:0.00043785
Iter 43440000, Residual:0.000426415
Iter 43480000, Residual:0.000394837
Iter 43520000, Residual:0.000438671
Iter 43560000, Residual:0.000403281
Iter 43600000, Residual:0.000406681
Iter 43640000, Residual:0.000403991
Iter 43680000, Residual:0.000500818
Iter 43720000, Residual:0.000478792
Iter 43760000, Residual:0.000422416
Iter 43800000, Residual:0.000484071
Iter 43840000, Residual:0.000443248
Iter 43880000, Residual:0.000405451
Iter 43920000, Residual:0.000415334
Iter 43960000, Residual:0.000401714
Iter 44000000, Residual:0.000399333
Iter 44040000, Residual:0.00039323
Iter 44080000, Residual:0.00038816
Iter 44120000, Residual:0.000384052
Iter 44160000, Residual:0.000368256
Iter 44200000, Residual:0.000361673
Iter 44240000, Residual:0.000357721
Iter 44280000, Residual:0.000346409
Iter 44320000, Residual:0.000350968
Iter 44360000, Residual:0.000358549
Iter 44400000, Residual:0.000376957
Iter 44440000, Residual:0.000577032
Iter 44480000, Residual:0.000436631
Iter 44520000, Residual:0.000620382
Iter 44560000, Residual:0.000436615
Iter 44600000, Residual:0.000348369
Iter 44640000, Residual:0.000344887
Iter 44680000, Residual:0.000329452
Iter 44720000, Residual:0.000337709
Iter 44760000, Residual:0.000311135
Iter 44800000, Residual:0.000314229
Iter 44840000, Residual:0.000320756
Iter 44880000, Residual:0.000343888
Iter 44920000, Residual:0.00031958
Iter 44960000, Residual:0.000357695
Iter 45000000, Residual:0.000337855
Iter 45040000, Residual:0.000414392
Iter 45080000, Residual:0.000343497
Iter 45120000, Residual:0.0003194
Iter 45160000, Residual:0.000311056
Iter 45200000, Residual:0.000343119
Iter 45240000, Residual:0.000341258
Iter 45280000, Residual:0.000330126
Iter 45320000, Residual:0.000327726
Iter 45360000, Residual:0.000345621
Iter 45400000, Residual:0.000401865
Iter 45440000, Residual:0.000315671
Iter 45480000, Residual:0.000318814
Iter 45520000, Residual:0.000307269
Iter 45560000, Residual:0.00032438
Iter 45600000, Residual:0.000297305
Iter 45640000, Residual:0.000285036
Iter 45680000, Residual:0.000296154
Iter 45720000, Residual:0.000345945
Iter 45760000, Residual:0.000290017
Iter 45800000, Residual:0.000282482
Iter 45840000, Residual:0.000273369
Iter 45880000, Residual:0.000349815
Iter 45920000, Residual:0.000296778
Iter 45960000, Residual:0.000267188
Iter 46000000, Residual:0.000464041
Iter 46040000, Residual:0.000309132
Iter 46080000, Residual:0.000327773
Iter 46120000, Residual:0.0002861
Iter 46160000, Residual:0.00028557
Iter 46200000, Residual:0.000424574
Iter 46240000, Residual:0.000362427
Iter 46280000, Residual:0.000292283
Iter 46320000, Residual:0.000263032
Iter 46360000, Residual:0.000273043
Iter 46400000, Residual:0.00024612
Iter 46440000, Residual:0.000292378
Iter 46480000, Residual:0.000249557
Iter 46520000, Residual:0.000258565
Iter 46560000, Residual:0.000254069
Iter 46600000, Residual:0.000263768
Iter 46640000, Residual:0.000291128
Iter 46680000, Residual:0.000243808
Iter 46720000, Residual:0.000284759
Iter 46760000, Residual:0.000242204
Iter 46800000, Residual:0.000271265
Iter 46840000, Residual:0.000259691
Iter 46880000, Residual:0.000227803
Iter 46920000, Residual:0.00022088
Iter 46960000, Residual:0.000230359
Iter 47000000, Residual:0.000233315
Iter 47040000, Residual:0.000247285
Iter 47080000, Residual:0.000235991
Iter 47120000, Residual:0.000234284
Iter 47160000, Residual:0.000215657
Iter 47200000, Residual:0.000243936
Iter 47240000, Residual:0.000216287
Iter 47280000, Residual:0.000286715
Iter 47320000, Residual:0.000219598
Iter 47360000, Residual:0.000209986
Iter 47400000, Residual:0.000210233
Iter 47440000, Residual:0.000227519
Iter 47480000, Residual:0.00021515
Iter 47520000, Residual:0.000212491
Iter 47560000, Residual:0.000203737
Iter 47600000, Residual:0.00020294
Iter 47640000, Residual:0.000203702
Iter 47680000, Residual:0.000206618
Iter 47720000, Residual:0.000206428
Iter 47760000, Residual:0.000213358
Iter 47800000, Residual:0.000214312
Iter 47840000, Residual:0.000205771
Iter 47880000, Residual:0.000196948
Iter 47920000, Residual:0.000208802
Iter 47960000, Residual:0.000229491
Iter 48000000, Residual:0.000209645
Iter 48040000, Residual:0.000215828
Iter 48080000, Residual:0.000201845
Iter 48120000, Residual:0.000202673
Iter 48160000, Residual:0.000307826
Iter 48200000, Residual:0.000229615
Iter 48240000, Residual:0.000299938
Iter 48280000, Residual:0.000209886
Iter 48320000, Residual:0.00019028
Iter 48360000, Residual:0.000188309
Iter 48400000, Residual:0.000233666
Iter 48440000, Residual:0.000218292
Iter 48480000, Residual:0.000241399
Iter 48520000, Residual:0.000232813
Iter 48560000, Residual:0.000218219
Iter 48600000, Residual:0.000197189
Iter 48640000, Residual:0.000187452
Iter 48680000, Residual:0.000190903
Iter 48720000, Residual:0.000194079
Iter 48760000, Residual:0.000193839
Iter 48800000, Residual:0.000199378
Iter 48840000, Residual:0.000197255
Iter 48880000, Residual:0.000190998
Iter 48920000, Residual:0.000207147
Iter 48960000, Residual:0.000191687
Iter 49000000, Residual:0.000216454
Iter 49040000, Residual:0.00019231
Iter 49080000, Residual:0.000195333
Iter 49120000, Residual:0.000200022
Iter 49160000, Residual:0.000233059
Iter 49200000, Residual:0.000199284
Iter 49240000, Residual:0.000179535
Iter 49280000, Residual:0.000177352
Iter 49320000, Residual:0.000187427
Iter 49360000, Residual:0.000215967
Iter 49400000, Residual:0.000179577
Iter 49440000, Residual:0.000177985
Iter 49480000, Residual:0.00017779
Iter 49520000, Residual:0.000176044
Iter 49560000, Residual:0.000185663
Iter 49600000, Residual:0.000174679
Iter 49640000, Residual:0.000185102
Iter 49680000, Residual:0.000166108
Iter 49720000, Residual:0.000162216
Iter 49760000, Residual:0.000164788
Iter 49800000, Residual:0.000169083
Iter 49840000, Residual:0.000174325
Iter 49880000, Residual:0.000175112
Iter 49920000, Residual:0.000168288
Iter 49960000, Residual:0.000161964
Iter 50000000, Residual:0.000159377
Iter 50040000, Residual:0.000159893
Iter 50080000, Residual:0.000168844
Iter 50120000, Residual:0.000162807
Iter 50160000, Residual:0.000160439
Iter 50200000, Residual:0.000156889
Iter 50240000, Residual:0.000162614
Iter 50280000, Residual:0.000156615
Iter 50320000, Residual:0.00015172
Iter 50360000, Residual:0.000166216
Iter 50400000, Residual:0.000154294
Iter 50440000, Residual:0.00015968
Iter 50480000, Residual:0.000159643
Iter 50520000, Residual:0.000147121
Iter 50560000, Residual:0.000149014
Iter 50600000, Residual:0.000155371
Iter 50640000, Residual:0.000150203
Iter 50680000, Residual:0.000156811
Iter 50720000, Residual:0.000145528
Iter 50760000, Residual:0.000143606
Iter 50800000, Residual:0.000147516
Iter 50840000, Residual:0.000168124
Iter 50880000, Residual:0.000166232
Iter 50920000, Residual:0.000151801
Iter 50960000, Residual:0.000154637
Iter 51000000, Residual:0.000156104
Iter 51040000, Residual:0.000172906
Iter 51080000, Residual:0.000257719
Iter 51120000, Residual:0.000130187
Iter 51160000, Residual:0.000122859
Iter 51200000, Residual:0.00012147
Iter 51240000, Residual:0.000126526
Iter 51280000, Residual:0.000117813
Iter 51320000, Residual:0.000133886
Iter 51360000, Residual:0.000160548
Iter 51400000, Residual:0.000119222
Iter 51440000, Residual:0.000108688
Iter 51480000, Residual:0.000107569
Iter 51520000, Residual:0.000120398
Iter 51560000, Residual:0.000128086
Iter 51600000, Residual:0.000129495
Iter 51640000, Residual:0.000116773
Iter 51680000, Residual:0.000112102
Iter 51720000, Residual:0.000116185
Iter 51760000, Residual:0.000110408
Iter 51800000, Residual:0.000138095
Iter 51840000, Residual:0.000137671
Iter 51880000, Residual:0.000108586
Iter 51920000, Residual:0.000108058
Iter 51960000, Residual:0.000111545
Iter 52000000, Residual:0.000106431
Iter 52040000, Residual:9.86111e-05
Iter 52080000, Residual:0.000102159
Iter 52120000, Residual:0.000108334
Iter 52160000, Residual:0.000114182
Iter 52200000, Residual:0.00010892
Iter 52240000, Residual:0.000103614
Iter 52280000, Residual:9.84831e-05
Iter 52320000, Residual:9.6491e-05
Iter 52360000, Residual:9.35361e-05
Iter 52400000, Residual:0.000109666
Iter 52440000, Residual:0.000105266
Iter 52480000, Residual:0.000105695
Iter 52520000, Residual:0.000103278
Iter 52560000, Residual:9.59281e-05
Iter 52600000, Residual:0.000107089
Iter 52640000, Residual:0.000111604
Iter 52680000, Residual:9.173e-05
Iter 52720000, Residual:9.79113e-05
Iter 52760000, Residual:9.09381e-05
Iter 52800000, Residual:9.5619e-05
Iter 52840000, Residual:9.27725e-05
Iter 52880000, Residual:0.000192809
Iter 52920000, Residual:9.42069e-05
Iter 52960000, Residual:8.71809e-05
Iter 53000000, Residual:8.25184e-05
Iter 53040000, Residual:9.10738e-05
Iter 53080000, Residual:8.40194e-05
Iter 53120000, Residual:8.13909e-05
Iter 53160000, Residual:8.21754e-05
Iter 53200000, Residual:9.44966e-05
Iter 53240000, Residual:8.03655e-05
Iter 53280000, Residual:8.54279e-05
Iter 53320000, Residual:8.05592e-05
Iter 53360000, Residual:7.72585e-05
Iter 53400000, Residual:7.7294e-05
Iter 53440000, Residual:8.11533e-05
Iter 53480000, Residual:0.000100826
Iter 53520000, Residual:8.23385e-05
Iter 53560000, Residual:7.87516e-05
Iter 53600000, Residual:7.66569e-05
Iter 53640000, Residual:0.000107695
Iter 53680000, Residual:0.000100965
Iter 53720000, Residual:7.9553e-05
Iter 53760000, Residual:9.80661e-05
Iter 53800000, Residual:7.75762e-05
Iter 53840000, Residual:7.35335e-05
Iter 53880000, Residual:8.10582e-05
Iter 53920000, Residual:7.13322e-05
Iter 53960000, Residual:7.2325e-05
Iter 54000000, Residual:8.25808e-05
Iter 54040000, Residual:7.43093e-05
Iter 54080000, Residual:7.54763e-05
Iter 54120000, Residual:7.25447e-05
Iter 54160000, Residual:8.21704e-05
Iter 54200000, Residual:7.23442e-05
Iter 54240000, Residual:7.24085e-05
Iter 54280000, Residual:6.93706e-05
Iter 54320000, Residual:6.98482e-05
Iter 54360000, Residual:7.67452e-05
Iter 54400000, Residual:8.18017e-05
Iter 54440000, Residual:7.03851e-05
Iter 54480000, Residual:8.47503e-05
Iter 54520000, Residual:9.111e-05
Iter 54560000, Residual:7.63305e-05
Iter 54600000, Residual:7.21493e-05
Iter 54640000, Residual:0.000101517
Iter 54680000, Residual:7.96129e-05
Iter 54720000, Residual:7.79065e-05
Iter 54760000, Residual:0.000118933
Iter 54800000, Residual:8.80914e-05
Iter 54840000, Residual:7.84705e-05
Iter 54880000, Residual:7.37044e-05
Iter 54920000, Residual:7.92258e-05
Iter 54960000, Residual:7.67223e-05
Iter 55000000, Residual:6.73773e-05
Iter 55040000, Residual:7.20867e-05
Iter 55080000, Residual:6.39054e-05
Iter 55120000, Residual:6.40392e-05
Iter 55160000, Residual:6.33763e-05
Iter 55200000, Residual:6.22815e-05
Iter 55240000, Residual:6.00797e-05
Iter 55280000, Residual:7.46412e-05
Iter 55320000, Residual:5.67458e-05
Iter 55360000, Residual:5.81233e-05
Iter 55400000, Residual:6.73759e-05
Iter 55440000, Residual:5.75543e-05
Iter 55480000, Residual:5.59361e-05
Iter 55520000, Residual:6.16755e-05
Iter 55560000, Residual:0.000116673
Iter 55600000, Residual:5.96502e-05
Iter 55640000, Residual:5.37865e-05
Iter 55680000, Residual:6.2971e-05
Iter 55720000, Residual:5.29468e-05
Iter 55760000, Residual:5.43272e-05
Iter 55800000, Residual:5.5244e-05
Iter 55840000, Residual:0.00011834
Iter 55880000, Residual:6.07095e-05
Iter 55920000, Residual:5.56748e-05
Iter 55960000, Residual:5.59555e-05
Iter 56000000, Residual:5.73556e-05
Iter 56040000, Residual:9.3132e-05
Iter 56080000, Residual:5.75294e-05
Iter 56120000, Residual:5.78295e-05
Iter 56160000, Residual:5.61873e-05
Iter 56200000, Residual:6.24448e-05
Iter 56240000, Residual:5.53318e-05
Iter 56280000, Residual:5.35655e-05
Iter 56320000, Residual:5.13769e-05
Iter 56360000, Residual:5.12836e-05
Iter 56400000, Residual:9.37834e-05
Iter 56440000, Residual:7.30723e-05
Iter 56480000, Residual:7.05203e-05
Iter 56520000, Residual:5.0739e-05
Iter 56560000, Residual:4.7725e-05
Iter 56600000, Residual:5.07694e-05
Iter 56640000, Residual:4.9617e-05
Iter 56680000, Residual:4.76569e-05
Iter 56720000, Residual:4.70345e-05
Iter 56760000, Residual:4.61314e-05
Iter 56800000, Residual:4.66566e-05
Iter 56840000, Residual:6.54871e-05
Iter 56880000, Residual:4.73358e-05
Iter 56920000, Residual:4.51075e-05
Iter 56960000, Residual:4.5126e-05
Iter 57000000, Residual:4.71805e-05
Iter 57040000, Residual:4.61164e-05
Iter 57080000, Residual:4.56335e-05
Iter 57120000, Residual:4.36877e-05
Iter 57160000, Residual:4.37785e-05
Iter 57200000, Residual:5.29728e-05
Iter 57240000, Residual:4.55707e-05
Iter 57280000, Residual:5.94609e-05
Iter 57320000, Residual:4.84065e-05
Iter 57360000, Residual:4.55783e-05
Iter 57400000, Residual:4.31764e-05
Iter 57440000, Residual:4.26926e-05
Iter 57480000, Residual:5.80792e-05
Iter 57520000, Residual:4.23419e-05
Iter 57560000, Residual:4.13945e-05
Iter 57600000, Residual:4.43337e-05
Iter 57640000, Residual:4.11894e-05
Iter 57680000, Residual:4.10917e-05
Iter 57720000, Residual:3.97781e-05
Iter 57760000, Residual:4.26429e-05
Iter 57800000, Residual:4.33682e-05
Iter 57840000, Residual:4.20222e-05
Iter 57880000, Residual:4.02127e-05
Iter 57920000, Residual:4.95925e-05
Iter 57960000, Residual:4.39488e-05
Iter 58000000, Residual:5.26186e-05
Iter 58040000, Residual:4.70402e-05
Iter 58080000, Residual:4.57778e-05
Iter 58120000, Residual:4.40643e-05
Iter 58160000, Residual:4.015e-05
Iter 58200000, Residual:4.12349e-05
Iter 58240000, Residual:4.04256e-05
Iter 58280000, Residual:3.99208e-05
Iter 58320000, Residual:4.03839e-05
Iter 58360000, Residual:3.88253e-05
Iter 58400000, Residual:3.78705e-05
Iter 58440000, Residual:3.80829e-05
Iter 58480000, Residual:3.85171e-05
Iter 58520000, Residual:4.17539e-05
Iter 58560000, Residual:4.85413e-05
Iter 58600000, Residual:4.57865e-05
Iter 58640000, Residual:3.82917e-05
Iter 58680000, Residual:3.94874e-05
Iter 58720000, Residual:3.87466e-05
Iter 58760000, Residual:4.24271e-05
Iter 58800000, Residual:3.90879e-05
Iter 58840000, Residual:4.1379e-05
Iter 58880000, Residual:4.11657e-05
Iter 58920000, Residual:3.78921e-05
Iter 58960000, Residual:3.70547e-05
Iter 59000000, Residual:3.77793e-05
Iter 59040000, Residual:3.96584e-05
Iter 59080000, Residual:3.69363e-05
Iter 59120000, Residual:3.77919e-05
Iter 59160000, Residual:5.49608e-05
Iter 59200000, Residual:4.2228e-05
Iter 59240000, Residual:3.89327e-05
Iter 59280000, Residual:3.80467e-05
Iter 59320000, Residual:3.65966e-05
Iter 59360000, Residual:3.59618e-05
Iter 59400000, Residual:3.53611e-05
Iter 59440000, Residual:3.36591e-05
Iter 59480000, Residual:3.5518e-05
Iter 59520000, Residual:4.00506e-05
Iter 59560000, Residual:3.37329e-05
Iter 59600000, Residual:3.32572e-05
Iter 59640000, Residual:3.24324e-05
Iter 59680000, Residual:3.09916e-05
Iter 59720000, Residual:3.83808e-05
Iter 59760000, Residual:3.47763e-05
Iter 59800000, Residual:3.03801e-05
Iter 59840000, Residual:2.99606e-05
Iter 59880000, Residual:2.90102e-05
Iter 59920000, Residual:3.18171e-05
Iter 59960000, Residual:2.8996e-05
Iter 60000000, Residual:3.00052e-05
Iter 60040000, Residual:2.97931e-05
Iter 60080000, Residual:6.19668e-05
Iter 60120000, Residual:2.88599e-05
Iter 60160000, Residual:3.094e-05
Iter 60200000, Residual:3.34151e-05
Iter 60240000, Residual:2.90654e-05
Iter 60280000, Residual:3.14928e-05
Iter 60320000, Residual:2.92392e-05
Iter 60360000, Residual:3.38707e-05
Iter 60400000, Residual:3.09133e-05
Iter 60440000, Residual:3.09141e-05
Iter 60480000, Residual:3.57789e-05
Iter 60520000, Residual:3.12686e-05
Iter 60560000, Residual:2.90684e-05
Iter 60600000, Residual:2.85905e-05
Iter 60640000, Residual:2.75509e-05
Iter 60680000, Residual:2.78892e-05
Iter 60720000, Residual:3.40254e-05
Iter 60760000, Residual:3.04781e-05
Iter 60800000, Residual:3.02049e-05
Iter 60840000, Residual:2.6574e-05
Iter 60880000, Residual:2.63954e-05
Iter 60920000, Residual:2.6287e-05
Iter 60960000, Residual:2.70612e-05
Iter 61000000, Residual:2.71367e-05
Iter 61040000, Residual:2.56326e-05
Iter 61080000, Residual:2.56775e-05
Iter 61120000, Residual:2.59685e-05
Iter 61160000, Residual:2.51711e-05
Iter 61200000, Residual:2.53523e-05
Iter 61240000, Residual:2.50392e-05
Iter 61280000, Residual:2.5049e-05
Iter 61320000, Residual:2.58133e-05
Iter 61360000, Residual:2.57131e-05
Iter 61400000, Residual:2.76386e-05
Iter 61440000, Residual:2.66121e-05
Iter 61480000, Residual:2.53812e-05
Iter 61520000, Residual:2.44884e-05
Iter 61560000, Residual:2.42216e-05
Iter 61600000, Residual:2.54945e-05
Iter 61640000, Residual:2.72855e-05
Iter 61680000, Residual:2.88519e-05
Iter 61720000, Residual:2.71353e-05
Iter 61760000, Residual:2.65356e-05
Iter 61800000, Residual:2.57364e-05
Iter 61840000, Residual:2.65684e-05
Iter 61880000, Residual:2.85077e-05
Iter 61920000, Residual:2.58765e-05
Iter 61960000, Residual:3.77992e-05
Iter 62000000, Residual:2.61993e-05
Iter 62040000, Residual:2.56064e-05
Iter 62080000, Residual:3.01306e-05
Iter 62120000, Residual:2.89346e-05
Iter 62160000, Residual:2.50921e-05
Iter 62200000, Residual:2.43565e-05
Iter 62240000, Residual:2.72596e-05
Iter 62280000, Residual:2.55795e-05
Iter 62320000, Residual:3.14228e-05
Iter 62360000, Residual:2.53174e-05
Iter 62400000, Residual:2.39953e-05
Iter 62440000, Residual:2.69748e-05
Iter 62480000, Residual:2.30511e-05
Iter 62520000, Residual:2.36492e-05
Iter 62560000, Residual:2.28998e-05
Iter 62600000, Residual:3.16612e-05
Iter 62640000, Residual:2.41992e-05
Iter 62680000, Residual:3.0595e-05
Iter 62720000, Residual:2.94313e-05
Iter 62760000, Residual:2.67836e-05
Iter 62800000, Residual:2.64354e-05
Iter 62840000, Residual:2.37115e-05
Iter 62880000, Residual:2.50056e-05
Iter 62920000, Residual:2.33222e-05
Iter 62960000, Residual:2.14681e-05
Iter 63000000, Residual:2.39444e-05
Iter 63040000, Residual:1.92329e-05
Iter 63080000, Residual:1.99663e-05
Iter 63120000, Residual:1.92047e-05
Iter 63160000, Residual:1.8634e-05
Iter 63200000, Residual:1.84542e-05
Iter 63240000, Residual:1.79175e-05
Iter 63280000, Residual:1.73447e-05
Iter 63320000, Residual:1.8198e-05
Iter 63360000, Residual:1.77858e-05
Iter 63400000, Residual:1.88561e-05
Iter 63440000, Residual:1.77257e-05
Iter 63480000, Residual:1.79335e-05
Iter 63520000, Residual:1.74441e-05
Iter 63560000, Residual:1.63886e-05
Iter 63600000, Residual:1.71666e-05
Iter 63640000, Residual:2.17813e-05
Iter 63680000, Residual:1.70737e-05
Iter 63720000, Residual:1.65287e-05
Iter 63760000, Residual:1.59656e-05
Iter 63800000, Residual:2.25051e-05
Iter 63840000, Residual:1.81803e-05
Iter 63880000, Residual:1.74899e-05
Iter 63920000, Residual:1.66078e-05
Iter 63960000, Residual:1.64143e-05
Iter 64000000, Residual:1.71939e-05
Iter 64040000, Residual:1.55093e-05
Iter 64080000, Residual:1.60397e-05
Iter 64120000, Residual:1.59171e-05
Iter 64160000, Residual:1.58377e-05
Iter 64200000, Residual:1.61269e-05
Iter 64240000, Residual:1.6682e-05
Iter 64280000, Residual:1.78004e-05
Iter 64320000, Residual:1.4851e-05
Iter 64360000, Residual:1.60827e-05
Iter 64400000, Residual:1.89939e-05
Iter 64440000, Residual:1.64076e-05
Iter 64480000, Residual:1.59848e-05
Iter 64520000, Residual:1.64222e-05
Iter 64560000, Residual:1.59335e-05
Iter 64600000, Residual:1.53371e-05
Iter 64640000, Residual:1.62066e-05
Iter 64680000, Residual:1.54396e-05
Iter 64720000, Residual:1.74832e-05
Iter 64760000, Residual:1.6127e-05
Iter 64800000, Residual:1.72076e-05
Iter 64840000, Residual:1.6173e-05
Iter 64880000, Residual:1.71209e-05
Iter 64920000, Residual:1.72161e-05
Iter 64960000, Residual:1.82029e-05
Iter 65000000, Residual:1.51529e-05
Iter 65040000, Residual:1.52595e-05
Iter 65080000, Residual:1.57039e-05
Iter 65120000, Residual:1.50051e-05
Iter 65160000, Residual:1.48039e-05
Iter 65200000, Residual:1.5539e-05
Iter 65240000, Residual:1.47652e-05
Iter 65280000, Residual:1.42706e-05
Iter 65320000, Residual:1.91784e-05
Iter 65360000, Residual:1.43167e-05
Iter 65400000, Residual:1.5651e-05
Iter 65440000, Residual:1.51485e-05
Iter 65480000, Residual:1.43594e-05
Iter 65520000, Residual:1.38061e-05
Iter 65560000, Residual:1.39572e-05
Iter 65600000, Residual:1.40345e-05
Iter 65640000, Residual:1.34538e-05
Iter 65680000, Residual:1.43564e-05
Iter 65720000, Residual:1.44914e-05
Iter 65760000, Residual:1.98558e-05
Iter 65800000, Residual:1.5602e-05
Iter 65840000, Residual:1.66545e-05
Iter 65880000, Residual:1.54533e-05
Iter 65920000, Residual:1.53759e-05
Iter 65960000, Residual:1.40478e-05
Iter 66000000, Residual:1.33974e-05
Iter 66040000, Residual:1.28255e-05
Iter 66080000, Residual:1.28707e-05
Iter 66120000, Residual:1.31322e-05
Iter 66160000, Residual:1.31055e-05
Iter 66200000, Residual:1.28594e-05
Iter 66240000, Residual:1.29115e-05
Iter 66280000, Residual:1.48668e-05
Iter 66320000, Residual:1.34435e-05
Iter 66360000, Residual:1.26419e-05
Iter 66400000, Residual:1.22892e-05
Iter 66440000, Residual:1.258e-05
Iter 66480000, Residual:1.208e-05
Iter 66520000, Residual:1.19685e-05
Iter 66560000, Residual:1.28361e-05
Iter 66600000, Residual:1.20989e-05
Iter 66640000, Residual:1.21111e-05
Iter 66680000, Residual:1.18828e-05
Iter 66720000, Residual:1.22564e-05
Iter 66760000, Residual:1.33159e-05
Iter 66800000, Residual:1.24192e-05
Iter 66840000, Residual:1.2089e-05
Iter 66880000, Residual:1.26426e-05
Iter 66920000, Residual:1.13597e-05
Iter 66960000, Residual:1.32775e-05
Iter 67000000, Residual:1.26311e-05
Iter 67040000, Residual:1.70729e-05
Iter 67080000, Residual:1.46953e-05
Iter 67120000, Residual:1.32099e-05
Iter 67160000, Residual:1.35405e-05
Iter 67200000, Residual:1.23055e-05
Iter 67240000, Residual:1.19907e-05
Iter 67280000, Residual:1.21596e-05
Iter 67320000, Residual:1.20276e-05
Iter 67360000, Residual:1.20321e-05
Iter 67400000, Residual:1.22926e-05
Iter 67440000, Residual:1.38126e-05
Iter 67480000, Residual:1.26031e-05
Iter 67520000, Residual:1.32093e-05
Iter 67560000, Residual:1.18823e-05
Iter 67600000, Residual:1.55173e-05
Iter 67640000, Residual:1.34625e-05
Iter 67680000, Residual:1.12526e-05
Iter 67720000, Residual:1.12665e-05
Iter 67760000, Residual:1.11509e-05
Iter 67800000, Residual:1.04429e-05
Iter 67840000, Residual:1.03729e-05
Iter 67880000, Residual:1.04403e-05
Iter 67920000, Residual:1.07641e-05
Iter 67960000, Residual:9.91457e-06
iters 67960001
residual 9.91457e-06
time_init 2974
time_main 214204
[       OK ] LaplacianSolverBenchmark.solveMtx (218054 ms)
[----------] 1 test from LaplacianSolverBenchmark (218054 ms total)

[----------] Global test environment tear-down
[==========] 1 test from 1 test case ran. (218054 ms total)
[  PASSED  ] 1 test.
