*** NetworKit Unit Tests *** 
Note: Google Test filter = *.solveMtx
[==========] Running 1 test from 1 test case.
[----------] Global test environment set-up.
[----------] 1 test from LaplacianSolverBenchmark
[ RUN      ] LaplacianSolverBenchmark.solveMtx
seed: 3682245163
40000
1
root: 495
Readed spanning tree form tree.txt
init finished
begin: main
Iter 0, Residual:1140.35
Iter 40000, Residual:11.923
Iter 80000, Residual:7.26715
Iter 120000, Residual:5.74749
Iter 160000, Residual:4.61468
Iter 200000, Residual:4.05368
Iter 240000, Residual:3.44729
Iter 280000, Residual:3.15595
Iter 320000, Residual:2.88309
Iter 360000, Residual:2.7637
Iter 400000, Residual:2.43972
Iter 440000, Residual:2.61182
Iter 480000, Residual:2.56744
Iter 520000, Residual:2.17681
Iter 560000, Residual:2.16607
Iter 600000, Residual:1.95308
Iter 640000, Residual:1.8754
Iter 680000, Residual:1.87217
Iter 720000, Residual:1.74626
Iter 760000, Residual:1.74588
Iter 800000, Residual:1.63964
Iter 840000, Residual:1.72497
Iter 880000, Residual:1.56113
Iter 920000, Residual:1.5317
Iter 960000, Residual:1.53024
Iter 1000000, Residual:1.54306
Iter 1040000, Residual:1.44891
Iter 1080000, Residual:1.39212
Iter 1120000, Residual:1.31081
Iter 1160000, Residual:1.26438
Iter 1200000, Residual:1.26992
Iter 1240000, Residual:1.19355
Iter 1280000, Residual:1.1831
Iter 1320000, Residual:1.24914
Iter 1360000, Residual:1.21783
Iter 1400000, Residual:1.25257
Iter 1440000, Residual:1.11522
Iter 1480000, Residual:1.08035
Iter 1520000, Residual:1.04758
Iter 1560000, Residual:1.03118
Iter 1600000, Residual:0.986118
Iter 1640000, Residual:0.985168
Iter 1680000, Residual:0.938102
Iter 1720000, Residual:0.968849
Iter 1760000, Residual:0.892616
Iter 1800000, Residual:0.905104
Iter 1840000, Residual:0.886895
Iter 1880000, Residual:0.905743
Iter 1920000, Residual:0.879311
Iter 1960000, Residual:0.831825
Iter 2000000, Residual:0.854433
Iter 2040000, Residual:0.868143
Iter 2080000, Residual:0.779062
Iter 2120000, Residual:0.792972
Iter 2160000, Residual:0.784421
Iter 2200000, Residual:0.761568
Iter 2240000, Residual:0.736968
Iter 2280000, Residual:0.737165
Iter 2320000, Residual:0.728629
Iter 2360000, Residual:0.710842
Iter 2400000, Residual:0.849396
Iter 2440000, Residual:0.756995
Iter 2480000, Residual:0.734493
Iter 2520000, Residual:0.810414
Iter 2560000, Residual:0.660516
Iter 2600000, Residual:0.705192
Iter 2640000, Residual:0.702959
Iter 2680000, Residual:0.614467
Iter 2720000, Residual:0.631416
Iter 2760000, Residual:0.586024
Iter 2800000, Residual:0.582517
Iter 2840000, Residual:0.563352
Iter 2880000, Residual:0.638778
Iter 2920000, Residual:0.556242
Iter 2960000, Residual:0.540299
Iter 3000000, Residual:0.552096
Iter 3040000, Residual:0.524117
Iter 3080000, Residual:0.598691
Iter 3120000, Residual:0.524745
Iter 3160000, Residual:0.486785
Iter 3200000, Residual:0.493613
Iter 3240000, Residual:0.518956
Iter 3280000, Residual:0.503744
Iter 3320000, Residual:0.478194
Iter 3360000, Residual:0.477704
Iter 3400000, Residual:0.473729
Iter 3440000, Residual:0.456702
Iter 3480000, Residual:0.465176
Iter 3520000, Residual:0.441842
Iter 3560000, Residual:0.456586
Iter 3600000, Residual:0.444943
Iter 3640000, Residual:0.467665
Iter 3680000, Residual:0.403593
Iter 3720000, Residual:0.403036
Iter 3760000, Residual:0.422198
Iter 3800000, Residual:0.460744
Iter 3840000, Residual:0.401942
Iter 3880000, Residual:0.378195
Iter 3920000, Residual:0.427429
Iter 3960000, Residual:0.394048
Iter 4000000, Residual:0.372095
Iter 4040000, Residual:0.374338
Iter 4080000, Residual:0.367622
Iter 4120000, Residual:0.356239
Iter 4160000, Residual:0.380233
Iter 4200000, Residual:0.449567
Iter 4240000, Residual:0.331418
Iter 4280000, Residual:0.321656
Iter 4320000, Residual:0.354272
Iter 4360000, Residual:0.326338
Iter 4400000, Residual:0.344003
Iter 4440000, Residual:0.314214
Iter 4480000, Residual:0.310137
Iter 4520000, Residual:0.294348
Iter 4560000, Residual:0.319
Iter 4600000, Residual:0.317829
Iter 4640000, Residual:0.296992
Iter 4680000, Residual:0.319051
Iter 4720000, Residual:0.283769
Iter 4760000, Residual:0.281838
Iter 4800000, Residual:0.298219
Iter 4840000, Residual:0.268785
Iter 4880000, Residual:0.25947
Iter 4920000, Residual:0.267723
Iter 4960000, Residual:0.257566
Iter 5000000, Residual:0.263387
Iter 5040000, Residual:0.252393
Iter 5080000, Residual:0.303638
Iter 5120000, Residual:0.250352
Iter 5160000, Residual:0.268791
Iter 5200000, Residual:0.239472
Iter 5240000, Residual:0.236588
Iter 5280000, Residual:0.247829
Iter 5320000, Residual:0.236427
Iter 5360000, Residual:0.231038
Iter 5400000, Residual:0.243323
Iter 5440000, Residual:0.417882
Iter 5480000, Residual:0.211527
Iter 5520000, Residual:0.217763
Iter 5560000, Residual:0.221191
Iter 5600000, Residual:0.212148
Iter 5640000, Residual:0.215011
Iter 5680000, Residual:0.209768
Iter 5720000, Residual:0.209987
Iter 5760000, Residual:0.244258
Iter 5800000, Residual:0.208472
Iter 5840000, Residual:0.222925
Iter 5880000, Residual:0.246989
Iter 5920000, Residual:0.204078
Iter 5960000, Residual:0.178471
Iter 6000000, Residual:0.199841
Iter 6040000, Residual:0.186266
Iter 6080000, Residual:0.184845
Iter 6120000, Residual:0.18253
Iter 6160000, Residual:0.193423
Iter 6200000, Residual:0.180656
Iter 6240000, Residual:0.166706
Iter 6280000, Residual:0.16588
Iter 6320000, Residual:0.193069
Iter 6360000, Residual:0.199337
Iter 6400000, Residual:0.171584
Iter 6440000, Residual:0.155671
Iter 6480000, Residual:0.167373
Iter 6520000, Residual:0.145867
Iter 6560000, Residual:0.164073
Iter 6600000, Residual:0.167727
Iter 6640000, Residual:0.175958
Iter 6680000, Residual:0.151803
Iter 6720000, Residual:0.150301
Iter 6760000, Residual:0.164232
Iter 6800000, Residual:0.209557
Iter 6840000, Residual:0.151887
Iter 6880000, Residual:0.14077
Iter 6920000, Residual:0.142806
Iter 6960000, Residual:0.133177
Iter 7000000, Residual:0.146372
Iter 7040000, Residual:0.144374
Iter 7080000, Residual:0.160196
Iter 7120000, Residual:0.133167
Iter 7160000, Residual:0.129879
Iter 7200000, Residual:0.125711
Iter 7240000, Residual:0.129615
Iter 7280000, Residual:0.121044
Iter 7320000, Residual:0.121793
Iter 7360000, Residual:0.124474
Iter 7400000, Residual:0.122682
Iter 7440000, Residual:0.119855
Iter 7480000, Residual:0.13672
Iter 7520000, Residual:0.110626
Iter 7560000, Residual:0.109236
Iter 7600000, Residual:0.116388
Iter 7640000, Residual:0.108122
Iter 7680000, Residual:0.126237
Iter 7720000, Residual:0.114279
Iter 7760000, Residual:0.107015
Iter 7800000, Residual:0.110369
Iter 7840000, Residual:0.125476
Iter 7880000, Residual:0.104492
Iter 7920000, Residual:0.109508
Iter 7960000, Residual:0.106357
Iter 8000000, Residual:0.0998625
Iter 8040000, Residual:0.112386
Iter 8080000, Residual:0.104476
Iter 8120000, Residual:0.102851
Iter 8160000, Residual:0.116633
Iter 8200000, Residual:0.103361
Iter 8240000, Residual:0.0984567
Iter 8280000, Residual:0.110429
Iter 8320000, Residual:0.0965714
Iter 8360000, Residual:0.089432
Iter 8400000, Residual:0.092438
Iter 8440000, Residual:0.0864167
Iter 8480000, Residual:0.0930422
Iter 8520000, Residual:0.0812724
Iter 8560000, Residual:0.0949884
Iter 8600000, Residual:0.0900565
Iter 8640000, Residual:0.0890912
Iter 8680000, Residual:0.0842792
Iter 8720000, Residual:0.0836955
Iter 8760000, Residual:0.0839019
Iter 8800000, Residual:0.0959208
Iter 8840000, Residual:0.0894932
Iter 8880000, Residual:0.0752164
Iter 8920000, Residual:0.08069
Iter 8960000, Residual:0.0763153
Iter 9000000, Residual:0.0791847
Iter 9040000, Residual:0.0733016
Iter 9080000, Residual:0.0843267
Iter 9120000, Residual:0.0701063
Iter 9160000, Residual:0.0754988
Iter 9200000, Residual:0.0772361
Iter 9240000, Residual:0.0770813
Iter 9280000, Residual:0.0753582
Iter 9320000, Residual:0.0740614
Iter 9360000, Residual:0.0745483
Iter 9400000, Residual:0.0669388
Iter 9440000, Residual:0.0659219
Iter 9480000, Residual:0.0661354
Iter 9520000, Residual:0.06661
Iter 9560000, Residual:0.0690715
Iter 9600000, Residual:0.0653065
Iter 9640000, Residual:0.066447
Iter 9680000, Residual:0.0756272
Iter 9720000, Residual:0.0598465
Iter 9760000, Residual:0.0799549
Iter 9800000, Residual:0.0575694
Iter 9840000, Residual:0.0746296
Iter 9880000, Residual:0.0664097
Iter 9920000, Residual:0.0784274
Iter 9960000, Residual:0.0598786
Iter 10000000, Residual:0.0814981
Iter 10040000, Residual:0.0584787
Iter 10080000, Residual:0.0621723
Iter 10120000, Residual:0.0590351
Iter 10160000, Residual:0.0530279
Iter 10200000, Residual:0.0553193
Iter 10240000, Residual:0.05982
Iter 10280000, Residual:0.0566641
Iter 10320000, Residual:0.059805
Iter 10360000, Residual:0.0532256
Iter 10400000, Residual:0.0581092
Iter 10440000, Residual:0.0572044
Iter 10480000, Residual:0.0601587
Iter 10520000, Residual:0.0613787
Iter 10560000, Residual:0.0538535
Iter 10600000, Residual:0.0499556
Iter 10640000, Residual:0.0528756
Iter 10680000, Residual:0.0571067
Iter 10720000, Residual:0.0576797
Iter 10760000, Residual:0.048851
Iter 10800000, Residual:0.0505687
Iter 10840000, Residual:0.0531364
Iter 10880000, Residual:0.0529852
Iter 10920000, Residual:0.0513887
Iter 10960000, Residual:0.044719
Iter 11000000, Residual:0.0425334
Iter 11040000, Residual:0.055373
Iter 11080000, Residual:0.0455672
Iter 11120000, Residual:0.0447949
Iter 11160000, Residual:0.0414368
Iter 11200000, Residual:0.0416647
Iter 11240000, Residual:0.0408597
Iter 11280000, Residual:0.0462185
Iter 11320000, Residual:0.0409559
Iter 11360000, Residual:0.0522268
Iter 11400000, Residual:0.0415691
Iter 11440000, Residual:0.0417822
Iter 11480000, Residual:0.0404047
Iter 11520000, Residual:0.0380592
Iter 11560000, Residual:0.0422899
Iter 11600000, Residual:0.0400913
Iter 11640000, Residual:0.0392309
Iter 11680000, Residual:0.0368465
Iter 11720000, Residual:0.0340001
Iter 11760000, Residual:0.0359274
Iter 11800000, Residual:0.0356503
Iter 11840000, Residual:0.0394284
Iter 11880000, Residual:0.0370771
Iter 11920000, Residual:0.0345499
Iter 11960000, Residual:0.0354626
Iter 12000000, Residual:0.0372861
Iter 12040000, Residual:0.0368964
Iter 12080000, Residual:0.0339401
Iter 12120000, Residual:0.0363035
Iter 12160000, Residual:0.0346593
Iter 12200000, Residual:0.0393947
Iter 12240000, Residual:0.0350501
Iter 12280000, Residual:0.0408181
Iter 12320000, Residual:0.0349893
Iter 12360000, Residual:0.0346705
Iter 12400000, Residual:0.0295144
Iter 12440000, Residual:0.0306003
Iter 12480000, Residual:0.0334948
Iter 12520000, Residual:0.0290335
Iter 12560000, Residual:0.0304196
Iter 12600000, Residual:0.0277644
Iter 12640000, Residual:0.0306539
Iter 12680000, Residual:0.0332357
Iter 12720000, Residual:0.0336222
Iter 12760000, Residual:0.0292428
Iter 12800000, Residual:0.028124
Iter 12840000, Residual:0.0281769
Iter 12880000, Residual:0.0276106
Iter 12920000, Residual:0.0272432
Iter 12960000, Residual:0.0331611
Iter 13000000, Residual:0.0309349
Iter 13040000, Residual:0.0283791
Iter 13080000, Residual:0.0272127
Iter 13120000, Residual:0.0339669
Iter 13160000, Residual:0.0336171
Iter 13200000, Residual:0.0271212
Iter 13240000, Residual:0.0279249
Iter 13280000, Residual:0.0268824
Iter 13320000, Residual:0.0253621
Iter 13360000, Residual:0.0248224
Iter 13400000, Residual:0.0242392
Iter 13440000, Residual:0.0268449
Iter 13480000, Residual:0.0244497
Iter 13520000, Residual:0.0234342
Iter 13560000, Residual:0.0248401
Iter 13600000, Residual:0.024735
Iter 13640000, Residual:0.0229753
Iter 13680000, Residual:0.0250774
Iter 13720000, Residual:0.0267491
Iter 13760000, Residual:0.0261018
Iter 13800000, Residual:0.0212935
Iter 13840000, Residual:0.0254993
Iter 13880000, Residual:0.0276758
Iter 13920000, Residual:0.0241728
Iter 13960000, Residual:0.0273283
Iter 14000000, Residual:0.0234045
Iter 14040000, Residual:0.0209237
Iter 14080000, Residual:0.0197324
Iter 14120000, Residual:0.030388
Iter 14160000, Residual:0.0219524
Iter 14200000, Residual:0.019458
Iter 14240000, Residual:0.0205657
Iter 14280000, Residual:0.0211746
Iter 14320000, Residual:0.0236216
Iter 14360000, Residual:0.0190573
Iter 14400000, Residual:0.020304
Iter 14440000, Residual:0.0211437
Iter 14480000, Residual:0.0205884
Iter 14520000, Residual:0.019664
Iter 14560000, Residual:0.0221881
Iter 14600000, Residual:0.0199176
Iter 14640000, Residual:0.0193855
Iter 14680000, Residual:0.0188354
Iter 14720000, Residual:0.0181168
Iter 14760000, Residual:0.0183924
Iter 14800000, Residual:0.0174468
Iter 14840000, Residual:0.0202515
Iter 14880000, Residual:0.0184529
Iter 14920000, Residual:0.021148
Iter 14960000, Residual:0.016879
Iter 15000000, Residual:0.0181308
Iter 15040000, Residual:0.0171195
Iter 15080000, Residual:0.0173736
Iter 15120000, Residual:0.0154377
Iter 15160000, Residual:0.0217004
Iter 15200000, Residual:0.0161098
Iter 15240000, Residual:0.0155573
Iter 15280000, Residual:0.0184295
Iter 15320000, Residual:0.0165449
Iter 15360000, Residual:0.0155605
Iter 15400000, Residual:0.0168969
Iter 15440000, Residual:0.0155781
Iter 15480000, Residual:0.0153029
Iter 15520000, Residual:0.015617
Iter 15560000, Residual:0.0152465
Iter 15600000, Residual:0.0237689
Iter 15640000, Residual:0.0137927
Iter 15680000, Residual:0.0155588
Iter 15720000, Residual:0.015124
Iter 15760000, Residual:0.0149236
Iter 15800000, Residual:0.0174563
Iter 15840000, Residual:0.0138436
Iter 15880000, Residual:0.0137582
Iter 15920000, Residual:0.014041
Iter 15960000, Residual:0.0133833
Iter 16000000, Residual:0.0131692
Iter 16040000, Residual:0.0138909
Iter 16080000, Residual:0.0139778
Iter 16120000, Residual:0.013934
Iter 16160000, Residual:0.01415
Iter 16200000, Residual:0.0132842
Iter 16240000, Residual:0.0142404
Iter 16280000, Residual:0.0136796
Iter 16320000, Residual:0.014652
Iter 16360000, Residual:0.0123904
Iter 16400000, Residual:0.0119514
Iter 16440000, Residual:0.0138012
Iter 16480000, Residual:0.0124521
Iter 16520000, Residual:0.0123679
Iter 16560000, Residual:0.0121536
Iter 16600000, Residual:0.0125319
Iter 16640000, Residual:0.0118468
Iter 16680000, Residual:0.012006
Iter 16720000, Residual:0.0119989
Iter 16760000, Residual:0.012071
Iter 16800000, Residual:0.0121513
Iter 16840000, Residual:0.0121454
Iter 16880000, Residual:0.0114366
Iter 16920000, Residual:0.0109993
Iter 16960000, Residual:0.0138774
Iter 17000000, Residual:0.0129719
Iter 17040000, Residual:0.0103794
Iter 17080000, Residual:0.012134
Iter 17120000, Residual:0.0116047
Iter 17160000, Residual:0.0114163
Iter 17200000, Residual:0.0125874
Iter 17240000, Residual:0.0111953
Iter 17280000, Residual:0.0108288
Iter 17320000, Residual:0.0108765
Iter 17360000, Residual:0.0106119
Iter 17400000, Residual:0.0116049
Iter 17440000, Residual:0.0103877
Iter 17480000, Residual:0.0108654
Iter 17520000, Residual:0.0104045
Iter 17560000, Residual:0.0101434
Iter 17600000, Residual:0.00989411
Iter 17640000, Residual:0.0102009
Iter 17680000, Residual:0.00972339
Iter 17720000, Residual:0.0100542
Iter 17760000, Residual:0.00979271
Iter 17800000, Residual:0.0089283
Iter 17840000, Residual:0.0100508
Iter 17880000, Residual:0.0091212
Iter 17920000, Residual:0.00996908
Iter 17960000, Residual:0.0102288
Iter 18000000, Residual:0.00956473
Iter 18040000, Residual:0.0087223
Iter 18080000, Residual:0.00893437
Iter 18120000, Residual:0.00883626
Iter 18160000, Residual:0.00878104
Iter 18200000, Residual:0.0089156
Iter 18240000, Residual:0.00855413
Iter 18280000, Residual:0.00800613
Iter 18320000, Residual:0.00836288
Iter 18360000, Residual:0.00763477
Iter 18400000, Residual:0.0101694
Iter 18440000, Residual:0.00829431
Iter 18480000, Residual:0.00797758
Iter 18520000, Residual:0.00914016
Iter 18560000, Residual:0.00762621
Iter 18600000, Residual:0.00923314
Iter 18640000, Residual:0.00829372
Iter 18680000, Residual:0.00882638
Iter 18720000, Residual:0.00853148
Iter 18760000, Residual:0.00755759
Iter 18800000, Residual:0.00734402
Iter 18840000, Residual:0.00749065
Iter 18880000, Residual:0.00735824
Iter 18920000, Residual:0.00805022
Iter 18960000, Residual:0.00723736
Iter 19000000, Residual:0.00722388
Iter 19040000, Residual:0.00734925
Iter 19080000, Residual:0.00676214
Iter 19120000, Residual:0.00788136
Iter 19160000, Residual:0.00772137
Iter 19200000, Residual:0.00729687
Iter 19240000, Residual:0.00758183
Iter 19280000, Residual:0.00786273
Iter 19320000, Residual:0.00629937
Iter 19360000, Residual:0.00724998
Iter 19400000, Residual:0.0067924
Iter 19440000, Residual:0.00664609
Iter 19480000, Residual:0.00615938
Iter 19520000, Residual:0.00690757
Iter 19560000, Residual:0.00665807
Iter 19600000, Residual:0.00671604
Iter 19640000, Residual:0.00630638
Iter 19680000, Residual:0.00584695
Iter 19720000, Residual:0.00614532
Iter 19760000, Residual:0.00694297
Iter 19800000, Residual:0.00651245
Iter 19840000, Residual:0.00620756
Iter 19880000, Residual:0.0065639
Iter 19920000, Residual:0.00663338
Iter 19960000, Residual:0.00751857
Iter 20000000, Residual:0.00559727
Iter 20040000, Residual:0.00592523
Iter 20080000, Residual:0.00556535
Iter 20120000, Residual:0.00596067
Iter 20160000, Residual:0.00675066
Iter 20200000, Residual:0.00727611
Iter 20240000, Residual:0.00567445
Iter 20280000, Residual:0.00567395
Iter 20320000, Residual:0.0056223
Iter 20360000, Residual:0.0055506
Iter 20400000, Residual:0.00586981
Iter 20440000, Residual:0.00588193
Iter 20480000, Residual:0.0056027
Iter 20520000, Residual:0.0056865
Iter 20560000, Residual:0.00549243
Iter 20600000, Residual:0.00524986
Iter 20640000, Residual:0.00585356
Iter 20680000, Residual:0.00556516
Iter 20720000, Residual:0.00534397
Iter 20760000, Residual:0.00546625
Iter 20800000, Residual:0.00527472
Iter 20840000, Residual:0.00613579
Iter 20880000, Residual:0.00518469
Iter 20920000, Residual:0.00546221
Iter 20960000, Residual:0.00502024
Iter 21000000, Residual:0.00473267
Iter 21040000, Residual:0.00487606
Iter 21080000, Residual:0.00547437
Iter 21120000, Residual:0.00451911
Iter 21160000, Residual:0.00491259
Iter 21200000, Residual:0.00442484
Iter 21240000, Residual:0.00489878
Iter 21280000, Residual:0.00502203
Iter 21320000, Residual:0.00459839
Iter 21360000, Residual:0.00462129
Iter 21400000, Residual:0.00421983
Iter 21440000, Residual:0.00482386
Iter 21480000, Residual:0.00460717
Iter 21520000, Residual:0.00449934
Iter 21560000, Residual:0.00433616
Iter 21600000, Residual:0.00414135
Iter 21640000, Residual:0.00497214
Iter 21680000, Residual:0.00449364
Iter 21720000, Residual:0.00380853
Iter 21760000, Residual:0.00390935
Iter 21800000, Residual:0.00433406
Iter 21840000, Residual:0.00428298
Iter 21880000, Residual:0.00438744
Iter 21920000, Residual:0.00441106
Iter 21960000, Residual:0.00420423
Iter 22000000, Residual:0.00388649
Iter 22040000, Residual:0.00372204
Iter 22080000, Residual:0.00374426
Iter 22120000, Residual:0.00425368
Iter 22160000, Residual:0.00397214
Iter 22200000, Residual:0.00392973
Iter 22240000, Residual:0.00444967
Iter 22280000, Residual:0.00345831
Iter 22320000, Residual:0.00393229
Iter 22360000, Residual:0.00365745
Iter 22400000, Residual:0.00354759
Iter 22440000, Residual:0.00325691
Iter 22480000, Residual:0.00415528
Iter 22520000, Residual:0.00370552
Iter 22560000, Residual:0.00363109
Iter 22600000, Residual:0.00375375
Iter 22640000, Residual:0.00373715
Iter 22680000, Residual:0.00388963
Iter 22720000, Residual:0.00334129
Iter 22760000, Residual:0.00318179
Iter 22800000, Residual:0.00333315
Iter 22840000, Residual:0.00312824
Iter 22880000, Residual:0.00365914
Iter 22920000, Residual:0.00305063
Iter 22960000, Residual:0.00325185
Iter 23000000, Residual:0.00291909
Iter 23040000, Residual:0.00302392
Iter 23080000, Residual:0.00326692
Iter 23120000, Residual:0.00305041
Iter 23160000, Residual:0.00342464
Iter 23200000, Residual:0.00311475
Iter 23240000, Residual:0.00287433
Iter 23280000, Residual:0.00291114
Iter 23320000, Residual:0.00315903
Iter 23360000, Residual:0.00282422
Iter 23400000, Residual:0.00305245
Iter 23440000, Residual:0.00284889
Iter 23480000, Residual:0.00267424
Iter 23520000, Residual:0.00262297
Iter 23560000, Residual:0.00314559
Iter 23600000, Residual:0.00246529
Iter 23640000, Residual:0.00266511
Iter 23680000, Residual:0.00295428
Iter 23720000, Residual:0.00242975
Iter 23760000, Residual:0.00284211
Iter 23800000, Residual:0.00305697
Iter 23840000, Residual:0.00248673
Iter 23880000, Residual:0.0027358
Iter 23920000, Residual:0.00243705
Iter 23960000, Residual:0.00270489
Iter 24000000, Residual:0.00264267
Iter 24040000, Residual:0.00256694
Iter 24080000, Residual:0.00252845
Iter 24120000, Residual:0.00263563
Iter 24160000, Residual:0.00262315
Iter 24200000, Residual:0.0026368
Iter 24240000, Residual:0.00260751
Iter 24280000, Residual:0.00266176
Iter 24320000, Residual:0.00230081
Iter 24360000, Residual:0.00252493
Iter 24400000, Residual:0.00281757
Iter 24440000, Residual:0.00246402
Iter 24480000, Residual:0.00242657
Iter 24520000, Residual:0.0022529
Iter 24560000, Residual:0.00235625
Iter 24600000, Residual:0.00252709
Iter 24640000, Residual:0.00223985
Iter 24680000, Residual:0.00223671
Iter 24720000, Residual:0.00238626
Iter 24760000, Residual:0.00221833
Iter 24800000, Residual:0.00221201
Iter 24840000, Residual:0.00215134
Iter 24880000, Residual:0.00218484
Iter 24920000, Residual:0.00223402
Iter 24960000, Residual:0.00203855
Iter 25000000, Residual:0.00224197
Iter 25040000, Residual:0.0018824
Iter 25080000, Residual:0.00215382
Iter 25120000, Residual:0.00198874
Iter 25160000, Residual:0.00190189
Iter 25200000, Residual:0.00192679
Iter 25240000, Residual:0.00287277
Iter 25280000, Residual:0.00224511
Iter 25320000, Residual:0.00210555
Iter 25360000, Residual:0.00230434
Iter 25400000, Residual:0.00203026
Iter 25440000, Residual:0.00240227
Iter 25480000, Residual:0.00198892
Iter 25520000, Residual:0.00200515
Iter 25560000, Residual:0.00188249
Iter 25600000, Residual:0.0018207
Iter 25640000, Residual:0.00190245
Iter 25680000, Residual:0.00172153
Iter 25720000, Residual:0.00200946
Iter 25760000, Residual:0.0017815
Iter 25800000, Residual:0.00175958
Iter 25840000, Residual:0.00165341
Iter 25880000, Residual:0.00168128
Iter 25920000, Residual:0.0018785
Iter 25960000, Residual:0.00182231
Iter 26000000, Residual:0.0017651
Iter 26040000, Residual:0.00174769
Iter 26080000, Residual:0.00157691
Iter 26120000, Residual:0.00184436
Iter 26160000, Residual:0.00173724
Iter 26200000, Residual:0.0015581
Iter 26240000, Residual:0.00166632
Iter 26280000, Residual:0.00161301
Iter 26320000, Residual:0.00158597
Iter 26360000, Residual:0.00165811
Iter 26400000, Residual:0.00164922
Iter 26440000, Residual:0.00153341
Iter 26480000, Residual:0.00160637
Iter 26520000, Residual:0.00160618
Iter 26560000, Residual:0.00162434
Iter 26600000, Residual:0.00154253
Iter 26640000, Residual:0.00187724
Iter 26680000, Residual:0.00147261
Iter 26720000, Residual:0.00178572
Iter 26760000, Residual:0.00158352
Iter 26800000, Residual:0.00144727
Iter 26840000, Residual:0.0017636
Iter 26880000, Residual:0.00141804
Iter 26920000, Residual:0.00151861
Iter 26960000, Residual:0.00130426
Iter 27000000, Residual:0.0013654
Iter 27040000, Residual:0.00132682
Iter 27080000, Residual:0.00145209
Iter 27120000, Residual:0.00200547
Iter 27160000, Residual:0.0013224
Iter 27200000, Residual:0.00132971
Iter 27240000, Residual:0.00135394
Iter 27280000, Residual:0.00193084
Iter 27320000, Residual:0.00133573
Iter 27360000, Residual:0.00128601
Iter 27400000, Residual:0.00135178
Iter 27440000, Residual:0.00134881
Iter 27480000, Residual:0.00115639
Iter 27520000, Residual:0.00141815
Iter 27560000, Residual:0.00137676
Iter 27600000, Residual:0.001335
Iter 27640000, Residual:0.00130012
Iter 27680000, Residual:0.00139971
Iter 27720000, Residual:0.00118201
Iter 27760000, Residual:0.00197388
Iter 27800000, Residual:0.00111233
Iter 27840000, Residual:0.00124731
Iter 27880000, Residual:0.00115911
Iter 27920000, Residual:0.00109527
Iter 27960000, Residual:0.00116216
Iter 28000000, Residual:0.00120084
Iter 28040000, Residual:0.00109488
Iter 28080000, Residual:0.00109996
Iter 28120000, Residual:0.00109212
Iter 28160000, Residual:0.00107597
Iter 28200000, Residual:0.00116146
Iter 28240000, Residual:0.00110762
Iter 28280000, Residual:0.00116969
Iter 28320000, Residual:0.00102516
Iter 28360000, Residual:0.00100644
Iter 28400000, Residual:0.00103808
Iter 28440000, Residual:0.00119081
Iter 28480000, Residual:0.00104658
Iter 28520000, Residual:0.001128
Iter 28560000, Residual:0.00105136
Iter 28600000, Residual:0.0010067
Iter 28640000, Residual:0.00118978
Iter 28680000, Residual:0.000949561
Iter 28720000, Residual:0.000963287
Iter 28760000, Residual:0.00103365
Iter 28800000, Residual:0.000942966
Iter 28840000, Residual:0.00112957
Iter 28880000, Residual:0.000983354
Iter 28920000, Residual:0.00102366
Iter 28960000, Residual:0.000955157
Iter 29000000, Residual:0.00114179
Iter 29040000, Residual:0.000988991
Iter 29080000, Residual:0.000844184
Iter 29120000, Residual:0.000929327
Iter 29160000, Residual:0.000892123
Iter 29200000, Residual:0.00095651
Iter 29240000, Residual:0.000875637
Iter 29280000, Residual:0.000937668
Iter 29320000, Residual:0.00096739
Iter 29360000, Residual:0.000832576
Iter 29400000, Residual:0.000862777
Iter 29440000, Residual:0.000925776
Iter 29480000, Residual:0.000857752
Iter 29520000, Residual:0.000922766
Iter 29560000, Residual:0.000888844
Iter 29600000, Residual:0.000860273
Iter 29640000, Residual:0.000826615
Iter 29680000, Residual:0.000922419
Iter 29720000, Residual:0.000785789
Iter 29760000, Residual:0.000801607
Iter 29800000, Residual:0.000824276
Iter 29840000, Residual:0.00087177
Iter 29880000, Residual:0.000854068
Iter 29920000, Residual:0.000830606
Iter 29960000, Residual:0.000726153
Iter 30000000, Residual:0.000832874
Iter 30040000, Residual:0.000840741
Iter 30080000, Residual:0.000795846
Iter 30120000, Residual:0.000789811
Iter 30160000, Residual:0.000783616
Iter 30200000, Residual:0.00076732
Iter 30240000, Residual:0.000772397
Iter 30280000, Residual:0.000740379
Iter 30320000, Residual:0.000788689
Iter 30360000, Residual:0.000736604
Iter 30400000, Residual:0.000785711
Iter 30440000, Residual:0.000957831
Iter 30480000, Residual:0.000746546
Iter 30520000, Residual:0.000740194
Iter 30560000, Residual:0.000746595
Iter 30600000, Residual:0.000784453
Iter 30640000, Residual:0.000733251
Iter 30680000, Residual:0.000833191
Iter 30720000, Residual:0.000671034
Iter 30760000, Residual:0.000648063
Iter 30800000, Residual:0.000651006
Iter 30840000, Residual:0.000613002
Iter 30880000, Residual:0.000678812
Iter 30920000, Residual:0.000657026
Iter 30960000, Residual:0.000776414
Iter 31000000, Residual:0.000619525
Iter 31040000, Residual:0.000667146
Iter 31080000, Residual:0.000686138
Iter 31120000, Residual:0.000671378
Iter 31160000, Residual:0.000641377
Iter 31200000, Residual:0.000724486
Iter 31240000, Residual:0.000682649
Iter 31280000, Residual:0.000605761
Iter 31320000, Residual:0.000608885
Iter 31360000, Residual:0.000556453
Iter 31400000, Residual:0.000587296
Iter 31440000, Residual:0.000585384
Iter 31480000, Residual:0.00060333
Iter 31520000, Residual:0.000558799
Iter 31560000, Residual:0.00054245
Iter 31600000, Residual:0.000556909
Iter 31640000, Residual:0.000650125
Iter 31680000, Residual:0.00056102
Iter 31720000, Residual:0.000531639
Iter 31760000, Residual:0.00056218
Iter 31800000, Residual:0.000530453
Iter 31840000, Residual:0.000710512
Iter 31880000, Residual:0.000610335
Iter 31920000, Residual:0.000606067
Iter 31960000, Residual:0.000539966
Iter 32000000, Residual:0.000576094
Iter 32040000, Residual:0.000648345
Iter 32080000, Residual:0.000540627
Iter 32120000, Residual:0.000553218
Iter 32160000, Residual:0.000544759
Iter 32200000, Residual:0.000540937
Iter 32240000, Residual:0.000465448
Iter 32280000, Residual:0.000495406
Iter 32320000, Residual:0.000507724
Iter 32360000, Residual:0.000464566
Iter 32400000, Residual:0.00048132
Iter 32440000, Residual:0.000513707
Iter 32480000, Residual:0.000541275
Iter 32520000, Residual:0.000505955
Iter 32560000, Residual:0.000455184
Iter 32600000, Residual:0.000468673
Iter 32640000, Residual:0.000471805
Iter 32680000, Residual:0.000497956
Iter 32720000, Residual:0.000506927
Iter 32760000, Residual:0.000490594
Iter 32800000, Residual:0.000470579
Iter 32840000, Residual:0.000425149
Iter 32880000, Residual:0.000424824
Iter 32920000, Residual:0.000414265
Iter 32960000, Residual:0.000475419
Iter 33000000, Residual:0.000480226
Iter 33040000, Residual:0.000461286
Iter 33080000, Residual:0.000468387
Iter 33120000, Residual:0.000454296
Iter 33160000, Residual:0.000421188
Iter 33200000, Residual:0.000482889
Iter 33240000, Residual:0.000524651
Iter 33280000, Residual:0.000406428
Iter 33320000, Residual:0.000450995
Iter 33360000, Residual:0.000415591
Iter 33400000, Residual:0.000405972
Iter 33440000, Residual:0.000399624
Iter 33480000, Residual:0.000426159
Iter 33520000, Residual:0.000409194
Iter 33560000, Residual:0.000416173
Iter 33600000, Residual:0.000375897
Iter 33640000, Residual:0.000407091
Iter 33680000, Residual:0.000353629
Iter 33720000, Residual:0.000413998
Iter 33760000, Residual:0.000355799
Iter 33800000, Residual:0.000350681
Iter 33840000, Residual:0.000341108
Iter 33880000, Residual:0.000344869
Iter 33920000, Residual:0.000401181
Iter 33960000, Residual:0.000405159
Iter 34000000, Residual:0.000362937
Iter 34040000, Residual:0.000359312
Iter 34080000, Residual:0.000343331
Iter 34120000, Residual:0.000381234
Iter 34160000, Residual:0.000380234
Iter 34200000, Residual:0.000351923
Iter 34240000, Residual:0.000331652
Iter 34280000, Residual:0.000361207
Iter 34320000, Residual:0.000339925
Iter 34360000, Residual:0.000314463
Iter 34400000, Residual:0.000339711
Iter 34440000, Residual:0.000312846
Iter 34480000, Residual:0.000331669
Iter 34520000, Residual:0.00035976
Iter 34560000, Residual:0.000337013
Iter 34600000, Residual:0.000325256
Iter 34640000, Residual:0.000328964
Iter 34680000, Residual:0.00033871
Iter 34720000, Residual:0.000327488
Iter 34760000, Residual:0.000311534
Iter 34800000, Residual:0.000331778
Iter 34840000, Residual:0.000327027
Iter 34880000, Residual:0.000347378
Iter 34920000, Residual:0.000295411
Iter 34960000, Residual:0.000285171
Iter 35000000, Residual:0.000303032
Iter 35040000, Residual:0.000297154
Iter 35080000, Residual:0.00031553
Iter 35120000, Residual:0.000332806
Iter 35160000, Residual:0.000325647
Iter 35200000, Residual:0.000302687
Iter 35240000, Residual:0.000315106
Iter 35280000, Residual:0.000304888
Iter 35320000, Residual:0.000297287
Iter 35360000, Residual:0.000293236
Iter 35400000, Residual:0.000293297
Iter 35440000, Residual:0.000286844
Iter 35480000, Residual:0.000274473
Iter 35520000, Residual:0.000281759
Iter 35560000, Residual:0.000321111
Iter 35600000, Residual:0.000264619
Iter 35640000, Residual:0.000273919
Iter 35680000, Residual:0.000256483
Iter 35720000, Residual:0.000295464
Iter 35760000, Residual:0.000293356
Iter 35800000, Residual:0.000269161
Iter 35840000, Residual:0.000276436
Iter 35880000, Residual:0.000267627
Iter 35920000, Residual:0.00028389
Iter 35960000, Residual:0.000268442
Iter 36000000, Residual:0.000276021
Iter 36040000, Residual:0.000239347
Iter 36080000, Residual:0.000251087
Iter 36120000, Residual:0.000244027
Iter 36160000, Residual:0.000253483
Iter 36200000, Residual:0.000266438
Iter 36240000, Residual:0.00024734
Iter 36280000, Residual:0.000271923
Iter 36320000, Residual:0.000302953
Iter 36360000, Residual:0.000238213
Iter 36400000, Residual:0.000239177
Iter 36440000, Residual:0.000288311
Iter 36480000, Residual:0.000245057
Iter 36520000, Residual:0.000262222
Iter 36560000, Residual:0.000252044
Iter 36600000, Residual:0.000235423
Iter 36640000, Residual:0.000273385
Iter 36680000, Residual:0.000233
Iter 36720000, Residual:0.000241557
Iter 36760000, Residual:0.00024133
Iter 36800000, Residual:0.00029815
Iter 36840000, Residual:0.000236507
Iter 36880000, Residual:0.000209944
Iter 36920000, Residual:0.00022049
Iter 36960000, Residual:0.000205899
Iter 37000000, Residual:0.000223166
Iter 37040000, Residual:0.000228156
Iter 37080000, Residual:0.000218451
Iter 37120000, Residual:0.000224834
Iter 37160000, Residual:0.00020116
Iter 37200000, Residual:0.000286027
Iter 37240000, Residual:0.000206791
Iter 37280000, Residual:0.000214507
Iter 37320000, Residual:0.00019857
Iter 37360000, Residual:0.000194274
Iter 37400000, Residual:0.000233017
Iter 37440000, Residual:0.000210451
Iter 37480000, Residual:0.000194686
Iter 37520000, Residual:0.000209788
Iter 37560000, Residual:0.000208979
Iter 37600000, Residual:0.000193074
Iter 37640000, Residual:0.000195679
Iter 37680000, Residual:0.000193984
Iter 37720000, Residual:0.000206412
Iter 37760000, Residual:0.000191963
Iter 37800000, Residual:0.00019847
Iter 37840000, Residual:0.000219948
Iter 37880000, Residual:0.000187729
Iter 37920000, Residual:0.000198365
Iter 37960000, Residual:0.000192329
Iter 38000000, Residual:0.000194324
Iter 38040000, Residual:0.000212015
Iter 38080000, Residual:0.000181605
Iter 38120000, Residual:0.000196258
Iter 38160000, Residual:0.000186392
Iter 38200000, Residual:0.000188206
Iter 38240000, Residual:0.000181096
Iter 38280000, Residual:0.000180506
Iter 38320000, Residual:0.000233849
Iter 38360000, Residual:0.000217229
Iter 38400000, Residual:0.000198172
Iter 38440000, Residual:0.000192753
Iter 38480000, Residual:0.000200021
Iter 38520000, Residual:0.000184227
Iter 38560000, Residual:0.000175452
Iter 38600000, Residual:0.000164343
Iter 38640000, Residual:0.000165104
Iter 38680000, Residual:0.000157521
Iter 38720000, Residual:0.000155585
Iter 38760000, Residual:0.000162427
Iter 38800000, Residual:0.000157593
Iter 38840000, Residual:0.000157149
Iter 38880000, Residual:0.000161445
Iter 38920000, Residual:0.000176401
Iter 38960000, Residual:0.000159348
Iter 39000000, Residual:0.000156935
Iter 39040000, Residual:0.000160555
Iter 39080000, Residual:0.00018755
Iter 39120000, Residual:0.000159657
Iter 39160000, Residual:0.000150469
Iter 39200000, Residual:0.000162873
Iter 39240000, Residual:0.000164863
Iter 39280000, Residual:0.000149339
Iter 39320000, Residual:0.000174381
Iter 39360000, Residual:0.000147957
Iter 39400000, Residual:0.000151071
Iter 39440000, Residual:0.000157706
Iter 39480000, Residual:0.000142176
Iter 39520000, Residual:0.00014204
Iter 39560000, Residual:0.000149528
Iter 39600000, Residual:0.000157868
Iter 39640000, Residual:0.000163477
Iter 39680000, Residual:0.00013562
Iter 39720000, Residual:0.000140861
Iter 39760000, Residual:0.000141751
Iter 39800000, Residual:0.000148172
Iter 39840000, Residual:0.000143893
Iter 39880000, Residual:0.000131474
Iter 39920000, Residual:0.000138965
Iter 39960000, Residual:0.00016909
Iter 40000000, Residual:0.000137816
Iter 40040000, Residual:0.000135953
Iter 40080000, Residual:0.000137709
Iter 40120000, Residual:0.000129616
Iter 40160000, Residual:0.000126243
Iter 40200000, Residual:0.000126919
Iter 40240000, Residual:0.000124347
Iter 40280000, Residual:0.000121592
Iter 40320000, Residual:0.000123036
Iter 40360000, Residual:0.000129057
Iter 40400000, Residual:0.000141626
Iter 40440000, Residual:0.000117873
Iter 40480000, Residual:0.000121247
Iter 40520000, Residual:0.00011842
Iter 40560000, Residual:0.000112004
Iter 40600000, Residual:0.000115396
Iter 40640000, Residual:0.000115697
Iter 40680000, Residual:0.000115206
Iter 40720000, Residual:0.000113865
Iter 40760000, Residual:0.000118491
Iter 40800000, Residual:0.000112783
Iter 40840000, Residual:0.00010798
Iter 40880000, Residual:0.000106907
Iter 40920000, Residual:0.000151255
Iter 40960000, Residual:0.000132974
Iter 41000000, Residual:0.000113957
Iter 41040000, Residual:0.000110681
Iter 41080000, Residual:0.000104038
Iter 41120000, Residual:9.99594e-05
Iter 41160000, Residual:9.62063e-05
Iter 41200000, Residual:9.85154e-05
Iter 41240000, Residual:9.90065e-05
Iter 41280000, Residual:9.90228e-05
Iter 41320000, Residual:9.31014e-05
Iter 41360000, Residual:9.56986e-05
Iter 41400000, Residual:9.52439e-05
Iter 41440000, Residual:9.70066e-05
Iter 41480000, Residual:9.17244e-05
Iter 41520000, Residual:8.66509e-05
Iter 41560000, Residual:9.10871e-05
Iter 41600000, Residual:9.61961e-05
Iter 41640000, Residual:9.21348e-05
Iter 41680000, Residual:9.129e-05
Iter 41720000, Residual:8.88333e-05
Iter 41760000, Residual:9.63334e-05
Iter 41800000, Residual:8.9115e-05
Iter 41840000, Residual:9.60232e-05
Iter 41880000, Residual:8.4391e-05
Iter 41920000, Residual:0.00010351
Iter 41960000, Residual:9.01659e-05
Iter 42000000, Residual:8.78554e-05
Iter 42040000, Residual:8.52993e-05
Iter 42080000, Residual:8.63533e-05
Iter 42120000, Residual:8.11361e-05
Iter 42160000, Residual:8.05787e-05
Iter 42200000, Residual:8.42519e-05
Iter 42240000, Residual:8.20902e-05
Iter 42280000, Residual:8.88357e-05
Iter 42320000, Residual:8.94375e-05
Iter 42360000, Residual:9.15666e-05
Iter 42400000, Residual:8.88901e-05
Iter 42440000, Residual:9.069e-05
Iter 42480000, Residual:8.10546e-05
Iter 42520000, Residual:7.82613e-05
Iter 42560000, Residual:7.3519e-05
Iter 42600000, Residual:7.87787e-05
Iter 42640000, Residual:7.32934e-05
Iter 42680000, Residual:7.22125e-05
Iter 42720000, Residual:7.89044e-05
Iter 42760000, Residual:8.33599e-05
Iter 42800000, Residual:7.49252e-05
Iter 42840000, Residual:6.9807e-05
Iter 42880000, Residual:7.13692e-05
Iter 42920000, Residual:7.21504e-05
Iter 42960000, Residual:7.05316e-05
Iter 43000000, Residual:6.85909e-05
Iter 43040000, Residual:7.70767e-05
Iter 43080000, Residual:7.00507e-05
Iter 43120000, Residual:7.27003e-05
Iter 43160000, Residual:7.04454e-05
Iter 43200000, Residual:8.06724e-05
Iter 43240000, Residual:7.33463e-05
Iter 43280000, Residual:7.4969e-05
Iter 43320000, Residual:6.53635e-05
Iter 43360000, Residual:7.45072e-05
Iter 43400000, Residual:8.04095e-05
Iter 43440000, Residual:7.01261e-05
Iter 43480000, Residual:6.70814e-05
Iter 43520000, Residual:6.64153e-05
Iter 43560000, Residual:6.21439e-05
Iter 43600000, Residual:6.86527e-05
Iter 43640000, Residual:6.25376e-05
Iter 43680000, Residual:6.41161e-05
Iter 43720000, Residual:6.42984e-05
Iter 43760000, Residual:6.39663e-05
Iter 43800000, Residual:6.66808e-05
Iter 43840000, Residual:6.1231e-05
Iter 43880000, Residual:6.45476e-05
Iter 43920000, Residual:6.34553e-05
Iter 43960000, Residual:6.40414e-05
Iter 44000000, Residual:6.22266e-05
Iter 44040000, Residual:6.68325e-05
Iter 44080000, Residual:6.19686e-05
Iter 44120000, Residual:5.91015e-05
Iter 44160000, Residual:6.0042e-05
Iter 44200000, Residual:6.08223e-05
Iter 44240000, Residual:6.01992e-05
Iter 44280000, Residual:6.57379e-05
Iter 44320000, Residual:6.57305e-05
Iter 44360000, Residual:5.90571e-05
Iter 44400000, Residual:6.53285e-05
Iter 44440000, Residual:6.43596e-05
Iter 44480000, Residual:6.08131e-05
Iter 44520000, Residual:6.13518e-05
Iter 44560000, Residual:7.01042e-05
Iter 44600000, Residual:5.81352e-05
Iter 44640000, Residual:6.3063e-05
Iter 44680000, Residual:7.04016e-05
Iter 44720000, Residual:5.93061e-05
Iter 44760000, Residual:6.09837e-05
Iter 44800000, Residual:5.78705e-05
Iter 44840000, Residual:5.96855e-05
Iter 44880000, Residual:5.80087e-05
Iter 44920000, Residual:5.97387e-05
Iter 44960000, Residual:6.0742e-05
Iter 45000000, Residual:5.80066e-05
Iter 45040000, Residual:6.19194e-05
Iter 45080000, Residual:5.77755e-05
Iter 45120000, Residual:5.70941e-05
Iter 45160000, Residual:5.71364e-05
Iter 45200000, Residual:6.31562e-05
Iter 45240000, Residual:5.82405e-05
Iter 45280000, Residual:5.54344e-05
Iter 45320000, Residual:5.50925e-05
Iter 45360000, Residual:6.04167e-05
Iter 45400000, Residual:5.65329e-05
Iter 45440000, Residual:5.64188e-05
Iter 45480000, Residual:5.48847e-05
Iter 45520000, Residual:5.5822e-05
Iter 45560000, Residual:5.59563e-05
Iter 45600000, Residual:5.64421e-05
Iter 45640000, Residual:5.655e-05
Iter 45680000, Residual:5.57307e-05
Iter 45720000, Residual:5.67426e-05
Iter 45760000, Residual:6.48246e-05
Iter 45800000, Residual:5.52746e-05
Iter 45840000, Residual:5.85817e-05
Iter 45880000, Residual:5.72457e-05
Iter 45920000, Residual:5.58033e-05
Iter 45960000, Residual:5.28629e-05
Iter 46000000, Residual:5.41445e-05
Iter 46040000, Residual:5.40466e-05
Iter 46080000, Residual:5.307e-05
Iter 46120000, Residual:5.6929e-05
Iter 46160000, Residual:5.35203e-05
Iter 46200000, Residual:5.77089e-05
Iter 46240000, Residual:5.72704e-05
Iter 46280000, Residual:5.18607e-05
Iter 46320000, Residual:5.49484e-05
Iter 46360000, Residual:5.31559e-05
Iter 46400000, Residual:5.11345e-05
Iter 46440000, Residual:4.73982e-05
Iter 46480000, Residual:5.18072e-05
Iter 46520000, Residual:4.89531e-05
Iter 46560000, Residual:5.25952e-05
Iter 46600000, Residual:4.61678e-05
Iter 46640000, Residual:4.67947e-05
Iter 46680000, Residual:4.42719e-05
Iter 46720000, Residual:4.34491e-05
Iter 46760000, Residual:4.31982e-05
Iter 46800000, Residual:4.26897e-05
Iter 46840000, Residual:4.20291e-05
Iter 46880000, Residual:4.28824e-05
Iter 46920000, Residual:4.03032e-05
Iter 46960000, Residual:4.21649e-05
Iter 47000000, Residual:3.78163e-05
Iter 47040000, Residual:4.09061e-05
Iter 47080000, Residual:4.75264e-05
Iter 47120000, Residual:4.8197e-05
Iter 47160000, Residual:3.51605e-05
Iter 47200000, Residual:3.67954e-05
Iter 47240000, Residual:3.4476e-05
Iter 47280000, Residual:3.51246e-05
Iter 47320000, Residual:4.01946e-05
Iter 47360000, Residual:3.6978e-05
Iter 47400000, Residual:3.94037e-05
Iter 47440000, Residual:3.95509e-05
Iter 47480000, Residual:3.41553e-05
Iter 47520000, Residual:3.25646e-05
Iter 47560000, Residual:3.07598e-05
Iter 47600000, Residual:3.36601e-05
Iter 47640000, Residual:3.23271e-05
Iter 47680000, Residual:3.19064e-05
Iter 47720000, Residual:3.26953e-05
Iter 47760000, Residual:3.18427e-05
Iter 47800000, Residual:3.12704e-05
Iter 47840000, Residual:3.05051e-05
Iter 47880000, Residual:2.97511e-05
Iter 47920000, Residual:2.76688e-05
Iter 47960000, Residual:2.75529e-05
Iter 48000000, Residual:2.86924e-05
Iter 48040000, Residual:2.78606e-05
Iter 48080000, Residual:2.78742e-05
Iter 48120000, Residual:3.11089e-05
Iter 48160000, Residual:2.70654e-05
Iter 48200000, Residual:3.04429e-05
Iter 48240000, Residual:2.86376e-05
Iter 48280000, Residual:2.92076e-05
Iter 48320000, Residual:2.88892e-05
Iter 48360000, Residual:2.8044e-05
Iter 48400000, Residual:2.6957e-05
Iter 48440000, Residual:2.96143e-05
Iter 48480000, Residual:2.94345e-05
Iter 48520000, Residual:3.23129e-05
Iter 48560000, Residual:2.98492e-05
Iter 48600000, Residual:2.83407e-05
Iter 48640000, Residual:2.74146e-05
Iter 48680000, Residual:2.69727e-05
Iter 48720000, Residual:2.74366e-05
Iter 48760000, Residual:3.43271e-05
Iter 48800000, Residual:2.75667e-05
Iter 48840000, Residual:3.32844e-05
Iter 48880000, Residual:2.82321e-05
Iter 48920000, Residual:2.84324e-05
Iter 48960000, Residual:2.64865e-05
Iter 49000000, Residual:2.66628e-05
Iter 49040000, Residual:2.68273e-05
Iter 49080000, Residual:2.68609e-05
Iter 49120000, Residual:2.53444e-05
Iter 49160000, Residual:2.63693e-05
Iter 49200000, Residual:3.59981e-05
Iter 49240000, Residual:2.89257e-05
Iter 49280000, Residual:2.96211e-05
Iter 49320000, Residual:3.28029e-05
Iter 49360000, Residual:2.72978e-05
Iter 49400000, Residual:2.74966e-05
Iter 49440000, Residual:2.57178e-05
Iter 49480000, Residual:2.35637e-05
Iter 49520000, Residual:2.35175e-05
Iter 49560000, Residual:3.70055e-05
Iter 49600000, Residual:2.77273e-05
Iter 49640000, Residual:2.40486e-05
Iter 49680000, Residual:2.46972e-05
Iter 49720000, Residual:2.32212e-05
Iter 49760000, Residual:2.31245e-05
Iter 49800000, Residual:2.44985e-05
Iter 49840000, Residual:2.39062e-05
Iter 49880000, Residual:2.12479e-05
Iter 49920000, Residual:2.16586e-05
Iter 49960000, Residual:2.17938e-05
Iter 50000000, Residual:2.72485e-05
Iter 50040000, Residual:2.37666e-05
Iter 50080000, Residual:2.3096e-05
Iter 50120000, Residual:2.34144e-05
Iter 50160000, Residual:2.2866e-05
Iter 50200000, Residual:2.38692e-05
Iter 50240000, Residual:2.23237e-05
Iter 50280000, Residual:2.19332e-05
Iter 50320000, Residual:2.25454e-05
Iter 50360000, Residual:2.36297e-05
Iter 50400000, Residual:2.15207e-05
Iter 50440000, Residual:2.14421e-05
Iter 50480000, Residual:2.0742e-05
Iter 50520000, Residual:1.96798e-05
Iter 50560000, Residual:2.07141e-05
Iter 50600000, Residual:1.89842e-05
Iter 50640000, Residual:1.82654e-05
Iter 50680000, Residual:2.19098e-05
Iter 50720000, Residual:2.00087e-05
Iter 50760000, Residual:2.1099e-05
Iter 50800000, Residual:2.07057e-05
Iter 50840000, Residual:2.15871e-05
Iter 50880000, Residual:1.9425e-05
Iter 50920000, Residual:2.40071e-05
Iter 50960000, Residual:2.08181e-05
Iter 51000000, Residual:2.63609e-05
Iter 51040000, Residual:2.02279e-05
Iter 51080000, Residual:1.81515e-05
Iter 51120000, Residual:1.93852e-05
Iter 51160000, Residual:1.68915e-05
Iter 51200000, Residual:1.63547e-05
Iter 51240000, Residual:1.82846e-05
Iter 51280000, Residual:1.66048e-05
Iter 51320000, Residual:1.74449e-05
Iter 51360000, Residual:1.9053e-05
Iter 51400000, Residual:1.73529e-05
Iter 51440000, Residual:1.67477e-05
Iter 51480000, Residual:1.96464e-05
Iter 51520000, Residual:1.71562e-05
Iter 51560000, Residual:1.64848e-05
Iter 51600000, Residual:2.65683e-05
Iter 51640000, Residual:1.76172e-05
Iter 51680000, Residual:1.78235e-05
Iter 51720000, Residual:1.70465e-05
Iter 51760000, Residual:1.80562e-05
Iter 51800000, Residual:1.68925e-05
Iter 51840000, Residual:2.49e-05
Iter 51880000, Residual:1.78354e-05
Iter 51920000, Residual:1.92807e-05
Iter 51960000, Residual:1.54575e-05
Iter 52000000, Residual:1.61401e-05
Iter 52040000, Residual:1.49551e-05
Iter 52080000, Residual:1.52176e-05
Iter 52120000, Residual:1.47921e-05
Iter 52160000, Residual:1.43242e-05
Iter 52200000, Residual:1.39666e-05
Iter 52240000, Residual:1.47238e-05
Iter 52280000, Residual:1.44435e-05
Iter 52320000, Residual:1.4032e-05
Iter 52360000, Residual:1.40409e-05
Iter 52400000, Residual:1.38954e-05
Iter 52440000, Residual:1.47176e-05
Iter 52480000, Residual:1.38277e-05
Iter 52520000, Residual:1.43999e-05
Iter 52560000, Residual:1.36358e-05
Iter 52600000, Residual:1.44841e-05
Iter 52640000, Residual:1.46531e-05
Iter 52680000, Residual:1.43159e-05
Iter 52720000, Residual:1.39082e-05
Iter 52760000, Residual:1.37085e-05
Iter 52800000, Residual:1.34015e-05
Iter 52840000, Residual:1.33429e-05
Iter 52880000, Residual:1.35094e-05
Iter 52920000, Residual:1.43656e-05
Iter 52960000, Residual:1.375e-05
Iter 53000000, Residual:1.37228e-05
Iter 53040000, Residual:1.32975e-05
Iter 53080000, Residual:1.19384e-05
Iter 53120000, Residual:1.27579e-05
Iter 53160000, Residual:1.54895e-05
Iter 53200000, Residual:1.45209e-05
Iter 53240000, Residual:1.26964e-05
Iter 53280000, Residual:1.31183e-05
Iter 53320000, Residual:1.24019e-05
Iter 53360000, Residual:1.24914e-05
Iter 53400000, Residual:1.52579e-05
Iter 53440000, Residual:1.35241e-05
Iter 53480000, Residual:1.37432e-05
Iter 53520000, Residual:1.30705e-05
Iter 53560000, Residual:1.24059e-05
Iter 53600000, Residual:1.23347e-05
Iter 53640000, Residual:1.18738e-05
Iter 53680000, Residual:1.24779e-05
Iter 53720000, Residual:1.60436e-05
Iter 53760000, Residual:1.24637e-05
Iter 53800000, Residual:1.53721e-05
Iter 53840000, Residual:1.2994e-05
Iter 53880000, Residual:1.23344e-05
Iter 53920000, Residual:1.19477e-05
Iter 53960000, Residual:1.14362e-05
Iter 54000000, Residual:1.14752e-05
Iter 54040000, Residual:1.31149e-05
Iter 54080000, Residual:1.27977e-05
Iter 54120000, Residual:1.21919e-05
Iter 54160000, Residual:1.13529e-05
Iter 54200000, Residual:1.11113e-05
Iter 54240000, Residual:1.05893e-05
Iter 54280000, Residual:1.042e-05
Iter 54320000, Residual:1.05045e-05
Iter 54360000, Residual:1.14819e-05
Iter 54400000, Residual:1.02079e-05
Iter 54440000, Residual:1.14165e-05
Iter 54480000, Residual:1.0399e-05
Iter 54520000, Residual:1.22357e-05
Iter 54560000, Residual:1.11741e-05
Iter 54600000, Residual:9.98663e-06
iters 54600001
residual 9.98663e-06
time_init 2983
time_main 209591
[       OK ] LaplacianSolverBenchmark.solveMtx (213511 ms)
[----------] 1 test from LaplacianSolverBenchmark (213511 ms total)

[----------] Global test environment tear-down
[==========] 1 test from 1 test case ran. (213511 ms total)
[  PASSED  ] 1 test.
