*** NetworKit Unit Tests *** 
Note: Google Test filter = *.solveMtx
[==========] Running 1 test from 1 test case.
[----------] Global test environment set-up.
[----------] 1 test from LaplacianSolverBenchmark
[ RUN      ] LaplacianSolverBenchmark.solveMtx
seed: 341758612
40000
1
root: 36694
Readed spanning tree form tree.txt
init finished
begin: main
Iter 0, Residual:1140.59
Iter 40000, Residual:11.6763
Iter 80000, Residual:7.34951
Iter 120000, Residual:6.12548
Iter 160000, Residual:4.69183
Iter 200000, Residual:3.89894
Iter 240000, Residual:3.35837
Iter 280000, Residual:3.21814
Iter 320000, Residual:3.03794
Iter 360000, Residual:2.89552
Iter 400000, Residual:2.53384
Iter 440000, Residual:2.33812
Iter 480000, Residual:2.26293
Iter 520000, Residual:2.28398
Iter 560000, Residual:2.11765
Iter 600000, Residual:2.02243
Iter 640000, Residual:1.91691
Iter 680000, Residual:1.84755
Iter 720000, Residual:1.73109
Iter 760000, Residual:1.66731
Iter 800000, Residual:1.67708
Iter 840000, Residual:1.58901
Iter 880000, Residual:1.56609
Iter 920000, Residual:1.53902
Iter 960000, Residual:1.50336
Iter 1000000, Residual:1.63511
Iter 1040000, Residual:1.41266
Iter 1080000, Residual:1.444
Iter 1120000, Residual:1.44891
Iter 1160000, Residual:1.28928
Iter 1200000, Residual:1.27314
Iter 1240000, Residual:1.17228
Iter 1280000, Residual:1.35891
Iter 1320000, Residual:1.15943
Iter 1360000, Residual:1.19534
Iter 1400000, Residual:1.13195
Iter 1440000, Residual:1.15894
Iter 1480000, Residual:1.05525
Iter 1520000, Residual:1.13233
Iter 1560000, Residual:1.05724
Iter 1600000, Residual:0.998247
Iter 1640000, Residual:1.03417
Iter 1680000, Residual:1.01532
Iter 1720000, Residual:1.0114
Iter 1760000, Residual:0.911935
Iter 1800000, Residual:0.936
Iter 1840000, Residual:1.00144
Iter 1880000, Residual:0.905051
Iter 1920000, Residual:0.87334
Iter 1960000, Residual:0.798365
Iter 2000000, Residual:0.787163
Iter 2040000, Residual:0.827984
Iter 2080000, Residual:0.78769
Iter 2120000, Residual:0.774998
Iter 2160000, Residual:0.769474
Iter 2200000, Residual:0.825303
Iter 2240000, Residual:0.774868
Iter 2280000, Residual:0.76269
Iter 2320000, Residual:0.818225
Iter 2360000, Residual:0.689099
Iter 2400000, Residual:0.784968
Iter 2440000, Residual:0.699796
Iter 2480000, Residual:0.662638
Iter 2520000, Residual:0.695045
Iter 2560000, Residual:0.699739
Iter 2600000, Residual:0.647979
Iter 2640000, Residual:0.607545
Iter 2680000, Residual:0.60192
Iter 2720000, Residual:0.582825
Iter 2760000, Residual:0.622526
Iter 2800000, Residual:0.571201
Iter 2840000, Residual:0.566654
Iter 2880000, Residual:0.639307
Iter 2920000, Residual:0.63518
Iter 2960000, Residual:0.572093
Iter 3000000, Residual:0.520003
Iter 3040000, Residual:0.513316
Iter 3080000, Residual:0.509984
Iter 3120000, Residual:0.571852
Iter 3160000, Residual:0.515455
Iter 3200000, Residual:0.497575
Iter 3240000, Residual:0.523415
Iter 3280000, Residual:0.480374
Iter 3320000, Residual:0.49267
Iter 3360000, Residual:0.501685
Iter 3400000, Residual:0.511601
Iter 3440000, Residual:0.429586
Iter 3480000, Residual:0.436582
Iter 3520000, Residual:0.435716
Iter 3560000, Residual:0.429214
Iter 3600000, Residual:0.469827
Iter 3640000, Residual:0.419399
Iter 3680000, Residual:0.408285
Iter 3720000, Residual:0.4096
Iter 3760000, Residual:0.395849
Iter 3800000, Residual:0.375052
Iter 3840000, Residual:0.494081
Iter 3880000, Residual:0.388258
Iter 3920000, Residual:0.376533
Iter 3960000, Residual:0.381506
Iter 4000000, Residual:0.351565
Iter 4040000, Residual:0.347953
Iter 4080000, Residual:0.357835
Iter 4120000, Residual:0.359301
Iter 4160000, Residual:0.339883
Iter 4200000, Residual:0.348401
Iter 4240000, Residual:0.320744
Iter 4280000, Residual:0.339103
Iter 4320000, Residual:0.397374
Iter 4360000, Residual:0.315017
Iter 4400000, Residual:0.331518
Iter 4440000, Residual:0.298682
Iter 4480000, Residual:0.297393
Iter 4520000, Residual:0.307234
Iter 4560000, Residual:0.314867
Iter 4600000, Residual:0.301946
Iter 4640000, Residual:0.287738
Iter 4680000, Residual:0.304021
Iter 4720000, Residual:0.288663
Iter 4760000, Residual:0.274859
Iter 4800000, Residual:0.271778
Iter 4840000, Residual:0.290764
Iter 4880000, Residual:0.28184
Iter 4920000, Residual:0.262837
Iter 4960000, Residual:0.259534
Iter 5000000, Residual:0.290354
Iter 5040000, Residual:0.255969
Iter 5080000, Residual:0.247998
Iter 5120000, Residual:0.278283
Iter 5160000, Residual:0.273245
Iter 5200000, Residual:0.233963
Iter 5240000, Residual:0.306164
Iter 5280000, Residual:0.223828
Iter 5320000, Residual:0.260454
Iter 5360000, Residual:0.237846
Iter 5400000, Residual:0.227664
Iter 5440000, Residual:0.225801
Iter 5480000, Residual:0.226194
Iter 5520000, Residual:0.224247
Iter 5560000, Residual:0.223281
Iter 5600000, Residual:0.244832
Iter 5640000, Residual:0.219875
Iter 5680000, Residual:0.218958
Iter 5720000, Residual:0.201274
Iter 5760000, Residual:0.219321
Iter 5800000, Residual:0.204584
Iter 5840000, Residual:0.198341
Iter 5880000, Residual:0.210635
Iter 5920000, Residual:0.196178
Iter 5960000, Residual:0.189261
Iter 6000000, Residual:0.198568
Iter 6040000, Residual:0.193935
Iter 6080000, Residual:0.216286
Iter 6120000, Residual:0.181084
Iter 6160000, Residual:0.19152
Iter 6200000, Residual:0.185505
Iter 6240000, Residual:0.182858
Iter 6280000, Residual:0.203405
Iter 6320000, Residual:0.160604
Iter 6360000, Residual:0.167393
Iter 6400000, Residual:0.192673
Iter 6440000, Residual:0.164529
Iter 6480000, Residual:0.163565
Iter 6520000, Residual:0.156342
Iter 6560000, Residual:0.184598
Iter 6600000, Residual:0.153401
Iter 6640000, Residual:0.159566
Iter 6680000, Residual:0.158614
Iter 6720000, Residual:0.141054
Iter 6760000, Residual:0.14775
Iter 6800000, Residual:0.149819
Iter 6840000, Residual:0.144251
Iter 6880000, Residual:0.144321
Iter 6920000, Residual:0.152814
Iter 6960000, Residual:0.143485
Iter 7000000, Residual:0.144778
Iter 7040000, Residual:0.139792
Iter 7080000, Residual:0.136763
Iter 7120000, Residual:0.143739
Iter 7160000, Residual:0.155992
Iter 7200000, Residual:0.13158
Iter 7240000, Residual:0.147284
Iter 7280000, Residual:0.130859
Iter 7320000, Residual:0.131809
Iter 7360000, Residual:0.117957
Iter 7400000, Residual:0.119144
Iter 7440000, Residual:0.133297
Iter 7480000, Residual:0.133795
Iter 7520000, Residual:0.118235
Iter 7560000, Residual:0.11763
Iter 7600000, Residual:0.125472
Iter 7640000, Residual:0.10762
Iter 7680000, Residual:0.114526
Iter 7720000, Residual:0.107419
Iter 7760000, Residual:0.108493
Iter 7800000, Residual:0.103604
Iter 7840000, Residual:0.116183
Iter 7880000, Residual:0.108008
Iter 7920000, Residual:0.105642
Iter 7960000, Residual:0.110116
Iter 8000000, Residual:0.105331
Iter 8040000, Residual:0.10401
Iter 8080000, Residual:0.105592
Iter 8120000, Residual:0.0997307
Iter 8160000, Residual:0.102601
Iter 8200000, Residual:0.113423
Iter 8240000, Residual:0.0963334
Iter 8280000, Residual:0.0972782
Iter 8320000, Residual:0.134791
Iter 8360000, Residual:0.0981322
Iter 8400000, Residual:0.0955134
Iter 8440000, Residual:0.097857
Iter 8480000, Residual:0.0964022
Iter 8520000, Residual:0.104309
Iter 8560000, Residual:0.0847582
Iter 8600000, Residual:0.0832468
Iter 8640000, Residual:0.0871452
Iter 8680000, Residual:0.0889869
Iter 8720000, Residual:0.0804125
Iter 8760000, Residual:0.0830291
Iter 8800000, Residual:0.0809447
Iter 8840000, Residual:0.0780095
Iter 8880000, Residual:0.0812819
Iter 8920000, Residual:0.0815831
Iter 8960000, Residual:0.0761714
Iter 9000000, Residual:0.0817756
Iter 9040000, Residual:0.0754964
Iter 9080000, Residual:0.0756418
Iter 9120000, Residual:0.0749867
Iter 9160000, Residual:0.0704106
Iter 9200000, Residual:0.0822531
Iter 9240000, Residual:0.0734929
Iter 9280000, Residual:0.0707282
Iter 9320000, Residual:0.0671396
Iter 9360000, Residual:0.0824325
Iter 9400000, Residual:0.0718786
Iter 9440000, Residual:0.0680198
Iter 9480000, Residual:0.0674703
Iter 9520000, Residual:0.0628271
Iter 9560000, Residual:0.0677974
Iter 9600000, Residual:0.069744
Iter 9640000, Residual:0.06986
Iter 9680000, Residual:0.0642022
Iter 9720000, Residual:0.0636843
Iter 9760000, Residual:0.0618672
Iter 9800000, Residual:0.0617792
Iter 9840000, Residual:0.0628069
Iter 9880000, Residual:0.0607189
Iter 9920000, Residual:0.059151
Iter 9960000, Residual:0.0599308
Iter 10000000, Residual:0.0611865
Iter 10040000, Residual:0.0681109
Iter 10080000, Residual:0.056642
Iter 10120000, Residual:0.0567862
Iter 10160000, Residual:0.0595047
Iter 10200000, Residual:0.0578952
Iter 10240000, Residual:0.0566522
Iter 10280000, Residual:0.0547393
Iter 10320000, Residual:0.0551745
Iter 10360000, Residual:0.0559381
Iter 10400000, Residual:0.0528931
Iter 10440000, Residual:0.0520334
Iter 10480000, Residual:0.0559458
Iter 10520000, Residual:0.0550688
Iter 10560000, Residual:0.0547406
Iter 10600000, Residual:0.0489459
Iter 10640000, Residual:0.0530648
Iter 10680000, Residual:0.0494702
Iter 10720000, Residual:0.046436
Iter 10760000, Residual:0.0543338
Iter 10800000, Residual:0.0470311
Iter 10840000, Residual:0.0521308
Iter 10880000, Residual:0.0515231
Iter 10920000, Residual:0.0453635
Iter 10960000, Residual:0.04555
Iter 11000000, Residual:0.044935
Iter 11040000, Residual:0.0465902
Iter 11080000, Residual:0.0475558
Iter 11120000, Residual:0.0444753
Iter 11160000, Residual:0.0445746
Iter 11200000, Residual:0.0422148
Iter 11240000, Residual:0.0401066
Iter 11280000, Residual:0.0392393
Iter 11320000, Residual:0.0429974
Iter 11360000, Residual:0.0457084
Iter 11400000, Residual:0.041373
Iter 11440000, Residual:0.042728
Iter 11480000, Residual:0.0407915
Iter 11520000, Residual:0.0402126
Iter 11560000, Residual:0.0403632
Iter 11600000, Residual:0.0364557
Iter 11640000, Residual:0.037342
Iter 11680000, Residual:0.0406518
Iter 11720000, Residual:0.0399805
Iter 11760000, Residual:0.0385032
Iter 11800000, Residual:0.0343723
Iter 11840000, Residual:0.038232
Iter 11880000, Residual:0.0413798
Iter 11920000, Residual:0.0333733
Iter 11960000, Residual:0.0348218
Iter 12000000, Residual:0.034883
Iter 12040000, Residual:0.0347954
Iter 12080000, Residual:0.0388368
Iter 12120000, Residual:0.0387363
Iter 12160000, Residual:0.0384848
Iter 12200000, Residual:0.0341939
Iter 12240000, Residual:0.0328905
Iter 12280000, Residual:0.0335169
Iter 12320000, Residual:0.0342371
Iter 12360000, Residual:0.0305872
Iter 12400000, Residual:0.0316955
Iter 12440000, Residual:0.0289775
Iter 12480000, Residual:0.0310989
Iter 12520000, Residual:0.0309453
Iter 12560000, Residual:0.0303723
Iter 12600000, Residual:0.0290479
Iter 12640000, Residual:0.029927
Iter 12680000, Residual:0.0302338
Iter 12720000, Residual:0.0345589
Iter 12760000, Residual:0.0302594
Iter 12800000, Residual:0.0283797
Iter 12840000, Residual:0.0272375
Iter 12880000, Residual:0.0313131
Iter 12920000, Residual:0.0272812
Iter 12960000, Residual:0.0270435
Iter 13000000, Residual:0.0267627
Iter 13040000, Residual:0.0295104
Iter 13080000, Residual:0.028164
Iter 13120000, Residual:0.0278528
Iter 13160000, Residual:0.0261892
Iter 13200000, Residual:0.0256911
Iter 13240000, Residual:0.0285669
Iter 13280000, Residual:0.0253093
Iter 13320000, Residual:0.0278002
Iter 13360000, Residual:0.0265895
Iter 13400000, Residual:0.0241447
Iter 13440000, Residual:0.024225
Iter 13480000, Residual:0.0271572
Iter 13520000, Residual:0.0250823
Iter 13560000, Residual:0.0252666
Iter 13600000, Residual:0.0241945
Iter 13640000, Residual:0.0229068
Iter 13680000, Residual:0.0239933
Iter 13720000, Residual:0.02445
Iter 13760000, Residual:0.0227257
Iter 13800000, Residual:0.0222145
Iter 13840000, Residual:0.0235344
Iter 13880000, Residual:0.0228621
Iter 13920000, Residual:0.0232478
Iter 13960000, Residual:0.022338
Iter 14000000, Residual:0.0224518
Iter 14040000, Residual:0.0216201
Iter 14080000, Residual:0.0239911
Iter 14120000, Residual:0.0212729
Iter 14160000, Residual:0.0227355
Iter 14200000, Residual:0.0209567
Iter 14240000, Residual:0.0212746
Iter 14280000, Residual:0.0194502
Iter 14320000, Residual:0.0203679
Iter 14360000, Residual:0.0199968
Iter 14400000, Residual:0.0184014
Iter 14440000, Residual:0.0223668
Iter 14480000, Residual:0.0204774
Iter 14520000, Residual:0.0196653
Iter 14560000, Residual:0.0207265
Iter 14600000, Residual:0.0189646
Iter 14640000, Residual:0.0190079
Iter 14680000, Residual:0.0176788
Iter 14720000, Residual:0.0214159
Iter 14760000, Residual:0.0193686
Iter 14800000, Residual:0.0177804
Iter 14840000, Residual:0.0181668
Iter 14880000, Residual:0.0208724
Iter 14920000, Residual:0.0223361
Iter 14960000, Residual:0.0175987
Iter 15000000, Residual:0.0183732
Iter 15040000, Residual:0.0182438
Iter 15080000, Residual:0.0161669
Iter 15120000, Residual:0.0182824
Iter 15160000, Residual:0.017082
Iter 15200000, Residual:0.0197935
Iter 15240000, Residual:0.0167247
Iter 15280000, Residual:0.0146825
Iter 15320000, Residual:0.0153826
Iter 15360000, Residual:0.0168647
Iter 15400000, Residual:0.016023
Iter 15440000, Residual:0.0169771
Iter 15480000, Residual:0.0165655
Iter 15520000, Residual:0.0155161
Iter 15560000, Residual:0.0192437
Iter 15600000, Residual:0.0140963
Iter 15640000, Residual:0.0143337
Iter 15680000, Residual:0.0148092
Iter 15720000, Residual:0.0162875
Iter 15760000, Residual:0.0149225
Iter 15800000, Residual:0.0182019
Iter 15840000, Residual:0.0133624
Iter 15880000, Residual:0.0152294
Iter 15920000, Residual:0.0142786
Iter 15960000, Residual:0.0136755
Iter 16000000, Residual:0.0152536
Iter 16040000, Residual:0.0137205
Iter 16080000, Residual:0.013712
Iter 16120000, Residual:0.0126792
Iter 16160000, Residual:0.0135352
Iter 16200000, Residual:0.0130256
Iter 16240000, Residual:0.0134425
Iter 16280000, Residual:0.0119863
Iter 16320000, Residual:0.0126259
Iter 16360000, Residual:0.0146027
Iter 16400000, Residual:0.0120112
Iter 16440000, Residual:0.0126046
Iter 16480000, Residual:0.0124486
Iter 16520000, Residual:0.0138054
Iter 16560000, Residual:0.0121639
Iter 16600000, Residual:0.0121666
Iter 16640000, Residual:0.0138702
Iter 16680000, Residual:0.0117598
Iter 16720000, Residual:0.0117422
Iter 16760000, Residual:0.0116858
Iter 16800000, Residual:0.0120945
Iter 16840000, Residual:0.0123555
Iter 16880000, Residual:0.0108186
Iter 16920000, Residual:0.0122297
Iter 16960000, Residual:0.0106946
Iter 17000000, Residual:0.0120493
Iter 17040000, Residual:0.0116739
Iter 17080000, Residual:0.0122418
Iter 17120000, Residual:0.0113294
Iter 17160000, Residual:0.01101
Iter 17200000, Residual:0.0116698
Iter 17240000, Residual:0.0103663
Iter 17280000, Residual:0.0103447
Iter 17320000, Residual:0.00992055
Iter 17360000, Residual:0.0106025
Iter 17400000, Residual:0.0105539
Iter 17440000, Residual:0.0109095
Iter 17480000, Residual:0.0116452
Iter 17520000, Residual:0.00993134
Iter 17560000, Residual:0.00990954
Iter 17600000, Residual:0.0101652
Iter 17640000, Residual:0.00897675
Iter 17680000, Residual:0.009524
Iter 17720000, Residual:0.0107608
Iter 17760000, Residual:0.0105037
Iter 17800000, Residual:0.0105056
Iter 17840000, Residual:0.00942821
Iter 17880000, Residual:0.00948001
Iter 17920000, Residual:0.00917568
Iter 17960000, Residual:0.00928917
Iter 18000000, Residual:0.00942792
Iter 18040000, Residual:0.00862115
Iter 18080000, Residual:0.0088032
Iter 18120000, Residual:0.00796275
Iter 18160000, Residual:0.00961419
Iter 18200000, Residual:0.00890193
Iter 18240000, Residual:0.008168
Iter 18280000, Residual:0.00855216
Iter 18320000, Residual:0.0095605
Iter 18360000, Residual:0.0107978
Iter 18400000, Residual:0.00898678
Iter 18440000, Residual:0.00825106
Iter 18480000, Residual:0.00771295
Iter 18520000, Residual:0.00817833
Iter 18560000, Residual:0.00781841
Iter 18600000, Residual:0.00765715
Iter 18640000, Residual:0.00759292
Iter 18680000, Residual:0.00789603
Iter 18720000, Residual:0.00925334
Iter 18760000, Residual:0.0080517
Iter 18800000, Residual:0.00745643
Iter 18840000, Residual:0.00725942
Iter 18880000, Residual:0.0072606
Iter 18920000, Residual:0.00738419
Iter 18960000, Residual:0.00704807
Iter 19000000, Residual:0.0075827
Iter 19040000, Residual:0.00742741
Iter 19080000, Residual:0.00755194
Iter 19120000, Residual:0.007973
Iter 19160000, Residual:0.00691318
Iter 19200000, Residual:0.00699376
Iter 19240000, Residual:0.00718754
Iter 19280000, Residual:0.00747608
Iter 19320000, Residual:0.00683848
Iter 19360000, Residual:0.00672491
Iter 19400000, Residual:0.00671955
Iter 19440000, Residual:0.00677706
Iter 19480000, Residual:0.00645996
Iter 19520000, Residual:0.00862969
Iter 19560000, Residual:0.00650743
Iter 19600000, Residual:0.00651006
Iter 19640000, Residual:0.00634079
Iter 19680000, Residual:0.00623509
Iter 19720000, Residual:0.00692659
Iter 19760000, Residual:0.00597604
Iter 19800000, Residual:0.00668095
Iter 19840000, Residual:0.00657897
Iter 19880000, Residual:0.00580963
Iter 19920000, Residual:0.00631278
Iter 19960000, Residual:0.00646447
Iter 20000000, Residual:0.00606428
Iter 20040000, Residual:0.00598034
Iter 20080000, Residual:0.00573149
Iter 20120000, Residual:0.00632429
Iter 20160000, Residual:0.00616933
Iter 20200000, Residual:0.00611347
Iter 20240000, Residual:0.00560669
Iter 20280000, Residual:0.00560878
Iter 20320000, Residual:0.00620839
Iter 20360000, Residual:0.00568634
Iter 20400000, Residual:0.00563233
Iter 20440000, Residual:0.00646497
Iter 20480000, Residual:0.00535896
Iter 20520000, Residual:0.00522622
Iter 20560000, Residual:0.00728843
Iter 20600000, Residual:0.00563144
Iter 20640000, Residual:0.00848808
Iter 20680000, Residual:0.00572761
Iter 20720000, Residual:0.00556472
Iter 20760000, Residual:0.00566383
Iter 20800000, Residual:0.00516795
Iter 20840000, Residual:0.00499827
Iter 20880000, Residual:0.00576432
Iter 20920000, Residual:0.00606737
Iter 20960000, Residual:0.00545168
Iter 21000000, Residual:0.00528591
Iter 21040000, Residual:0.00554118
Iter 21080000, Residual:0.00555847
Iter 21120000, Residual:0.00503675
Iter 21160000, Residual:0.004828
Iter 21200000, Residual:0.00501662
Iter 21240000, Residual:0.00480119
Iter 21280000, Residual:0.00485034
Iter 21320000, Residual:0.00470426
Iter 21360000, Residual:0.00494183
Iter 21400000, Residual:0.00495203
Iter 21440000, Residual:0.00455404
Iter 21480000, Residual:0.00461893
Iter 21520000, Residual:0.00455393
Iter 21560000, Residual:0.0055468
Iter 21600000, Residual:0.00483878
Iter 21640000, Residual:0.00430737
Iter 21680000, Residual:0.00415504
Iter 21720000, Residual:0.0041562
Iter 21760000, Residual:0.00414356
Iter 21800000, Residual:0.00435735
Iter 21840000, Residual:0.00482708
Iter 21880000, Residual:0.00408501
Iter 21920000, Residual:0.0041008
Iter 21960000, Residual:0.00433729
Iter 22000000, Residual:0.00403769
Iter 22040000, Residual:0.00459944
Iter 22080000, Residual:0.00427808
Iter 22120000, Residual:0.0043248
Iter 22160000, Residual:0.00401962
Iter 22200000, Residual:0.00389987
Iter 22240000, Residual:0.00412884
Iter 22280000, Residual:0.00374441
Iter 22320000, Residual:0.00443493
Iter 22360000, Residual:0.00426135
Iter 22400000, Residual:0.00388471
Iter 22440000, Residual:0.00368717
Iter 22480000, Residual:0.00382757
Iter 22520000, Residual:0.00370006
Iter 22560000, Residual:0.00399915
Iter 22600000, Residual:0.0034766
Iter 22640000, Residual:0.0038772
Iter 22680000, Residual:0.00404139
Iter 22720000, Residual:0.00375408
Iter 22760000, Residual:0.00407331
Iter 22800000, Residual:0.00347701
Iter 22840000, Residual:0.00336446
Iter 22880000, Residual:0.00382662
Iter 22920000, Residual:0.00400153
Iter 22960000, Residual:0.00376802
Iter 23000000, Residual:0.00394978
Iter 23040000, Residual:0.00346496
Iter 23080000, Residual:0.0034352
Iter 23120000, Residual:0.00334621
Iter 23160000, Residual:0.00346048
Iter 23200000, Residual:0.00351156
Iter 23240000, Residual:0.00316895
Iter 23280000, Residual:0.00324525
Iter 23320000, Residual:0.00356862
Iter 23360000, Residual:0.00332364
Iter 23400000, Residual:0.00325398
Iter 23440000, Residual:0.00332714
Iter 23480000, Residual:0.00342877
Iter 23520000, Residual:0.00334839
Iter 23560000, Residual:0.00308279
Iter 23600000, Residual:0.00321735
Iter 23640000, Residual:0.00302827
Iter 23680000, Residual:0.00348357
Iter 23720000, Residual:0.00366826
Iter 23760000, Residual:0.00365188
Iter 23800000, Residual:0.00300117
Iter 23840000, Residual:0.00299318
Iter 23880000, Residual:0.00290747
Iter 23920000, Residual:0.00271604
Iter 23960000, Residual:0.00283251
Iter 24000000, Residual:0.0026973
Iter 24040000, Residual:0.00263567
Iter 24080000, Residual:0.00269045
Iter 24120000, Residual:0.00264568
Iter 24160000, Residual:0.00302224
Iter 24200000, Residual:0.00257289
Iter 24240000, Residual:0.00267273
Iter 24280000, Residual:0.00302403
Iter 24320000, Residual:0.00275488
Iter 24360000, Residual:0.00274449
Iter 24400000, Residual:0.00258645
Iter 24440000, Residual:0.00271719
Iter 24480000, Residual:0.00342105
Iter 24520000, Residual:0.00258297
Iter 24560000, Residual:0.00246443
Iter 24600000, Residual:0.00299087
Iter 24640000, Residual:0.00227358
Iter 24680000, Residual:0.00245135
Iter 24720000, Residual:0.00258509
Iter 24760000, Residual:0.00237975
Iter 24800000, Residual:0.00294849
Iter 24840000, Residual:0.0024363
Iter 24880000, Residual:0.00226579
Iter 24920000, Residual:0.00234857
Iter 24960000, Residual:0.00252076
Iter 25000000, Residual:0.00235112
Iter 25040000, Residual:0.00218867
Iter 25080000, Residual:0.00245572
Iter 25120000, Residual:0.0023813
Iter 25160000, Residual:0.00245985
Iter 25200000, Residual:0.0021684
Iter 25240000, Residual:0.00235941
Iter 25280000, Residual:0.00213473
Iter 25320000, Residual:0.00231854
Iter 25360000, Residual:0.0021581
Iter 25400000, Residual:0.00287275
Iter 25440000, Residual:0.00222512
Iter 25480000, Residual:0.00222098
Iter 25520000, Residual:0.00226396
Iter 25560000, Residual:0.00215749
Iter 25600000, Residual:0.00227596
Iter 25640000, Residual:0.00210863
Iter 25680000, Residual:0.00209269
Iter 25720000, Residual:0.00238209
Iter 25760000, Residual:0.0020193
Iter 25800000, Residual:0.00196035
Iter 25840000, Residual:0.00201821
Iter 25880000, Residual:0.00214367
Iter 25920000, Residual:0.00195269
Iter 25960000, Residual:0.00199617
Iter 26000000, Residual:0.00186012
Iter 26040000, Residual:0.00192346
Iter 26080000, Residual:0.00199773
Iter 26120000, Residual:0.00207528
Iter 26160000, Residual:0.00212757
Iter 26200000, Residual:0.00193276
Iter 26240000, Residual:0.00185755
Iter 26280000, Residual:0.00195594
Iter 26320000, Residual:0.00187243
Iter 26360000, Residual:0.00193991
Iter 26400000, Residual:0.00215169
Iter 26440000, Residual:0.00201948
Iter 26480000, Residual:0.00191697
Iter 26520000, Residual:0.00197547
Iter 26560000, Residual:0.00207536
Iter 26600000, Residual:0.00179126
Iter 26640000, Residual:0.00194844
Iter 26680000, Residual:0.00187701
Iter 26720000, Residual:0.00176058
Iter 26760000, Residual:0.00183964
Iter 26800000, Residual:0.00189939
Iter 26840000, Residual:0.00196218
Iter 26880000, Residual:0.0016771
Iter 26920000, Residual:0.0018256
Iter 26960000, Residual:0.00159963
Iter 27000000, Residual:0.00157758
Iter 27040000, Residual:0.00168625
Iter 27080000, Residual:0.00211746
Iter 27120000, Residual:0.00175144
Iter 27160000, Residual:0.00157657
Iter 27200000, Residual:0.00171081
Iter 27240000, Residual:0.00159852
Iter 27280000, Residual:0.00166704
Iter 27320000, Residual:0.00177765
Iter 27360000, Residual:0.00152471
Iter 27400000, Residual:0.00154026
Iter 27440000, Residual:0.00177077
Iter 27480000, Residual:0.00154391
Iter 27520000, Residual:0.0015144
Iter 27560000, Residual:0.00141033
Iter 27600000, Residual:0.0015381
Iter 27640000, Residual:0.00144247
Iter 27680000, Residual:0.00140253
Iter 27720000, Residual:0.0014668
Iter 27760000, Residual:0.00153564
Iter 27800000, Residual:0.00142476
Iter 27840000, Residual:0.00143165
Iter 27880000, Residual:0.00133519
Iter 27920000, Residual:0.00141696
Iter 27960000, Residual:0.00138801
Iter 28000000, Residual:0.00130043
Iter 28040000, Residual:0.00143
Iter 28080000, Residual:0.00154168
Iter 28120000, Residual:0.00136564
Iter 28160000, Residual:0.00139985
Iter 28200000, Residual:0.00140203
Iter 28240000, Residual:0.00133084
Iter 28280000, Residual:0.00146144
Iter 28320000, Residual:0.00140724
Iter 28360000, Residual:0.00133478
Iter 28400000, Residual:0.00129086
Iter 28440000, Residual:0.00127355
Iter 28480000, Residual:0.00125428
Iter 28520000, Residual:0.0013279
Iter 28560000, Residual:0.00128022
Iter 28600000, Residual:0.00130456
Iter 28640000, Residual:0.00128592
Iter 28680000, Residual:0.00138605
Iter 28720000, Residual:0.00133131
Iter 28760000, Residual:0.00125698
Iter 28800000, Residual:0.00128864
Iter 28840000, Residual:0.00138757
Iter 28880000, Residual:0.00121572
Iter 28920000, Residual:0.00118986
Iter 28960000, Residual:0.00124833
Iter 29000000, Residual:0.00118787
Iter 29040000, Residual:0.00125185
Iter 29080000, Residual:0.00114103
Iter 29120000, Residual:0.00120738
Iter 29160000, Residual:0.00119486
Iter 29200000, Residual:0.00115666
Iter 29240000, Residual:0.00119128
Iter 29280000, Residual:0.00125174
Iter 29320000, Residual:0.00117757
Iter 29360000, Residual:0.0013853
Iter 29400000, Residual:0.0012055
Iter 29440000, Residual:0.00114338
Iter 29480000, Residual:0.00108574
Iter 29520000, Residual:0.00118457
Iter 29560000, Residual:0.00117015
Iter 29600000, Residual:0.00117022
Iter 29640000, Residual:0.00116142
Iter 29680000, Residual:0.00116572
Iter 29720000, Residual:0.00114576
Iter 29760000, Residual:0.00115152
Iter 29800000, Residual:0.00109936
Iter 29840000, Residual:0.00113094
Iter 29880000, Residual:0.00109257
Iter 29920000, Residual:0.00110049
Iter 29960000, Residual:0.00109656
Iter 30000000, Residual:0.00112326
Iter 30040000, Residual:0.00111299
Iter 30080000, Residual:0.00113085
Iter 30120000, Residual:0.00105875
Iter 30160000, Residual:0.00105134
Iter 30200000, Residual:0.00106353
Iter 30240000, Residual:0.00103962
Iter 30280000, Residual:0.00107936
Iter 30320000, Residual:0.00108795
Iter 30360000, Residual:0.001115
Iter 30400000, Residual:0.00101076
Iter 30440000, Residual:0.00103082
Iter 30480000, Residual:0.00102397
Iter 30520000, Residual:0.00105525
Iter 30560000, Residual:0.0010629
Iter 30600000, Residual:0.00112577
Iter 30640000, Residual:0.00103961
Iter 30680000, Residual:0.00109614
Iter 30720000, Residual:0.00103677
Iter 30760000, Residual:0.000907435
Iter 30800000, Residual:0.000877214
Iter 30840000, Residual:0.000867456
Iter 30880000, Residual:0.000829334
Iter 30920000, Residual:0.000843757
Iter 30960000, Residual:0.000849718
Iter 31000000, Residual:0.000822467
Iter 31040000, Residual:0.000816536
Iter 31080000, Residual:0.000830275
Iter 31120000, Residual:0.000789116
Iter 31160000, Residual:0.000787236
Iter 31200000, Residual:0.000755811
Iter 31240000, Residual:0.000758101
Iter 31280000, Residual:0.000724226
Iter 31320000, Residual:0.000818165
Iter 31360000, Residual:0.000826248
Iter 31400000, Residual:0.000836464
Iter 31440000, Residual:0.00089134
Iter 31480000, Residual:0.000775169
Iter 31520000, Residual:0.000766975
Iter 31560000, Residual:0.00069709
Iter 31600000, Residual:0.000717665
Iter 31640000, Residual:0.00073919
Iter 31680000, Residual:0.000752642
Iter 31720000, Residual:0.000742044
Iter 31760000, Residual:0.000701994
Iter 31800000, Residual:0.000748088
Iter 31840000, Residual:0.000715955
Iter 31880000, Residual:0.000961244
Iter 31920000, Residual:0.000780795
Iter 31960000, Residual:0.000780299
Iter 32000000, Residual:0.000763155
Iter 32040000, Residual:0.000777225
Iter 32080000, Residual:0.000883614
Iter 32120000, Residual:0.000711446
Iter 32160000, Residual:0.000711875
Iter 32200000, Residual:0.000701094
Iter 32240000, Residual:0.000911587
Iter 32280000, Residual:0.000639127
Iter 32320000, Residual:0.000654392
Iter 32360000, Residual:0.000673799
Iter 32400000, Residual:0.00126916
Iter 32440000, Residual:0.000727662
Iter 32480000, Residual:0.000660276
Iter 32520000, Residual:0.000576213
Iter 32560000, Residual:0.00058727
Iter 32600000, Residual:0.000575762
Iter 32640000, Residual:0.000667134
Iter 32680000, Residual:0.000697628
Iter 32720000, Residual:0.000687718
Iter 32760000, Residual:0.000509718
Iter 32800000, Residual:0.000523083
Iter 32840000, Residual:0.000498386
Iter 32880000, Residual:0.000525821
Iter 32920000, Residual:0.0005052
Iter 32960000, Residual:0.000540543
Iter 33000000, Residual:0.000491354
Iter 33040000, Residual:0.000510052
Iter 33080000, Residual:0.000514066
Iter 33120000, Residual:0.000525847
Iter 33160000, Residual:0.000555448
Iter 33200000, Residual:0.00048341
Iter 33240000, Residual:0.000527242
Iter 33280000, Residual:0.000480767
Iter 33320000, Residual:0.000489693
Iter 33360000, Residual:0.000572358
Iter 33400000, Residual:0.000497863
Iter 33440000, Residual:0.000508461
Iter 33480000, Residual:0.000502472
Iter 33520000, Residual:0.000486572
Iter 33560000, Residual:0.000487777
Iter 33600000, Residual:0.000457952
Iter 33640000, Residual:0.000455479
Iter 33680000, Residual:0.000561369
Iter 33720000, Residual:0.000505101
Iter 33760000, Residual:0.000437589
Iter 33800000, Residual:0.00046273
Iter 33840000, Residual:0.000488329
Iter 33880000, Residual:0.000456479
Iter 33920000, Residual:0.000507818
Iter 33960000, Residual:0.000445663
Iter 34000000, Residual:0.000495266
Iter 34040000, Residual:0.000502587
Iter 34080000, Residual:0.000485216
Iter 34120000, Residual:0.000496784
Iter 34160000, Residual:0.000496608
Iter 34200000, Residual:0.000496132
Iter 34240000, Residual:0.000473631
Iter 34280000, Residual:0.00051762
Iter 34320000, Residual:0.000493955
Iter 34360000, Residual:0.000459752
Iter 34400000, Residual:0.000461032
Iter 34440000, Residual:0.000445834
Iter 34480000, Residual:0.000470644
Iter 34520000, Residual:0.000450822
Iter 34560000, Residual:0.000420768
Iter 34600000, Residual:0.000461188
Iter 34640000, Residual:0.000588858
Iter 34680000, Residual:0.000421547
Iter 34720000, Residual:0.000417982
Iter 34760000, Residual:0.000420988
Iter 34800000, Residual:0.000440795
Iter 34840000, Residual:0.000499039
Iter 34880000, Residual:0.000445949
Iter 34920000, Residual:0.000429639
Iter 34960000, Residual:0.000441558
Iter 35000000, Residual:0.000432899
Iter 35040000, Residual:0.000425995
Iter 35080000, Residual:0.000410255
Iter 35120000, Residual:0.000432666
Iter 35160000, Residual:0.000427995
Iter 35200000, Residual:0.000442151
Iter 35240000, Residual:0.000435173
Iter 35280000, Residual:0.000418388
Iter 35320000, Residual:0.000420589
Iter 35360000, Residual:0.000383398
Iter 35400000, Residual:0.000399282
Iter 35440000, Residual:0.000367683
Iter 35480000, Residual:0.00037912
Iter 35520000, Residual:0.000400217
Iter 35560000, Residual:0.000384553
Iter 35600000, Residual:0.000397897
Iter 35640000, Residual:0.000400624
Iter 35680000, Residual:0.000403277
Iter 35720000, Residual:0.000371708
Iter 35760000, Residual:0.000362256
Iter 35800000, Residual:0.000380918
Iter 35840000, Residual:0.000357048
Iter 35880000, Residual:0.000353418
Iter 35920000, Residual:0.000349203
Iter 35960000, Residual:0.000420973
Iter 36000000, Residual:0.000346576
Iter 36040000, Residual:0.000355771
Iter 36080000, Residual:0.000364615
Iter 36120000, Residual:0.000364584
Iter 36160000, Residual:0.000341009
Iter 36200000, Residual:0.000325468
Iter 36240000, Residual:0.000318161
Iter 36280000, Residual:0.000344979
Iter 36320000, Residual:0.00033726
Iter 36360000, Residual:0.000328889
Iter 36400000, Residual:0.000315968
Iter 36440000, Residual:0.000315968
Iter 36480000, Residual:0.000312716
Iter 36520000, Residual:0.000308188
Iter 36560000, Residual:0.000321169
Iter 36600000, Residual:0.000350419
Iter 36640000, Residual:0.000314208
Iter 36680000, Residual:0.000324516
Iter 36720000, Residual:0.000314942
Iter 36760000, Residual:0.000327326
Iter 36800000, Residual:0.000308443
Iter 36840000, Residual:0.000316157
Iter 36880000, Residual:0.000322271
Iter 36920000, Residual:0.000308103
Iter 36960000, Residual:0.000314574
Iter 37000000, Residual:0.000304004
Iter 37040000, Residual:0.000294038
Iter 37080000, Residual:0.000302146
Iter 37120000, Residual:0.000307286
Iter 37160000, Residual:0.000348885
Iter 37200000, Residual:0.000307411
Iter 37240000, Residual:0.000297022
Iter 37280000, Residual:0.000309487
Iter 37320000, Residual:0.000301517
Iter 37360000, Residual:0.000297383
Iter 37400000, Residual:0.00028907
Iter 37440000, Residual:0.000285379
Iter 37480000, Residual:0.000292786
Iter 37520000, Residual:0.000310475
Iter 37560000, Residual:0.000316869
Iter 37600000, Residual:0.000243833
Iter 37640000, Residual:0.000234855
Iter 37680000, Residual:0.000225798
Iter 37720000, Residual:0.000217563
Iter 37760000, Residual:0.000276844
Iter 37800000, Residual:0.000227331
Iter 37840000, Residual:0.000234594
Iter 37880000, Residual:0.000224232
Iter 37920000, Residual:0.000230836
Iter 37960000, Residual:0.000235316
Iter 38000000, Residual:0.00021728
Iter 38040000, Residual:0.000214342
Iter 38080000, Residual:0.000206526
Iter 38120000, Residual:0.000223038
Iter 38160000, Residual:0.000217661
Iter 38200000, Residual:0.000210514
Iter 38240000, Residual:0.000214956
Iter 38280000, Residual:0.000203488
Iter 38320000, Residual:0.000310112
Iter 38360000, Residual:0.00024191
Iter 38400000, Residual:0.000319728
Iter 38440000, Residual:0.000224904
Iter 38480000, Residual:0.000211323
Iter 38520000, Residual:0.0002101
Iter 38560000, Residual:0.000211527
Iter 38600000, Residual:0.000220942
Iter 38640000, Residual:0.000226182
Iter 38680000, Residual:0.000207471
Iter 38720000, Residual:0.000199819
Iter 38760000, Residual:0.000211053
Iter 38800000, Residual:0.000207893
Iter 38840000, Residual:0.000201384
Iter 38880000, Residual:0.000230297
Iter 38920000, Residual:0.000206067
Iter 38960000, Residual:0.000202185
Iter 39000000, Residual:0.000210492
Iter 39040000, Residual:0.000196475
Iter 39080000, Residual:0.000204979
Iter 39120000, Residual:0.000201552
Iter 39160000, Residual:0.000226454
Iter 39200000, Residual:0.000208896
Iter 39240000, Residual:0.000204661
Iter 39280000, Residual:0.000200591
Iter 39320000, Residual:0.000193327
Iter 39360000, Residual:0.000189248
Iter 39400000, Residual:0.000227931
Iter 39440000, Residual:0.000197441
Iter 39480000, Residual:0.000182012
Iter 39520000, Residual:0.000188663
Iter 39560000, Residual:0.000170346
Iter 39600000, Residual:0.000177433
Iter 39640000, Residual:0.000169683
Iter 39680000, Residual:0.00018195
Iter 39720000, Residual:0.000174878
Iter 39760000, Residual:0.000172387
Iter 39800000, Residual:0.000163496
Iter 39840000, Residual:0.000164541
Iter 39880000, Residual:0.000217707
Iter 39920000, Residual:0.000147438
Iter 39960000, Residual:0.00013982
Iter 40000000, Residual:0.000145498
Iter 40040000, Residual:0.00015166
Iter 40080000, Residual:0.000135064
Iter 40120000, Residual:0.000143175
Iter 40160000, Residual:0.000141435
Iter 40200000, Residual:0.00013713
Iter 40240000, Residual:0.000137393
Iter 40280000, Residual:0.000132397
Iter 40320000, Residual:0.000156213
Iter 40360000, Residual:0.000151852
Iter 40400000, Residual:0.000137261
Iter 40440000, Residual:0.000126237
Iter 40480000, Residual:0.000129182
Iter 40520000, Residual:0.000132963
Iter 40560000, Residual:0.00014753
Iter 40600000, Residual:0.000132986
Iter 40640000, Residual:0.000128462
Iter 40680000, Residual:0.000138708
Iter 40720000, Residual:0.000149937
Iter 40760000, Residual:0.000124179
Iter 40800000, Residual:0.000122145
Iter 40840000, Residual:0.000118444
Iter 40880000, Residual:0.000118655
Iter 40920000, Residual:0.00011711
Iter 40960000, Residual:0.000112273
Iter 41000000, Residual:0.000117656
Iter 41040000, Residual:0.000122516
Iter 41080000, Residual:0.000113769
Iter 41120000, Residual:0.00012296
Iter 41160000, Residual:0.000121507
Iter 41200000, Residual:0.000116997
Iter 41240000, Residual:0.00013545
Iter 41280000, Residual:0.000121427
Iter 41320000, Residual:0.000113967
Iter 41360000, Residual:0.000113475
Iter 41400000, Residual:0.000120072
Iter 41440000, Residual:0.000127759
Iter 41480000, Residual:0.000117768
Iter 41520000, Residual:0.000152281
Iter 41560000, Residual:0.000118735
Iter 41600000, Residual:0.000120508
Iter 41640000, Residual:0.000108493
Iter 41680000, Residual:0.000111144
Iter 41720000, Residual:0.000112091
Iter 41760000, Residual:0.000110319
Iter 41800000, Residual:0.000109821
Iter 41840000, Residual:0.000114544
Iter 41880000, Residual:0.000110748
Iter 41920000, Residual:0.000110384
Iter 41960000, Residual:0.000102995
Iter 42000000, Residual:9.86414e-05
Iter 42040000, Residual:0.000103385
Iter 42080000, Residual:0.000102614
Iter 42120000, Residual:0.000101428
Iter 42160000, Residual:0.000100447
Iter 42200000, Residual:0.000107031
Iter 42240000, Residual:9.74433e-05
Iter 42280000, Residual:9.54928e-05
Iter 42320000, Residual:9.57117e-05
Iter 42360000, Residual:9.32232e-05
Iter 42400000, Residual:0.000161458
Iter 42440000, Residual:0.000116745
Iter 42480000, Residual:0.000115226
Iter 42520000, Residual:0.000226964
Iter 42560000, Residual:0.000135041
Iter 42600000, Residual:0.000110622
Iter 42640000, Residual:0.000114603
Iter 42680000, Residual:0.000117379
Iter 42720000, Residual:0.000141275
Iter 42760000, Residual:0.00012835
Iter 42800000, Residual:0.000111144
Iter 42840000, Residual:0.000115813
Iter 42880000, Residual:0.000116859
Iter 42920000, Residual:0.000107558
Iter 42960000, Residual:0.000102557
Iter 43000000, Residual:0.0001054
Iter 43040000, Residual:0.000100679
Iter 43080000, Residual:0.000112936
Iter 43120000, Residual:8.82238e-05
Iter 43160000, Residual:8.24127e-05
Iter 43200000, Residual:8.80216e-05
Iter 43240000, Residual:0.000115734
Iter 43280000, Residual:8.43353e-05
Iter 43320000, Residual:9.60106e-05
Iter 43360000, Residual:8.70859e-05
Iter 43400000, Residual:8.68714e-05
Iter 43440000, Residual:8.4126e-05
Iter 43480000, Residual:7.6703e-05
Iter 43520000, Residual:9.19424e-05
Iter 43560000, Residual:7.27358e-05
Iter 43600000, Residual:7.61315e-05
Iter 43640000, Residual:7.30713e-05
Iter 43680000, Residual:7.88082e-05
Iter 43720000, Residual:7.36301e-05
Iter 43760000, Residual:7.88459e-05
Iter 43800000, Residual:8.41738e-05
Iter 43840000, Residual:8.00323e-05
Iter 43880000, Residual:7.61445e-05
Iter 43920000, Residual:8.13544e-05
Iter 43960000, Residual:7.38723e-05
Iter 44000000, Residual:7.05977e-05
Iter 44040000, Residual:6.80122e-05
Iter 44080000, Residual:6.95822e-05
Iter 44120000, Residual:7.24662e-05
Iter 44160000, Residual:6.80444e-05
Iter 44200000, Residual:6.85579e-05
Iter 44240000, Residual:7.06482e-05
Iter 44280000, Residual:7.94975e-05
Iter 44320000, Residual:8.51759e-05
Iter 44360000, Residual:6.90878e-05
Iter 44400000, Residual:7.00081e-05
Iter 44440000, Residual:6.95698e-05
Iter 44480000, Residual:7.24874e-05
Iter 44520000, Residual:7.3163e-05
Iter 44560000, Residual:8.22963e-05
Iter 44600000, Residual:8.68159e-05
Iter 44640000, Residual:6.87186e-05
Iter 44680000, Residual:6.95934e-05
Iter 44720000, Residual:9.40118e-05
Iter 44760000, Residual:6.7824e-05
Iter 44800000, Residual:6.35004e-05
Iter 44840000, Residual:6.0304e-05
Iter 44880000, Residual:6.70908e-05
Iter 44920000, Residual:5.94854e-05
Iter 44960000, Residual:6.29538e-05
Iter 45000000, Residual:5.90608e-05
Iter 45040000, Residual:6.25131e-05
Iter 45080000, Residual:5.64734e-05
Iter 45120000, Residual:5.67863e-05
Iter 45160000, Residual:5.73848e-05
Iter 45200000, Residual:5.52624e-05
Iter 45240000, Residual:6.11458e-05
Iter 45280000, Residual:6.10394e-05
Iter 45320000, Residual:5.50975e-05
Iter 45360000, Residual:5.74661e-05
Iter 45400000, Residual:6.77285e-05
Iter 45440000, Residual:9.6966e-05
Iter 45480000, Residual:5.74734e-05
Iter 45520000, Residual:5.9832e-05
Iter 45560000, Residual:5.62516e-05
Iter 45600000, Residual:5.47083e-05
Iter 45640000, Residual:5.97683e-05
Iter 45680000, Residual:7.60403e-05
Iter 45720000, Residual:5.98995e-05
Iter 45760000, Residual:5.67326e-05
Iter 45800000, Residual:5.32923e-05
Iter 45840000, Residual:5.9744e-05
Iter 45880000, Residual:5.26904e-05
Iter 45920000, Residual:5.4693e-05
Iter 45960000, Residual:5.94331e-05
Iter 46000000, Residual:6.59196e-05
Iter 46040000, Residual:5.32734e-05
Iter 46080000, Residual:7.22538e-05
Iter 46120000, Residual:5.20946e-05
Iter 46160000, Residual:5.1259e-05
Iter 46200000, Residual:5.1964e-05
Iter 46240000, Residual:5.127e-05
Iter 46280000, Residual:5.13446e-05
Iter 46320000, Residual:5.45884e-05
Iter 46360000, Residual:5.39092e-05
Iter 46400000, Residual:5.08977e-05
Iter 46440000, Residual:4.65376e-05
Iter 46480000, Residual:5.28791e-05
Iter 46520000, Residual:5.28811e-05
Iter 46560000, Residual:4.91446e-05
Iter 46600000, Residual:5.25452e-05
Iter 46640000, Residual:4.87936e-05
Iter 46680000, Residual:4.75701e-05
Iter 46720000, Residual:5.45889e-05
Iter 46760000, Residual:4.76112e-05
Iter 46800000, Residual:5.9219e-05
Iter 46840000, Residual:4.77599e-05
Iter 46880000, Residual:5.63398e-05
Iter 46920000, Residual:4.76552e-05
Iter 46960000, Residual:4.47612e-05
Iter 47000000, Residual:4.58406e-05
Iter 47040000, Residual:4.5266e-05
Iter 47080000, Residual:4.43092e-05
Iter 47120000, Residual:4.4862e-05
Iter 47160000, Residual:4.58275e-05
Iter 47200000, Residual:4.39136e-05
Iter 47240000, Residual:4.81344e-05
Iter 47280000, Residual:4.28757e-05
Iter 47320000, Residual:4.6478e-05
Iter 47360000, Residual:4.30306e-05
Iter 47400000, Residual:4.00951e-05
Iter 47440000, Residual:3.98516e-05
Iter 47480000, Residual:6.35972e-05
Iter 47520000, Residual:4.15764e-05
Iter 47560000, Residual:4.20317e-05
Iter 47600000, Residual:4.25704e-05
Iter 47640000, Residual:3.97555e-05
Iter 47680000, Residual:5.12821e-05
Iter 47720000, Residual:4.85322e-05
Iter 47760000, Residual:3.79522e-05
Iter 47800000, Residual:3.74716e-05
Iter 47840000, Residual:4.0749e-05
Iter 47880000, Residual:3.76612e-05
Iter 47920000, Residual:3.98285e-05
Iter 47960000, Residual:3.94518e-05
Iter 48000000, Residual:3.74461e-05
Iter 48040000, Residual:3.75415e-05
Iter 48080000, Residual:3.53152e-05
Iter 48120000, Residual:4.19099e-05
Iter 48160000, Residual:4.04208e-05
Iter 48200000, Residual:3.4665e-05
Iter 48240000, Residual:3.69272e-05
Iter 48280000, Residual:3.15052e-05
Iter 48320000, Residual:3.15344e-05
Iter 48360000, Residual:3.54458e-05
Iter 48400000, Residual:3.68779e-05
Iter 48440000, Residual:3.17473e-05
Iter 48480000, Residual:4.16149e-05
Iter 48520000, Residual:3.08854e-05
Iter 48560000, Residual:3.3051e-05
Iter 48600000, Residual:2.85975e-05
Iter 48640000, Residual:2.96542e-05
Iter 48680000, Residual:2.7823e-05
Iter 48720000, Residual:3.03775e-05
Iter 48760000, Residual:4.56127e-05
Iter 48800000, Residual:3.64379e-05
Iter 48840000, Residual:2.96127e-05
Iter 48880000, Residual:2.86572e-05
Iter 48920000, Residual:2.81446e-05
Iter 48960000, Residual:2.76323e-05
Iter 49000000, Residual:2.75447e-05
Iter 49040000, Residual:2.7309e-05
Iter 49080000, Residual:4.30601e-05
Iter 49120000, Residual:2.99995e-05
Iter 49160000, Residual:3.54568e-05
Iter 49200000, Residual:3.0591e-05
Iter 49240000, Residual:2.88893e-05
Iter 49280000, Residual:4.33611e-05
Iter 49320000, Residual:3.01313e-05
Iter 49360000, Residual:2.7773e-05
Iter 49400000, Residual:3.22741e-05
Iter 49440000, Residual:2.80563e-05
Iter 49480000, Residual:2.90735e-05
Iter 49520000, Residual:2.5831e-05
Iter 49560000, Residual:2.62247e-05
Iter 49600000, Residual:2.58819e-05
Iter 49640000, Residual:2.51329e-05
Iter 49680000, Residual:2.86553e-05
Iter 49720000, Residual:2.534e-05
Iter 49760000, Residual:2.48674e-05
Iter 49800000, Residual:2.67092e-05
Iter 49840000, Residual:2.53467e-05
Iter 49880000, Residual:2.57122e-05
Iter 49920000, Residual:2.5753e-05
Iter 49960000, Residual:2.43749e-05
Iter 50000000, Residual:2.33886e-05
Iter 50040000, Residual:2.83372e-05
Iter 50080000, Residual:2.57965e-05
Iter 50120000, Residual:3.03149e-05
Iter 50160000, Residual:2.47843e-05
Iter 50200000, Residual:2.30971e-05
Iter 50240000, Residual:2.55021e-05
Iter 50280000, Residual:2.44211e-05
Iter 50320000, Residual:2.28035e-05
Iter 50360000, Residual:2.18361e-05
Iter 50400000, Residual:2.17398e-05
Iter 50440000, Residual:2.04597e-05
Iter 50480000, Residual:2.0115e-05
Iter 50520000, Residual:1.99984e-05
Iter 50560000, Residual:2.10318e-05
Iter 50600000, Residual:2.12086e-05
Iter 50640000, Residual:2.12881e-05
Iter 50680000, Residual:2.17039e-05
Iter 50720000, Residual:1.96172e-05
Iter 50760000, Residual:1.94075e-05
Iter 50800000, Residual:1.8976e-05
Iter 50840000, Residual:2.0222e-05
Iter 50880000, Residual:1.84505e-05
Iter 50920000, Residual:1.97341e-05
Iter 50960000, Residual:2.07306e-05
Iter 51000000, Residual:2.23669e-05
Iter 51040000, Residual:1.8178e-05
Iter 51080000, Residual:1.80244e-05
Iter 51120000, Residual:1.99326e-05
Iter 51160000, Residual:1.75454e-05
Iter 51200000, Residual:1.88888e-05
Iter 51240000, Residual:1.94052e-05
Iter 51280000, Residual:1.79633e-05
Iter 51320000, Residual:1.90474e-05
Iter 51360000, Residual:1.82679e-05
Iter 51400000, Residual:1.77424e-05
Iter 51440000, Residual:1.76191e-05
Iter 51480000, Residual:1.80483e-05
Iter 51520000, Residual:1.86686e-05
Iter 51560000, Residual:2.0039e-05
Iter 51600000, Residual:1.95887e-05
Iter 51640000, Residual:1.85162e-05
Iter 51680000, Residual:1.7746e-05
Iter 51720000, Residual:1.87976e-05
Iter 51760000, Residual:1.92879e-05
Iter 51800000, Residual:1.79342e-05
Iter 51840000, Residual:1.75099e-05
Iter 51880000, Residual:1.79021e-05
Iter 51920000, Residual:2.40662e-05
Iter 51960000, Residual:1.81784e-05
Iter 52000000, Residual:1.69931e-05
Iter 52040000, Residual:1.80328e-05
Iter 52080000, Residual:1.94139e-05
Iter 52120000, Residual:1.91938e-05
Iter 52160000, Residual:1.72069e-05
Iter 52200000, Residual:1.68207e-05
Iter 52240000, Residual:1.79721e-05
Iter 52280000, Residual:1.68369e-05
Iter 52320000, Residual:1.62514e-05
Iter 52360000, Residual:1.71502e-05
Iter 52400000, Residual:1.72887e-05
Iter 52440000, Residual:1.7192e-05
Iter 52480000, Residual:1.71517e-05
Iter 52520000, Residual:1.72883e-05
Iter 52560000, Residual:1.58278e-05
Iter 52600000, Residual:1.87134e-05
Iter 52640000, Residual:1.88931e-05
Iter 52680000, Residual:1.58343e-05
Iter 52720000, Residual:1.67295e-05
Iter 52760000, Residual:1.56167e-05
Iter 52800000, Residual:1.54744e-05
Iter 52840000, Residual:2.11383e-05
Iter 52880000, Residual:1.68863e-05
Iter 52920000, Residual:1.72624e-05
Iter 52960000, Residual:1.6199e-05
Iter 53000000, Residual:1.75682e-05
Iter 53040000, Residual:1.59128e-05
Iter 53080000, Residual:1.55653e-05
Iter 53120000, Residual:1.49769e-05
Iter 53160000, Residual:1.50725e-05
Iter 53200000, Residual:1.73146e-05
Iter 53240000, Residual:1.54746e-05
Iter 53280000, Residual:1.48073e-05
Iter 53320000, Residual:1.34688e-05
Iter 53360000, Residual:1.32367e-05
Iter 53400000, Residual:1.28635e-05
Iter 53440000, Residual:1.38721e-05
Iter 53480000, Residual:1.30694e-05
Iter 53520000, Residual:1.27726e-05
Iter 53560000, Residual:1.25543e-05
Iter 53600000, Residual:1.20789e-05
Iter 53640000, Residual:1.20539e-05
Iter 53680000, Residual:1.13068e-05
Iter 53720000, Residual:1.33771e-05
Iter 53760000, Residual:1.18081e-05
Iter 53800000, Residual:1.67956e-05
Iter 53840000, Residual:1.1933e-05
Iter 53880000, Residual:1.17162e-05
Iter 53920000, Residual:1.18124e-05
Iter 53960000, Residual:1.07285e-05
Iter 54000000, Residual:1.29867e-05
Iter 54040000, Residual:1.14856e-05
Iter 54080000, Residual:1.11137e-05
Iter 54120000, Residual:1.0733e-05
Iter 54160000, Residual:1.10292e-05
Iter 54200000, Residual:1.0926e-05
Iter 54240000, Residual:1.05288e-05
Iter 54280000, Residual:1.09927e-05
Iter 54320000, Residual:1.14676e-05
Iter 54360000, Residual:1.02366e-05
Iter 54400000, Residual:1.0453e-05
Iter 54440000, Residual:1.05607e-05
Iter 54480000, Residual:1.0672e-05
Iter 54520000, Residual:1.09285e-05
Iter 54560000, Residual:1.08107e-05
Iter 54600000, Residual:1.01485e-05
Iter 54640000, Residual:1.05514e-05
Iter 54680000, Residual:1.11105e-05
Iter 54720000, Residual:1.09468e-05
Iter 54760000, Residual:1.10073e-05
Iter 54800000, Residual:1.02913e-05
Iter 54840000, Residual:1.07054e-05
Iter 54880000, Residual:1.00325e-05
Iter 54920000, Residual:9.9911e-06
iters 54920001
residual 9.9911e-06
time_init 2989
time_main 185647
[       OK ] LaplacianSolverBenchmark.solveMtx (189550 ms)
[----------] 1 test from LaplacianSolverBenchmark (189550 ms total)

[----------] Global test environment tear-down
[==========] 1 test from 1 test case ran. (189550 ms total)
[  PASSED  ] 1 test.
