*** NetworKit Unit Tests *** 
Note: Google Test filter = *.solveMtx
[==========] Running 1 test from 1 test case.
[----------] Global test environment set-up.
[----------] 1 test from LaplacianSolverBenchmark
[ RUN      ] LaplacianSolverBenchmark.solveMtx
seed: 284841023
40000
1
root: 14694
Readed spanning tree form tree.txt
init finished
begin: main
Iter 0, Residual:1138.64
Iter 40000, Residual:11.6203
Iter 80000, Residual:7.71636
Iter 120000, Residual:6.01704
Iter 160000, Residual:4.73184
Iter 200000, Residual:4.09357
Iter 240000, Residual:3.91778
Iter 280000, Residual:3.15386
Iter 320000, Residual:3.29698
Iter 360000, Residual:2.90361
Iter 400000, Residual:2.86623
Iter 440000, Residual:2.5902
Iter 480000, Residual:2.41445
Iter 520000, Residual:2.4033
Iter 560000, Residual:2.23429
Iter 600000, Residual:2.08248
Iter 640000, Residual:1.93835
Iter 680000, Residual:1.76007
Iter 720000, Residual:1.89229
Iter 760000, Residual:1.76513
Iter 800000, Residual:1.67608
Iter 840000, Residual:1.85721
Iter 880000, Residual:1.60033
Iter 920000, Residual:1.78933
Iter 960000, Residual:1.59683
Iter 1000000, Residual:1.46267
Iter 1040000, Residual:1.39241
Iter 1080000, Residual:1.33527
Iter 1120000, Residual:1.59858
Iter 1160000, Residual:1.32061
Iter 1200000, Residual:1.27484
Iter 1240000, Residual:1.23952
Iter 1280000, Residual:1.21451
Iter 1320000, Residual:1.25882
Iter 1360000, Residual:1.1863
Iter 1400000, Residual:1.11715
Iter 1440000, Residual:1.13045
Iter 1480000, Residual:1.12176
Iter 1520000, Residual:1.05124
Iter 1560000, Residual:1.09553
Iter 1600000, Residual:1.0283
Iter 1640000, Residual:1.13145
Iter 1680000, Residual:1.00552
Iter 1720000, Residual:0.984882
Iter 1760000, Residual:0.971393
Iter 1800000, Residual:0.937985
Iter 1840000, Residual:0.882026
Iter 1880000, Residual:0.854086
Iter 1920000, Residual:0.908834
Iter 1960000, Residual:0.824074
Iter 2000000, Residual:0.823128
Iter 2040000, Residual:0.906435
Iter 2080000, Residual:0.778868
Iter 2120000, Residual:0.808337
Iter 2160000, Residual:0.808488
Iter 2200000, Residual:0.767668
Iter 2240000, Residual:0.760329
Iter 2280000, Residual:0.896512
Iter 2320000, Residual:0.755129
Iter 2360000, Residual:0.70743
Iter 2400000, Residual:0.74261
Iter 2440000, Residual:0.673047
Iter 2480000, Residual:0.656182
Iter 2520000, Residual:0.7114
Iter 2560000, Residual:0.658008
Iter 2600000, Residual:0.631436
Iter 2640000, Residual:0.6428
Iter 2680000, Residual:0.617336
Iter 2720000, Residual:0.605023
Iter 2760000, Residual:0.684311
Iter 2800000, Residual:0.613551
Iter 2840000, Residual:0.660087
Iter 2880000, Residual:0.563213
Iter 2920000, Residual:0.573995
Iter 2960000, Residual:0.602234
Iter 3000000, Residual:0.574037
Iter 3040000, Residual:0.582229
Iter 3080000, Residual:0.578815
Iter 3120000, Residual:0.484611
Iter 3160000, Residual:0.53352
Iter 3200000, Residual:0.512965
Iter 3240000, Residual:0.504666
Iter 3280000, Residual:0.485508
Iter 3320000, Residual:0.474056
Iter 3360000, Residual:0.484843
Iter 3400000, Residual:0.438973
Iter 3440000, Residual:0.576635
Iter 3480000, Residual:0.484297
Iter 3520000, Residual:0.428306
Iter 3560000, Residual:0.451104
Iter 3600000, Residual:0.445568
Iter 3640000, Residual:0.4516
Iter 3680000, Residual:0.411544
Iter 3720000, Residual:0.44586
Iter 3760000, Residual:0.413393
Iter 3800000, Residual:0.467658
Iter 3840000, Residual:0.383689
Iter 3880000, Residual:0.398199
Iter 3920000, Residual:0.389406
Iter 3960000, Residual:0.401131
Iter 4000000, Residual:0.390144
Iter 4040000, Residual:0.388833
Iter 4080000, Residual:0.385951
Iter 4120000, Residual:0.349747
Iter 4160000, Residual:0.425708
Iter 4200000, Residual:0.362067
Iter 4240000, Residual:0.353979
Iter 4280000, Residual:0.467264
Iter 4320000, Residual:0.334317
Iter 4360000, Residual:0.336222
Iter 4400000, Residual:0.332539
Iter 4440000, Residual:0.366871
Iter 4480000, Residual:0.335019
Iter 4520000, Residual:0.334769
Iter 4560000, Residual:0.295197
Iter 4600000, Residual:0.318863
Iter 4640000, Residual:0.300107
Iter 4680000, Residual:0.285703
Iter 4720000, Residual:0.319389
Iter 4760000, Residual:0.285173
Iter 4800000, Residual:0.31658
Iter 4840000, Residual:0.295616
Iter 4880000, Residual:0.282709
Iter 4920000, Residual:0.259437
Iter 4960000, Residual:0.265023
Iter 5000000, Residual:0.263937
Iter 5040000, Residual:0.281788
Iter 5080000, Residual:0.252501
Iter 5120000, Residual:0.248572
Iter 5160000, Residual:0.244788
Iter 5200000, Residual:0.268605
Iter 5240000, Residual:0.244806
Iter 5280000, Residual:0.255561
Iter 5320000, Residual:0.236159
Iter 5360000, Residual:0.248565
Iter 5400000, Residual:0.247976
Iter 5440000, Residual:0.228356
Iter 5480000, Residual:0.232592
Iter 5520000, Residual:0.210842
Iter 5560000, Residual:0.21974
Iter 5600000, Residual:0.214981
Iter 5640000, Residual:0.211788
Iter 5680000, Residual:0.216268
Iter 5720000, Residual:0.200397
Iter 5760000, Residual:0.252267
Iter 5800000, Residual:0.199442
Iter 5840000, Residual:0.198922
Iter 5880000, Residual:0.257167
Iter 5920000, Residual:0.205889
Iter 5960000, Residual:0.204261
Iter 6000000, Residual:0.180169
Iter 6040000, Residual:0.199507
Iter 6080000, Residual:0.227079
Iter 6120000, Residual:0.183449
Iter 6160000, Residual:0.176996
Iter 6200000, Residual:0.19132
Iter 6240000, Residual:0.176868
Iter 6280000, Residual:0.17961
Iter 6320000, Residual:0.177069
Iter 6360000, Residual:0.159633
Iter 6400000, Residual:0.162767
Iter 6440000, Residual:0.160022
Iter 6480000, Residual:0.178006
Iter 6520000, Residual:0.176926
Iter 6560000, Residual:0.155958
Iter 6600000, Residual:0.167392
Iter 6640000, Residual:0.160208
Iter 6680000, Residual:0.153418
Iter 6720000, Residual:0.155082
Iter 6760000, Residual:0.151711
Iter 6800000, Residual:0.144114
Iter 6840000, Residual:0.162302
Iter 6880000, Residual:0.147897
Iter 6920000, Residual:0.157966
Iter 6960000, Residual:0.141739
Iter 7000000, Residual:0.128565
Iter 7040000, Residual:0.155069
Iter 7080000, Residual:0.138279
Iter 7120000, Residual:0.155653
Iter 7160000, Residual:0.134821
Iter 7200000, Residual:0.129498
Iter 7240000, Residual:0.154318
Iter 7280000, Residual:0.125417
Iter 7320000, Residual:0.123605
Iter 7360000, Residual:0.140811
Iter 7400000, Residual:0.113787
Iter 7440000, Residual:0.126382
Iter 7480000, Residual:0.123429
Iter 7520000, Residual:0.156666
Iter 7560000, Residual:0.127607
Iter 7600000, Residual:0.123423
Iter 7640000, Residual:0.122723
Iter 7680000, Residual:0.105598
Iter 7720000, Residual:0.120156
Iter 7760000, Residual:0.112632
Iter 7800000, Residual:0.111689
Iter 7840000, Residual:0.126153
Iter 7880000, Residual:0.105991
Iter 7920000, Residual:0.131087
Iter 7960000, Residual:0.106048
Iter 8000000, Residual:0.10335
Iter 8040000, Residual:0.103069
Iter 8080000, Residual:0.115686
Iter 8120000, Residual:0.0964034
Iter 8160000, Residual:0.104269
Iter 8200000, Residual:0.103726
Iter 8240000, Residual:0.10279
Iter 8280000, Residual:0.093602
Iter 8320000, Residual:0.0967083
Iter 8360000, Residual:0.100171
Iter 8400000, Residual:0.100677
Iter 8440000, Residual:0.0937597
Iter 8480000, Residual:0.0945724
Iter 8520000, Residual:0.0912905
Iter 8560000, Residual:0.108059
Iter 8600000, Residual:0.0920338
Iter 8640000, Residual:0.104366
Iter 8680000, Residual:0.0823463
Iter 8720000, Residual:0.0906992
Iter 8760000, Residual:0.0898795
Iter 8800000, Residual:0.0868171
Iter 8840000, Residual:0.0797505
Iter 8880000, Residual:0.0831039
Iter 8920000, Residual:0.0829218
Iter 8960000, Residual:0.0881531
Iter 9000000, Residual:0.0789065
Iter 9040000, Residual:0.0781244
Iter 9080000, Residual:0.0774581
Iter 9120000, Residual:0.0781006
Iter 9160000, Residual:0.0892583
Iter 9200000, Residual:0.0690715
Iter 9240000, Residual:0.0717927
Iter 9280000, Residual:0.0716948
Iter 9320000, Residual:0.0745635
Iter 9360000, Residual:0.0844459
Iter 9400000, Residual:0.0812977
Iter 9440000, Residual:0.0680524
Iter 9480000, Residual:0.0698665
Iter 9520000, Residual:0.0674831
Iter 9560000, Residual:0.0750624
Iter 9600000, Residual:0.0911977
Iter 9640000, Residual:0.0688469
Iter 9680000, Residual:0.0695058
Iter 9720000, Residual:0.0645274
Iter 9760000, Residual:0.0688704
Iter 9800000, Residual:0.0670433
Iter 9840000, Residual:0.0612348
Iter 9880000, Residual:0.0642184
Iter 9920000, Residual:0.0684619
Iter 9960000, Residual:0.0625738
Iter 10000000, Residual:0.0674566
Iter 10040000, Residual:0.064072
Iter 10080000, Residual:0.0589715
Iter 10120000, Residual:0.0665333
Iter 10160000, Residual:0.0569276
Iter 10200000, Residual:0.0587848
Iter 10240000, Residual:0.0585376
Iter 10280000, Residual:0.0554849
Iter 10320000, Residual:0.0537096
Iter 10360000, Residual:0.0574513
Iter 10400000, Residual:0.0529051
Iter 10440000, Residual:0.0550816
Iter 10480000, Residual:0.0557506
Iter 10520000, Residual:0.0493685
Iter 10560000, Residual:0.0580939
Iter 10600000, Residual:0.0587174
Iter 10640000, Residual:0.0556354
Iter 10680000, Residual:0.0478879
Iter 10720000, Residual:0.0642607
Iter 10760000, Residual:0.0499993
Iter 10800000, Residual:0.0507637
Iter 10840000, Residual:0.0484813
Iter 10880000, Residual:0.0493958
Iter 10920000, Residual:0.04987
Iter 10960000, Residual:0.048703
Iter 11000000, Residual:0.0475819
Iter 11040000, Residual:0.0449444
Iter 11080000, Residual:0.0461507
Iter 11120000, Residual:0.047088
Iter 11160000, Residual:0.0461752
Iter 11200000, Residual:0.0421543
Iter 11240000, Residual:0.0465402
Iter 11280000, Residual:0.0444565
Iter 11320000, Residual:0.040836
Iter 11360000, Residual:0.041952
Iter 11400000, Residual:0.0471913
Iter 11440000, Residual:0.0482683
Iter 11480000, Residual:0.047401
Iter 11520000, Residual:0.041812
Iter 11560000, Residual:0.0388155
Iter 11600000, Residual:0.0401955
Iter 11640000, Residual:0.0366438
Iter 11680000, Residual:0.0401153
Iter 11720000, Residual:0.0374556
Iter 11760000, Residual:0.0398201
Iter 11800000, Residual:0.0367262
Iter 11840000, Residual:0.036659
Iter 11880000, Residual:0.0422936
Iter 11920000, Residual:0.0448532
Iter 11960000, Residual:0.0381863
Iter 12000000, Residual:0.0357063
Iter 12040000, Residual:0.0364228
Iter 12080000, Residual:0.0361451
Iter 12120000, Residual:0.0352822
Iter 12160000, Residual:0.0400504
Iter 12200000, Residual:0.034113
Iter 12240000, Residual:0.0368293
Iter 12280000, Residual:0.0356872
Iter 12320000, Residual:0.0328004
Iter 12360000, Residual:0.0326646
Iter 12400000, Residual:0.0332686
Iter 12440000, Residual:0.0322561
Iter 12480000, Residual:0.0339145
Iter 12520000, Residual:0.0314368
Iter 12560000, Residual:0.0299982
Iter 12600000, Residual:0.0332022
Iter 12640000, Residual:0.0297759
Iter 12680000, Residual:0.0288029
Iter 12720000, Residual:0.0286276
Iter 12760000, Residual:0.0300897
Iter 12800000, Residual:0.0307464
Iter 12840000, Residual:0.0316662
Iter 12880000, Residual:0.0314414
Iter 12920000, Residual:0.0302295
Iter 12960000, Residual:0.036453
Iter 13000000, Residual:0.0290587
Iter 13040000, Residual:0.027834
Iter 13080000, Residual:0.027409
Iter 13120000, Residual:0.0310499
Iter 13160000, Residual:0.0287468
Iter 13200000, Residual:0.0274734
Iter 13240000, Residual:0.0273332
Iter 13280000, Residual:0.0270628
Iter 13320000, Residual:0.0253384
Iter 13360000, Residual:0.0278892
Iter 13400000, Residual:0.0257037
Iter 13440000, Residual:0.0234839
Iter 13480000, Residual:0.0245472
Iter 13520000, Residual:0.025115
Iter 13560000, Residual:0.0300622
Iter 13600000, Residual:0.024294
Iter 13640000, Residual:0.0242973
Iter 13680000, Residual:0.0241608
Iter 13720000, Residual:0.024312
Iter 13760000, Residual:0.0276847
Iter 13800000, Residual:0.0254627
Iter 13840000, Residual:0.0215629
Iter 13880000, Residual:0.0218992
Iter 13920000, Residual:0.0221125
Iter 13960000, Residual:0.0214099
Iter 14000000, Residual:0.0219463
Iter 14040000, Residual:0.0227896
Iter 14080000, Residual:0.0229684
Iter 14120000, Residual:0.027648
Iter 14160000, Residual:0.0226759
Iter 14200000, Residual:0.0214053
Iter 14240000, Residual:0.0225391
Iter 14280000, Residual:0.0239436
Iter 14320000, Residual:0.0208635
Iter 14360000, Residual:0.0192639
Iter 14400000, Residual:0.0209872
Iter 14440000, Residual:0.020206
Iter 14480000, Residual:0.0202645
Iter 14520000, Residual:0.0228467
Iter 14560000, Residual:0.0222372
Iter 14600000, Residual:0.0190621
Iter 14640000, Residual:0.0194003
Iter 14680000, Residual:0.0211571
Iter 14720000, Residual:0.0206594
Iter 14760000, Residual:0.0180927
Iter 14800000, Residual:0.01962
Iter 14840000, Residual:0.0186652
Iter 14880000, Residual:0.0183188
Iter 14920000, Residual:0.0163297
Iter 14960000, Residual:0.0182308
Iter 15000000, Residual:0.0194471
Iter 15040000, Residual:0.0182572
Iter 15080000, Residual:0.0189026
Iter 15120000, Residual:0.0164419
Iter 15160000, Residual:0.0165329
Iter 15200000, Residual:0.0189724
Iter 15240000, Residual:0.0166032
Iter 15280000, Residual:0.0179288
Iter 15320000, Residual:0.0184185
Iter 15360000, Residual:0.0174958
Iter 15400000, Residual:0.0154546
Iter 15440000, Residual:0.0147844
Iter 15480000, Residual:0.0194549
Iter 15520000, Residual:0.01804
Iter 15560000, Residual:0.0162267
Iter 15600000, Residual:0.0164315
Iter 15640000, Residual:0.0154744
Iter 15680000, Residual:0.0153902
Iter 15720000, Residual:0.0158428
Iter 15760000, Residual:0.0138924
Iter 15800000, Residual:0.0153979
Iter 15840000, Residual:0.0154212
Iter 15880000, Residual:0.0166569
Iter 15920000, Residual:0.0158734
Iter 15960000, Residual:0.0150597
Iter 16000000, Residual:0.0146816
Iter 16040000, Residual:0.0138131
Iter 16080000, Residual:0.0140223
Iter 16120000, Residual:0.0159202
Iter 16160000, Residual:0.0154321
Iter 16200000, Residual:0.0150454
Iter 16240000, Residual:0.0136042
Iter 16280000, Residual:0.0142853
Iter 16320000, Residual:0.0161926
Iter 16360000, Residual:0.0131439
Iter 16400000, Residual:0.0126898
Iter 16440000, Residual:0.0137134
Iter 16480000, Residual:0.0124745
Iter 16520000, Residual:0.0146923
Iter 16560000, Residual:0.0122948
Iter 16600000, Residual:0.0134422
Iter 16640000, Residual:0.0132916
Iter 16680000, Residual:0.0131769
Iter 16720000, Residual:0.0125908
Iter 16760000, Residual:0.0134811
Iter 16800000, Residual:0.013371
Iter 16840000, Residual:0.0118653
Iter 16880000, Residual:0.0110617
Iter 16920000, Residual:0.011991
Iter 16960000, Residual:0.0110255
Iter 17000000, Residual:0.010834
Iter 17040000, Residual:0.0113715
Iter 17080000, Residual:0.0127658
Iter 17120000, Residual:0.0126773
Iter 17160000, Residual:0.0114387
Iter 17200000, Residual:0.0111276
Iter 17240000, Residual:0.0109575
Iter 17280000, Residual:0.0105246
Iter 17320000, Residual:0.0110839
Iter 17360000, Residual:0.00981219
Iter 17400000, Residual:0.0116673
Iter 17440000, Residual:0.0101972
Iter 17480000, Residual:0.0108501
Iter 17520000, Residual:0.0105945
Iter 17560000, Residual:0.0102025
Iter 17600000, Residual:0.00982058
Iter 17640000, Residual:0.00988255
Iter 17680000, Residual:0.0100081
Iter 17720000, Residual:0.00882912
Iter 17760000, Residual:0.0110028
Iter 17800000, Residual:0.00953188
Iter 17840000, Residual:0.00908102
Iter 17880000, Residual:0.0103117
Iter 17920000, Residual:0.0095961
Iter 17960000, Residual:0.0095797
Iter 18000000, Residual:0.00999649
Iter 18040000, Residual:0.00971317
Iter 18080000, Residual:0.00884995
Iter 18120000, Residual:0.00949877
Iter 18160000, Residual:0.00915766
Iter 18200000, Residual:0.00954793
Iter 18240000, Residual:0.00995187
Iter 18280000, Residual:0.010593
Iter 18320000, Residual:0.00921746
Iter 18360000, Residual:0.00938766
Iter 18400000, Residual:0.00901319
Iter 18440000, Residual:0.00917958
Iter 18480000, Residual:0.00799278
Iter 18520000, Residual:0.00804545
Iter 18560000, Residual:0.00906208
Iter 18600000, Residual:0.00793552
Iter 18640000, Residual:0.00772352
Iter 18680000, Residual:0.00847749
Iter 18720000, Residual:0.0083355
Iter 18760000, Residual:0.00914562
Iter 18800000, Residual:0.00758386
Iter 18840000, Residual:0.00734409
Iter 18880000, Residual:0.0075525
Iter 18920000, Residual:0.00697403
Iter 18960000, Residual:0.00728827
Iter 19000000, Residual:0.00795948
Iter 19040000, Residual:0.00697508
Iter 19080000, Residual:0.00770581
Iter 19120000, Residual:0.00726756
Iter 19160000, Residual:0.00631282
Iter 19200000, Residual:0.00722675
Iter 19240000, Residual:0.00673709
Iter 19280000, Residual:0.00673366
Iter 19320000, Residual:0.00758611
Iter 19360000, Residual:0.00672398
Iter 19400000, Residual:0.00691553
Iter 19440000, Residual:0.00736764
Iter 19480000, Residual:0.00675059
Iter 19520000, Residual:0.00673021
Iter 19560000, Residual:0.00663461
Iter 19600000, Residual:0.00690961
Iter 19640000, Residual:0.00725028
Iter 19680000, Residual:0.00629115
Iter 19720000, Residual:0.00674671
Iter 19760000, Residual:0.00648037
Iter 19800000, Residual:0.0061955
Iter 19840000, Residual:0.00677865
Iter 19880000, Residual:0.00636775
Iter 19920000, Residual:0.00684474
Iter 19960000, Residual:0.00571303
Iter 20000000, Residual:0.00636883
Iter 20040000, Residual:0.00733099
Iter 20080000, Residual:0.00634984
Iter 20120000, Residual:0.00577298
Iter 20160000, Residual:0.00632862
Iter 20200000, Residual:0.0064035
Iter 20240000, Residual:0.00577052
Iter 20280000, Residual:0.00550975
Iter 20320000, Residual:0.00583967
Iter 20360000, Residual:0.00539844
Iter 20400000, Residual:0.00649235
Iter 20440000, Residual:0.00664448
Iter 20480000, Residual:0.00591889
Iter 20520000, Residual:0.00540265
Iter 20560000, Residual:0.00524003
Iter 20600000, Residual:0.00525378
Iter 20640000, Residual:0.00735903
Iter 20680000, Residual:0.00563179
Iter 20720000, Residual:0.00536881
Iter 20760000, Residual:0.00493958
Iter 20800000, Residual:0.00568033
Iter 20840000, Residual:0.00533871
Iter 20880000, Residual:0.00554137
Iter 20920000, Residual:0.00544188
Iter 20960000, Residual:0.00484516
Iter 21000000, Residual:0.00483881
Iter 21040000, Residual:0.0050687
Iter 21080000, Residual:0.00535292
Iter 21120000, Residual:0.00452818
Iter 21160000, Residual:0.00552638
Iter 21200000, Residual:0.00476621
Iter 21240000, Residual:0.00476492
Iter 21280000, Residual:0.00441807
Iter 21320000, Residual:0.00408504
Iter 21360000, Residual:0.00445948
Iter 21400000, Residual:0.00426318
Iter 21440000, Residual:0.00461399
Iter 21480000, Residual:0.00475972
Iter 21520000, Residual:0.00423719
Iter 21560000, Residual:0.00403509
Iter 21600000, Residual:0.00537852
Iter 21640000, Residual:0.00413703
Iter 21680000, Residual:0.0039017
Iter 21720000, Residual:0.00458068
Iter 21760000, Residual:0.00412364
Iter 21800000, Residual:0.00379078
Iter 21840000, Residual:0.00379081
Iter 21880000, Residual:0.00470586
Iter 21920000, Residual:0.00428795
Iter 21960000, Residual:0.00469123
Iter 22000000, Residual:0.00411813
Iter 22040000, Residual:0.0043968
Iter 22080000, Residual:0.00443491
Iter 22120000, Residual:0.00369228
Iter 22160000, Residual:0.00508949
Iter 22200000, Residual:0.00410213
Iter 22240000, Residual:0.0044377
Iter 22280000, Residual:0.00345475
Iter 22320000, Residual:0.00376942
Iter 22360000, Residual:0.00357043
Iter 22400000, Residual:0.00382365
Iter 22440000, Residual:0.00332621
Iter 22480000, Residual:0.00332985
Iter 22520000, Residual:0.00337076
Iter 22560000, Residual:0.00345427
Iter 22600000, Residual:0.00376862
Iter 22640000, Residual:0.00364976
Iter 22680000, Residual:0.00370726
Iter 22720000, Residual:0.00342566
Iter 22760000, Residual:0.00367427
Iter 22800000, Residual:0.00316689
Iter 22840000, Residual:0.00303861
Iter 22880000, Residual:0.00316065
Iter 22920000, Residual:0.00322748
Iter 22960000, Residual:0.00365264
Iter 23000000, Residual:0.00299136
Iter 23040000, Residual:0.00410878
Iter 23080000, Residual:0.00308159
Iter 23120000, Residual:0.00307223
Iter 23160000, Residual:0.00298876
Iter 23200000, Residual:0.0030119
Iter 23240000, Residual:0.00327145
Iter 23280000, Residual:0.00340117
Iter 23320000, Residual:0.00309414
Iter 23360000, Residual:0.00327502
Iter 23400000, Residual:0.00334686
Iter 23440000, Residual:0.00289275
Iter 23480000, Residual:0.0030101
Iter 23520000, Residual:0.00293113
Iter 23560000, Residual:0.00280742
Iter 23600000, Residual:0.00278891
Iter 23640000, Residual:0.00530264
Iter 23680000, Residual:0.00349102
Iter 23720000, Residual:0.00288645
Iter 23760000, Residual:0.0029778
Iter 23800000, Residual:0.0031009
Iter 23840000, Residual:0.00276489
Iter 23880000, Residual:0.00258668
Iter 23920000, Residual:0.00286072
Iter 23960000, Residual:0.00258943
Iter 24000000, Residual:0.00286083
Iter 24040000, Residual:0.00298171
Iter 24080000, Residual:0.00273931
Iter 24120000, Residual:0.00250219
Iter 24160000, Residual:0.00269504
Iter 24200000, Residual:0.0027204
Iter 24240000, Residual:0.00244525
Iter 24280000, Residual:0.00246094
Iter 24320000, Residual:0.00232696
Iter 24360000, Residual:0.00273036
Iter 24400000, Residual:0.00243671
Iter 24440000, Residual:0.00229447
Iter 24480000, Residual:0.00251031
Iter 24520000, Residual:0.00252778
Iter 24560000, Residual:0.00232854
Iter 24600000, Residual:0.00223716
Iter 24640000, Residual:0.00210876
Iter 24680000, Residual:0.00225317
Iter 24720000, Residual:0.00228261
Iter 24760000, Residual:0.00241893
Iter 24800000, Residual:0.00226329
Iter 24840000, Residual:0.00221233
Iter 24880000, Residual:0.00230499
Iter 24920000, Residual:0.00218412
Iter 24960000, Residual:0.0021977
Iter 25000000, Residual:0.00200527
Iter 25040000, Residual:0.0024973
Iter 25080000, Residual:0.00206852
Iter 25120000, Residual:0.00203381
Iter 25160000, Residual:0.0021518
Iter 25200000, Residual:0.00241212
Iter 25240000, Residual:0.00208674
Iter 25280000, Residual:0.00223722
Iter 25320000, Residual:0.00202536
Iter 25360000, Residual:0.00237436
Iter 25400000, Residual:0.0020308
Iter 25440000, Residual:0.00226327
Iter 25480000, Residual:0.00206993
Iter 25520000, Residual:0.0018869
Iter 25560000, Residual:0.00186
Iter 25600000, Residual:0.00179668
Iter 25640000, Residual:0.00203115
Iter 25680000, Residual:0.00209902
Iter 25720000, Residual:0.00198774
Iter 25760000, Residual:0.00213228
Iter 25800000, Residual:0.00172882
Iter 25840000, Residual:0.00193753
Iter 25880000, Residual:0.00187252
Iter 25920000, Residual:0.00189634
Iter 25960000, Residual:0.00193231
Iter 26000000, Residual:0.0018177
Iter 26040000, Residual:0.0016862
Iter 26080000, Residual:0.00164473
Iter 26120000, Residual:0.00170436
Iter 26160000, Residual:0.00183645
Iter 26200000, Residual:0.00160222
Iter 26240000, Residual:0.00182268
Iter 26280000, Residual:0.00159321
Iter 26320000, Residual:0.00177175
Iter 26360000, Residual:0.00171974
Iter 26400000, Residual:0.00185627
Iter 26440000, Residual:0.00179365
Iter 26480000, Residual:0.00168146
Iter 26520000, Residual:0.00151091
Iter 26560000, Residual:0.0016671
Iter 26600000, Residual:0.00153642
Iter 26640000, Residual:0.0014545
Iter 26680000, Residual:0.00148544
Iter 26720000, Residual:0.00156051
Iter 26760000, Residual:0.00158984
Iter 26800000, Residual:0.00151279
Iter 26840000, Residual:0.00160569
Iter 26880000, Residual:0.00149351
Iter 26920000, Residual:0.00146724
Iter 26960000, Residual:0.00148401
Iter 27000000, Residual:0.00196602
Iter 27040000, Residual:0.00144166
Iter 27080000, Residual:0.00155236
Iter 27120000, Residual:0.00142321
Iter 27160000, Residual:0.0013023
Iter 27200000, Residual:0.00123892
Iter 27240000, Residual:0.00145644
Iter 27280000, Residual:0.00139687
Iter 27320000, Residual:0.00137266
Iter 27360000, Residual:0.00134849
Iter 27400000, Residual:0.00135995
Iter 27440000, Residual:0.0013043
Iter 27480000, Residual:0.00131129
Iter 27520000, Residual:0.00123148
Iter 27560000, Residual:0.00122852
Iter 27600000, Residual:0.0012923
Iter 27640000, Residual:0.00134324
Iter 27680000, Residual:0.00128775
Iter 27720000, Residual:0.00128745
Iter 27760000, Residual:0.00125751
Iter 27800000, Residual:0.0013165
Iter 27840000, Residual:0.00123503
Iter 27880000, Residual:0.00127433
Iter 27920000, Residual:0.00122043
Iter 27960000, Residual:0.00131883
Iter 28000000, Residual:0.00124038
Iter 28040000, Residual:0.00118781
Iter 28080000, Residual:0.0011844
Iter 28120000, Residual:0.00123211
Iter 28160000, Residual:0.00120202
Iter 28200000, Residual:0.00120712
Iter 28240000, Residual:0.00117394
Iter 28280000, Residual:0.00118849
Iter 28320000, Residual:0.00109766
Iter 28360000, Residual:0.00118053
Iter 28400000, Residual:0.00113085
Iter 28440000, Residual:0.00115029
Iter 28480000, Residual:0.00108539
Iter 28520000, Residual:0.00129832
Iter 28560000, Residual:0.00106659
Iter 28600000, Residual:0.00105545
Iter 28640000, Residual:0.00114414
Iter 28680000, Residual:0.00108714
Iter 28720000, Residual:0.00103644
Iter 28760000, Residual:0.00117961
Iter 28800000, Residual:0.00104988
Iter 28840000, Residual:0.00118183
Iter 28880000, Residual:0.00101397
Iter 28920000, Residual:0.00102465
Iter 28960000, Residual:0.00115401
Iter 29000000, Residual:0.00103718
Iter 29040000, Residual:0.00101757
Iter 29080000, Residual:0.00120046
Iter 29120000, Residual:0.00106655
Iter 29160000, Residual:0.000921554
Iter 29200000, Residual:0.000918901
Iter 29240000, Residual:0.00087706
Iter 29280000, Residual:0.000862332
Iter 29320000, Residual:0.000980357
Iter 29360000, Residual:0.000900164
Iter 29400000, Residual:0.000981719
Iter 29440000, Residual:0.000878783
Iter 29480000, Residual:0.000995819
Iter 29520000, Residual:0.000856986
Iter 29560000, Residual:0.000881307
Iter 29600000, Residual:0.00113807
Iter 29640000, Residual:0.000844066
Iter 29680000, Residual:0.000861008
Iter 29720000, Residual:0.000861281
Iter 29760000, Residual:0.000912129
Iter 29800000, Residual:0.000814709
Iter 29840000, Residual:0.000855462
Iter 29880000, Residual:0.000836367
Iter 29920000, Residual:0.000856661
Iter 29960000, Residual:0.000841611
Iter 30000000, Residual:0.000841514
Iter 30040000, Residual:0.000916629
Iter 30080000, Residual:0.000734374
Iter 30120000, Residual:0.000786006
Iter 30160000, Residual:0.000796676
Iter 30200000, Residual:0.000765337
Iter 30240000, Residual:0.000750403
Iter 30280000, Residual:0.000726556
Iter 30320000, Residual:0.000723915
Iter 30360000, Residual:0.000834625
Iter 30400000, Residual:0.000791463
Iter 30440000, Residual:0.000760727
Iter 30480000, Residual:0.000872772
Iter 30520000, Residual:0.000817836
Iter 30560000, Residual:0.000737346
Iter 30600000, Residual:0.000719878
Iter 30640000, Residual:0.000757655
Iter 30680000, Residual:0.000726464
Iter 30720000, Residual:0.000739576
Iter 30760000, Residual:0.000692172
Iter 30800000, Residual:0.000738604
Iter 30840000, Residual:0.000950791
Iter 30880000, Residual:0.000667378
Iter 30920000, Residual:0.000816676
Iter 30960000, Residual:0.000847813
Iter 31000000, Residual:0.000693438
Iter 31040000, Residual:0.000663847
Iter 31080000, Residual:0.000642994
Iter 31120000, Residual:0.000694254
Iter 31160000, Residual:0.000650949
Iter 31200000, Residual:0.000670145
Iter 31240000, Residual:0.000637208
Iter 31280000, Residual:0.000640029
Iter 31320000, Residual:0.000727568
Iter 31360000, Residual:0.000640513
Iter 31400000, Residual:0.000628534
Iter 31440000, Residual:0.000617671
Iter 31480000, Residual:0.000612386
Iter 31520000, Residual:0.000561473
Iter 31560000, Residual:0.00054219
Iter 31600000, Residual:0.000666685
Iter 31640000, Residual:0.000611603
Iter 31680000, Residual:0.000571338
Iter 31720000, Residual:0.000563154
Iter 31760000, Residual:0.000646266
Iter 31800000, Residual:0.000580432
Iter 31840000, Residual:0.000576427
Iter 31880000, Residual:0.000670246
Iter 31920000, Residual:0.000540239
Iter 31960000, Residual:0.000547567
Iter 32000000, Residual:0.000589875
Iter 32040000, Residual:0.000529786
Iter 32080000, Residual:0.000553332
Iter 32120000, Residual:0.000510613
Iter 32160000, Residual:0.000514346
Iter 32200000, Residual:0.000522279
Iter 32240000, Residual:0.000543556
Iter 32280000, Residual:0.000541122
Iter 32320000, Residual:0.000500477
Iter 32360000, Residual:0.000531897
Iter 32400000, Residual:0.000507869
Iter 32440000, Residual:0.000489905
Iter 32480000, Residual:0.000664949
Iter 32520000, Residual:0.000558435
Iter 32560000, Residual:0.000516447
Iter 32600000, Residual:0.000507486
Iter 32640000, Residual:0.000571735
Iter 32680000, Residual:0.00048058
Iter 32720000, Residual:0.000496935
Iter 32760000, Residual:0.00050262
Iter 32800000, Residual:0.000578021
Iter 32840000, Residual:0.000485338
Iter 32880000, Residual:0.000474642
Iter 32920000, Residual:0.000466866
Iter 32960000, Residual:0.000466177
Iter 33000000, Residual:0.00045168
Iter 33040000, Residual:0.000521444
Iter 33080000, Residual:0.000447666
Iter 33120000, Residual:0.000441923
Iter 33160000, Residual:0.000479539
Iter 33200000, Residual:0.000438672
Iter 33240000, Residual:0.000494533
Iter 33280000, Residual:0.000427942
Iter 33320000, Residual:0.00043122
Iter 33360000, Residual:0.000424185
Iter 33400000, Residual:0.000432767
Iter 33440000, Residual:0.000449186
Iter 33480000, Residual:0.00043729
Iter 33520000, Residual:0.000437465
Iter 33560000, Residual:0.000463936
Iter 33600000, Residual:0.000394692
Iter 33640000, Residual:0.000436399
Iter 33680000, Residual:0.000391865
Iter 33720000, Residual:0.000389801
Iter 33760000, Residual:0.000404765
Iter 33800000, Residual:0.000387082
Iter 33840000, Residual:0.000384886
Iter 33880000, Residual:0.000483799
Iter 33920000, Residual:0.000379611
Iter 33960000, Residual:0.000384842
Iter 34000000, Residual:0.000381677
Iter 34040000, Residual:0.000419488
Iter 34080000, Residual:0.000406174
Iter 34120000, Residual:0.000359074
Iter 34160000, Residual:0.000356368
Iter 34200000, Residual:0.000386878
Iter 34240000, Residual:0.000380414
Iter 34280000, Residual:0.000369007
Iter 34320000, Residual:0.000394247
Iter 34360000, Residual:0.000328818
Iter 34400000, Residual:0.000343872
Iter 34440000, Residual:0.000347212
Iter 34480000, Residual:0.000371738
Iter 34520000, Residual:0.000332776
Iter 34560000, Residual:0.000376334
Iter 34600000, Residual:0.000338969
Iter 34640000, Residual:0.000323538
Iter 34680000, Residual:0.000332006
Iter 34720000, Residual:0.000328523
Iter 34760000, Residual:0.000331565
Iter 34800000, Residual:0.000325751
Iter 34840000, Residual:0.000308098
Iter 34880000, Residual:0.000307162
Iter 34920000, Residual:0.000359397
Iter 34960000, Residual:0.00032676
Iter 35000000, Residual:0.000319745
Iter 35040000, Residual:0.000319037
Iter 35080000, Residual:0.000323937
Iter 35120000, Residual:0.000329033
Iter 35160000, Residual:0.000328836
Iter 35200000, Residual:0.000305713
Iter 35240000, Residual:0.000302548
Iter 35280000, Residual:0.000311077
Iter 35320000, Residual:0.000328971
Iter 35360000, Residual:0.000285612
Iter 35400000, Residual:0.000299531
Iter 35440000, Residual:0.000319275
Iter 35480000, Residual:0.00028856
Iter 35520000, Residual:0.000295822
Iter 35560000, Residual:0.000283899
Iter 35600000, Residual:0.000294005
Iter 35640000, Residual:0.000284054
Iter 35680000, Residual:0.000268104
Iter 35720000, Residual:0.000355853
Iter 35760000, Residual:0.000299281
Iter 35800000, Residual:0.000292004
Iter 35840000, Residual:0.000299057
Iter 35880000, Residual:0.000271642
Iter 35920000, Residual:0.000262747
Iter 35960000, Residual:0.000285028
Iter 36000000, Residual:0.000300822
Iter 36040000, Residual:0.000303554
Iter 36080000, Residual:0.000264649
Iter 36120000, Residual:0.000252078
Iter 36160000, Residual:0.000247546
Iter 36200000, Residual:0.000261756
Iter 36240000, Residual:0.000256047
Iter 36280000, Residual:0.000268589
Iter 36320000, Residual:0.00024832
Iter 36360000, Residual:0.000258458
Iter 36400000, Residual:0.000261618
Iter 36440000, Residual:0.000253955
Iter 36480000, Residual:0.000253173
Iter 36520000, Residual:0.000259693
Iter 36560000, Residual:0.000248957
Iter 36600000, Residual:0.000261225
Iter 36640000, Residual:0.000256054
Iter 36680000, Residual:0.000264314
Iter 36720000, Residual:0.000254586
Iter 36760000, Residual:0.000251329
Iter 36800000, Residual:0.000227425
Iter 36840000, Residual:0.000239054
Iter 36880000, Residual:0.000275936
Iter 36920000, Residual:0.000258287
Iter 36960000, Residual:0.000250015
Iter 37000000, Residual:0.000240214
Iter 37040000, Residual:0.00023663
Iter 37080000, Residual:0.00022461
Iter 37120000, Residual:0.000253395
Iter 37160000, Residual:0.000236301
Iter 37200000, Residual:0.000245562
Iter 37240000, Residual:0.000242809
Iter 37280000, Residual:0.000236948
Iter 37320000, Residual:0.000219945
Iter 37360000, Residual:0.000212007
Iter 37400000, Residual:0.000212291
Iter 37440000, Residual:0.000235194
Iter 37480000, Residual:0.000220707
Iter 37520000, Residual:0.000210485
Iter 37560000, Residual:0.00023508
Iter 37600000, Residual:0.000220205
Iter 37640000, Residual:0.000207075
Iter 37680000, Residual:0.000201891
Iter 37720000, Residual:0.000201781
Iter 37760000, Residual:0.000193173
Iter 37800000, Residual:0.000197725
Iter 37840000, Residual:0.000193995
Iter 37880000, Residual:0.000186223
Iter 37920000, Residual:0.000203574
Iter 37960000, Residual:0.000178501
Iter 38000000, Residual:0.000183309
Iter 38040000, Residual:0.00018714
Iter 38080000, Residual:0.000182151
Iter 38120000, Residual:0.000182397
Iter 38160000, Residual:0.000178506
Iter 38200000, Residual:0.000182086
Iter 38240000, Residual:0.000198909
Iter 38280000, Residual:0.00019059
Iter 38320000, Residual:0.000176796
Iter 38360000, Residual:0.000180095
Iter 38400000, Residual:0.000171574
Iter 38440000, Residual:0.000173132
Iter 38480000, Residual:0.000176563
Iter 38520000, Residual:0.000168467
Iter 38560000, Residual:0.000173666
Iter 38600000, Residual:0.000164665
Iter 38640000, Residual:0.000161416
Iter 38680000, Residual:0.000178768
Iter 38720000, Residual:0.000163037
Iter 38760000, Residual:0.000164647
Iter 38800000, Residual:0.000157559
Iter 38840000, Residual:0.000157192
Iter 38880000, Residual:0.00016281
Iter 38920000, Residual:0.00016215
Iter 38960000, Residual:0.000182762
Iter 39000000, Residual:0.000161925
Iter 39040000, Residual:0.000149929
Iter 39080000, Residual:0.000146123
Iter 39120000, Residual:0.000146061
Iter 39160000, Residual:0.000146641
Iter 39200000, Residual:0.000163446
Iter 39240000, Residual:0.000156844
Iter 39280000, Residual:0.000151367
Iter 39320000, Residual:0.0001604
Iter 39360000, Residual:0.00014915
Iter 39400000, Residual:0.000140063
Iter 39440000, Residual:0.00014394
Iter 39480000, Residual:0.000143573
Iter 39520000, Residual:0.000138308
Iter 39560000, Residual:0.000143418
Iter 39600000, Residual:0.000150373
Iter 39640000, Residual:0.000139446
Iter 39680000, Residual:0.000133935
Iter 39720000, Residual:0.000136925
Iter 39760000, Residual:0.000131263
Iter 39800000, Residual:0.000125015
Iter 39840000, Residual:0.000137713
Iter 39880000, Residual:0.000135764
Iter 39920000, Residual:0.000130247
Iter 39960000, Residual:0.000146413
Iter 40000000, Residual:0.000138769
Iter 40040000, Residual:0.000139321
Iter 40080000, Residual:0.000137681
Iter 40120000, Residual:0.000146571
Iter 40160000, Residual:0.000135764
Iter 40200000, Residual:0.000139263
Iter 40240000, Residual:0.000121091
Iter 40280000, Residual:0.000114692
Iter 40320000, Residual:0.000118469
Iter 40360000, Residual:0.000121405
Iter 40400000, Residual:0.00013222
Iter 40440000, Residual:0.00011982
Iter 40480000, Residual:0.000135075
Iter 40520000, Residual:0.000125767
Iter 40560000, Residual:0.000128072
Iter 40600000, Residual:0.000124312
Iter 40640000, Residual:0.000126055
Iter 40680000, Residual:0.000116555
Iter 40720000, Residual:0.000110731
Iter 40760000, Residual:0.000116942
Iter 40800000, Residual:0.000127418
Iter 40840000, Residual:0.000111029
Iter 40880000, Residual:0.000109146
Iter 40920000, Residual:0.000112115
Iter 40960000, Residual:0.000108923
Iter 41000000, Residual:0.000110968
Iter 41040000, Residual:0.000113745
Iter 41080000, Residual:0.000111491
Iter 41120000, Residual:0.000130898
Iter 41160000, Residual:0.000105529
Iter 41200000, Residual:0.000106304
Iter 41240000, Residual:0.000108046
Iter 41280000, Residual:0.000125186
Iter 41320000, Residual:0.000114695
Iter 41360000, Residual:0.000106015
Iter 41400000, Residual:0.000102037
Iter 41440000, Residual:0.000105145
Iter 41480000, Residual:0.000126538
Iter 41520000, Residual:0.000105003
Iter 41560000, Residual:0.000106673
Iter 41600000, Residual:9.67334e-05
Iter 41640000, Residual:0.000100752
Iter 41680000, Residual:0.000103171
Iter 41720000, Residual:0.000116432
Iter 41760000, Residual:0.000105731
Iter 41800000, Residual:0.000100726
Iter 41840000, Residual:0.000103552
Iter 41880000, Residual:0.000144477
Iter 41920000, Residual:0.000113287
Iter 41960000, Residual:0.000103388
Iter 42000000, Residual:9.71482e-05
Iter 42040000, Residual:0.000103592
Iter 42080000, Residual:0.000103169
Iter 42120000, Residual:0.000102952
Iter 42160000, Residual:9.67294e-05
Iter 42200000, Residual:9.45459e-05
Iter 42240000, Residual:9.88805e-05
Iter 42280000, Residual:9.56687e-05
Iter 42320000, Residual:9.06541e-05
Iter 42360000, Residual:9.4088e-05
Iter 42400000, Residual:9.35685e-05
Iter 42440000, Residual:8.93556e-05
Iter 42480000, Residual:9.14295e-05
Iter 42520000, Residual:9.92278e-05
Iter 42560000, Residual:9.33946e-05
Iter 42600000, Residual:9.64936e-05
Iter 42640000, Residual:9.06567e-05
Iter 42680000, Residual:9.08957e-05
Iter 42720000, Residual:8.89963e-05
Iter 42760000, Residual:9.01192e-05
Iter 42800000, Residual:9.11083e-05
Iter 42840000, Residual:0.000117587
Iter 42880000, Residual:8.95784e-05
Iter 42920000, Residual:8.80241e-05
Iter 42960000, Residual:8.51575e-05
Iter 43000000, Residual:8.38276e-05
Iter 43040000, Residual:8.58014e-05
Iter 43080000, Residual:8.36606e-05
Iter 43120000, Residual:8.80934e-05
Iter 43160000, Residual:8.41826e-05
Iter 43200000, Residual:8.57985e-05
Iter 43240000, Residual:8.46378e-05
Iter 43280000, Residual:7.99278e-05
Iter 43320000, Residual:8.07493e-05
Iter 43360000, Residual:8.58658e-05
Iter 43400000, Residual:7.98895e-05
Iter 43440000, Residual:8.02881e-05
Iter 43480000, Residual:7.87375e-05
Iter 43520000, Residual:8.04121e-05
Iter 43560000, Residual:8.11444e-05
Iter 43600000, Residual:8.04548e-05
Iter 43640000, Residual:7.83065e-05
Iter 43680000, Residual:7.68755e-05
Iter 43720000, Residual:7.96491e-05
Iter 43760000, Residual:8.29879e-05
Iter 43800000, Residual:8.04114e-05
Iter 43840000, Residual:7.97449e-05
Iter 43880000, Residual:7.85934e-05
Iter 43920000, Residual:7.97679e-05
Iter 43960000, Residual:8.90687e-05
Iter 44000000, Residual:7.77378e-05
Iter 44040000, Residual:8.0443e-05
Iter 44080000, Residual:7.74257e-05
Iter 44120000, Residual:8.10394e-05
Iter 44160000, Residual:8.14692e-05
Iter 44200000, Residual:7.79272e-05
Iter 44240000, Residual:7.61167e-05
Iter 44280000, Residual:7.75124e-05
Iter 44320000, Residual:8.55787e-05
Iter 44360000, Residual:7.8677e-05
Iter 44400000, Residual:0.000104519
Iter 44440000, Residual:7.8058e-05
Iter 44480000, Residual:7.93784e-05
Iter 44520000, Residual:7.91015e-05
Iter 44560000, Residual:7.6187e-05
Iter 44600000, Residual:7.31574e-05
Iter 44640000, Residual:7.47403e-05
Iter 44680000, Residual:7.26677e-05
Iter 44720000, Residual:7.21998e-05
Iter 44760000, Residual:7.60619e-05
Iter 44800000, Residual:7.41475e-05
Iter 44840000, Residual:7.72621e-05
Iter 44880000, Residual:7.15758e-05
Iter 44920000, Residual:7.09274e-05
Iter 44960000, Residual:7.27528e-05
Iter 45000000, Residual:7.99139e-05
Iter 45040000, Residual:7.43681e-05
Iter 45080000, Residual:7.30519e-05
Iter 45120000, Residual:7.08726e-05
Iter 45160000, Residual:7.25566e-05
Iter 45200000, Residual:6.89817e-05
Iter 45240000, Residual:7.18105e-05
Iter 45280000, Residual:6.99462e-05
Iter 45320000, Residual:7.0047e-05
Iter 45360000, Residual:7.91899e-05
Iter 45400000, Residual:6.66548e-05
Iter 45440000, Residual:6.87016e-05
Iter 45480000, Residual:6.86119e-05
Iter 45520000, Residual:6.63427e-05
Iter 45560000, Residual:7.55379e-05
Iter 45600000, Residual:6.58566e-05
Iter 45640000, Residual:6.71736e-05
Iter 45680000, Residual:6.60172e-05
Iter 45720000, Residual:6.48701e-05
Iter 45760000, Residual:6.38318e-05
Iter 45800000, Residual:6.92651e-05
Iter 45840000, Residual:6.43624e-05
Iter 45880000, Residual:6.46164e-05
Iter 45920000, Residual:6.53295e-05
Iter 45960000, Residual:6.77628e-05
Iter 46000000, Residual:6.41984e-05
Iter 46040000, Residual:6.47761e-05
Iter 46080000, Residual:6.34654e-05
Iter 46120000, Residual:6.25184e-05
Iter 46160000, Residual:6.79083e-05
Iter 46200000, Residual:6.40471e-05
Iter 46240000, Residual:6.39026e-05
Iter 46280000, Residual:8.63691e-05
Iter 46320000, Residual:5.25151e-05
Iter 46360000, Residual:5.74375e-05
Iter 46400000, Residual:5.29014e-05
Iter 46440000, Residual:5.33767e-05
Iter 46480000, Residual:5.26624e-05
Iter 46520000, Residual:4.86605e-05
Iter 46560000, Residual:4.89751e-05
Iter 46600000, Residual:5.21009e-05
Iter 46640000, Residual:4.88022e-05
Iter 46680000, Residual:4.71925e-05
Iter 46720000, Residual:4.61139e-05
Iter 46760000, Residual:4.81492e-05
Iter 46800000, Residual:4.72054e-05
Iter 46840000, Residual:5.34872e-05
Iter 46880000, Residual:4.63712e-05
Iter 46920000, Residual:5.78774e-05
Iter 46960000, Residual:4.28449e-05
Iter 47000000, Residual:4.60227e-05
Iter 47040000, Residual:4.25428e-05
Iter 47080000, Residual:3.8958e-05
Iter 47120000, Residual:4.2667e-05
Iter 47160000, Residual:4.87144e-05
Iter 47200000, Residual:4.28965e-05
Iter 47240000, Residual:4.01455e-05
Iter 47280000, Residual:4.2813e-05
Iter 47320000, Residual:3.98021e-05
Iter 47360000, Residual:3.94113e-05
Iter 47400000, Residual:4.04261e-05
Iter 47440000, Residual:4.14449e-05
Iter 47480000, Residual:3.82147e-05
Iter 47520000, Residual:3.89556e-05
Iter 47560000, Residual:4.57171e-05
Iter 47600000, Residual:3.86753e-05
Iter 47640000, Residual:3.82652e-05
Iter 47680000, Residual:3.96067e-05
Iter 47720000, Residual:3.69396e-05
Iter 47760000, Residual:3.98078e-05
Iter 47800000, Residual:3.64058e-05
Iter 47840000, Residual:4.35364e-05
Iter 47880000, Residual:3.92563e-05
Iter 47920000, Residual:3.69906e-05
Iter 47960000, Residual:3.81869e-05
Iter 48000000, Residual:3.90245e-05
Iter 48040000, Residual:3.72958e-05
Iter 48080000, Residual:3.46655e-05
Iter 48120000, Residual:3.65265e-05
Iter 48160000, Residual:3.47649e-05
Iter 48200000, Residual:5.13327e-05
Iter 48240000, Residual:4.18919e-05
Iter 48280000, Residual:3.45439e-05
Iter 48320000, Residual:3.52438e-05
Iter 48360000, Residual:3.65024e-05
Iter 48400000, Residual:3.35965e-05
Iter 48440000, Residual:3.3915e-05
Iter 48480000, Residual:3.7244e-05
Iter 48520000, Residual:3.79084e-05
Iter 48560000, Residual:3.51762e-05
Iter 48600000, Residual:3.62322e-05
Iter 48640000, Residual:3.48637e-05
Iter 48680000, Residual:3.44623e-05
Iter 48720000, Residual:3.08686e-05
Iter 48760000, Residual:3.18481e-05
Iter 48800000, Residual:3.20633e-05
Iter 48840000, Residual:3.66507e-05
Iter 48880000, Residual:3.20044e-05
Iter 48920000, Residual:3.24545e-05
Iter 48960000, Residual:3.26708e-05
Iter 49000000, Residual:3.25932e-05
Iter 49040000, Residual:3.02575e-05
Iter 49080000, Residual:3.06876e-05
Iter 49120000, Residual:3.03429e-05
Iter 49160000, Residual:2.99767e-05
Iter 49200000, Residual:3.45649e-05
Iter 49240000, Residual:3.02497e-05
Iter 49280000, Residual:3.291e-05
Iter 49320000, Residual:3.08691e-05
Iter 49360000, Residual:3.01655e-05
Iter 49400000, Residual:3.06447e-05
Iter 49440000, Residual:2.84228e-05
Iter 49480000, Residual:2.94196e-05
Iter 49520000, Residual:2.94182e-05
Iter 49560000, Residual:3.23381e-05
Iter 49600000, Residual:2.93176e-05
Iter 49640000, Residual:2.86375e-05
Iter 49680000, Residual:2.75817e-05
Iter 49720000, Residual:2.81598e-05
Iter 49760000, Residual:2.73408e-05
Iter 49800000, Residual:2.70112e-05
Iter 49840000, Residual:2.81133e-05
Iter 49880000, Residual:2.77502e-05
Iter 49920000, Residual:2.7362e-05
Iter 49960000, Residual:2.72386e-05
Iter 50000000, Residual:2.72859e-05
Iter 50040000, Residual:2.8672e-05
Iter 50080000, Residual:2.69936e-05
Iter 50120000, Residual:2.56138e-05
Iter 50160000, Residual:2.72483e-05
Iter 50200000, Residual:2.62637e-05
Iter 50240000, Residual:2.59357e-05
Iter 50280000, Residual:2.62904e-05
Iter 50320000, Residual:2.51968e-05
Iter 50360000, Residual:2.67625e-05
Iter 50400000, Residual:2.71131e-05
Iter 50440000, Residual:2.88628e-05
Iter 50480000, Residual:2.60071e-05
Iter 50520000, Residual:2.57792e-05
Iter 50560000, Residual:2.58837e-05
Iter 50600000, Residual:2.81611e-05
Iter 50640000, Residual:2.35013e-05
Iter 50680000, Residual:2.51418e-05
Iter 50720000, Residual:2.5059e-05
Iter 50760000, Residual:2.42246e-05
Iter 50800000, Residual:2.42758e-05
Iter 50840000, Residual:2.40993e-05
Iter 50880000, Residual:2.60623e-05
Iter 50920000, Residual:2.38458e-05
Iter 50960000, Residual:2.59452e-05
Iter 51000000, Residual:2.51462e-05
Iter 51040000, Residual:2.60878e-05
Iter 51080000, Residual:2.30407e-05
Iter 51120000, Residual:2.5247e-05
Iter 51160000, Residual:2.27818e-05
Iter 51200000, Residual:2.31186e-05
Iter 51240000, Residual:2.37358e-05
Iter 51280000, Residual:2.4946e-05
Iter 51320000, Residual:2.51578e-05
Iter 51360000, Residual:2.30128e-05
Iter 51400000, Residual:2.27165e-05
Iter 51440000, Residual:2.24113e-05
Iter 51480000, Residual:2.24742e-05
Iter 51520000, Residual:2.31328e-05
Iter 51560000, Residual:2.22094e-05
Iter 51600000, Residual:2.25256e-05
Iter 51640000, Residual:2.21245e-05
Iter 51680000, Residual:2.25643e-05
Iter 51720000, Residual:2.27659e-05
Iter 51760000, Residual:2.23353e-05
Iter 51800000, Residual:2.21925e-05
Iter 51840000, Residual:2.24617e-05
Iter 51880000, Residual:2.16235e-05
Iter 51920000, Residual:2.20008e-05
Iter 51960000, Residual:2.20586e-05
Iter 52000000, Residual:2.14743e-05
Iter 52040000, Residual:2.13789e-05
Iter 52080000, Residual:2.28195e-05
Iter 52120000, Residual:2.55015e-05
Iter 52160000, Residual:2.27245e-05
Iter 52200000, Residual:2.242e-05
Iter 52240000, Residual:2.31617e-05
Iter 52280000, Residual:2.42237e-05
Iter 52320000, Residual:2.17156e-05
Iter 52360000, Residual:2.18991e-05
Iter 52400000, Residual:2.21353e-05
Iter 52440000, Residual:3.80696e-05
Iter 52480000, Residual:2.45408e-05
Iter 52520000, Residual:2.37306e-05
Iter 52560000, Residual:2.44317e-05
Iter 52600000, Residual:2.29808e-05
Iter 52640000, Residual:2.21861e-05
Iter 52680000, Residual:2.28444e-05
Iter 52720000, Residual:2.13136e-05
Iter 52760000, Residual:2.06221e-05
Iter 52800000, Residual:2.14705e-05
Iter 52840000, Residual:2.11082e-05
Iter 52880000, Residual:2.06829e-05
Iter 52920000, Residual:2.03599e-05
Iter 52960000, Residual:2.05089e-05
Iter 53000000, Residual:2.01438e-05
Iter 53040000, Residual:2.04875e-05
Iter 53080000, Residual:2.02196e-05
Iter 53120000, Residual:2.04059e-05
Iter 53160000, Residual:1.9704e-05
Iter 53200000, Residual:1.96786e-05
Iter 53240000, Residual:1.94461e-05
Iter 53280000, Residual:2.00255e-05
Iter 53320000, Residual:2.0003e-05
Iter 53360000, Residual:1.99468e-05
Iter 53400000, Residual:1.9541e-05
Iter 53440000, Residual:1.98824e-05
Iter 53480000, Residual:2.0065e-05
Iter 53520000, Residual:2.01549e-05
Iter 53560000, Residual:1.95198e-05
Iter 53600000, Residual:1.97358e-05
Iter 53640000, Residual:2.03857e-05
Iter 53680000, Residual:1.96216e-05
Iter 53720000, Residual:1.95418e-05
Iter 53760000, Residual:1.94971e-05
Iter 53800000, Residual:1.93011e-05
Iter 53840000, Residual:1.99479e-05
Iter 53880000, Residual:1.93807e-05
Iter 53920000, Residual:1.95343e-05
Iter 53960000, Residual:1.97881e-05
Iter 54000000, Residual:2.13504e-05
Iter 54040000, Residual:1.98507e-05
Iter 54080000, Residual:2.30815e-05
Iter 54120000, Residual:1.99251e-05
Iter 54160000, Residual:1.9572e-05
Iter 54200000, Residual:2.04181e-05
Iter 54240000, Residual:1.95318e-05
Iter 54280000, Residual:1.93339e-05
Iter 54320000, Residual:1.90518e-05
Iter 54360000, Residual:1.91198e-05
Iter 54400000, Residual:1.91723e-05
Iter 54440000, Residual:1.90949e-05
Iter 54480000, Residual:1.95722e-05
Iter 54520000, Residual:1.89181e-05
Iter 54560000, Residual:1.93233e-05
Iter 54600000, Residual:1.88046e-05
Iter 54640000, Residual:1.86703e-05
Iter 54680000, Residual:1.93876e-05
Iter 54720000, Residual:1.91083e-05
Iter 54760000, Residual:1.86285e-05
Iter 54800000, Residual:1.82434e-05
Iter 54840000, Residual:1.85605e-05
Iter 54880000, Residual:1.82811e-05
Iter 54920000, Residual:1.86088e-05
Iter 54960000, Residual:1.84118e-05
Iter 55000000, Residual:1.85417e-05
Iter 55040000, Residual:1.84372e-05
Iter 55080000, Residual:1.8556e-05
Iter 55120000, Residual:2.04515e-05
Iter 55160000, Residual:1.84566e-05
Iter 55200000, Residual:1.87555e-05
Iter 55240000, Residual:1.91703e-05
Iter 55280000, Residual:1.94636e-05
Iter 55320000, Residual:1.83641e-05
Iter 55360000, Residual:1.84149e-05
Iter 55400000, Residual:1.81291e-05
Iter 55440000, Residual:1.95991e-05
Iter 55480000, Residual:1.86703e-05
Iter 55520000, Residual:1.93181e-05
Iter 55560000, Residual:1.84637e-05
Iter 55600000, Residual:1.93659e-05
Iter 55640000, Residual:1.87716e-05
Iter 55680000, Residual:1.85216e-05
Iter 55720000, Residual:1.80324e-05
Iter 55760000, Residual:1.82247e-05
Iter 55800000, Residual:3.92956e-05
Iter 55840000, Residual:1.83627e-05
Iter 55880000, Residual:1.60442e-05
Iter 55920000, Residual:1.50936e-05
Iter 55960000, Residual:2.10019e-05
Iter 56000000, Residual:1.33661e-05
Iter 56040000, Residual:1.38251e-05
Iter 56080000, Residual:1.30858e-05
Iter 56120000, Residual:1.34826e-05
Iter 56160000, Residual:1.4997e-05
Iter 56200000, Residual:1.21439e-05
Iter 56240000, Residual:1.18041e-05
Iter 56280000, Residual:1.24754e-05
Iter 56320000, Residual:1.20266e-05
Iter 56360000, Residual:1.1884e-05
Iter 56400000, Residual:1.58901e-05
Iter 56440000, Residual:1.37056e-05
Iter 56480000, Residual:1.19663e-05
Iter 56520000, Residual:1.17231e-05
Iter 56560000, Residual:1.18274e-05
Iter 56600000, Residual:1.15935e-05
Iter 56640000, Residual:1.12174e-05
Iter 56680000, Residual:1.63251e-05
Iter 56720000, Residual:1.17272e-05
Iter 56760000, Residual:1.19512e-05
Iter 56800000, Residual:1.39534e-05
Iter 56840000, Residual:1.23653e-05
Iter 56880000, Residual:1.22051e-05
Iter 56920000, Residual:1.21696e-05
Iter 56960000, Residual:1.20416e-05
Iter 57000000, Residual:1.28525e-05
Iter 57040000, Residual:1.3745e-05
Iter 57080000, Residual:1.42908e-05
Iter 57120000, Residual:1.4455e-05
Iter 57160000, Residual:1.38014e-05
Iter 57200000, Residual:1.37497e-05
Iter 57240000, Residual:1.35218e-05
Iter 57280000, Residual:1.34367e-05
Iter 57320000, Residual:1.28374e-05
Iter 57360000, Residual:1.33088e-05
Iter 57400000, Residual:1.16685e-05
Iter 57440000, Residual:1.15801e-05
Iter 57480000, Residual:1.17506e-05
Iter 57520000, Residual:1.13828e-05
Iter 57560000, Residual:1.13781e-05
Iter 57600000, Residual:1.13161e-05
Iter 57640000, Residual:1.13051e-05
Iter 57680000, Residual:1.13394e-05
Iter 57720000, Residual:1.10966e-05
Iter 57760000, Residual:1.19224e-05
Iter 57800000, Residual:1.14949e-05
Iter 57840000, Residual:1.14442e-05
Iter 57880000, Residual:1.21121e-05
Iter 57920000, Residual:1.07907e-05
Iter 57960000, Residual:1.11461e-05
Iter 58000000, Residual:1.09495e-05
Iter 58040000, Residual:1.37768e-05
Iter 58080000, Residual:1.40916e-05
Iter 58120000, Residual:1.17613e-05
Iter 58160000, Residual:1.05156e-05
Iter 58200000, Residual:9.34082e-06
iters 58200001
residual 9.34082e-06
time_init 3003
time_main 249652
[       OK ] LaplacianSolverBenchmark.solveMtx (253655 ms)
[----------] 1 test from LaplacianSolverBenchmark (253655 ms total)

[----------] Global test environment tear-down
[==========] 1 test from 1 test case ran. (253655 ms total)
[  PASSED  ] 1 test.
